[0.264s] Invoking command in '/home/karan_k/interbotix_ws/build/interbotix_common_sim': CMAKE_PREFIX_PATH=${CMAKE_PREFIX_PATH}:/home/karan_k/ardu_ws/install/ardupilot_dds_tests:/home/karan_k/interbotix_ws/install/interbotix_xs_modules:/home/karan_k/interbotix_ws/install/interbotix_perception_modules:/home/karan_k/interbotix_ws/install/interbotix_common_modules:/opt/ros/humble /usr/bin/cmake --build /home/karan_k/interbotix_ws/build/interbotix_common_sim -- -j16 -l16
[0.396s] Invoked command in '/home/karan_k/interbotix_ws/build/interbotix_common_sim' returned '0': CMAKE_PREFIX_PATH=${CMAKE_PREFIX_PATH}:/home/karan_k/ardu_ws/install/ardupilot_dds_tests:/home/karan_k/interbotix_ws/install/interbotix_xs_modules:/home/karan_k/interbotix_ws/install/interbotix_perception_modules:/home/karan_k/interbotix_ws/install/interbotix_common_modules:/opt/ros/humble /usr/bin/cmake --build /home/karan_k/interbotix_ws/build/interbotix_common_sim -- -j16 -l16
[0.400s] Invoking command in '/home/karan_k/interbotix_ws/build/interbotix_common_sim': CMAKE_PREFIX_PATH=${CMAKE_PREFIX_PATH}:/home/karan_k/ardu_ws/install/ardupilot_dds_tests:/home/karan_k/interbotix_ws/install/interbotix_xs_modules:/home/karan_k/interbotix_ws/install/interbotix_perception_modules:/home/karan_k/interbotix_ws/install/interbotix_common_modules:/opt/ros/humble /usr/bin/cmake --install /home/karan_k/interbotix_ws/build/interbotix_common_sim
[0.411s] -- Install configuration: ""
[0.411s] -- Up-to-date: /home/karan_k/interbotix_ws/install/interbotix_common_sim/share/interbotix_common_sim/models
[0.411s] -- Up-to-date: /home/karan_k/interbotix_ws/install/interbotix_common_sim/share/interbotix_common_sim/models/VisionKit
[0.411s] -- Up-to-date: /home/karan_k/interbotix_ws/install/interbotix_common_sim/share/interbotix_common_sim/models/VisionKit/stand.stl
[0.411s] -- Up-to-date: /home/karan_k/interbotix_ws/install/interbotix_common_sim/share/interbotix_common_sim/models/VisionKit/model.config
[0.411s] -- Up-to-date: /home/karan_k/interbotix_ws/install/interbotix_common_sim/share/interbotix_common_sim/models/VisionKit/VisionKit.sdf
[0.411s] -- Up-to-date: /home/karan_k/interbotix_ws/install/interbotix_common_sim/share/interbotix_common_sim/models/TrossenRoboticsOfficeBuilding
[0.411s] -- Up-to-date: /home/karan_k/interbotix_ws/install/interbotix_common_sim/share/interbotix_common_sim/models/TrossenRoboticsOfficeBuilding/TrossenRoboticsOfficeBuilding.sdf
[0.411s] -- Up-to-date: /home/karan_k/interbotix_ws/install/interbotix_common_sim/share/interbotix_common_sim/models/TrossenRoboticsOfficeBuilding/model.config
[0.412s] -- Up-to-date: /home/karan_k/interbotix_ws/install/interbotix_common_sim/share/interbotix_common_sim/models/RealSenseD415
[0.412s] -- Up-to-date: /home/karan_k/interbotix_ws/install/interbotix_common_sim/share/interbotix_common_sim/models/RealSenseD415/RealSenseD415.sdf
[0.412s] -- Up-to-date: /home/karan_k/interbotix_ws/install/interbotix_common_sim/share/interbotix_common_sim/models/RealSenseD415/model.config
[0.412s] -- Up-to-date: /home/karan_k/interbotix_ws/install/interbotix_common_sim/share/interbotix_common_sim/models/RealSenseD415/camera.stl
[0.412s] -- Up-to-date: /home/karan_k/interbotix_ws/install/interbotix_common_sim/share/interbotix_common_sim/worlds
[0.412s] -- Up-to-date: /home/karan_k/interbotix_ws/install/interbotix_common_sim/share/interbotix_common_sim/worlds/vision_kit.world
[0.412s] -- Up-to-date: /home/karan_k/interbotix_ws/install/interbotix_common_sim/share/interbotix_common_sim/worlds/interbotix.world
[0.412s] -- Up-to-date: /home/karan_k/interbotix_ws/install/interbotix_common_sim/share/interbotix_common_sim/media
[0.414s] -- Up-to-date: /home/karan_k/interbotix_ws/install/interbotix_common_sim/share/interbotix_common_sim/media/interbotix_black.png
[0.414s] -- Up-to-date: /home/karan_k/interbotix_ws/install/interbotix_common_sim/share/interbotix_common_sim/media/materials
[0.414s] -- Up-to-date: /home/karan_k/interbotix_ws/install/interbotix_common_sim/share/interbotix_common_sim/media/materials/textures
[0.414s] -- Up-to-date: /home/karan_k/interbotix_ws/install/interbotix_common_sim/share/interbotix_common_sim/media/materials/textures/interbotix_black.png
[0.414s] -- Up-to-date: /home/karan_k/interbotix_ws/install/interbotix_common_sim/share/interbotix_common_sim/media/materials/scripts
[0.414s] -- Up-to-date: /home/karan_k/interbotix_ws/install/interbotix_common_sim/share/interbotix_common_sim/media/materials/scripts/interbotix_black.material
[0.415s] -- Up-to-date: /home/karan_k/interbotix_ws/install/interbotix_common_sim/share/interbotix_common_sim/media/materials/scripts/interbotix_texture.gazebo
[0.415s] -- Up-to-date: /home/karan_k/interbotix_ws/install/interbotix_common_sim/share/ament_index/resource_index/package_run_dependencies/interbotix_common_sim
[0.415s] -- Up-to-date: /home/karan_k/interbotix_ws/install/interbotix_common_sim/share/ament_index/resource_index/parent_prefix_path/interbotix_common_sim
[0.415s] -- Up-to-date: /home/karan_k/interbotix_ws/install/interbotix_common_sim/share/interbotix_common_sim/environment/ament_prefix_path.sh
[0.415s] -- Up-to-date: /home/karan_k/interbotix_ws/install/interbotix_common_sim/share/interbotix_common_sim/environment/ament_prefix_path.dsv
[0.415s] -- Up-to-date: /home/karan_k/interbotix_ws/install/interbotix_common_sim/share/interbotix_common_sim/environment/path.sh
[0.415s] -- Up-to-date: /home/karan_k/interbotix_ws/install/interbotix_common_sim/share/interbotix_common_sim/environment/path.dsv
[0.415s] -- Up-to-date: /home/karan_k/interbotix_ws/install/interbotix_common_sim/share/interbotix_common_sim/local_setup.bash
[0.415s] -- Up-to-date: /home/karan_k/interbotix_ws/install/interbotix_common_sim/share/interbotix_common_sim/local_setup.sh
[0.415s] -- Up-to-date: /home/karan_k/interbotix_ws/install/interbotix_common_sim/share/interbotix_common_sim/local_setup.zsh
[0.415s] -- Up-to-date: /home/karan_k/interbotix_ws/install/interbotix_common_sim/share/interbotix_common_sim/local_setup.dsv
[0.420s] -- Up-to-date: /home/karan_k/interbotix_ws/install/interbotix_common_sim/share/interbotix_common_sim/package.dsv
[0.420s] -- Up-to-date: /home/karan_k/interbotix_ws/install/interbotix_common_sim/share/ament_index/resource_index/packages/interbotix_common_sim
[0.421s] -- Up-to-date: /home/karan_k/interbotix_ws/install/interbotix_common_sim/share/interbotix_common_sim/cmake/interbotix_common_simConfig.cmake
[0.421s] -- Up-to-date: /home/karan_k/interbotix_ws/install/interbotix_common_sim/share/interbotix_common_sim/cmake/interbotix_common_simConfig-version.cmake
[0.421s] -- Up-to-date: /home/karan_k/interbotix_ws/install/interbotix_common_sim/share/interbotix_common_sim/package.xml
[0.422s] Invoked command in '/home/karan_k/interbotix_ws/build/interbotix_common_sim' returned '0': CMAKE_PREFIX_PATH=${CMAKE_PREFIX_PATH}:/home/karan_k/ardu_ws/install/ardupilot_dds_tests:/home/karan_k/interbotix_ws/install/interbotix_xs_modules:/home/karan_k/interbotix_ws/install/interbotix_perception_modules:/home/karan_k/interbotix_ws/install/interbotix_common_modules:/opt/ros/humble /usr/bin/cmake --install /home/karan_k/interbotix_ws/build/interbotix_common_sim
