[0.666s] Invoking command in '/home/karan_k/interbotix_ws/src/interbotix_ros_toolboxes/interbotix_perception_toolbox/interbotix_perception_modules': AMENT_PREFIX_PATH=/home/karan_k/interbotix_ws/install/interbotix_perception_pipelines:/home/karan_k/interbotix_ws/install/interbotix_xs_msgs:/home/karan_k/interbotix_ws/install/interbotix_perception_msgs:/home/karan_k/interbotix_ws/install/interbotix_common_modules:${AMENT_PREFIX_PATH} CMAKE_PREFIX_PATH=/home/karan_k/interbotix_ws/install/interbotix_perception_pipelines:/home/karan_k/interbotix_ws/install/interbotix_xs_msgs:/home/karan_k/interbotix_ws/install/interbotix_perception_msgs:${CMAKE_PREFIX_PATH} LD_LIBRARY_PATH=/home/karan_k/interbotix_ws/install/interbotix_xs_msgs/lib:/home/karan_k/interbotix_ws/install/interbotix_perception_msgs/lib:/home/karan_k/apriltag_ws/install/apriltag_ros/lib:/home/karan_k/Geomagic_Touch_ROS2/install/omni_msgs/lib:/home/karan_k/ardu_ws/install/sdformat_urdf/lib:/home/karan_k/ardu_ws/install/ros_ign_interfaces/lib:/home/karan_k/ardu_ws/install/ros_gz_sim/lib:/home/karan_k/ardu_ws/install/ros_gz_bridge/lib:/home/karan_k/ardu_ws/install/ros_gz_interfaces/lib:/home/karan_k/ardu_ws/install/micro_ros_agent/lib:/home/karan_k/ardu_ws/install/ardupilot_msgs/lib:/usr/lib/x86_64-linux-gnu/gazebo-11/plugins:/opt/ros/humble/opt/rviz_ogre_vendor/lib:/opt/ros/humble/lib/x86_64-linux-gnu:/opt/ros/humble/lib:/usr/lib/x86_64-linux-gnu/gazebo-11/plugins:/usr/lib/x86_64-linux-gnu/gazebo-11/plugins:/usr/lib/x86_64-linux-gnu/gazebo-11/plugins:/usr/share/gazebo-11/../../lib/x86_64-linux-gnu/gazebo-11/plugins:/usr/lib/x86_64-linux-gnu/gazebo-11/plugins:/usr/lib/x86_64-linux-gnu/gazebo-11/plugins PYTHONPATH=/home/karan_k/interbotix_ws/build/interbotix_perception_modules/prefix_override:/usr/lib/python3/dist-packages/colcon_core/task/python/colcon_distutils_commands:/home/karan_k/interbotix_ws/install/interbotix_perception_modules/lib/python3.10/site-packages:/home/karan_k/interbotix_ws/install/interbotix_xs_msgs/local/lib/python3.10/dist-packages:/home/karan_k/interbotix_ws/install/interbotix_perception_msgs/local/lib/python3.10/dist-packages:/home/karan_k/interbotix_ws/install/interbotix_common_modules/lib/python3.10/site-packages:${PYTHONPATH} /usr/bin/python3 -W ignore:setup.py install is deprecated -W ignore:easy_install command is deprecated setup.py egg_info --egg-base ../../../../build/interbotix_perception_modules build --build-base /home/karan_k/interbotix_ws/build/interbotix_perception_modules/build install --record /home/karan_k/interbotix_ws/build/interbotix_perception_modules/install.log --single-version-externally-managed install_data
[0.808s] /home/karan_k/.local/lib/python3.10/site-packages/setuptools/_distutils/dist.py:289: UserWarning: Unknown distribution option: 'tests_require'
[0.808s]   warnings.warn(msg)
[0.907s] running egg_info
[0.924s] creating ../../../../build/interbotix_perception_modules/interbotix_perception_modules.egg-info
[0.924s] writing ../../../../build/interbotix_perception_modules/interbotix_perception_modules.egg-info/PKG-INFO
[0.924s] writing dependency_links to ../../../../build/interbotix_perception_modules/interbotix_perception_modules.egg-info/dependency_links.txt
[0.924s] writing entry points to ../../../../build/interbotix_perception_modules/interbotix_perception_modules.egg-info/entry_points.txt
[0.924s] writing requirements to ../../../../build/interbotix_perception_modules/interbotix_perception_modules.egg-info/requires.txt
[0.924s] writing top-level names to ../../../../build/interbotix_perception_modules/interbotix_perception_modules.egg-info/top_level.txt
[0.925s] writing manifest file '../../../../build/interbotix_perception_modules/interbotix_perception_modules.egg-info/SOURCES.txt'
[0.958s] reading manifest file '../../../../build/interbotix_perception_modules/interbotix_perception_modules.egg-info/SOURCES.txt'
[0.960s] writing manifest file '../../../../build/interbotix_perception_modules/interbotix_perception_modules.egg-info/SOURCES.txt'
[0.960s] running build
[0.960s] running build_py
[0.960s] creating /home/karan_k/interbotix_ws/build/interbotix_perception_modules/build/lib/interbotix_perception_modules
[0.960s] copying interbotix_perception_modules/pointcloud.py -> /home/karan_k/interbotix_ws/build/interbotix_perception_modules/build/lib/interbotix_perception_modules
[0.960s] copying interbotix_perception_modules/__init__.py -> /home/karan_k/interbotix_ws/build/interbotix_perception_modules/build/lib/interbotix_perception_modules
[0.960s] copying interbotix_perception_modules/picture_snapper.py -> /home/karan_k/interbotix_ws/build/interbotix_perception_modules/build/lib/interbotix_perception_modules
[0.961s] copying interbotix_perception_modules/apriltag.py -> /home/karan_k/interbotix_ws/build/interbotix_perception_modules/build/lib/interbotix_perception_modules
[0.961s] copying interbotix_perception_modules/armtag.py -> /home/karan_k/interbotix_ws/build/interbotix_perception_modules/build/lib/interbotix_perception_modules
[0.961s] copying interbotix_perception_modules/pointcloud_tuner_gui.py -> /home/karan_k/interbotix_ws/build/interbotix_perception_modules/build/lib/interbotix_perception_modules
[0.961s] copying interbotix_perception_modules/armtag_tuner_gui.py -> /home/karan_k/interbotix_ws/build/interbotix_perception_modules/build/lib/interbotix_perception_modules
[0.961s] running install
[0.965s] running install_lib
[0.980s] creating /home/karan_k/interbotix_ws/install/interbotix_perception_modules/lib/python3.10/site-packages/interbotix_perception_modules
[0.981s] copying /home/karan_k/interbotix_ws/build/interbotix_perception_modules/build/lib/interbotix_perception_modules/pointcloud.py -> /home/karan_k/interbotix_ws/install/interbotix_perception_modules/lib/python3.10/site-packages/interbotix_perception_modules
[0.981s] copying /home/karan_k/interbotix_ws/build/interbotix_perception_modules/build/lib/interbotix_perception_modules/__init__.py -> /home/karan_k/interbotix_ws/install/interbotix_perception_modules/lib/python3.10/site-packages/interbotix_perception_modules
[0.981s] copying /home/karan_k/interbotix_ws/build/interbotix_perception_modules/build/lib/interbotix_perception_modules/picture_snapper.py -> /home/karan_k/interbotix_ws/install/interbotix_perception_modules/lib/python3.10/site-packages/interbotix_perception_modules
[0.981s] copying /home/karan_k/interbotix_ws/build/interbotix_perception_modules/build/lib/interbotix_perception_modules/apriltag.py -> /home/karan_k/interbotix_ws/install/interbotix_perception_modules/lib/python3.10/site-packages/interbotix_perception_modules
[0.981s] copying /home/karan_k/interbotix_ws/build/interbotix_perception_modules/build/lib/interbotix_perception_modules/armtag.py -> /home/karan_k/interbotix_ws/install/interbotix_perception_modules/lib/python3.10/site-packages/interbotix_perception_modules
[0.981s] copying /home/karan_k/interbotix_ws/build/interbotix_perception_modules/build/lib/interbotix_perception_modules/pointcloud_tuner_gui.py -> /home/karan_k/interbotix_ws/install/interbotix_perception_modules/lib/python3.10/site-packages/interbotix_perception_modules
[0.981s] copying /home/karan_k/interbotix_ws/build/interbotix_perception_modules/build/lib/interbotix_perception_modules/armtag_tuner_gui.py -> /home/karan_k/interbotix_ws/install/interbotix_perception_modules/lib/python3.10/site-packages/interbotix_perception_modules
[0.982s] byte-compiling /home/karan_k/interbotix_ws/install/interbotix_perception_modules/lib/python3.10/site-packages/interbotix_perception_modules/pointcloud.py to pointcloud.cpython-310.pyc
[0.985s] byte-compiling /home/karan_k/interbotix_ws/install/interbotix_perception_modules/lib/python3.10/site-packages/interbotix_perception_modules/__init__.py to __init__.cpython-310.pyc
[0.985s] byte-compiling /home/karan_k/interbotix_ws/install/interbotix_perception_modules/lib/python3.10/site-packages/interbotix_perception_modules/picture_snapper.py to picture_snapper.cpython-310.pyc
[0.986s] byte-compiling /home/karan_k/interbotix_ws/install/interbotix_perception_modules/lib/python3.10/site-packages/interbotix_perception_modules/apriltag.py to apriltag.cpython-310.pyc
[0.986s] byte-compiling /home/karan_k/interbotix_ws/install/interbotix_perception_modules/lib/python3.10/site-packages/interbotix_perception_modules/armtag.py to armtag.cpython-310.pyc
[0.987s] byte-compiling /home/karan_k/interbotix_ws/install/interbotix_perception_modules/lib/python3.10/site-packages/interbotix_perception_modules/pointcloud_tuner_gui.py to pointcloud_tuner_gui.cpython-310.pyc
[0.989s] byte-compiling /home/karan_k/interbotix_ws/install/interbotix_perception_modules/lib/python3.10/site-packages/interbotix_perception_modules/armtag_tuner_gui.py to armtag_tuner_gui.cpython-310.pyc
[0.989s] running install_data
[0.990s] creating /home/karan_k/interbotix_ws/install/interbotix_perception_modules/share/ament_index/resource_index/packages
[0.990s] copying resource/interbotix_perception_modules -> /home/karan_k/interbotix_ws/install/interbotix_perception_modules/share/ament_index/resource_index/packages
[0.990s] copying package.xml -> /home/karan_k/interbotix_ws/install/interbotix_perception_modules/share/interbotix_perception_modules
[0.990s] creating /home/karan_k/interbotix_ws/install/interbotix_perception_modules/share/interbotix_perception_modules/launch
[0.990s] copying launch/armtag.launch.py -> /home/karan_k/interbotix_ws/install/interbotix_perception_modules/share/interbotix_perception_modules/launch
[0.990s] copying launch/apriltag.launch.py -> /home/karan_k/interbotix_ws/install/interbotix_perception_modules/share/interbotix_perception_modules/launch
[0.990s] copying launch/picture_snapper.launch.py -> /home/karan_k/interbotix_ws/install/interbotix_perception_modules/share/interbotix_perception_modules/launch
[0.991s] copying launch/pc_filter.launch.py -> /home/karan_k/interbotix_ws/install/interbotix_perception_modules/share/interbotix_perception_modules/launch
[0.991s] creating /home/karan_k/interbotix_ws/install/interbotix_perception_modules/share/interbotix_perception_modules/config
[0.991s] copying config/filter_params.yaml -> /home/karan_k/interbotix_ws/install/interbotix_perception_modules/share/interbotix_perception_modules/config
[0.991s] copying config/tags.yaml -> /home/karan_k/interbotix_ws/install/interbotix_perception_modules/share/interbotix_perception_modules/config
[0.991s] creating /home/karan_k/interbotix_ws/install/interbotix_perception_modules/share/interbotix_perception_modules/ui
[0.991s] copying src/ui/armtagtunergui.ui -> /home/karan_k/interbotix_ws/install/interbotix_perception_modules/share/interbotix_perception_modules/ui
[0.991s] copying src/ui/pointcloudtunergui.ui -> /home/karan_k/interbotix_ws/install/interbotix_perception_modules/share/interbotix_perception_modules/ui
[0.991s] running install_egg_info
[1.009s] Copying ../../../../build/interbotix_perception_modules/interbotix_perception_modules.egg-info to /home/karan_k/interbotix_ws/install/interbotix_perception_modules/lib/python3.10/site-packages/interbotix_perception_modules-0.0.0-py3.10.egg-info
[1.010s] running install_scripts
[1.044s] Installing armtag_tuner_gui script to /home/karan_k/interbotix_ws/install/interbotix_perception_modules/lib/interbotix_perception_modules
[1.044s] Installing picture_snapper script to /home/karan_k/interbotix_ws/install/interbotix_perception_modules/lib/interbotix_perception_modules
[1.044s] Installing pointcloud_tuner_gui script to /home/karan_k/interbotix_ws/install/interbotix_perception_modules/lib/interbotix_perception_modules
[1.045s] writing list of installed files to '/home/karan_k/interbotix_ws/build/interbotix_perception_modules/install.log'
[1.071s] Invoked command in '/home/karan_k/interbotix_ws/src/interbotix_ros_toolboxes/interbotix_perception_toolbox/interbotix_perception_modules' returned '0': AMENT_PREFIX_PATH=/home/karan_k/interbotix_ws/install/interbotix_perception_pipelines:/home/karan_k/interbotix_ws/install/interbotix_xs_msgs:/home/karan_k/interbotix_ws/install/interbotix_perception_msgs:/home/karan_k/interbotix_ws/install/interbotix_common_modules:${AMENT_PREFIX_PATH} CMAKE_PREFIX_PATH=/home/karan_k/interbotix_ws/install/interbotix_perception_pipelines:/home/karan_k/interbotix_ws/install/interbotix_xs_msgs:/home/karan_k/interbotix_ws/install/interbotix_perception_msgs:${CMAKE_PREFIX_PATH} LD_LIBRARY_PATH=/home/karan_k/interbotix_ws/install/interbotix_xs_msgs/lib:/home/karan_k/interbotix_ws/install/interbotix_perception_msgs/lib:/home/karan_k/apriltag_ws/install/apriltag_ros/lib:/home/karan_k/Geomagic_Touch_ROS2/install/omni_msgs/lib:/home/karan_k/ardu_ws/install/sdformat_urdf/lib:/home/karan_k/ardu_ws/install/ros_ign_interfaces/lib:/home/karan_k/ardu_ws/install/ros_gz_sim/lib:/home/karan_k/ardu_ws/install/ros_gz_bridge/lib:/home/karan_k/ardu_ws/install/ros_gz_interfaces/lib:/home/karan_k/ardu_ws/install/micro_ros_agent/lib:/home/karan_k/ardu_ws/install/ardupilot_msgs/lib:/usr/lib/x86_64-linux-gnu/gazebo-11/plugins:/opt/ros/humble/opt/rviz_ogre_vendor/lib:/opt/ros/humble/lib/x86_64-linux-gnu:/opt/ros/humble/lib:/usr/lib/x86_64-linux-gnu/gazebo-11/plugins:/usr/lib/x86_64-linux-gnu/gazebo-11/plugins:/usr/lib/x86_64-linux-gnu/gazebo-11/plugins:/usr/share/gazebo-11/../../lib/x86_64-linux-gnu/gazebo-11/plugins:/usr/lib/x86_64-linux-gnu/gazebo-11/plugins:/usr/lib/x86_64-linux-gnu/gazebo-11/plugins PYTHONPATH=/home/karan_k/interbotix_ws/build/interbotix_perception_modules/prefix_override:/usr/lib/python3/dist-packages/colcon_core/task/python/colcon_distutils_commands:/home/karan_k/interbotix_ws/install/interbotix_perception_modules/lib/python3.10/site-packages:/home/karan_k/interbotix_ws/install/interbotix_xs_msgs/local/lib/python3.10/dist-packages:/home/karan_k/interbotix_ws/install/interbotix_perception_msgs/local/lib/python3.10/dist-packages:/home/karan_k/interbotix_ws/install/interbotix_common_modules/lib/python3.10/site-packages:${PYTHONPATH} /usr/bin/python3 -W ignore:setup.py install is deprecated -W ignore:easy_install command is deprecated setup.py egg_info --egg-base ../../../../build/interbotix_perception_modules build --build-base /home/karan_k/interbotix_ws/build/interbotix_perception_modules/build install --record /home/karan_k/interbotix_ws/build/interbotix_perception_modules/install.log --single-version-externally-managed install_data
