running egg_info
writing ../../../../build/interbotix_common_modules/interbotix_common_modules.egg-info/PKG-INFO
writing dependency_links to ../../../../build/interbotix_common_modules/interbotix_common_modules.egg-info/dependency_links.txt
writing requirements to ../../../../build/interbotix_common_modules/interbotix_common_modules.egg-info/requires.txt
writing top-level names to ../../../../build/interbotix_common_modules/interbotix_common_modules.egg-info/top_level.txt
reading manifest file '../../../../build/interbotix_common_modules/interbotix_common_modules.egg-info/SOURCES.txt'
writing manifest file '../../../../build/interbotix_common_modules/interbotix_common_modules.egg-info/SOURCES.txt'
running build
running build_py
copying interbotix_common_modules/__init__.py -> /home/karan_k/interbotix_ws/build/interbotix_common_modules/build/lib/interbotix_common_modules
copying interbotix_common_modules/common_robot/exceptions.py -> /home/karan_k/interbotix_ws/build/interbotix_common_modules/build/lib/interbotix_common_modules/common_robot
copying interbotix_common_modules/common_robot/__init__.py -> /home/karan_k/interbotix_ws/build/interbotix_common_modules/build/lib/interbotix_common_modules/common_robot
copying interbotix_common_modules/common_robot/robot.py -> /home/karan_k/interbotix_ws/build/interbotix_common_modules/build/lib/interbotix_common_modules/common_robot
copying interbotix_common_modules/angle_manipulation/angle_manipulation.py -> /home/karan_k/interbotix_ws/build/interbotix_common_modules/build/lib/interbotix_common_modules/angle_manipulation
copying interbotix_common_modules/angle_manipulation/__init__.py -> /home/karan_k/interbotix_ws/build/interbotix_common_modules/build/lib/interbotix_common_modules/angle_manipulation
copying interbotix_common_modules/launch/or_condition.py -> /home/karan_k/interbotix_ws/build/interbotix_common_modules/build/lib/interbotix_common_modules/launch
copying interbotix_common_modules/launch/and_condition.py -> /home/karan_k/interbotix_ws/build/interbotix_common_modules/build/lib/interbotix_common_modules/launch
copying interbotix_common_modules/launch/__init__.py -> /home/karan_k/interbotix_ws/build/interbotix_common_modules/build/lib/interbotix_common_modules/launch
copying interbotix_common_modules/py_common/__init__.py -> /home/karan_k/interbotix_ws/build/interbotix_common_modules/build/lib/interbotix_common_modules/py_common
copying interbotix_common_modules/py_common/params.py -> /home/karan_k/interbotix_ws/build/interbotix_common_modules/build/lib/interbotix_common_modules/py_common
running install
running install_lib
running install_data
copying resource/interbotix_common_modules -> /home/karan_k/interbotix_ws/install/interbotix_common_modules/share/ament_index/resource_index/packages
copying package.xml -> /home/karan_k/interbotix_ws/install/interbotix_common_modules/share/interbotix_common_modules
running install_egg_info
removing '/home/karan_k/interbotix_ws/install/interbotix_common_modules/lib/python3.10/site-packages/interbotix_common_modules-0.0.0-py3.10.egg-info' (and everything under it)
Copying ../../../../build/interbotix_common_modules/interbotix_common_modules.egg-info to /home/karan_k/interbotix_ws/install/interbotix_common_modules/lib/python3.10/site-packages/interbotix_common_modules-0.0.0-py3.10.egg-info
running install_scripts
writing list of installed files to '/home/karan_k/interbotix_ws/build/interbotix_common_modules/install.log'
