[0.012s] Invoking command in '/home/karan_k/Geomagic_Touch_ROS2/build/omni_msgs': CMAKE_PREFIX_PATH=${CMAKE_PREFIX_PATH}:/home/karan_k/ardu_ws/install/ardupilot_dds_tests:/opt/ros/humble /usr/bin/cmake --build /home/karan_k/Geomagic_Touch_ROS2/build/omni_msgs -- -j16 -l16
[0.042s] -- Found ament_cmake: 1.3.11 (/opt/ros/humble/share/ament_cmake/cmake)
[0.170s] -- Found rosidl_default_generators: 1.2.0 (/opt/ros/humble/share/rosidl_default_generators/cmake)
[0.176s] -- Using all available rosidl_typesupport_c: rosidl_typesupport_fastrtps_c;rosidl_typesupport_introspection_c
[0.180s] -- Found rosidl_adapter: 3.1.6 (/opt/ros/humble/share/rosidl_adapter/cmake)
[0.217s] -- Using all available rosidl_typesupport_cpp: rosidl_typesupport_fastrtps_cpp;rosidl_typesupport_introspection_cpp
[0.244s] -- Found geometry_msgs: 4.9.0 (/opt/ros/humble/share/geometry_msgs/cmake)
[0.561s] -- Found ament_cmake_ros: 0.10.0 (/opt/ros/humble/share/ament_cmake_ros/cmake)
[0.793s] -- Using all available rosidl_typesupport_c: rosidl_typesupport_fastrtps_c;rosidl_typesupport_introspection_c
[1.094s] -- Using all available rosidl_typesupport_cpp: rosidl_typesupport_fastrtps_cpp;rosidl_typesupport_introspection_cpp
[1.117s] -- Found python_cmake_module: 0.10.0 (/opt/ros/humble/share/python_cmake_module/cmake)
[1.140s] -- Using PYTHON_EXECUTABLE: /usr/bin/python3
[1.140s] -- Using PYTHON_INCLUDE_DIRS: /usr/include/python3.10
[1.141s] -- Using PYTHON_LIBRARIES: /usr/lib/x86_64-linux-gnu/libpython3.10.so
[1.194s] -- Configuring done
[1.229s] -- Generating done
[1.241s] -- Build files have been written to: /home/karan_k/Geomagic_Touch_ROS2/build/omni_msgs
[1.278s] [35m[1mConsolidate compiler generated dependencies of target omni_msgs__rosidl_generator_c[0m
[1.279s] [  3%] Built target omni_msgs__cpp
[1.291s] [  3%] Built target ament_cmake_python_copy_omni_msgs
[1.291s] [  6%] [32mBuilding C object CMakeFiles/omni_msgs__rosidl_generator_c.dir/rosidl_generator_c/omni_msgs/msg/detail/omni_feedback__functions.c.o[0m
[1.292s] [35m[1mConsolidate compiler generated dependencies of target omni_msgs__rosidl_typesupport_cpp[0m
[1.292s] [35m[1mConsolidate compiler generated dependencies of target omni_msgs__rosidl_typesupport_fastrtps_cpp[0m
[1.292s] [35m[1mConsolidate compiler generated dependencies of target omni_msgs__rosidl_typesupport_introspection_cpp[0m
[1.309s] [ 16%] [32mBuilding CXX object CMakeFiles/omni_msgs__rosidl_typesupport_fastrtps_cpp.dir/rosidl_typesupport_fastrtps_cpp/omni_msgs/msg/detail/dds_fastrtps/omni_feedback__type_support.cpp.o[0m
[1.309s] [ 16%] [32mBuilding CXX object CMakeFiles/omni_msgs__rosidl_typesupport_introspection_cpp.dir/rosidl_typesupport_introspection_cpp/omni_msgs/msg/detail/omni_feedback__type_support.cpp.o[0m
[1.309s] [ 16%] [32mBuilding CXX object CMakeFiles/omni_msgs__rosidl_typesupport_cpp.dir/rosidl_typesupport_cpp/omni_msgs/msg/omni_feedback__type_support.cpp.o[0m
[1.353s] [ 19%] [32m[1mLinking C shared library libomni_msgs__rosidl_generator_c.so[0m
[1.408s] [ 22%] Built target omni_msgs__rosidl_generator_c
[1.423s] [35m[1mConsolidate compiler generated dependencies of target omni_msgs__rosidl_typesupport_introspection_c[0m
[1.423s] [35m[1mConsolidate compiler generated dependencies of target omni_msgs__rosidl_typesupport_c[0m
[1.429s] [ 25%] [32m[1mLinking CXX shared library libomni_msgs__rosidl_typesupport_cpp.so[0m
[1.435s] [35m[1mConsolidate compiler generated dependencies of target omni_msgs__rosidl_typesupport_fastrtps_c[0m
[1.439s] [ 29%] [32mBuilding C object CMakeFiles/omni_msgs__rosidl_typesupport_introspection_c.dir/rosidl_typesupport_introspection_c/omni_msgs/msg/detail/omni_feedback__type_support.c.o[0m
[1.439s] [ 32%] [32mBuilding CXX object CMakeFiles/omni_msgs__rosidl_typesupport_c.dir/rosidl_typesupport_c/omni_msgs/msg/omni_feedback__type_support.cpp.o[0m
[1.451s] [ 35%] [32m[1mLinking CXX shared library libomni_msgs__rosidl_typesupport_introspection_cpp.so[0m
[1.452s] [ 38%] [32mBuilding CXX object CMakeFiles/omni_msgs__rosidl_typesupport_fastrtps_c.dir/rosidl_typesupport_fastrtps_c/omni_msgs/msg/detail/omni_feedback__type_support_c.cpp.o[0m
[1.453s] [ 41%] [32m[1mLinking CXX shared library libomni_msgs__rosidl_typesupport_fastrtps_cpp.so[0m
[1.476s] [ 45%] [32m[1mLinking CXX shared library libomni_msgs__rosidl_typesupport_c.so[0m
[1.484s] [ 48%] [32m[1mLinking C shared library libomni_msgs__rosidl_typesupport_introspection_c.so[0m
[1.491s] [ 51%] Built target omni_msgs__rosidl_typesupport_cpp
[1.534s] [ 54%] Built target omni_msgs__rosidl_typesupport_introspection_c
[1.538s] [ 58%] Built target omni_msgs__rosidl_typesupport_c
[1.554s] [ 61%] Built target omni_msgs__rosidl_typesupport_introspection_cpp
[1.557s] running egg_info
[1.563s] [ 64%] [32m[1mLinking CXX shared library libomni_msgs__rosidl_typesupport_fastrtps_c.so[0m
[1.565s] [ 67%] Built target omni_msgs__rosidl_typesupport_fastrtps_cpp
[1.573s] writing omni_msgs.egg-info/PKG-INFO
[1.574s] writing dependency_links to omni_msgs.egg-info/dependency_links.txt
[1.574s] writing top-level names to omni_msgs.egg-info/top_level.txt
[1.623s] reading manifest file 'omni_msgs.egg-info/SOURCES.txt'
[1.624s] writing manifest file 'omni_msgs.egg-info/SOURCES.txt'
[1.650s] [ 70%] Built target omni_msgs__rosidl_typesupport_fastrtps_c
[1.658s] [ 70%] Built target ament_cmake_python_build_omni_msgs_egg
[1.672s] [ 70%] Built target omni_msgs
[1.696s] [ 74%] Built target omni_msgs__py
[1.708s] [35m[1mConsolidate compiler generated dependencies of target omni_msgs__rosidl_generator_py[0m
[1.727s] [ 77%] [32mBuilding C object CMakeFiles/omni_msgs__rosidl_generator_py.dir/rosidl_generator_py/omni_msgs/msg/_omni_feedback_s.c.o[0m
[1.925s] [ 80%] [32m[1mLinking C shared library rosidl_generator_py/omni_msgs/libomni_msgs__rosidl_generator_py.so[0m
[1.969s] [ 80%] Built target omni_msgs__rosidl_generator_py
[1.980s] [35m[1mConsolidate compiler generated dependencies of target omni_msgs__rosidl_typesupport_c__pyext[0m
[1.980s] [35m[1mConsolidate compiler generated dependencies of target omni_msgs__rosidl_typesupport_fastrtps_c__pyext[0m
[1.980s] [35m[1mConsolidate compiler generated dependencies of target omni_msgs__rosidl_typesupport_introspection_c__pyext[0m
[1.994s] [ 90%] [32mBuilding C object CMakeFiles/omni_msgs__rosidl_typesupport_fastrtps_c__pyext.dir/rosidl_generator_py/omni_msgs/_omni_msgs_s.ep.rosidl_typesupport_fastrtps_c.c.o[0m
[1.994s] [ 90%] [32mBuilding C object CMakeFiles/omni_msgs__rosidl_typesupport_c__pyext.dir/rosidl_generator_py/omni_msgs/_omni_msgs_s.ep.rosidl_typesupport_c.c.o[0m
[1.994s] [ 90%] [32mBuilding C object CMakeFiles/omni_msgs__rosidl_typesupport_introspection_c__pyext.dir/rosidl_generator_py/omni_msgs/_omni_msgs_s.ep.rosidl_typesupport_introspection_c.c.o[0m
[2.172s] [ 93%] [32m[1mLinking C shared library rosidl_generator_py/omni_msgs/omni_msgs_s__rosidl_typesupport_c.cpython-310-x86_64-linux-gnu.so[0m
[2.175s] [ 96%] [32m[1mLinking C shared library rosidl_generator_py/omni_msgs/omni_msgs_s__rosidl_typesupport_introspection_c.cpython-310-x86_64-linux-gnu.so[0m
[2.177s] [100%] [32m[1mLinking C shared library rosidl_generator_py/omni_msgs/omni_msgs_s__rosidl_typesupport_fastrtps_c.cpython-310-x86_64-linux-gnu.so[0m
[2.215s] [100%] Built target omni_msgs__rosidl_typesupport_c__pyext
[2.220s] [100%] Built target omni_msgs__rosidl_typesupport_introspection_c__pyext
[2.221s] [100%] Built target omni_msgs__rosidl_typesupport_fastrtps_c__pyext
[2.235s] Invoked command in '/home/karan_k/Geomagic_Touch_ROS2/build/omni_msgs' returned '0': CMAKE_PREFIX_PATH=${CMAKE_PREFIX_PATH}:/home/karan_k/ardu_ws/install/ardupilot_dds_tests:/opt/ros/humble /usr/bin/cmake --build /home/karan_k/Geomagic_Touch_ROS2/build/omni_msgs -- -j16 -l16
[2.246s] Invoking command in '/home/karan_k/Geomagic_Touch_ROS2/build/omni_msgs': CMAKE_PREFIX_PATH=${CMAKE_PREFIX_PATH}:/home/karan_k/ardu_ws/install/ardupilot_dds_tests:/opt/ros/humble /usr/bin/cmake --install /home/karan_k/Geomagic_Touch_ROS2/build/omni_msgs
[2.254s] -- Install configuration: ""
[2.254s] -- Installing: /home/karan_k/Geomagic_Touch_ROS2/install/omni_msgs/share/ament_index/resource_index/rosidl_interfaces/omni_msgs
[2.254s] -- Up-to-date: /home/karan_k/Geomagic_Touch_ROS2/install/omni_msgs/include/omni_msgs/omni_msgs
[2.255s] -- Up-to-date: /home/karan_k/Geomagic_Touch_ROS2/install/omni_msgs/include/omni_msgs/omni_msgs/msg
[2.255s] -- Up-to-date: /home/karan_k/Geomagic_Touch_ROS2/install/omni_msgs/include/omni_msgs/omni_msgs/msg/detail
[2.255s] -- Installing: /home/karan_k/Geomagic_Touch_ROS2/install/omni_msgs/include/omni_msgs/omni_msgs/msg/detail/omni_feedback__type_support.h
[2.255s] -- Installing: /home/karan_k/Geomagic_Touch_ROS2/install/omni_msgs/include/omni_msgs/omni_msgs/msg/detail/omni_feedback__functions.c
[2.255s] -- Up-to-date: /home/karan_k/Geomagic_Touch_ROS2/install/omni_msgs/include/omni_msgs/omni_msgs/msg/detail/omni_state__functions.h
[2.255s] -- Up-to-date: /home/karan_k/Geomagic_Touch_ROS2/install/omni_msgs/include/omni_msgs/omni_msgs/msg/detail/omni_button_event__struct.h
[2.255s] -- Up-to-date: /home/karan_k/Geomagic_Touch_ROS2/install/omni_msgs/include/omni_msgs/omni_msgs/msg/detail/omni_state__functions.c
[2.255s] -- Up-to-date: /home/karan_k/Geomagic_Touch_ROS2/install/omni_msgs/include/omni_msgs/omni_msgs/msg/detail/omni_button_event__functions.c
[2.255s] -- Installing: /home/karan_k/Geomagic_Touch_ROS2/install/omni_msgs/include/omni_msgs/omni_msgs/msg/detail/omni_feedback__functions.h
[2.255s] -- Up-to-date: /home/karan_k/Geomagic_Touch_ROS2/install/omni_msgs/include/omni_msgs/omni_msgs/msg/detail/omni_button_event__functions.h
[2.256s] -- Up-to-date: /home/karan_k/Geomagic_Touch_ROS2/install/omni_msgs/include/omni_msgs/omni_msgs/msg/detail/omni_state__struct.h
[2.256s] -- Installing: /home/karan_k/Geomagic_Touch_ROS2/install/omni_msgs/include/omni_msgs/omni_msgs/msg/detail/omni_feedback__struct.h
[2.256s] -- Up-to-date: /home/karan_k/Geomagic_Touch_ROS2/install/omni_msgs/include/omni_msgs/omni_msgs/msg/detail/omni_button_event__type_support.h
[2.256s] -- Up-to-date: /home/karan_k/Geomagic_Touch_ROS2/install/omni_msgs/include/omni_msgs/omni_msgs/msg/detail/omni_state__type_support.h
[2.256s] -- Up-to-date: /home/karan_k/Geomagic_Touch_ROS2/install/omni_msgs/include/omni_msgs/omni_msgs/msg/rosidl_generator_c__visibility_control.h
[2.256s] -- Up-to-date: /home/karan_k/Geomagic_Touch_ROS2/install/omni_msgs/include/omni_msgs/omni_msgs/msg/omni_button_event.h
[2.256s] -- Up-to-date: /home/karan_k/Geomagic_Touch_ROS2/install/omni_msgs/include/omni_msgs/omni_msgs/msg/omni_state.h
[2.256s] -- Up-to-date: /home/karan_k/Geomagic_Touch_ROS2/install/omni_msgs/include/omni_msgs/omni_msgs/msg/omni_feedback.h
[2.256s] -- Up-to-date: /home/karan_k/Geomagic_Touch_ROS2/install/omni_msgs/share/omni_msgs/environment/library_path.sh
[2.256s] -- Installing: /home/karan_k/Geomagic_Touch_ROS2/install/omni_msgs/share/omni_msgs/environment/library_path.dsv
[2.256s] -- Installing: /home/karan_k/Geomagic_Touch_ROS2/install/omni_msgs/lib/libomni_msgs__rosidl_generator_c.so
[2.257s] -- Set runtime path of "/home/karan_k/Geomagic_Touch_ROS2/install/omni_msgs/lib/libomni_msgs__rosidl_generator_c.so" to ""
[2.257s] -- Up-to-date: /home/karan_k/Geomagic_Touch_ROS2/install/omni_msgs/include/omni_msgs/omni_msgs
[2.257s] -- Up-to-date: /home/karan_k/Geomagic_Touch_ROS2/install/omni_msgs/include/omni_msgs/omni_msgs/msg
[2.257s] -- Up-to-date: /home/karan_k/Geomagic_Touch_ROS2/install/omni_msgs/include/omni_msgs/omni_msgs/msg/detail
[2.257s] -- Up-to-date: /home/karan_k/Geomagic_Touch_ROS2/install/omni_msgs/include/omni_msgs/omni_msgs/msg/detail/omni_button_event__rosidl_typesupport_fastrtps_c.h
[2.257s] -- Up-to-date: /home/karan_k/Geomagic_Touch_ROS2/install/omni_msgs/include/omni_msgs/omni_msgs/msg/detail/omni_feedback__rosidl_typesupport_fastrtps_c.h
[2.257s] -- Up-to-date: /home/karan_k/Geomagic_Touch_ROS2/install/omni_msgs/include/omni_msgs/omni_msgs/msg/detail/omni_state__rosidl_typesupport_fastrtps_c.h
[2.257s] -- Up-to-date: /home/karan_k/Geomagic_Touch_ROS2/install/omni_msgs/include/omni_msgs/omni_msgs/msg/rosidl_typesupport_fastrtps_c__visibility_control.h
[2.257s] -- Installing: /home/karan_k/Geomagic_Touch_ROS2/install/omni_msgs/lib/libomni_msgs__rosidl_typesupport_fastrtps_c.so
[2.258s] -- Set runtime path of "/home/karan_k/Geomagic_Touch_ROS2/install/omni_msgs/lib/libomni_msgs__rosidl_typesupport_fastrtps_c.so" to ""
[2.258s] -- Up-to-date: /home/karan_k/Geomagic_Touch_ROS2/install/omni_msgs/include/omni_msgs/omni_msgs
[2.258s] -- Up-to-date: /home/karan_k/Geomagic_Touch_ROS2/install/omni_msgs/include/omni_msgs/omni_msgs/msg
[2.258s] -- Up-to-date: /home/karan_k/Geomagic_Touch_ROS2/install/omni_msgs/include/omni_msgs/omni_msgs/msg/rosidl_typesupport_introspection_c__visibility_control.h
[2.258s] -- Up-to-date: /home/karan_k/Geomagic_Touch_ROS2/install/omni_msgs/include/omni_msgs/omni_msgs/msg/detail
[2.258s] -- Up-to-date: /home/karan_k/Geomagic_Touch_ROS2/install/omni_msgs/include/omni_msgs/omni_msgs/msg/detail/omni_button_event__type_support.c
[2.258s] -- Up-to-date: /home/karan_k/Geomagic_Touch_ROS2/install/omni_msgs/include/omni_msgs/omni_msgs/msg/detail/omni_state__rosidl_typesupport_introspection_c.h
[2.258s] -- Up-to-date: /home/karan_k/Geomagic_Touch_ROS2/install/omni_msgs/include/omni_msgs/omni_msgs/msg/detail/omni_feedback__type_support.c
[2.258s] -- Up-to-date: /home/karan_k/Geomagic_Touch_ROS2/install/omni_msgs/include/omni_msgs/omni_msgs/msg/detail/omni_state__type_support.c
[2.258s] -- Up-to-date: /home/karan_k/Geomagic_Touch_ROS2/install/omni_msgs/include/omni_msgs/omni_msgs/msg/detail/omni_button_event__rosidl_typesupport_introspection_c.h
[2.259s] -- Up-to-date: /home/karan_k/Geomagic_Touch_ROS2/install/omni_msgs/include/omni_msgs/omni_msgs/msg/detail/omni_feedback__rosidl_typesupport_introspection_c.h
[2.259s] -- Installing: /home/karan_k/Geomagic_Touch_ROS2/install/omni_msgs/lib/libomni_msgs__rosidl_typesupport_introspection_c.so
[2.259s] -- Set runtime path of "/home/karan_k/Geomagic_Touch_ROS2/install/omni_msgs/lib/libomni_msgs__rosidl_typesupport_introspection_c.so" to ""
[2.259s] -- Installing: /home/karan_k/Geomagic_Touch_ROS2/install/omni_msgs/lib/libomni_msgs__rosidl_typesupport_c.so
[2.260s] -- Set runtime path of "/home/karan_k/Geomagic_Touch_ROS2/install/omni_msgs/lib/libomni_msgs__rosidl_typesupport_c.so" to ""
[2.260s] -- Up-to-date: /home/karan_k/Geomagic_Touch_ROS2/install/omni_msgs/include/omni_msgs/omni_msgs
[2.260s] -- Up-to-date: /home/karan_k/Geomagic_Touch_ROS2/install/omni_msgs/include/omni_msgs/omni_msgs/msg
[2.260s] -- Up-to-date: /home/karan_k/Geomagic_Touch_ROS2/install/omni_msgs/include/omni_msgs/omni_msgs/msg/rosidl_generator_cpp__visibility_control.hpp
[2.260s] -- Up-to-date: /home/karan_k/Geomagic_Touch_ROS2/install/omni_msgs/include/omni_msgs/omni_msgs/msg/detail
[2.260s] -- Up-to-date: /home/karan_k/Geomagic_Touch_ROS2/install/omni_msgs/include/omni_msgs/omni_msgs/msg/detail/omni_state__struct.hpp
[2.260s] -- Up-to-date: /home/karan_k/Geomagic_Touch_ROS2/install/omni_msgs/include/omni_msgs/omni_msgs/msg/detail/omni_feedback__builder.hpp
[2.260s] -- Up-to-date: /home/karan_k/Geomagic_Touch_ROS2/install/omni_msgs/include/omni_msgs/omni_msgs/msg/detail/omni_button_event__struct.hpp
[2.260s] -- Up-to-date: /home/karan_k/Geomagic_Touch_ROS2/install/omni_msgs/include/omni_msgs/omni_msgs/msg/detail/omni_state__type_support.hpp
[2.260s] -- Up-to-date: /home/karan_k/Geomagic_Touch_ROS2/install/omni_msgs/include/omni_msgs/omni_msgs/msg/detail/omni_state__builder.hpp
[2.260s] -- Up-to-date: /home/karan_k/Geomagic_Touch_ROS2/install/omni_msgs/include/omni_msgs/omni_msgs/msg/detail/omni_state__traits.hpp
[2.260s] -- Up-to-date: /home/karan_k/Geomagic_Touch_ROS2/install/omni_msgs/include/omni_msgs/omni_msgs/msg/detail/omni_button_event__traits.hpp
[2.261s] -- Up-to-date: /home/karan_k/Geomagic_Touch_ROS2/install/omni_msgs/include/omni_msgs/omni_msgs/msg/detail/omni_feedback__traits.hpp
[2.261s] -- Up-to-date: /home/karan_k/Geomagic_Touch_ROS2/install/omni_msgs/include/omni_msgs/omni_msgs/msg/detail/omni_button_event__type_support.hpp
[2.261s] -- Up-to-date: /home/karan_k/Geomagic_Touch_ROS2/install/omni_msgs/include/omni_msgs/omni_msgs/msg/detail/omni_feedback__struct.hpp
[2.261s] -- Up-to-date: /home/karan_k/Geomagic_Touch_ROS2/install/omni_msgs/include/omni_msgs/omni_msgs/msg/detail/omni_button_event__builder.hpp
[2.261s] -- Up-to-date: /home/karan_k/Geomagic_Touch_ROS2/install/omni_msgs/include/omni_msgs/omni_msgs/msg/detail/omni_feedback__type_support.hpp
[2.261s] -- Up-to-date: /home/karan_k/Geomagic_Touch_ROS2/install/omni_msgs/include/omni_msgs/omni_msgs/msg/omni_feedback.hpp
[2.261s] -- Up-to-date: /home/karan_k/Geomagic_Touch_ROS2/install/omni_msgs/include/omni_msgs/omni_msgs/msg/omni_button_event.hpp
[2.261s] -- Up-to-date: /home/karan_k/Geomagic_Touch_ROS2/install/omni_msgs/include/omni_msgs/omni_msgs/msg/omni_state.hpp
[2.261s] -- Up-to-date: /home/karan_k/Geomagic_Touch_ROS2/install/omni_msgs/include/omni_msgs/omni_msgs
[2.261s] -- Up-to-date: /home/karan_k/Geomagic_Touch_ROS2/install/omni_msgs/include/omni_msgs/omni_msgs/msg
[2.261s] -- Up-to-date: /home/karan_k/Geomagic_Touch_ROS2/install/omni_msgs/include/omni_msgs/omni_msgs/msg/rosidl_typesupport_fastrtps_cpp__visibility_control.h
[2.261s] -- Up-to-date: /home/karan_k/Geomagic_Touch_ROS2/install/omni_msgs/include/omni_msgs/omni_msgs/msg/detail
[2.261s] -- Up-to-date: /home/karan_k/Geomagic_Touch_ROS2/install/omni_msgs/include/omni_msgs/omni_msgs/msg/detail/omni_button_event__rosidl_typesupport_fastrtps_cpp.hpp
[2.261s] -- Up-to-date: /home/karan_k/Geomagic_Touch_ROS2/install/omni_msgs/include/omni_msgs/omni_msgs/msg/detail/omni_feedback__rosidl_typesupport_fastrtps_cpp.hpp
[2.261s] -- Up-to-date: /home/karan_k/Geomagic_Touch_ROS2/install/omni_msgs/include/omni_msgs/omni_msgs/msg/detail/dds_fastrtps
[2.261s] -- Up-to-date: /home/karan_k/Geomagic_Touch_ROS2/install/omni_msgs/include/omni_msgs/omni_msgs/msg/detail/omni_state__rosidl_typesupport_fastrtps_cpp.hpp
[2.262s] -- Installing: /home/karan_k/Geomagic_Touch_ROS2/install/omni_msgs/lib/libomni_msgs__rosidl_typesupport_fastrtps_cpp.so
[2.262s] -- Set runtime path of "/home/karan_k/Geomagic_Touch_ROS2/install/omni_msgs/lib/libomni_msgs__rosidl_typesupport_fastrtps_cpp.so" to ""
[2.262s] -- Up-to-date: /home/karan_k/Geomagic_Touch_ROS2/install/omni_msgs/include/omni_msgs/omni_msgs
[2.262s] -- Up-to-date: /home/karan_k/Geomagic_Touch_ROS2/install/omni_msgs/include/omni_msgs/omni_msgs/msg
[2.262s] -- Up-to-date: /home/karan_k/Geomagic_Touch_ROS2/install/omni_msgs/include/omni_msgs/omni_msgs/msg/detail
[2.262s] -- Up-to-date: /home/karan_k/Geomagic_Touch_ROS2/install/omni_msgs/include/omni_msgs/omni_msgs/msg/detail/omni_button_event__type_support.cpp
[2.262s] -- Up-to-date: /home/karan_k/Geomagic_Touch_ROS2/install/omni_msgs/include/omni_msgs/omni_msgs/msg/detail/omni_feedback__type_support.cpp
[2.262s] -- Up-to-date: /home/karan_k/Geomagic_Touch_ROS2/install/omni_msgs/include/omni_msgs/omni_msgs/msg/detail/omni_feedback__rosidl_typesupport_introspection_cpp.hpp
[2.262s] -- Up-to-date: /home/karan_k/Geomagic_Touch_ROS2/install/omni_msgs/include/omni_msgs/omni_msgs/msg/detail/omni_state__type_support.cpp
[2.262s] -- Up-to-date: /home/karan_k/Geomagic_Touch_ROS2/install/omni_msgs/include/omni_msgs/omni_msgs/msg/detail/omni_button_event__rosidl_typesupport_introspection_cpp.hpp
[2.262s] -- Up-to-date: /home/karan_k/Geomagic_Touch_ROS2/install/omni_msgs/include/omni_msgs/omni_msgs/msg/detail/omni_state__rosidl_typesupport_introspection_cpp.hpp
[2.262s] -- Installing: /home/karan_k/Geomagic_Touch_ROS2/install/omni_msgs/lib/libomni_msgs__rosidl_typesupport_introspection_cpp.so
[2.262s] -- Set runtime path of "/home/karan_k/Geomagic_Touch_ROS2/install/omni_msgs/lib/libomni_msgs__rosidl_typesupport_introspection_cpp.so" to ""
[2.263s] -- Installing: /home/karan_k/Geomagic_Touch_ROS2/install/omni_msgs/lib/libomni_msgs__rosidl_typesupport_cpp.so
[2.263s] -- Set runtime path of "/home/karan_k/Geomagic_Touch_ROS2/install/omni_msgs/lib/libomni_msgs__rosidl_typesupport_cpp.so" to ""
[2.263s] -- Up-to-date: /home/karan_k/Geomagic_Touch_ROS2/install/omni_msgs/share/omni_msgs/environment/pythonpath.sh
[2.263s] -- Installing: /home/karan_k/Geomagic_Touch_ROS2/install/omni_msgs/share/omni_msgs/environment/pythonpath.dsv
[2.263s] -- Up-to-date: /home/karan_k/Geomagic_Touch_ROS2/install/omni_msgs/local/lib/python3.10/dist-packages/omni_msgs-0.0.0-py3.10.egg-info
[2.264s] -- Installing: /home/karan_k/Geomagic_Touch_ROS2/install/omni_msgs/local/lib/python3.10/dist-packages/omni_msgs-0.0.0-py3.10.egg-info/SOURCES.txt
[2.264s] -- Installing: /home/karan_k/Geomagic_Touch_ROS2/install/omni_msgs/local/lib/python3.10/dist-packages/omni_msgs-0.0.0-py3.10.egg-info/PKG-INFO
[2.264s] -- Installing: /home/karan_k/Geomagic_Touch_ROS2/install/omni_msgs/local/lib/python3.10/dist-packages/omni_msgs-0.0.0-py3.10.egg-info/top_level.txt
[2.264s] -- Installing: /home/karan_k/Geomagic_Touch_ROS2/install/omni_msgs/local/lib/python3.10/dist-packages/omni_msgs-0.0.0-py3.10.egg-info/dependency_links.txt
[2.264s] -- Up-to-date: /home/karan_k/Geomagic_Touch_ROS2/install/omni_msgs/local/lib/python3.10/dist-packages/omni_msgs
[2.264s] -- Installing: /home/karan_k/Geomagic_Touch_ROS2/install/omni_msgs/local/lib/python3.10/dist-packages/omni_msgs/omni_msgs_s__rosidl_typesupport_introspection_c.cpython-310-x86_64-linux-gnu.so
[2.264s] -- Up-to-date: /home/karan_k/Geomagic_Touch_ROS2/install/omni_msgs/local/lib/python3.10/dist-packages/omni_msgs/msg
[2.265s] -- Up-to-date: /home/karan_k/Geomagic_Touch_ROS2/install/omni_msgs/local/lib/python3.10/dist-packages/omni_msgs/msg/_omni_feedback.py
[2.265s] -- Up-to-date: /home/karan_k/Geomagic_Touch_ROS2/install/omni_msgs/local/lib/python3.10/dist-packages/omni_msgs/msg/_omni_state.py
[2.265s] -- Up-to-date: /home/karan_k/Geomagic_Touch_ROS2/install/omni_msgs/local/lib/python3.10/dist-packages/omni_msgs/msg/__init__.py
[2.265s] -- Up-to-date: /home/karan_k/Geomagic_Touch_ROS2/install/omni_msgs/local/lib/python3.10/dist-packages/omni_msgs/msg/_omni_feedback_s.c
[2.265s] -- Up-to-date: /home/karan_k/Geomagic_Touch_ROS2/install/omni_msgs/local/lib/python3.10/dist-packages/omni_msgs/msg/_omni_state_s.c
[2.265s] -- Up-to-date: /home/karan_k/Geomagic_Touch_ROS2/install/omni_msgs/local/lib/python3.10/dist-packages/omni_msgs/msg/_omni_button_event_s.c
[2.265s] -- Up-to-date: /home/karan_k/Geomagic_Touch_ROS2/install/omni_msgs/local/lib/python3.10/dist-packages/omni_msgs/msg/_omni_button_event.py
[2.265s] -- Installing: /home/karan_k/Geomagic_Touch_ROS2/install/omni_msgs/local/lib/python3.10/dist-packages/omni_msgs/omni_msgs_s__rosidl_typesupport_fastrtps_c.cpython-310-x86_64-linux-gnu.so
[2.265s] -- Up-to-date: /home/karan_k/Geomagic_Touch_ROS2/install/omni_msgs/local/lib/python3.10/dist-packages/omni_msgs/_omni_msgs_s.ep.rosidl_typesupport_c.c
[2.265s] -- Installing: /home/karan_k/Geomagic_Touch_ROS2/install/omni_msgs/local/lib/python3.10/dist-packages/omni_msgs/libomni_msgs__rosidl_generator_py.so
[2.265s] -- Installing: /home/karan_k/Geomagic_Touch_ROS2/install/omni_msgs/local/lib/python3.10/dist-packages/omni_msgs/__init__.py
[2.265s] -- Up-to-date: /home/karan_k/Geomagic_Touch_ROS2/install/omni_msgs/local/lib/python3.10/dist-packages/omni_msgs/_omni_msgs_s.ep.rosidl_typesupport_fastrtps_c.c
[2.265s] -- Up-to-date: /home/karan_k/Geomagic_Touch_ROS2/install/omni_msgs/local/lib/python3.10/dist-packages/omni_msgs/_omni_msgs_s.ep.rosidl_typesupport_introspection_c.c
[2.266s] -- Installing: /home/karan_k/Geomagic_Touch_ROS2/install/omni_msgs/local/lib/python3.10/dist-packages/omni_msgs/omni_msgs_s__rosidl_typesupport_c.cpython-310-x86_64-linux-gnu.so
[2.298s] Listing '/home/karan_k/Geomagic_Touch_ROS2/install/omni_msgs/local/lib/python3.10/dist-packages/omni_msgs'...
[2.298s] Compiling '/home/karan_k/Geomagic_Touch_ROS2/install/omni_msgs/local/lib/python3.10/dist-packages/omni_msgs/__init__.py'...
[2.298s] Listing '/home/karan_k/Geomagic_Touch_ROS2/install/omni_msgs/local/lib/python3.10/dist-packages/omni_msgs/msg'...
[2.302s] -- Installing: /home/karan_k/Geomagic_Touch_ROS2/install/omni_msgs/local/lib/python3.10/dist-packages/omni_msgs/omni_msgs_s__rosidl_typesupport_fastrtps_c.cpython-310-x86_64-linux-gnu.so
[2.302s] -- Set runtime path of "/home/karan_k/Geomagic_Touch_ROS2/install/omni_msgs/local/lib/python3.10/dist-packages/omni_msgs/omni_msgs_s__rosidl_typesupport_fastrtps_c.cpython-310-x86_64-linux-gnu.so" to ""
[2.303s] -- Installing: /home/karan_k/Geomagic_Touch_ROS2/install/omni_msgs/local/lib/python3.10/dist-packages/omni_msgs/omni_msgs_s__rosidl_typesupport_introspection_c.cpython-310-x86_64-linux-gnu.so
[2.303s] -- Set runtime path of "/home/karan_k/Geomagic_Touch_ROS2/install/omni_msgs/local/lib/python3.10/dist-packages/omni_msgs/omni_msgs_s__rosidl_typesupport_introspection_c.cpython-310-x86_64-linux-gnu.so" to ""
[2.303s] -- Installing: /home/karan_k/Geomagic_Touch_ROS2/install/omni_msgs/local/lib/python3.10/dist-packages/omni_msgs/omni_msgs_s__rosidl_typesupport_c.cpython-310-x86_64-linux-gnu.so
[2.304s] -- Set runtime path of "/home/karan_k/Geomagic_Touch_ROS2/install/omni_msgs/local/lib/python3.10/dist-packages/omni_msgs/omni_msgs_s__rosidl_typesupport_c.cpython-310-x86_64-linux-gnu.so" to ""
[2.304s] -- Installing: /home/karan_k/Geomagic_Touch_ROS2/install/omni_msgs/lib/libomni_msgs__rosidl_generator_py.so
[2.304s] -- Set runtime path of "/home/karan_k/Geomagic_Touch_ROS2/install/omni_msgs/lib/libomni_msgs__rosidl_generator_py.so" to ""
[2.304s] -- Up-to-date: /home/karan_k/Geomagic_Touch_ROS2/install/omni_msgs/share/omni_msgs/msg/OmniFeedback.idl
[2.304s] -- Up-to-date: /home/karan_k/Geomagic_Touch_ROS2/install/omni_msgs/share/omni_msgs/msg/OmniFeedback.msg
[2.305s] -- Up-to-date: /home/karan_k/Geomagic_Touch_ROS2/install/omni_msgs/share/ament_index/resource_index/package_run_dependencies/omni_msgs
[2.305s] -- Up-to-date: /home/karan_k/Geomagic_Touch_ROS2/install/omni_msgs/share/ament_index/resource_index/parent_prefix_path/omni_msgs
[2.305s] -- Up-to-date: /home/karan_k/Geomagic_Touch_ROS2/install/omni_msgs/share/omni_msgs/environment/ament_prefix_path.sh
[2.305s] -- Installing: /home/karan_k/Geomagic_Touch_ROS2/install/omni_msgs/share/omni_msgs/environment/ament_prefix_path.dsv
[2.305s] -- Up-to-date: /home/karan_k/Geomagic_Touch_ROS2/install/omni_msgs/share/omni_msgs/environment/path.sh
[2.305s] -- Installing: /home/karan_k/Geomagic_Touch_ROS2/install/omni_msgs/share/omni_msgs/environment/path.dsv
[2.305s] -- Up-to-date: /home/karan_k/Geomagic_Touch_ROS2/install/omni_msgs/share/omni_msgs/local_setup.bash
[2.305s] -- Up-to-date: /home/karan_k/Geomagic_Touch_ROS2/install/omni_msgs/share/omni_msgs/local_setup.sh
[2.305s] -- Up-to-date: /home/karan_k/Geomagic_Touch_ROS2/install/omni_msgs/share/omni_msgs/local_setup.zsh
[2.305s] -- Installing: /home/karan_k/Geomagic_Touch_ROS2/install/omni_msgs/share/omni_msgs/local_setup.dsv
[2.305s] -- Installing: /home/karan_k/Geomagic_Touch_ROS2/install/omni_msgs/share/omni_msgs/package.dsv
[2.305s] -- Up-to-date: /home/karan_k/Geomagic_Touch_ROS2/install/omni_msgs/share/ament_index/resource_index/packages/omni_msgs
[2.306s] -- Old export file "/home/karan_k/Geomagic_Touch_ROS2/install/omni_msgs/share/omni_msgs/cmake/export_omni_msgs__rosidl_generator_cExport.cmake" will be replaced.  Removing files [/home/karan_k/Geomagic_Touch_ROS2/install/omni_msgs/share/omni_msgs/cmake/export_omni_msgs__rosidl_generator_cExport-noconfig.cmake].
[2.306s] -- Installing: /home/karan_k/Geomagic_Touch_ROS2/install/omni_msgs/share/omni_msgs/cmake/export_omni_msgs__rosidl_generator_cExport.cmake
[2.306s] -- Installing: /home/karan_k/Geomagic_Touch_ROS2/install/omni_msgs/share/omni_msgs/cmake/export_omni_msgs__rosidl_generator_cExport-noconfig.cmake
[2.306s] -- Old export file "/home/karan_k/Geomagic_Touch_ROS2/install/omni_msgs/share/omni_msgs/cmake/export_omni_msgs__rosidl_typesupport_fastrtps_cExport.cmake" will be replaced.  Removing files [/home/karan_k/Geomagic_Touch_ROS2/install/omni_msgs/share/omni_msgs/cmake/export_omni_msgs__rosidl_typesupport_fastrtps_cExport-noconfig.cmake].
[2.306s] -- Installing: /home/karan_k/Geomagic_Touch_ROS2/install/omni_msgs/share/omni_msgs/cmake/export_omni_msgs__rosidl_typesupport_fastrtps_cExport.cmake
[2.306s] -- Installing: /home/karan_k/Geomagic_Touch_ROS2/install/omni_msgs/share/omni_msgs/cmake/export_omni_msgs__rosidl_typesupport_fastrtps_cExport-noconfig.cmake
[2.307s] -- Old export file "/home/karan_k/Geomagic_Touch_ROS2/install/omni_msgs/share/omni_msgs/cmake/omni_msgs__rosidl_typesupport_introspection_cExport.cmake" will be replaced.  Removing files [/home/karan_k/Geomagic_Touch_ROS2/install/omni_msgs/share/omni_msgs/cmake/omni_msgs__rosidl_typesupport_introspection_cExport-noconfig.cmake].
[2.307s] -- Installing: /home/karan_k/Geomagic_Touch_ROS2/install/omni_msgs/share/omni_msgs/cmake/omni_msgs__rosidl_typesupport_introspection_cExport.cmake
[2.307s] -- Installing: /home/karan_k/Geomagic_Touch_ROS2/install/omni_msgs/share/omni_msgs/cmake/omni_msgs__rosidl_typesupport_introspection_cExport-noconfig.cmake
[2.307s] -- Old export file "/home/karan_k/Geomagic_Touch_ROS2/install/omni_msgs/share/omni_msgs/cmake/omni_msgs__rosidl_typesupport_cExport.cmake" will be replaced.  Removing files [/home/karan_k/Geomagic_Touch_ROS2/install/omni_msgs/share/omni_msgs/cmake/omni_msgs__rosidl_typesupport_cExport-noconfig.cmake].
[2.307s] -- Installing: /home/karan_k/Geomagic_Touch_ROS2/install/omni_msgs/share/omni_msgs/cmake/omni_msgs__rosidl_typesupport_cExport.cmake
[2.307s] -- Installing: /home/karan_k/Geomagic_Touch_ROS2/install/omni_msgs/share/omni_msgs/cmake/omni_msgs__rosidl_typesupport_cExport-noconfig.cmake
[2.308s] -- Installing: /home/karan_k/Geomagic_Touch_ROS2/install/omni_msgs/share/omni_msgs/cmake/export_omni_msgs__rosidl_generator_cppExport.cmake
[2.308s] -- Old export file "/home/karan_k/Geomagic_Touch_ROS2/install/omni_msgs/share/omni_msgs/cmake/export_omni_msgs__rosidl_typesupport_fastrtps_cppExport.cmake" will be replaced.  Removing files [/home/karan_k/Geomagic_Touch_ROS2/install/omni_msgs/share/omni_msgs/cmake/export_omni_msgs__rosidl_typesupport_fastrtps_cppExport-noconfig.cmake].
[2.308s] -- Installing: /home/karan_k/Geomagic_Touch_ROS2/install/omni_msgs/share/omni_msgs/cmake/export_omni_msgs__rosidl_typesupport_fastrtps_cppExport.cmake
[2.308s] -- Installing: /home/karan_k/Geomagic_Touch_ROS2/install/omni_msgs/share/omni_msgs/cmake/export_omni_msgs__rosidl_typesupport_fastrtps_cppExport-noconfig.cmake
[2.308s] -- Old export file "/home/karan_k/Geomagic_Touch_ROS2/install/omni_msgs/share/omni_msgs/cmake/omni_msgs__rosidl_typesupport_introspection_cppExport.cmake" will be replaced.  Removing files [/home/karan_k/Geomagic_Touch_ROS2/install/omni_msgs/share/omni_msgs/cmake/omni_msgs__rosidl_typesupport_introspection_cppExport-noconfig.cmake].
[2.309s] -- Installing: /home/karan_k/Geomagic_Touch_ROS2/install/omni_msgs/share/omni_msgs/cmake/omni_msgs__rosidl_typesupport_introspection_cppExport.cmake
[2.309s] -- Installing: /home/karan_k/Geomagic_Touch_ROS2/install/omni_msgs/share/omni_msgs/cmake/omni_msgs__rosidl_typesupport_introspection_cppExport-noconfig.cmake
[2.309s] -- Old export file "/home/karan_k/Geomagic_Touch_ROS2/install/omni_msgs/share/omni_msgs/cmake/omni_msgs__rosidl_typesupport_cppExport.cmake" will be replaced.  Removing files [/home/karan_k/Geomagic_Touch_ROS2/install/omni_msgs/share/omni_msgs/cmake/omni_msgs__rosidl_typesupport_cppExport-noconfig.cmake].
[2.309s] -- Installing: /home/karan_k/Geomagic_Touch_ROS2/install/omni_msgs/share/omni_msgs/cmake/omni_msgs__rosidl_typesupport_cppExport.cmake
[2.309s] -- Installing: /home/karan_k/Geomagic_Touch_ROS2/install/omni_msgs/share/omni_msgs/cmake/omni_msgs__rosidl_typesupport_cppExport-noconfig.cmake
[2.309s] -- Old export file "/home/karan_k/Geomagic_Touch_ROS2/install/omni_msgs/share/omni_msgs/cmake/export_omni_msgs__rosidl_generator_pyExport.cmake" will be replaced.  Removing files [/home/karan_k/Geomagic_Touch_ROS2/install/omni_msgs/share/omni_msgs/cmake/export_omni_msgs__rosidl_generator_pyExport-noconfig.cmake].
[2.310s] -- Installing: /home/karan_k/Geomagic_Touch_ROS2/install/omni_msgs/share/omni_msgs/cmake/export_omni_msgs__rosidl_generator_pyExport.cmake
[2.310s] -- Installing: /home/karan_k/Geomagic_Touch_ROS2/install/omni_msgs/share/omni_msgs/cmake/export_omni_msgs__rosidl_generator_pyExport-noconfig.cmake
[2.310s] -- Installing: /home/karan_k/Geomagic_Touch_ROS2/install/omni_msgs/share/omni_msgs/cmake/rosidl_cmake-extras.cmake
[2.310s] -- Installing: /home/karan_k/Geomagic_Touch_ROS2/install/omni_msgs/share/omni_msgs/cmake/ament_cmake_export_dependencies-extras.cmake
[2.310s] -- Up-to-date: /home/karan_k/Geomagic_Touch_ROS2/install/omni_msgs/share/omni_msgs/cmake/ament_cmake_export_include_directories-extras.cmake
[2.310s] -- Up-to-date: /home/karan_k/Geomagic_Touch_ROS2/install/omni_msgs/share/omni_msgs/cmake/ament_cmake_export_libraries-extras.cmake
[2.310s] -- Up-to-date: /home/karan_k/Geomagic_Touch_ROS2/install/omni_msgs/share/omni_msgs/cmake/ament_cmake_export_targets-extras.cmake
[2.310s] -- Up-to-date: /home/karan_k/Geomagic_Touch_ROS2/install/omni_msgs/share/omni_msgs/cmake/rosidl_cmake_export_typesupport_targets-extras.cmake
[2.311s] -- Up-to-date: /home/karan_k/Geomagic_Touch_ROS2/install/omni_msgs/share/omni_msgs/cmake/rosidl_cmake_export_typesupport_libraries-extras.cmake
[2.311s] -- Up-to-date: /home/karan_k/Geomagic_Touch_ROS2/install/omni_msgs/share/omni_msgs/cmake/omni_msgsConfig.cmake
[2.311s] -- Up-to-date: /home/karan_k/Geomagic_Touch_ROS2/install/omni_msgs/share/omni_msgs/cmake/omni_msgsConfig-version.cmake
[2.311s] -- Up-to-date: /home/karan_k/Geomagic_Touch_ROS2/install/omni_msgs/share/omni_msgs/package.xml
[2.313s] Invoked command in '/home/karan_k/Geomagic_Touch_ROS2/build/omni_msgs' returned '0': CMAKE_PREFIX_PATH=${CMAKE_PREFIX_PATH}:/home/karan_k/ardu_ws/install/ardupilot_dds_tests:/opt/ros/humble /usr/bin/cmake --install /home/karan_k/Geomagic_Touch_ROS2/build/omni_msgs
