[0.094s] DEBUG:colcon:Command line arguments: ['/usr/bin/colcon', 'build']
[0.094s] DEBUG:colcon:Parsed command line arguments: Namespace(log_base=None, log_level=None, verb_name='build', build_base='build', install_base='install', merge_install=False, symlink_install=False, test_result_base=None, continue_on_error=False, executor='parallel', parallel_workers=16, event_handlers=None, ignore_user_meta=False, metas=['./colcon.meta'], base_paths=['.'], packages_ignore=None, packages_ignore_regex=None, paths=None, packages_up_to=None, packages_up_to_regex=None, packages_above=None, packages_above_and_dependencies=None, packages_above_depth=None, packages_select_by_dep=None, packages_skip_by_dep=None, packages_skip_up_to=None, packages_select_build_failed=False, packages_skip_build_finished=False, packages_select_test_failures=False, packages_skip_test_passed=False, packages_select=None, packages_skip=None, packages_select_regex=None, packages_skip_regex=None, packages_start=None, packages_end=None, allow_overriding=[], cmake_args=None, cmake_target=None, cmake_target_skip_unavailable=False, cmake_clean_cache=False, cmake_clean_first=False, cmake_force_configure=False, ament_cmake_args=None, catkin_cmake_args=None, catkin_skip_building_tests=False, mixin_files=None, mixin=None, verb_parser=<colcon_mixin.mixin.mixin_argument.MixinArgumentDecorator object at 0x76ad49ba9900>, verb_extension=<colcon_core.verb.build.BuildVerb object at 0x76ad49c9ee30>, main=<bound method BuildVerb.main of <colcon_core.verb.build.BuildVerb object at 0x76ad49c9ee30>>, mixin_verb=('build',))
[0.135s] Level 1:colcon.colcon_core.package_discovery:discover_packages(colcon_meta) check parameters
[0.135s] Level 1:colcon.colcon_core.package_discovery:discover_packages(recursive) check parameters
[0.135s] Level 1:colcon.colcon_core.package_discovery:discover_packages(ignore) check parameters
[0.135s] Level 1:colcon.colcon_core.package_discovery:discover_packages(path) check parameters
[0.135s] Level 1:colcon.colcon_core.package_discovery:discover_packages(colcon_meta) discover
[0.135s] Level 1:colcon.colcon_core.package_discovery:discover_packages(recursive) discover
[0.135s] INFO:colcon.colcon_core.package_discovery:Crawling recursively for packages in '/home/karan_k/Geomagic_Touch_ROS2'
[0.136s] Level 1:colcon.colcon_core.package_identification:_identify(.) by extensions ['ignore', 'ignore_ament_install']
[0.136s] Level 1:colcon.colcon_core.package_identification:_identify(.) by extension 'ignore'
[0.136s] Level 1:colcon.colcon_core.package_identification:_identify(.) by extension 'ignore_ament_install'
[0.136s] Level 1:colcon.colcon_core.package_identification:_identify(.) by extensions ['colcon_pkg']
[0.136s] Level 1:colcon.colcon_core.package_identification:_identify(.) by extension 'colcon_pkg'
[0.136s] Level 1:colcon.colcon_core.package_identification:_identify(.) by extensions ['colcon_meta']
[0.136s] Level 1:colcon.colcon_core.package_identification:_identify(.) by extension 'colcon_meta'
[0.136s] Level 1:colcon.colcon_core.package_identification:_identify(.) by extensions ['ros']
[0.136s] Level 1:colcon.colcon_core.package_identification:_identify(.) by extension 'ros'
[0.157s] Level 1:colcon.colcon_core.package_identification:_identify(.) by extensions ['cmake', 'python']
[0.157s] Level 1:colcon.colcon_core.package_identification:_identify(.) by extension 'cmake'
[0.157s] Level 1:colcon.colcon_core.package_identification:_identify(.) by extension 'python'
[0.157s] Level 1:colcon.colcon_core.package_identification:_identify(.) by extensions ['python_setup_py']
[0.157s] Level 1:colcon.colcon_core.package_identification:_identify(.) by extension 'python_setup_py'
[0.157s] Level 1:colcon.colcon_core.package_identification:_identify(build) by extensions ['ignore', 'ignore_ament_install']
[0.157s] Level 1:colcon.colcon_core.package_identification:_identify(build) by extension 'ignore'
[0.157s] Level 1:colcon.colcon_core.package_identification:_identify(build) ignored
[0.158s] Level 1:colcon.colcon_core.package_identification:_identify(install) by extensions ['ignore', 'ignore_ament_install']
[0.158s] Level 1:colcon.colcon_core.package_identification:_identify(install) by extension 'ignore'
[0.158s] Level 1:colcon.colcon_core.package_identification:_identify(install) ignored
[0.158s] Level 1:colcon.colcon_core.package_identification:_identify(log) by extensions ['ignore', 'ignore_ament_install']
[0.158s] Level 1:colcon.colcon_core.package_identification:_identify(log) by extension 'ignore'
[0.158s] Level 1:colcon.colcon_core.package_identification:_identify(log) ignored
[0.158s] Level 1:colcon.colcon_core.package_identification:_identify(src) by extensions ['ignore', 'ignore_ament_install']
[0.158s] Level 1:colcon.colcon_core.package_identification:_identify(src) by extension 'ignore'
[0.158s] Level 1:colcon.colcon_core.package_identification:_identify(src) by extension 'ignore_ament_install'
[0.158s] Level 1:colcon.colcon_core.package_identification:_identify(src) by extensions ['colcon_pkg']
[0.158s] Level 1:colcon.colcon_core.package_identification:_identify(src) by extension 'colcon_pkg'
[0.158s] Level 1:colcon.colcon_core.package_identification:_identify(src) by extensions ['colcon_meta']
[0.158s] Level 1:colcon.colcon_core.package_identification:_identify(src) by extension 'colcon_meta'
[0.158s] Level 1:colcon.colcon_core.package_identification:_identify(src) by extensions ['ros']
[0.158s] Level 1:colcon.colcon_core.package_identification:_identify(src) by extension 'ros'
[0.158s] Level 1:colcon.colcon_core.package_identification:_identify(src) by extensions ['cmake', 'python']
[0.158s] Level 1:colcon.colcon_core.package_identification:_identify(src) by extension 'cmake'
[0.158s] Level 1:colcon.colcon_core.package_identification:_identify(src) by extension 'python'
[0.158s] Level 1:colcon.colcon_core.package_identification:_identify(src) by extensions ['python_setup_py']
[0.158s] Level 1:colcon.colcon_core.package_identification:_identify(src) by extension 'python_setup_py'
[0.158s] Level 1:colcon.colcon_core.package_identification:_identify(src/omni_broadcaster) by extensions ['ignore', 'ignore_ament_install']
[0.158s] Level 1:colcon.colcon_core.package_identification:_identify(src/omni_broadcaster) by extension 'ignore'
[0.158s] Level 1:colcon.colcon_core.package_identification:_identify(src/omni_broadcaster) by extension 'ignore_ament_install'
[0.159s] Level 1:colcon.colcon_core.package_identification:_identify(src/omni_broadcaster) by extensions ['colcon_pkg']
[0.159s] Level 1:colcon.colcon_core.package_identification:_identify(src/omni_broadcaster) by extension 'colcon_pkg'
[0.159s] Level 1:colcon.colcon_core.package_identification:_identify(src/omni_broadcaster) by extensions ['colcon_meta']
[0.159s] Level 1:colcon.colcon_core.package_identification:_identify(src/omni_broadcaster) by extension 'colcon_meta'
[0.159s] Level 1:colcon.colcon_core.package_identification:_identify(src/omni_broadcaster) by extensions ['ros']
[0.159s] Level 1:colcon.colcon_core.package_identification:_identify(src/omni_broadcaster) by extension 'ros'
[0.161s] DEBUG:colcon.colcon_core.package_identification:Package 'src/omni_broadcaster' with type 'ros.ament_cmake' and name 'omni_broadcaster'
[0.161s] Level 1:colcon.colcon_core.package_identification:_identify(src/omni_common) by extensions ['ignore', 'ignore_ament_install']
[0.161s] Level 1:colcon.colcon_core.package_identification:_identify(src/omni_common) by extension 'ignore'
[0.161s] Level 1:colcon.colcon_core.package_identification:_identify(src/omni_common) by extension 'ignore_ament_install'
[0.161s] Level 1:colcon.colcon_core.package_identification:_identify(src/omni_common) by extensions ['colcon_pkg']
[0.161s] Level 1:colcon.colcon_core.package_identification:_identify(src/omni_common) by extension 'colcon_pkg'
[0.161s] Level 1:colcon.colcon_core.package_identification:_identify(src/omni_common) by extensions ['colcon_meta']
[0.161s] Level 1:colcon.colcon_core.package_identification:_identify(src/omni_common) by extension 'colcon_meta'
[0.161s] Level 1:colcon.colcon_core.package_identification:_identify(src/omni_common) by extensions ['ros']
[0.161s] Level 1:colcon.colcon_core.package_identification:_identify(src/omni_common) by extension 'ros'
[0.162s] DEBUG:colcon.colcon_core.package_identification:Package 'src/omni_common' with type 'ros.ament_cmake' and name 'omni_common'
[0.162s] Level 1:colcon.colcon_core.package_identification:_identify(src/omni_description) by extensions ['ignore', 'ignore_ament_install']
[0.162s] Level 1:colcon.colcon_core.package_identification:_identify(src/omni_description) by extension 'ignore'
[0.162s] Level 1:colcon.colcon_core.package_identification:_identify(src/omni_description) by extension 'ignore_ament_install'
[0.162s] Level 1:colcon.colcon_core.package_identification:_identify(src/omni_description) by extensions ['colcon_pkg']
[0.162s] Level 1:colcon.colcon_core.package_identification:_identify(src/omni_description) by extension 'colcon_pkg'
[0.162s] Level 1:colcon.colcon_core.package_identification:_identify(src/omni_description) by extensions ['colcon_meta']
[0.162s] Level 1:colcon.colcon_core.package_identification:_identify(src/omni_description) by extension 'colcon_meta'
[0.162s] Level 1:colcon.colcon_core.package_identification:_identify(src/omni_description) by extensions ['ros']
[0.162s] Level 1:colcon.colcon_core.package_identification:_identify(src/omni_description) by extension 'ros'
[0.162s] DEBUG:colcon.colcon_core.package_identification:Package 'src/omni_description' with type 'ros.ament_cmake' and name 'omni_description'
[0.162s] Level 1:colcon.colcon_core.package_identification:_identify(src/omni_msgs) by extensions ['ignore', 'ignore_ament_install']
[0.162s] Level 1:colcon.colcon_core.package_identification:_identify(src/omni_msgs) by extension 'ignore'
[0.162s] Level 1:colcon.colcon_core.package_identification:_identify(src/omni_msgs) by extension 'ignore_ament_install'
[0.162s] Level 1:colcon.colcon_core.package_identification:_identify(src/omni_msgs) by extensions ['colcon_pkg']
[0.163s] Level 1:colcon.colcon_core.package_identification:_identify(src/omni_msgs) by extension 'colcon_pkg'
[0.163s] Level 1:colcon.colcon_core.package_identification:_identify(src/omni_msgs) by extensions ['colcon_meta']
[0.163s] Level 1:colcon.colcon_core.package_identification:_identify(src/omni_msgs) by extension 'colcon_meta'
[0.163s] Level 1:colcon.colcon_core.package_identification:_identify(src/omni_msgs) by extensions ['ros']
[0.163s] Level 1:colcon.colcon_core.package_identification:_identify(src/omni_msgs) by extension 'ros'
[0.163s] DEBUG:colcon.colcon_core.package_identification:Package 'src/omni_msgs' with type 'ros.ament_cmake' and name 'omni_msgs'
[0.163s] Level 1:colcon.colcon_core.package_discovery:discover_packages(recursive) using defaults
[0.163s] Level 1:colcon.colcon_core.package_discovery:discover_packages(ignore) discover
[0.163s] Level 1:colcon.colcon_core.package_discovery:discover_packages(ignore) using defaults
[0.163s] Level 1:colcon.colcon_core.package_discovery:discover_packages(path) discover
[0.163s] Level 1:colcon.colcon_core.package_discovery:discover_packages(path) using defaults
[0.179s] Level 1:colcon.colcon_core.package_discovery:discover_packages(prefix_path) check parameters
[0.179s] Level 1:colcon.colcon_core.package_discovery:discover_packages(prefix_path) discover
[0.182s] DEBUG:colcon.colcon_installed_package_information.package_discovery:Found 4 installed packages in /home/karan_k/Geomagic_Touch_ROS2/install
[0.183s] DEBUG:colcon.colcon_installed_package_information.package_discovery:Found 25 installed packages in /home/karan_k/ardu_ws/install
[0.184s] DEBUG:colcon.colcon_installed_package_information.package_discovery:Found 34 installed packages in /home/karan_k/interbotix_ws/install
[0.184s] DEBUG:colcon.colcon_installed_package_information.package_discovery:Found 1 installed packages in /home/karan_k/apriltag_ws/install
[0.186s] DEBUG:colcon.colcon_installed_package_information.package_discovery:Found 408 installed packages in /opt/ros/humble
[0.188s] Level 1:colcon.colcon_core.package_discovery:discover_packages(prefix_path) using defaults
[0.238s] Level 5:colcon.colcon_core.verb:set package 'omni_description' build argument 'cmake_args' from command line to 'None'
[0.238s] Level 5:colcon.colcon_core.verb:set package 'omni_description' build argument 'cmake_target' from command line to 'None'
[0.238s] Level 5:colcon.colcon_core.verb:set package 'omni_description' build argument 'cmake_target_skip_unavailable' from command line to 'False'
[0.238s] Level 5:colcon.colcon_core.verb:set package 'omni_description' build argument 'cmake_clean_cache' from command line to 'False'
[0.238s] Level 5:colcon.colcon_core.verb:set package 'omni_description' build argument 'cmake_clean_first' from command line to 'False'
[0.238s] Level 5:colcon.colcon_core.verb:set package 'omni_description' build argument 'cmake_force_configure' from command line to 'False'
[0.238s] Level 5:colcon.colcon_core.verb:set package 'omni_description' build argument 'ament_cmake_args' from command line to 'None'
[0.238s] Level 5:colcon.colcon_core.verb:set package 'omni_description' build argument 'catkin_cmake_args' from command line to 'None'
[0.238s] Level 5:colcon.colcon_core.verb:set package 'omni_description' build argument 'catkin_skip_building_tests' from command line to 'False'
[0.238s] DEBUG:colcon.colcon_core.verb:Building package 'omni_description' with the following arguments: {'ament_cmake_args': None, 'build_base': '/home/karan_k/Geomagic_Touch_ROS2/build/omni_description', 'catkin_cmake_args': None, 'catkin_skip_building_tests': False, 'cmake_args': None, 'cmake_clean_cache': False, 'cmake_clean_first': False, 'cmake_force_configure': False, 'cmake_target': None, 'cmake_target_skip_unavailable': False, 'install_base': '/home/karan_k/Geomagic_Touch_ROS2/install/omni_description', 'merge_install': False, 'path': '/home/karan_k/Geomagic_Touch_ROS2/src/omni_description', 'symlink_install': False, 'test_result_base': None}
[0.239s] Level 5:colcon.colcon_core.verb:set package 'omni_msgs' build argument 'cmake_args' from command line to 'None'
[0.239s] Level 5:colcon.colcon_core.verb:set package 'omni_msgs' build argument 'cmake_target' from command line to 'None'
[0.239s] Level 5:colcon.colcon_core.verb:set package 'omni_msgs' build argument 'cmake_target_skip_unavailable' from command line to 'False'
[0.239s] Level 5:colcon.colcon_core.verb:set package 'omni_msgs' build argument 'cmake_clean_cache' from command line to 'False'
[0.239s] Level 5:colcon.colcon_core.verb:set package 'omni_msgs' build argument 'cmake_clean_first' from command line to 'False'
[0.239s] Level 5:colcon.colcon_core.verb:set package 'omni_msgs' build argument 'cmake_force_configure' from command line to 'False'
[0.239s] Level 5:colcon.colcon_core.verb:set package 'omni_msgs' build argument 'ament_cmake_args' from command line to 'None'
[0.239s] Level 5:colcon.colcon_core.verb:set package 'omni_msgs' build argument 'catkin_cmake_args' from command line to 'None'
[0.239s] Level 5:colcon.colcon_core.verb:set package 'omni_msgs' build argument 'catkin_skip_building_tests' from command line to 'False'
[0.239s] DEBUG:colcon.colcon_core.verb:Building package 'omni_msgs' with the following arguments: {'ament_cmake_args': None, 'build_base': '/home/karan_k/Geomagic_Touch_ROS2/build/omni_msgs', 'catkin_cmake_args': None, 'catkin_skip_building_tests': False, 'cmake_args': None, 'cmake_clean_cache': False, 'cmake_clean_first': False, 'cmake_force_configure': False, 'cmake_target': None, 'cmake_target_skip_unavailable': False, 'install_base': '/home/karan_k/Geomagic_Touch_ROS2/install/omni_msgs', 'merge_install': False, 'path': '/home/karan_k/Geomagic_Touch_ROS2/src/omni_msgs', 'symlink_install': False, 'test_result_base': None}
[0.239s] Level 5:colcon.colcon_core.verb:set package 'omni_broadcaster' build argument 'cmake_args' from command line to 'None'
[0.239s] Level 5:colcon.colcon_core.verb:set package 'omni_broadcaster' build argument 'cmake_target' from command line to 'None'
[0.239s] Level 5:colcon.colcon_core.verb:set package 'omni_broadcaster' build argument 'cmake_target_skip_unavailable' from command line to 'False'
[0.239s] Level 5:colcon.colcon_core.verb:set package 'omni_broadcaster' build argument 'cmake_clean_cache' from command line to 'False'
[0.239s] Level 5:colcon.colcon_core.verb:set package 'omni_broadcaster' build argument 'cmake_clean_first' from command line to 'False'
[0.239s] Level 5:colcon.colcon_core.verb:set package 'omni_broadcaster' build argument 'cmake_force_configure' from command line to 'False'
[0.239s] Level 5:colcon.colcon_core.verb:set package 'omni_broadcaster' build argument 'ament_cmake_args' from command line to 'None'
[0.239s] Level 5:colcon.colcon_core.verb:set package 'omni_broadcaster' build argument 'catkin_cmake_args' from command line to 'None'
[0.239s] Level 5:colcon.colcon_core.verb:set package 'omni_broadcaster' build argument 'catkin_skip_building_tests' from command line to 'False'
[0.239s] DEBUG:colcon.colcon_core.verb:Building package 'omni_broadcaster' with the following arguments: {'ament_cmake_args': None, 'build_base': '/home/karan_k/Geomagic_Touch_ROS2/build/omni_broadcaster', 'catkin_cmake_args': None, 'catkin_skip_building_tests': False, 'cmake_args': None, 'cmake_clean_cache': False, 'cmake_clean_first': False, 'cmake_force_configure': False, 'cmake_target': None, 'cmake_target_skip_unavailable': False, 'install_base': '/home/karan_k/Geomagic_Touch_ROS2/install/omni_broadcaster', 'merge_install': False, 'path': '/home/karan_k/Geomagic_Touch_ROS2/src/omni_broadcaster', 'symlink_install': False, 'test_result_base': None}
[0.239s] Level 5:colcon.colcon_core.verb:set package 'omni_common' build argument 'cmake_args' from command line to 'None'
[0.240s] Level 5:colcon.colcon_core.verb:set package 'omni_common' build argument 'cmake_target' from command line to 'None'
[0.240s] Level 5:colcon.colcon_core.verb:set package 'omni_common' build argument 'cmake_target_skip_unavailable' from command line to 'False'
[0.240s] Level 5:colcon.colcon_core.verb:set package 'omni_common' build argument 'cmake_clean_cache' from command line to 'False'
[0.240s] Level 5:colcon.colcon_core.verb:set package 'omni_common' build argument 'cmake_clean_first' from command line to 'False'
[0.240s] Level 5:colcon.colcon_core.verb:set package 'omni_common' build argument 'cmake_force_configure' from command line to 'False'
[0.240s] Level 5:colcon.colcon_core.verb:set package 'omni_common' build argument 'ament_cmake_args' from command line to 'None'
[0.240s] Level 5:colcon.colcon_core.verb:set package 'omni_common' build argument 'catkin_cmake_args' from command line to 'None'
[0.240s] Level 5:colcon.colcon_core.verb:set package 'omni_common' build argument 'catkin_skip_building_tests' from command line to 'False'
[0.240s] DEBUG:colcon.colcon_core.verb:Building package 'omni_common' with the following arguments: {'ament_cmake_args': None, 'build_base': '/home/karan_k/Geomagic_Touch_ROS2/build/omni_common', 'catkin_cmake_args': None, 'catkin_skip_building_tests': False, 'cmake_args': None, 'cmake_clean_cache': False, 'cmake_clean_first': False, 'cmake_force_configure': False, 'cmake_target': None, 'cmake_target_skip_unavailable': False, 'install_base': '/home/karan_k/Geomagic_Touch_ROS2/install/omni_common', 'merge_install': False, 'path': '/home/karan_k/Geomagic_Touch_ROS2/src/omni_common', 'symlink_install': False, 'test_result_base': None}
[0.240s] INFO:colcon.colcon_core.executor:Executing jobs using 'parallel' executor
[0.241s] DEBUG:colcon.colcon_parallel_executor.executor.parallel:run_until_complete
[0.241s] INFO:colcon.colcon_ros.task.ament_cmake.build:Building ROS package in '/home/karan_k/Geomagic_Touch_ROS2/src/omni_msgs' with build type 'ament_cmake'
[0.241s] INFO:colcon.colcon_cmake.task.cmake.build:Building CMake package in '/home/karan_k/Geomagic_Touch_ROS2/src/omni_msgs'
[0.243s] INFO:colcon.colcon_core.plugin_system:Skipping extension 'colcon_core.shell.bat': Not used on non-Windows systems
[0.243s] INFO:colcon.colcon_core.shell:Skip shell extension 'powershell' for command environment: Not usable outside of PowerShell
[0.243s] DEBUG:colcon.colcon_core.shell:Skip shell extension 'dsv' for command environment
[0.250s] INFO:colcon.colcon_ros.task.ament_cmake.build:Building ROS package in '/home/karan_k/Geomagic_Touch_ROS2/src/omni_description' with build type 'ament_cmake'
[0.250s] INFO:colcon.colcon_cmake.task.cmake.build:Building CMake package in '/home/karan_k/Geomagic_Touch_ROS2/src/omni_description'
[0.250s] INFO:colcon.colcon_core.shell:Skip shell extension 'powershell' for command environment: Not usable outside of PowerShell
[0.250s] DEBUG:colcon.colcon_core.shell:Skip shell extension 'dsv' for command environment
[0.262s] DEBUG:colcon.colcon_core.event_handler.log_command:Invoking command in '/home/karan_k/Geomagic_Touch_ROS2/build/omni_msgs': CMAKE_PREFIX_PATH=${CMAKE_PREFIX_PATH}:/home/karan_k/ardu_ws/install/ardupilot_dds_tests:/home/karan_k/interbotix_ws/install/interbotix_xs_modules:/home/karan_k/interbotix_ws/install/interbotix_perception_modules:/home/karan_k/interbotix_ws/install/interbotix_common_modules:/opt/ros/humble /usr/bin/cmake --build /home/karan_k/Geomagic_Touch_ROS2/build/omni_msgs -- -j16 -l16
[0.265s] DEBUG:colcon.colcon_core.event_handler.log_command:Invoking command in '/home/karan_k/Geomagic_Touch_ROS2/build/omni_description': CMAKE_PREFIX_PATH=${CMAKE_PREFIX_PATH}:/home/karan_k/ardu_ws/install/ardupilot_dds_tests:/home/karan_k/interbotix_ws/install/interbotix_xs_modules:/home/karan_k/interbotix_ws/install/interbotix_perception_modules:/home/karan_k/interbotix_ws/install/interbotix_common_modules:/opt/ros/humble /usr/bin/cmake --build /home/karan_k/Geomagic_Touch_ROS2/build/omni_description -- -j16 -l16
[0.310s] DEBUG:colcon.colcon_core.event_handler.log_command:Invoked command in '/home/karan_k/Geomagic_Touch_ROS2/build/omni_description' returned '0': CMAKE_PREFIX_PATH=${CMAKE_PREFIX_PATH}:/home/karan_k/ardu_ws/install/ardupilot_dds_tests:/home/karan_k/interbotix_ws/install/interbotix_xs_modules:/home/karan_k/interbotix_ws/install/interbotix_perception_modules:/home/karan_k/interbotix_ws/install/interbotix_common_modules:/opt/ros/humble /usr/bin/cmake --build /home/karan_k/Geomagic_Touch_ROS2/build/omni_description -- -j16 -l16
[0.322s] DEBUG:colcon.colcon_core.event_handler.log_command:Invoking command in '/home/karan_k/Geomagic_Touch_ROS2/build/omni_description': CMAKE_PREFIX_PATH=${CMAKE_PREFIX_PATH}:/home/karan_k/ardu_ws/install/ardupilot_dds_tests:/home/karan_k/interbotix_ws/install/interbotix_xs_modules:/home/karan_k/interbotix_ws/install/interbotix_perception_modules:/home/karan_k/interbotix_ws/install/interbotix_common_modules:/opt/ros/humble /usr/bin/cmake --install /home/karan_k/Geomagic_Touch_ROS2/build/omni_description
[0.334s] Level 1:colcon.colcon_core.environment:create_environment_scripts_only(omni_description)
[0.334s] DEBUG:colcon.colcon_core.event_handler.log_command:Invoked command in '/home/karan_k/Geomagic_Touch_ROS2/build/omni_description' returned '0': CMAKE_PREFIX_PATH=${CMAKE_PREFIX_PATH}:/home/karan_k/ardu_ws/install/ardupilot_dds_tests:/home/karan_k/interbotix_ws/install/interbotix_xs_modules:/home/karan_k/interbotix_ws/install/interbotix_perception_modules:/home/karan_k/interbotix_ws/install/interbotix_common_modules:/opt/ros/humble /usr/bin/cmake --install /home/karan_k/Geomagic_Touch_ROS2/build/omni_description
[0.337s] Level 1:colcon.colcon_core.environment:checking '/home/karan_k/Geomagic_Touch_ROS2/install/omni_description' for CMake module files
[0.337s] Level 1:colcon.colcon_core.environment:checking '/home/karan_k/Geomagic_Touch_ROS2/install/omni_description' for CMake config files
[0.337s] Level 1:colcon.colcon_core.shell:create_environment_hook('omni_description', 'cmake_prefix_path')
[0.338s] INFO:colcon.colcon_core.shell:Creating environment hook '/home/karan_k/Geomagic_Touch_ROS2/install/omni_description/share/omni_description/hook/cmake_prefix_path.ps1'
[0.338s] INFO:colcon.colcon_core.shell:Creating environment descriptor '/home/karan_k/Geomagic_Touch_ROS2/install/omni_description/share/omni_description/hook/cmake_prefix_path.dsv'
[0.339s] INFO:colcon.colcon_core.shell:Creating environment hook '/home/karan_k/Geomagic_Touch_ROS2/install/omni_description/share/omni_description/hook/cmake_prefix_path.sh'
[0.340s] Level 1:colcon.colcon_core.environment:checking '/home/karan_k/Geomagic_Touch_ROS2/install/omni_description/bin'
[0.340s] Level 1:colcon.colcon_core.environment:checking '/home/karan_k/Geomagic_Touch_ROS2/install/omni_description/lib/pkgconfig/omni_description.pc'
[0.340s] Level 1:colcon.colcon_core.environment:checking '/home/karan_k/Geomagic_Touch_ROS2/install/omni_description/lib/python3.10/site-packages'
[0.341s] Level 1:colcon.colcon_core.environment:checking '/home/karan_k/Geomagic_Touch_ROS2/install/omni_description/bin'
[0.341s] INFO:colcon.colcon_core.shell:Creating package script '/home/karan_k/Geomagic_Touch_ROS2/install/omni_description/share/omni_description/package.ps1'
[0.342s] INFO:colcon.colcon_core.shell:Creating package descriptor '/home/karan_k/Geomagic_Touch_ROS2/install/omni_description/share/omni_description/package.dsv'
[0.342s] INFO:colcon.colcon_core.shell:Creating package script '/home/karan_k/Geomagic_Touch_ROS2/install/omni_description/share/omni_description/package.sh'
[0.343s] INFO:colcon.colcon_core.shell:Creating package script '/home/karan_k/Geomagic_Touch_ROS2/install/omni_description/share/omni_description/package.bash'
[0.343s] INFO:colcon.colcon_core.shell:Creating package script '/home/karan_k/Geomagic_Touch_ROS2/install/omni_description/share/omni_description/package.zsh'
[0.344s] Level 1:colcon.colcon_core.environment:create_file_with_runtime_dependencies(/home/karan_k/Geomagic_Touch_ROS2/install/omni_description/share/colcon-core/packages/omni_description)
[0.344s] Level 1:colcon.colcon_core.environment:create_environment_scripts_only(omni_description)
[0.345s] Level 1:colcon.colcon_core.environment:checking '/home/karan_k/Geomagic_Touch_ROS2/install/omni_description' for CMake module files
[0.345s] Level 1:colcon.colcon_core.environment:checking '/home/karan_k/Geomagic_Touch_ROS2/install/omni_description' for CMake config files
[0.345s] Level 1:colcon.colcon_core.shell:create_environment_hook('omni_description', 'cmake_prefix_path')
[0.345s] INFO:colcon.colcon_core.shell:Creating environment hook '/home/karan_k/Geomagic_Touch_ROS2/install/omni_description/share/omni_description/hook/cmake_prefix_path.ps1'
[0.346s] INFO:colcon.colcon_core.shell:Creating environment descriptor '/home/karan_k/Geomagic_Touch_ROS2/install/omni_description/share/omni_description/hook/cmake_prefix_path.dsv'
[0.346s] INFO:colcon.colcon_core.shell:Creating environment hook '/home/karan_k/Geomagic_Touch_ROS2/install/omni_description/share/omni_description/hook/cmake_prefix_path.sh'
[0.346s] Level 1:colcon.colcon_core.environment:checking '/home/karan_k/Geomagic_Touch_ROS2/install/omni_description/bin'
[0.346s] Level 1:colcon.colcon_core.environment:checking '/home/karan_k/Geomagic_Touch_ROS2/install/omni_description/lib/pkgconfig/omni_description.pc'
[0.347s] Level 1:colcon.colcon_core.environment:checking '/home/karan_k/Geomagic_Touch_ROS2/install/omni_description/lib/python3.10/site-packages'
[0.347s] Level 1:colcon.colcon_core.environment:checking '/home/karan_k/Geomagic_Touch_ROS2/install/omni_description/bin'
[0.347s] INFO:colcon.colcon_core.shell:Creating package script '/home/karan_k/Geomagic_Touch_ROS2/install/omni_description/share/omni_description/package.ps1'
[0.347s] INFO:colcon.colcon_core.shell:Creating package descriptor '/home/karan_k/Geomagic_Touch_ROS2/install/omni_description/share/omni_description/package.dsv'
[0.348s] INFO:colcon.colcon_core.shell:Creating package script '/home/karan_k/Geomagic_Touch_ROS2/install/omni_description/share/omni_description/package.sh'
[0.348s] INFO:colcon.colcon_core.shell:Creating package script '/home/karan_k/Geomagic_Touch_ROS2/install/omni_description/share/omni_description/package.bash'
[0.348s] INFO:colcon.colcon_core.shell:Creating package script '/home/karan_k/Geomagic_Touch_ROS2/install/omni_description/share/omni_description/package.zsh'
[0.349s] Level 1:colcon.colcon_core.environment:create_file_with_runtime_dependencies(/home/karan_k/Geomagic_Touch_ROS2/install/omni_description/share/colcon-core/packages/omni_description)
[0.665s] DEBUG:colcon.colcon_core.event_handler.log_command:Invoked command in '/home/karan_k/Geomagic_Touch_ROS2/build/omni_msgs' returned '0': CMAKE_PREFIX_PATH=${CMAKE_PREFIX_PATH}:/home/karan_k/ardu_ws/install/ardupilot_dds_tests:/home/karan_k/interbotix_ws/install/interbotix_xs_modules:/home/karan_k/interbotix_ws/install/interbotix_perception_modules:/home/karan_k/interbotix_ws/install/interbotix_common_modules:/opt/ros/humble /usr/bin/cmake --build /home/karan_k/Geomagic_Touch_ROS2/build/omni_msgs -- -j16 -l16
[0.666s] DEBUG:colcon.colcon_core.event_handler.log_command:Invoking command in '/home/karan_k/Geomagic_Touch_ROS2/build/omni_msgs': CMAKE_PREFIX_PATH=${CMAKE_PREFIX_PATH}:/home/karan_k/ardu_ws/install/ardupilot_dds_tests:/home/karan_k/interbotix_ws/install/interbotix_xs_modules:/home/karan_k/interbotix_ws/install/interbotix_perception_modules:/home/karan_k/interbotix_ws/install/interbotix_common_modules:/opt/ros/humble /usr/bin/cmake --install /home/karan_k/Geomagic_Touch_ROS2/build/omni_msgs
[0.722s] Level 1:colcon.colcon_core.environment:create_environment_scripts_only(omni_msgs)
[0.722s] Level 1:colcon.colcon_core.environment:checking '/home/karan_k/Geomagic_Touch_ROS2/install/omni_msgs' for CMake module files
[0.722s] DEBUG:colcon.colcon_core.event_handler.log_command:Invoked command in '/home/karan_k/Geomagic_Touch_ROS2/build/omni_msgs' returned '0': CMAKE_PREFIX_PATH=${CMAKE_PREFIX_PATH}:/home/karan_k/ardu_ws/install/ardupilot_dds_tests:/home/karan_k/interbotix_ws/install/interbotix_xs_modules:/home/karan_k/interbotix_ws/install/interbotix_perception_modules:/home/karan_k/interbotix_ws/install/interbotix_common_modules:/opt/ros/humble /usr/bin/cmake --install /home/karan_k/Geomagic_Touch_ROS2/build/omni_msgs
[0.723s] Level 1:colcon.colcon_core.environment:checking '/home/karan_k/Geomagic_Touch_ROS2/install/omni_msgs' for CMake config files
[0.723s] Level 1:colcon.colcon_core.shell:create_environment_hook('omni_msgs', 'cmake_prefix_path')
[0.723s] INFO:colcon.colcon_core.shell:Creating environment hook '/home/karan_k/Geomagic_Touch_ROS2/install/omni_msgs/share/omni_msgs/hook/cmake_prefix_path.ps1'
[0.724s] INFO:colcon.colcon_core.shell:Creating environment descriptor '/home/karan_k/Geomagic_Touch_ROS2/install/omni_msgs/share/omni_msgs/hook/cmake_prefix_path.dsv'
[0.724s] INFO:colcon.colcon_core.shell:Creating environment hook '/home/karan_k/Geomagic_Touch_ROS2/install/omni_msgs/share/omni_msgs/hook/cmake_prefix_path.sh'
[0.724s] Level 1:colcon.colcon_core.environment:checking '/home/karan_k/Geomagic_Touch_ROS2/install/omni_msgs/lib'
[0.725s] Level 1:colcon.colcon_core.shell:create_environment_hook('omni_msgs', 'ld_library_path_lib')
[0.725s] INFO:colcon.colcon_core.shell:Creating environment hook '/home/karan_k/Geomagic_Touch_ROS2/install/omni_msgs/share/omni_msgs/hook/ld_library_path_lib.ps1'
[0.725s] INFO:colcon.colcon_core.shell:Creating environment descriptor '/home/karan_k/Geomagic_Touch_ROS2/install/omni_msgs/share/omni_msgs/hook/ld_library_path_lib.dsv'
[0.725s] INFO:colcon.colcon_core.shell:Creating environment hook '/home/karan_k/Geomagic_Touch_ROS2/install/omni_msgs/share/omni_msgs/hook/ld_library_path_lib.sh'
[0.726s] Level 1:colcon.colcon_core.environment:checking '/home/karan_k/Geomagic_Touch_ROS2/install/omni_msgs/bin'
[0.726s] Level 1:colcon.colcon_core.environment:checking '/home/karan_k/Geomagic_Touch_ROS2/install/omni_msgs/lib/pkgconfig/omni_msgs.pc'
[0.726s] Level 1:colcon.colcon_core.environment:checking '/home/karan_k/Geomagic_Touch_ROS2/install/omni_msgs/lib/python3.10/site-packages'
[0.726s] Level 1:colcon.colcon_core.environment:checking '/home/karan_k/Geomagic_Touch_ROS2/install/omni_msgs/bin'
[0.726s] INFO:colcon.colcon_core.shell:Creating package script '/home/karan_k/Geomagic_Touch_ROS2/install/omni_msgs/share/omni_msgs/package.ps1'
[0.727s] INFO:colcon.colcon_core.shell:Creating package descriptor '/home/karan_k/Geomagic_Touch_ROS2/install/omni_msgs/share/omni_msgs/package.dsv'
[0.727s] INFO:colcon.colcon_core.shell:Creating package script '/home/karan_k/Geomagic_Touch_ROS2/install/omni_msgs/share/omni_msgs/package.sh'
[0.727s] INFO:colcon.colcon_core.shell:Creating package script '/home/karan_k/Geomagic_Touch_ROS2/install/omni_msgs/share/omni_msgs/package.bash'
[0.728s] INFO:colcon.colcon_core.shell:Creating package script '/home/karan_k/Geomagic_Touch_ROS2/install/omni_msgs/share/omni_msgs/package.zsh'
[0.728s] Level 1:colcon.colcon_core.environment:create_file_with_runtime_dependencies(/home/karan_k/Geomagic_Touch_ROS2/install/omni_msgs/share/colcon-core/packages/omni_msgs)
[0.728s] Level 1:colcon.colcon_core.environment:create_environment_scripts_only(omni_msgs)
[0.728s] Level 1:colcon.colcon_core.environment:checking '/home/karan_k/Geomagic_Touch_ROS2/install/omni_msgs' for CMake module files
[0.729s] Level 1:colcon.colcon_core.environment:checking '/home/karan_k/Geomagic_Touch_ROS2/install/omni_msgs' for CMake config files
[0.729s] Level 1:colcon.colcon_core.shell:create_environment_hook('omni_msgs', 'cmake_prefix_path')
[0.729s] INFO:colcon.colcon_core.shell:Creating environment hook '/home/karan_k/Geomagic_Touch_ROS2/install/omni_msgs/share/omni_msgs/hook/cmake_prefix_path.ps1'
[0.730s] INFO:colcon.colcon_core.shell:Creating environment descriptor '/home/karan_k/Geomagic_Touch_ROS2/install/omni_msgs/share/omni_msgs/hook/cmake_prefix_path.dsv'
[0.730s] INFO:colcon.colcon_core.shell:Creating environment hook '/home/karan_k/Geomagic_Touch_ROS2/install/omni_msgs/share/omni_msgs/hook/cmake_prefix_path.sh'
[0.730s] Level 1:colcon.colcon_core.environment:checking '/home/karan_k/Geomagic_Touch_ROS2/install/omni_msgs/lib'
[0.730s] Level 1:colcon.colcon_core.shell:create_environment_hook('omni_msgs', 'ld_library_path_lib')
[0.730s] INFO:colcon.colcon_core.shell:Creating environment hook '/home/karan_k/Geomagic_Touch_ROS2/install/omni_msgs/share/omni_msgs/hook/ld_library_path_lib.ps1'
[0.731s] INFO:colcon.colcon_core.shell:Creating environment descriptor '/home/karan_k/Geomagic_Touch_ROS2/install/omni_msgs/share/omni_msgs/hook/ld_library_path_lib.dsv'
[0.731s] INFO:colcon.colcon_core.shell:Creating environment hook '/home/karan_k/Geomagic_Touch_ROS2/install/omni_msgs/share/omni_msgs/hook/ld_library_path_lib.sh'
[0.731s] Level 1:colcon.colcon_core.environment:checking '/home/karan_k/Geomagic_Touch_ROS2/install/omni_msgs/bin'
[0.731s] Level 1:colcon.colcon_core.environment:checking '/home/karan_k/Geomagic_Touch_ROS2/install/omni_msgs/lib/pkgconfig/omni_msgs.pc'
[0.731s] Level 1:colcon.colcon_core.environment:checking '/home/karan_k/Geomagic_Touch_ROS2/install/omni_msgs/lib/python3.10/site-packages'
[0.732s] Level 1:colcon.colcon_core.environment:checking '/home/karan_k/Geomagic_Touch_ROS2/install/omni_msgs/bin'
[0.732s] INFO:colcon.colcon_core.shell:Creating package script '/home/karan_k/Geomagic_Touch_ROS2/install/omni_msgs/share/omni_msgs/package.ps1'
[0.732s] INFO:colcon.colcon_core.shell:Creating package descriptor '/home/karan_k/Geomagic_Touch_ROS2/install/omni_msgs/share/omni_msgs/package.dsv'
[0.733s] INFO:colcon.colcon_core.shell:Creating package script '/home/karan_k/Geomagic_Touch_ROS2/install/omni_msgs/share/omni_msgs/package.sh'
[0.733s] INFO:colcon.colcon_core.shell:Creating package script '/home/karan_k/Geomagic_Touch_ROS2/install/omni_msgs/share/omni_msgs/package.bash'
[0.733s] INFO:colcon.colcon_core.shell:Creating package script '/home/karan_k/Geomagic_Touch_ROS2/install/omni_msgs/share/omni_msgs/package.zsh'
[0.734s] Level 1:colcon.colcon_core.environment:create_file_with_runtime_dependencies(/home/karan_k/Geomagic_Touch_ROS2/install/omni_msgs/share/colcon-core/packages/omni_msgs)
[0.734s] INFO:colcon.colcon_ros.task.ament_cmake.build:Building ROS package in '/home/karan_k/Geomagic_Touch_ROS2/src/omni_broadcaster' with build type 'ament_cmake'
[0.734s] INFO:colcon.colcon_cmake.task.cmake.build:Building CMake package in '/home/karan_k/Geomagic_Touch_ROS2/src/omni_broadcaster'
[0.734s] INFO:colcon.colcon_core.shell:Skip shell extension 'powershell' for command environment: Not usable outside of PowerShell
[0.734s] DEBUG:colcon.colcon_core.shell:Skip shell extension 'dsv' for command environment
[0.741s] INFO:colcon.colcon_ros.task.ament_cmake.build:Building ROS package in '/home/karan_k/Geomagic_Touch_ROS2/src/omni_common' with build type 'ament_cmake'
[0.742s] INFO:colcon.colcon_cmake.task.cmake.build:Building CMake package in '/home/karan_k/Geomagic_Touch_ROS2/src/omni_common'
[0.742s] INFO:colcon.colcon_core.shell:Skip shell extension 'powershell' for command environment: Not usable outside of PowerShell
[0.742s] DEBUG:colcon.colcon_core.shell:Skip shell extension 'dsv' for command environment
[0.751s] DEBUG:colcon.colcon_core.event_handler.log_command:Invoking command in '/home/karan_k/Geomagic_Touch_ROS2/build/omni_broadcaster': CMAKE_PREFIX_PATH=/home/karan_k/Geomagic_Touch_ROS2/install/omni_msgs:/home/karan_k/Geomagic_Touch_ROS2/install/omni_common:/home/karan_k/Geomagic_Touch_ROS2/install/omni_broadcaster:/home/karan_k/Geomagic_Touch_ROS2/install/omni_description:/home/karan_k/ardu_ws/install/test_ros_gz_bridge:/home/karan_k/ardu_ws/install/ros_ign:/home/karan_k/ardu_ws/install/ros_ign_gazebo_demos:/home/karan_k/ardu_ws/install/ros_gz:/home/karan_k/ardu_ws/install/ros_gz_sim_demos:/home/karan_k/ardu_ws/install/ardupilot_gz_bringup:/home/karan_k/ardu_ws/install/sdformat_urdf:/home/karan_k/ardu_ws/install/sdformat_test_files:/home/karan_k/ardu_ws/install/ros_ign_interfaces:/home/karan_k/ardu_ws/install/ros_ign_image:/home/karan_k/ardu_ws/install/ros_ign_gazebo:/home/karan_k/ardu_ws/install/ros_ign_bridge:/home/karan_k/ardu_ws/install/ros_gz_sim:/home/karan_k/ardu_ws/install/ros_gz_image:/home/karan_k/ardu_ws/install/ros_gz_bridge:/home/karan_k/ardu_ws/install/ros_gz_interfaces:/home/karan_k/ardu_ws/install/ardupilot_sitl:/home/karan_k/ardu_ws/install/micro_ros_agent:/home/karan_k/ardu_ws/install/ardupilot_sitl_models:/home/karan_k/ardu_ws/install/ardupilot_msgs:/home/karan_k/ardu_ws/install/ardupilot_gz_gazebo:/home/karan_k/ardu_ws/install/ardupilot_gz_description:/home/karan_k/ardu_ws/install/ardupilot_gz_application:/home/karan_k/ardu_ws/install/ardupilot_gazebo:/home/karan_k/interbotix_ws/install/interbotix_ros_xsarms_examples:/home/karan_k/interbotix_ws/install/interbotix_xsarm_moveit_interface:/home/karan_k/interbotix_ws/install/interbotix_moveit_interface:/home/karan_k/interbotix_ws/install/moveit_visual_tools:/home/karan_k/interbotix_ws/install/interbotix_ros_xsarms:/home/karan_k/interbotix_ws/install/interbotix_xsarm_moveit:/home/karan_k/interbotix_ws/install/interbotix_xsarm_sim:/home/karan_k/interbotix_ws/install/interbotix_xsarm_ros_control:/home/karan_k/interbotix_ws/install/interbotix_xsarm_puppet:/home/karan_k/interbotix_ws/install/interbotix_xsarm_perception:/home/karan_k/interbotix_ws/install/interbotix_xsarm_joy:/home/karan_k/interbotix_ws/install/interbotix_xsarm_gravity_compensation:/home/karan_k/interbotix_ws/install/interbotix_xsarm_dual:/home/karan_k/interbotix_ws/install/interbotix_xsarm_control:/home/karan_k/interbotix_ws/install/interbotix_xsarm_descriptions:/home/karan_k/interbotix_ws/install/interbotix_xs_toolbox:/home/karan_k/interbotix_ws/install/interbotix_xs_rviz:/home/karan_k/interbotix_ws/install/interbotix_ros_xseries:/home/karan_k/interbotix_ws/install/interbotix_xs_sdk:/home/karan_k/interbotix_ws/install/interbotix_xs_ros_control:/home/karan_k/interbotix_ws/install/interbotix_perception_toolbox:/home/karan_k/interbotix_ws/install/interbotix_common_toolbox:/home/karan_k/interbotix_ws/install/interbotix_gravity_compensation:/home/karan_k/interbotix_ws/install/interbotix_xs_msgs:/home/karan_k/interbotix_ws/install/interbotix_xs_driver:/home/karan_k/interbotix_ws/install/interbotix_tf_tools:/home/karan_k/interbotix_ws/install/interbotix_perception_pipelines:/home/karan_k/interbotix_ws/install/interbotix_perception_msgs:/home/karan_k/interbotix_ws/install/interbotix_moveit_interface_msgs:/home/karan_k/interbotix_ws/install/interbotix_common_sim:/home/karan_k/interbotix_ws/install/dynamixel_workbench_toolbox:/home/karan_k/apriltag_ws/install/apriltag_ros:/home/karan_k/ardu_ws/install/ardupilot_dds_tests:/home/karan_k/interbotix_ws/install/interbotix_xs_modules:/home/karan_k/interbotix_ws/install/interbotix_perception_modules:/home/karan_k/interbotix_ws/install/interbotix_common_modules:/opt/ros/humble LD_LIBRARY_PATH=/home/karan_k/Geomagic_Touch_ROS2/install/omni_msgs/lib:/home/karan_k/ardu_ws/install/sdformat_urdf/lib:/home/karan_k/ardu_ws/install/ros_ign_interfaces/lib:/home/karan_k/ardu_ws/install/ros_gz_sim/lib:/home/karan_k/ardu_ws/install/ros_gz_bridge/lib:/home/karan_k/ardu_ws/install/ros_gz_interfaces/lib:/home/karan_k/ardu_ws/install/micro_ros_agent/lib:/home/karan_k/ardu_ws/install/ardupilot_msgs/lib:/home/karan_k/interbotix_ws/install/moveit_visual_tools/lib:/home/karan_k/interbotix_ws/install/interbotix_xs_rviz/lib:/home/karan_k/interbotix_ws/install/interbotix_xs_ros_control/lib:/home/karan_k/interbotix_ws/install/interbotix_xs_msgs/lib:/home/karan_k/interbotix_ws/install/interbotix_xs_driver/lib:/home/karan_k/interbotix_ws/install/interbotix_tf_tools/lib:/home/karan_k/interbotix_ws/install/interbotix_perception_msgs/lib:/home/karan_k/interbotix_ws/install/interbotix_moveit_interface_msgs/lib:/home/karan_k/interbotix_ws/install/dynamixel_workbench_toolbox/lib:/home/karan_k/apriltag_ws/install/apriltag_ros/lib:/usr/lib/x86_64-linux-gnu/gazebo-11/plugins:/opt/ros/humble/opt/rviz_ogre_vendor/lib:/opt/ros/humble/lib/x86_64-linux-gnu:/opt/ros/humble/lib:/usr/lib/x86_64-linux-gnu/gazebo-11/plugins:/usr/lib/x86_64-linux-gnu/gazebo-11/plugins:/usr/lib/x86_64-linux-gnu/gazebo-11/plugins:/usr/share/gazebo-11/../../lib/x86_64-linux-gnu/gazebo-11/plugins:/usr/lib/x86_64-linux-gnu/gazebo-11/plugins:/usr/lib/x86_64-linux-gnu/gazebo-11/plugins /usr/bin/cmake --build /home/karan_k/Geomagic_Touch_ROS2/build/omni_broadcaster -- -j16 -l16
[0.756s] DEBUG:colcon.colcon_core.event_handler.log_command:Invoking command in '/home/karan_k/Geomagic_Touch_ROS2/build/omni_common': CMAKE_PREFIX_PATH=/home/karan_k/Geomagic_Touch_ROS2/install/omni_msgs:/home/karan_k/Geomagic_Touch_ROS2/install/omni_common:/home/karan_k/Geomagic_Touch_ROS2/install/omni_broadcaster:/home/karan_k/Geomagic_Touch_ROS2/install/omni_description:/home/karan_k/ardu_ws/install/test_ros_gz_bridge:/home/karan_k/ardu_ws/install/ros_ign:/home/karan_k/ardu_ws/install/ros_ign_gazebo_demos:/home/karan_k/ardu_ws/install/ros_gz:/home/karan_k/ardu_ws/install/ros_gz_sim_demos:/home/karan_k/ardu_ws/install/ardupilot_gz_bringup:/home/karan_k/ardu_ws/install/sdformat_urdf:/home/karan_k/ardu_ws/install/sdformat_test_files:/home/karan_k/ardu_ws/install/ros_ign_interfaces:/home/karan_k/ardu_ws/install/ros_ign_image:/home/karan_k/ardu_ws/install/ros_ign_gazebo:/home/karan_k/ardu_ws/install/ros_ign_bridge:/home/karan_k/ardu_ws/install/ros_gz_sim:/home/karan_k/ardu_ws/install/ros_gz_image:/home/karan_k/ardu_ws/install/ros_gz_bridge:/home/karan_k/ardu_ws/install/ros_gz_interfaces:/home/karan_k/ardu_ws/install/ardupilot_sitl:/home/karan_k/ardu_ws/install/micro_ros_agent:/home/karan_k/ardu_ws/install/ardupilot_sitl_models:/home/karan_k/ardu_ws/install/ardupilot_msgs:/home/karan_k/ardu_ws/install/ardupilot_gz_gazebo:/home/karan_k/ardu_ws/install/ardupilot_gz_description:/home/karan_k/ardu_ws/install/ardupilot_gz_application:/home/karan_k/ardu_ws/install/ardupilot_gazebo:/home/karan_k/interbotix_ws/install/interbotix_ros_xsarms_examples:/home/karan_k/interbotix_ws/install/interbotix_xsarm_moveit_interface:/home/karan_k/interbotix_ws/install/interbotix_moveit_interface:/home/karan_k/interbotix_ws/install/moveit_visual_tools:/home/karan_k/interbotix_ws/install/interbotix_ros_xsarms:/home/karan_k/interbotix_ws/install/interbotix_xsarm_moveit:/home/karan_k/interbotix_ws/install/interbotix_xsarm_sim:/home/karan_k/interbotix_ws/install/interbotix_xsarm_ros_control:/home/karan_k/interbotix_ws/install/interbotix_xsarm_puppet:/home/karan_k/interbotix_ws/install/interbotix_xsarm_perception:/home/karan_k/interbotix_ws/install/interbotix_xsarm_joy:/home/karan_k/interbotix_ws/install/interbotix_xsarm_gravity_compensation:/home/karan_k/interbotix_ws/install/interbotix_xsarm_dual:/home/karan_k/interbotix_ws/install/interbotix_xsarm_control:/home/karan_k/interbotix_ws/install/interbotix_xsarm_descriptions:/home/karan_k/interbotix_ws/install/interbotix_xs_toolbox:/home/karan_k/interbotix_ws/install/interbotix_xs_rviz:/home/karan_k/interbotix_ws/install/interbotix_ros_xseries:/home/karan_k/interbotix_ws/install/interbotix_xs_sdk:/home/karan_k/interbotix_ws/install/interbotix_xs_ros_control:/home/karan_k/interbotix_ws/install/interbotix_perception_toolbox:/home/karan_k/interbotix_ws/install/interbotix_common_toolbox:/home/karan_k/interbotix_ws/install/interbotix_gravity_compensation:/home/karan_k/interbotix_ws/install/interbotix_xs_msgs:/home/karan_k/interbotix_ws/install/interbotix_xs_driver:/home/karan_k/interbotix_ws/install/interbotix_tf_tools:/home/karan_k/interbotix_ws/install/interbotix_perception_pipelines:/home/karan_k/interbotix_ws/install/interbotix_perception_msgs:/home/karan_k/interbotix_ws/install/interbotix_moveit_interface_msgs:/home/karan_k/interbotix_ws/install/interbotix_common_sim:/home/karan_k/interbotix_ws/install/dynamixel_workbench_toolbox:/home/karan_k/apriltag_ws/install/apriltag_ros:/home/karan_k/ardu_ws/install/ardupilot_dds_tests:/home/karan_k/interbotix_ws/install/interbotix_xs_modules:/home/karan_k/interbotix_ws/install/interbotix_perception_modules:/home/karan_k/interbotix_ws/install/interbotix_common_modules:/opt/ros/humble LD_LIBRARY_PATH=/home/karan_k/Geomagic_Touch_ROS2/install/omni_msgs/lib:/home/karan_k/ardu_ws/install/sdformat_urdf/lib:/home/karan_k/ardu_ws/install/ros_ign_interfaces/lib:/home/karan_k/ardu_ws/install/ros_gz_sim/lib:/home/karan_k/ardu_ws/install/ros_gz_bridge/lib:/home/karan_k/ardu_ws/install/ros_gz_interfaces/lib:/home/karan_k/ardu_ws/install/micro_ros_agent/lib:/home/karan_k/ardu_ws/install/ardupilot_msgs/lib:/home/karan_k/interbotix_ws/install/moveit_visual_tools/lib:/home/karan_k/interbotix_ws/install/interbotix_xs_rviz/lib:/home/karan_k/interbotix_ws/install/interbotix_xs_ros_control/lib:/home/karan_k/interbotix_ws/install/interbotix_xs_msgs/lib:/home/karan_k/interbotix_ws/install/interbotix_xs_driver/lib:/home/karan_k/interbotix_ws/install/interbotix_tf_tools/lib:/home/karan_k/interbotix_ws/install/interbotix_perception_msgs/lib:/home/karan_k/interbotix_ws/install/interbotix_moveit_interface_msgs/lib:/home/karan_k/interbotix_ws/install/dynamixel_workbench_toolbox/lib:/home/karan_k/apriltag_ws/install/apriltag_ros/lib:/usr/lib/x86_64-linux-gnu/gazebo-11/plugins:/opt/ros/humble/opt/rviz_ogre_vendor/lib:/opt/ros/humble/lib/x86_64-linux-gnu:/opt/ros/humble/lib:/usr/lib/x86_64-linux-gnu/gazebo-11/plugins:/usr/lib/x86_64-linux-gnu/gazebo-11/plugins:/usr/lib/x86_64-linux-gnu/gazebo-11/plugins:/usr/share/gazebo-11/../../lib/x86_64-linux-gnu/gazebo-11/plugins:/usr/lib/x86_64-linux-gnu/gazebo-11/plugins:/usr/lib/x86_64-linux-gnu/gazebo-11/plugins /usr/bin/cmake --build /home/karan_k/Geomagic_Touch_ROS2/build/omni_common -- -j16 -l16
[0.835s] DEBUG:colcon.colcon_core.event_handler.log_command:Invoked command in '/home/karan_k/Geomagic_Touch_ROS2/build/omni_broadcaster' returned '0': CMAKE_PREFIX_PATH=/home/karan_k/Geomagic_Touch_ROS2/install/omni_msgs:/home/karan_k/Geomagic_Touch_ROS2/install/omni_common:/home/karan_k/Geomagic_Touch_ROS2/install/omni_broadcaster:/home/karan_k/Geomagic_Touch_ROS2/install/omni_description:/home/karan_k/ardu_ws/install/test_ros_gz_bridge:/home/karan_k/ardu_ws/install/ros_ign:/home/karan_k/ardu_ws/install/ros_ign_gazebo_demos:/home/karan_k/ardu_ws/install/ros_gz:/home/karan_k/ardu_ws/install/ros_gz_sim_demos:/home/karan_k/ardu_ws/install/ardupilot_gz_bringup:/home/karan_k/ardu_ws/install/sdformat_urdf:/home/karan_k/ardu_ws/install/sdformat_test_files:/home/karan_k/ardu_ws/install/ros_ign_interfaces:/home/karan_k/ardu_ws/install/ros_ign_image:/home/karan_k/ardu_ws/install/ros_ign_gazebo:/home/karan_k/ardu_ws/install/ros_ign_bridge:/home/karan_k/ardu_ws/install/ros_gz_sim:/home/karan_k/ardu_ws/install/ros_gz_image:/home/karan_k/ardu_ws/install/ros_gz_bridge:/home/karan_k/ardu_ws/install/ros_gz_interfaces:/home/karan_k/ardu_ws/install/ardupilot_sitl:/home/karan_k/ardu_ws/install/micro_ros_agent:/home/karan_k/ardu_ws/install/ardupilot_sitl_models:/home/karan_k/ardu_ws/install/ardupilot_msgs:/home/karan_k/ardu_ws/install/ardupilot_gz_gazebo:/home/karan_k/ardu_ws/install/ardupilot_gz_description:/home/karan_k/ardu_ws/install/ardupilot_gz_application:/home/karan_k/ardu_ws/install/ardupilot_gazebo:/home/karan_k/interbotix_ws/install/interbotix_ros_xsarms_examples:/home/karan_k/interbotix_ws/install/interbotix_xsarm_moveit_interface:/home/karan_k/interbotix_ws/install/interbotix_moveit_interface:/home/karan_k/interbotix_ws/install/moveit_visual_tools:/home/karan_k/interbotix_ws/install/interbotix_ros_xsarms:/home/karan_k/interbotix_ws/install/interbotix_xsarm_moveit:/home/karan_k/interbotix_ws/install/interbotix_xsarm_sim:/home/karan_k/interbotix_ws/install/interbotix_xsarm_ros_control:/home/karan_k/interbotix_ws/install/interbotix_xsarm_puppet:/home/karan_k/interbotix_ws/install/interbotix_xsarm_perception:/home/karan_k/interbotix_ws/install/interbotix_xsarm_joy:/home/karan_k/interbotix_ws/install/interbotix_xsarm_gravity_compensation:/home/karan_k/interbotix_ws/install/interbotix_xsarm_dual:/home/karan_k/interbotix_ws/install/interbotix_xsarm_control:/home/karan_k/interbotix_ws/install/interbotix_xsarm_descriptions:/home/karan_k/interbotix_ws/install/interbotix_xs_toolbox:/home/karan_k/interbotix_ws/install/interbotix_xs_rviz:/home/karan_k/interbotix_ws/install/interbotix_ros_xseries:/home/karan_k/interbotix_ws/install/interbotix_xs_sdk:/home/karan_k/interbotix_ws/install/interbotix_xs_ros_control:/home/karan_k/interbotix_ws/install/interbotix_perception_toolbox:/home/karan_k/interbotix_ws/install/interbotix_common_toolbox:/home/karan_k/interbotix_ws/install/interbotix_gravity_compensation:/home/karan_k/interbotix_ws/install/interbotix_xs_msgs:/home/karan_k/interbotix_ws/install/interbotix_xs_driver:/home/karan_k/interbotix_ws/install/interbotix_tf_tools:/home/karan_k/interbotix_ws/install/interbotix_perception_pipelines:/home/karan_k/interbotix_ws/install/interbotix_perception_msgs:/home/karan_k/interbotix_ws/install/interbotix_moveit_interface_msgs:/home/karan_k/interbotix_ws/install/interbotix_common_sim:/home/karan_k/interbotix_ws/install/dynamixel_workbench_toolbox:/home/karan_k/apriltag_ws/install/apriltag_ros:/home/karan_k/ardu_ws/install/ardupilot_dds_tests:/home/karan_k/interbotix_ws/install/interbotix_xs_modules:/home/karan_k/interbotix_ws/install/interbotix_perception_modules:/home/karan_k/interbotix_ws/install/interbotix_common_modules:/opt/ros/humble LD_LIBRARY_PATH=/home/karan_k/Geomagic_Touch_ROS2/install/omni_msgs/lib:/home/karan_k/ardu_ws/install/sdformat_urdf/lib:/home/karan_k/ardu_ws/install/ros_ign_interfaces/lib:/home/karan_k/ardu_ws/install/ros_gz_sim/lib:/home/karan_k/ardu_ws/install/ros_gz_bridge/lib:/home/karan_k/ardu_ws/install/ros_gz_interfaces/lib:/home/karan_k/ardu_ws/install/micro_ros_agent/lib:/home/karan_k/ardu_ws/install/ardupilot_msgs/lib:/home/karan_k/interbotix_ws/install/moveit_visual_tools/lib:/home/karan_k/interbotix_ws/install/interbotix_xs_rviz/lib:/home/karan_k/interbotix_ws/install/interbotix_xs_ros_control/lib:/home/karan_k/interbotix_ws/install/interbotix_xs_msgs/lib:/home/karan_k/interbotix_ws/install/interbotix_xs_driver/lib:/home/karan_k/interbotix_ws/install/interbotix_tf_tools/lib:/home/karan_k/interbotix_ws/install/interbotix_perception_msgs/lib:/home/karan_k/interbotix_ws/install/interbotix_moveit_interface_msgs/lib:/home/karan_k/interbotix_ws/install/dynamixel_workbench_toolbox/lib:/home/karan_k/apriltag_ws/install/apriltag_ros/lib:/usr/lib/x86_64-linux-gnu/gazebo-11/plugins:/opt/ros/humble/opt/rviz_ogre_vendor/lib:/opt/ros/humble/lib/x86_64-linux-gnu:/opt/ros/humble/lib:/usr/lib/x86_64-linux-gnu/gazebo-11/plugins:/usr/lib/x86_64-linux-gnu/gazebo-11/plugins:/usr/lib/x86_64-linux-gnu/gazebo-11/plugins:/usr/share/gazebo-11/../../lib/x86_64-linux-gnu/gazebo-11/plugins:/usr/lib/x86_64-linux-gnu/gazebo-11/plugins:/usr/lib/x86_64-linux-gnu/gazebo-11/plugins /usr/bin/cmake --build /home/karan_k/Geomagic_Touch_ROS2/build/omni_broadcaster -- -j16 -l16
[0.836s] DEBUG:colcon.colcon_core.event_handler.log_command:Invoking command in '/home/karan_k/Geomagic_Touch_ROS2/build/omni_broadcaster': CMAKE_PREFIX_PATH=/home/karan_k/Geomagic_Touch_ROS2/install/omni_msgs:/home/karan_k/Geomagic_Touch_ROS2/install/omni_common:/home/karan_k/Geomagic_Touch_ROS2/install/omni_broadcaster:/home/karan_k/Geomagic_Touch_ROS2/install/omni_description:/home/karan_k/ardu_ws/install/test_ros_gz_bridge:/home/karan_k/ardu_ws/install/ros_ign:/home/karan_k/ardu_ws/install/ros_ign_gazebo_demos:/home/karan_k/ardu_ws/install/ros_gz:/home/karan_k/ardu_ws/install/ros_gz_sim_demos:/home/karan_k/ardu_ws/install/ardupilot_gz_bringup:/home/karan_k/ardu_ws/install/sdformat_urdf:/home/karan_k/ardu_ws/install/sdformat_test_files:/home/karan_k/ardu_ws/install/ros_ign_interfaces:/home/karan_k/ardu_ws/install/ros_ign_image:/home/karan_k/ardu_ws/install/ros_ign_gazebo:/home/karan_k/ardu_ws/install/ros_ign_bridge:/home/karan_k/ardu_ws/install/ros_gz_sim:/home/karan_k/ardu_ws/install/ros_gz_image:/home/karan_k/ardu_ws/install/ros_gz_bridge:/home/karan_k/ardu_ws/install/ros_gz_interfaces:/home/karan_k/ardu_ws/install/ardupilot_sitl:/home/karan_k/ardu_ws/install/micro_ros_agent:/home/karan_k/ardu_ws/install/ardupilot_sitl_models:/home/karan_k/ardu_ws/install/ardupilot_msgs:/home/karan_k/ardu_ws/install/ardupilot_gz_gazebo:/home/karan_k/ardu_ws/install/ardupilot_gz_description:/home/karan_k/ardu_ws/install/ardupilot_gz_application:/home/karan_k/ardu_ws/install/ardupilot_gazebo:/home/karan_k/interbotix_ws/install/interbotix_ros_xsarms_examples:/home/karan_k/interbotix_ws/install/interbotix_xsarm_moveit_interface:/home/karan_k/interbotix_ws/install/interbotix_moveit_interface:/home/karan_k/interbotix_ws/install/moveit_visual_tools:/home/karan_k/interbotix_ws/install/interbotix_ros_xsarms:/home/karan_k/interbotix_ws/install/interbotix_xsarm_moveit:/home/karan_k/interbotix_ws/install/interbotix_xsarm_sim:/home/karan_k/interbotix_ws/install/interbotix_xsarm_ros_control:/home/karan_k/interbotix_ws/install/interbotix_xsarm_puppet:/home/karan_k/interbotix_ws/install/interbotix_xsarm_perception:/home/karan_k/interbotix_ws/install/interbotix_xsarm_joy:/home/karan_k/interbotix_ws/install/interbotix_xsarm_gravity_compensation:/home/karan_k/interbotix_ws/install/interbotix_xsarm_dual:/home/karan_k/interbotix_ws/install/interbotix_xsarm_control:/home/karan_k/interbotix_ws/install/interbotix_xsarm_descriptions:/home/karan_k/interbotix_ws/install/interbotix_xs_toolbox:/home/karan_k/interbotix_ws/install/interbotix_xs_rviz:/home/karan_k/interbotix_ws/install/interbotix_ros_xseries:/home/karan_k/interbotix_ws/install/interbotix_xs_sdk:/home/karan_k/interbotix_ws/install/interbotix_xs_ros_control:/home/karan_k/interbotix_ws/install/interbotix_perception_toolbox:/home/karan_k/interbotix_ws/install/interbotix_common_toolbox:/home/karan_k/interbotix_ws/install/interbotix_gravity_compensation:/home/karan_k/interbotix_ws/install/interbotix_xs_msgs:/home/karan_k/interbotix_ws/install/interbotix_xs_driver:/home/karan_k/interbotix_ws/install/interbotix_tf_tools:/home/karan_k/interbotix_ws/install/interbotix_perception_pipelines:/home/karan_k/interbotix_ws/install/interbotix_perception_msgs:/home/karan_k/interbotix_ws/install/interbotix_moveit_interface_msgs:/home/karan_k/interbotix_ws/install/interbotix_common_sim:/home/karan_k/interbotix_ws/install/dynamixel_workbench_toolbox:/home/karan_k/apriltag_ws/install/apriltag_ros:/home/karan_k/ardu_ws/install/ardupilot_dds_tests:/home/karan_k/interbotix_ws/install/interbotix_xs_modules:/home/karan_k/interbotix_ws/install/interbotix_perception_modules:/home/karan_k/interbotix_ws/install/interbotix_common_modules:/opt/ros/humble LD_LIBRARY_PATH=/home/karan_k/Geomagic_Touch_ROS2/install/omni_msgs/lib:/home/karan_k/ardu_ws/install/sdformat_urdf/lib:/home/karan_k/ardu_ws/install/ros_ign_interfaces/lib:/home/karan_k/ardu_ws/install/ros_gz_sim/lib:/home/karan_k/ardu_ws/install/ros_gz_bridge/lib:/home/karan_k/ardu_ws/install/ros_gz_interfaces/lib:/home/karan_k/ardu_ws/install/micro_ros_agent/lib:/home/karan_k/ardu_ws/install/ardupilot_msgs/lib:/home/karan_k/interbotix_ws/install/moveit_visual_tools/lib:/home/karan_k/interbotix_ws/install/interbotix_xs_rviz/lib:/home/karan_k/interbotix_ws/install/interbotix_xs_ros_control/lib:/home/karan_k/interbotix_ws/install/interbotix_xs_msgs/lib:/home/karan_k/interbotix_ws/install/interbotix_xs_driver/lib:/home/karan_k/interbotix_ws/install/interbotix_tf_tools/lib:/home/karan_k/interbotix_ws/install/interbotix_perception_msgs/lib:/home/karan_k/interbotix_ws/install/interbotix_moveit_interface_msgs/lib:/home/karan_k/interbotix_ws/install/dynamixel_workbench_toolbox/lib:/home/karan_k/apriltag_ws/install/apriltag_ros/lib:/usr/lib/x86_64-linux-gnu/gazebo-11/plugins:/opt/ros/humble/opt/rviz_ogre_vendor/lib:/opt/ros/humble/lib/x86_64-linux-gnu:/opt/ros/humble/lib:/usr/lib/x86_64-linux-gnu/gazebo-11/plugins:/usr/lib/x86_64-linux-gnu/gazebo-11/plugins:/usr/lib/x86_64-linux-gnu/gazebo-11/plugins:/usr/share/gazebo-11/../../lib/x86_64-linux-gnu/gazebo-11/plugins:/usr/lib/x86_64-linux-gnu/gazebo-11/plugins:/usr/lib/x86_64-linux-gnu/gazebo-11/plugins /usr/bin/cmake --install /home/karan_k/Geomagic_Touch_ROS2/build/omni_broadcaster
[0.847s] Level 1:colcon.colcon_core.environment:create_environment_scripts_only(omni_broadcaster)
[0.847s] Level 1:colcon.colcon_core.environment:checking '/home/karan_k/Geomagic_Touch_ROS2/install/omni_broadcaster' for CMake module files
[0.848s] DEBUG:colcon.colcon_core.event_handler.log_command:Invoked command in '/home/karan_k/Geomagic_Touch_ROS2/build/omni_broadcaster' returned '0': CMAKE_PREFIX_PATH=/home/karan_k/Geomagic_Touch_ROS2/install/omni_msgs:/home/karan_k/Geomagic_Touch_ROS2/install/omni_common:/home/karan_k/Geomagic_Touch_ROS2/install/omni_broadcaster:/home/karan_k/Geomagic_Touch_ROS2/install/omni_description:/home/karan_k/ardu_ws/install/test_ros_gz_bridge:/home/karan_k/ardu_ws/install/ros_ign:/home/karan_k/ardu_ws/install/ros_ign_gazebo_demos:/home/karan_k/ardu_ws/install/ros_gz:/home/karan_k/ardu_ws/install/ros_gz_sim_demos:/home/karan_k/ardu_ws/install/ardupilot_gz_bringup:/home/karan_k/ardu_ws/install/sdformat_urdf:/home/karan_k/ardu_ws/install/sdformat_test_files:/home/karan_k/ardu_ws/install/ros_ign_interfaces:/home/karan_k/ardu_ws/install/ros_ign_image:/home/karan_k/ardu_ws/install/ros_ign_gazebo:/home/karan_k/ardu_ws/install/ros_ign_bridge:/home/karan_k/ardu_ws/install/ros_gz_sim:/home/karan_k/ardu_ws/install/ros_gz_image:/home/karan_k/ardu_ws/install/ros_gz_bridge:/home/karan_k/ardu_ws/install/ros_gz_interfaces:/home/karan_k/ardu_ws/install/ardupilot_sitl:/home/karan_k/ardu_ws/install/micro_ros_agent:/home/karan_k/ardu_ws/install/ardupilot_sitl_models:/home/karan_k/ardu_ws/install/ardupilot_msgs:/home/karan_k/ardu_ws/install/ardupilot_gz_gazebo:/home/karan_k/ardu_ws/install/ardupilot_gz_description:/home/karan_k/ardu_ws/install/ardupilot_gz_application:/home/karan_k/ardu_ws/install/ardupilot_gazebo:/home/karan_k/interbotix_ws/install/interbotix_ros_xsarms_examples:/home/karan_k/interbotix_ws/install/interbotix_xsarm_moveit_interface:/home/karan_k/interbotix_ws/install/interbotix_moveit_interface:/home/karan_k/interbotix_ws/install/moveit_visual_tools:/home/karan_k/interbotix_ws/install/interbotix_ros_xsarms:/home/karan_k/interbotix_ws/install/interbotix_xsarm_moveit:/home/karan_k/interbotix_ws/install/interbotix_xsarm_sim:/home/karan_k/interbotix_ws/install/interbotix_xsarm_ros_control:/home/karan_k/interbotix_ws/install/interbotix_xsarm_puppet:/home/karan_k/interbotix_ws/install/interbotix_xsarm_perception:/home/karan_k/interbotix_ws/install/interbotix_xsarm_joy:/home/karan_k/interbotix_ws/install/interbotix_xsarm_gravity_compensation:/home/karan_k/interbotix_ws/install/interbotix_xsarm_dual:/home/karan_k/interbotix_ws/install/interbotix_xsarm_control:/home/karan_k/interbotix_ws/install/interbotix_xsarm_descriptions:/home/karan_k/interbotix_ws/install/interbotix_xs_toolbox:/home/karan_k/interbotix_ws/install/interbotix_xs_rviz:/home/karan_k/interbotix_ws/install/interbotix_ros_xseries:/home/karan_k/interbotix_ws/install/interbotix_xs_sdk:/home/karan_k/interbotix_ws/install/interbotix_xs_ros_control:/home/karan_k/interbotix_ws/install/interbotix_perception_toolbox:/home/karan_k/interbotix_ws/install/interbotix_common_toolbox:/home/karan_k/interbotix_ws/install/interbotix_gravity_compensation:/home/karan_k/interbotix_ws/install/interbotix_xs_msgs:/home/karan_k/interbotix_ws/install/interbotix_xs_driver:/home/karan_k/interbotix_ws/install/interbotix_tf_tools:/home/karan_k/interbotix_ws/install/interbotix_perception_pipelines:/home/karan_k/interbotix_ws/install/interbotix_perception_msgs:/home/karan_k/interbotix_ws/install/interbotix_moveit_interface_msgs:/home/karan_k/interbotix_ws/install/interbotix_common_sim:/home/karan_k/interbotix_ws/install/dynamixel_workbench_toolbox:/home/karan_k/apriltag_ws/install/apriltag_ros:/home/karan_k/ardu_ws/install/ardupilot_dds_tests:/home/karan_k/interbotix_ws/install/interbotix_xs_modules:/home/karan_k/interbotix_ws/install/interbotix_perception_modules:/home/karan_k/interbotix_ws/install/interbotix_common_modules:/opt/ros/humble LD_LIBRARY_PATH=/home/karan_k/Geomagic_Touch_ROS2/install/omni_msgs/lib:/home/karan_k/ardu_ws/install/sdformat_urdf/lib:/home/karan_k/ardu_ws/install/ros_ign_interfaces/lib:/home/karan_k/ardu_ws/install/ros_gz_sim/lib:/home/karan_k/ardu_ws/install/ros_gz_bridge/lib:/home/karan_k/ardu_ws/install/ros_gz_interfaces/lib:/home/karan_k/ardu_ws/install/micro_ros_agent/lib:/home/karan_k/ardu_ws/install/ardupilot_msgs/lib:/home/karan_k/interbotix_ws/install/moveit_visual_tools/lib:/home/karan_k/interbotix_ws/install/interbotix_xs_rviz/lib:/home/karan_k/interbotix_ws/install/interbotix_xs_ros_control/lib:/home/karan_k/interbotix_ws/install/interbotix_xs_msgs/lib:/home/karan_k/interbotix_ws/install/interbotix_xs_driver/lib:/home/karan_k/interbotix_ws/install/interbotix_tf_tools/lib:/home/karan_k/interbotix_ws/install/interbotix_perception_msgs/lib:/home/karan_k/interbotix_ws/install/interbotix_moveit_interface_msgs/lib:/home/karan_k/interbotix_ws/install/dynamixel_workbench_toolbox/lib:/home/karan_k/apriltag_ws/install/apriltag_ros/lib:/usr/lib/x86_64-linux-gnu/gazebo-11/plugins:/opt/ros/humble/opt/rviz_ogre_vendor/lib:/opt/ros/humble/lib/x86_64-linux-gnu:/opt/ros/humble/lib:/usr/lib/x86_64-linux-gnu/gazebo-11/plugins:/usr/lib/x86_64-linux-gnu/gazebo-11/plugins:/usr/lib/x86_64-linux-gnu/gazebo-11/plugins:/usr/share/gazebo-11/../../lib/x86_64-linux-gnu/gazebo-11/plugins:/usr/lib/x86_64-linux-gnu/gazebo-11/plugins:/usr/lib/x86_64-linux-gnu/gazebo-11/plugins /usr/bin/cmake --install /home/karan_k/Geomagic_Touch_ROS2/build/omni_broadcaster
[0.848s] Level 1:colcon.colcon_core.environment:checking '/home/karan_k/Geomagic_Touch_ROS2/install/omni_broadcaster' for CMake config files
[0.848s] Level 1:colcon.colcon_core.shell:create_environment_hook('omni_broadcaster', 'cmake_prefix_path')
[0.848s] INFO:colcon.colcon_core.shell:Creating environment hook '/home/karan_k/Geomagic_Touch_ROS2/install/omni_broadcaster/share/omni_broadcaster/hook/cmake_prefix_path.ps1'
[0.849s] INFO:colcon.colcon_core.shell:Creating environment descriptor '/home/karan_k/Geomagic_Touch_ROS2/install/omni_broadcaster/share/omni_broadcaster/hook/cmake_prefix_path.dsv'
[0.849s] INFO:colcon.colcon_core.shell:Creating environment hook '/home/karan_k/Geomagic_Touch_ROS2/install/omni_broadcaster/share/omni_broadcaster/hook/cmake_prefix_path.sh'
[0.850s] Level 1:colcon.colcon_core.environment:checking '/home/karan_k/Geomagic_Touch_ROS2/install/omni_broadcaster/lib'
[0.850s] Level 1:colcon.colcon_core.environment:checking '/home/karan_k/Geomagic_Touch_ROS2/install/omni_broadcaster/bin'
[0.850s] Level 1:colcon.colcon_core.environment:checking '/home/karan_k/Geomagic_Touch_ROS2/install/omni_broadcaster/lib/pkgconfig/omni_broadcaster.pc'
[0.850s] Level 1:colcon.colcon_core.environment:checking '/home/karan_k/Geomagic_Touch_ROS2/install/omni_broadcaster/lib/python3.10/site-packages'
[0.850s] Level 1:colcon.colcon_core.environment:checking '/home/karan_k/Geomagic_Touch_ROS2/install/omni_broadcaster/bin'
[0.850s] INFO:colcon.colcon_core.shell:Creating package script '/home/karan_k/Geomagic_Touch_ROS2/install/omni_broadcaster/share/omni_broadcaster/package.ps1'
[0.851s] INFO:colcon.colcon_core.shell:Creating package descriptor '/home/karan_k/Geomagic_Touch_ROS2/install/omni_broadcaster/share/omni_broadcaster/package.dsv'
[0.851s] INFO:colcon.colcon_core.shell:Creating package script '/home/karan_k/Geomagic_Touch_ROS2/install/omni_broadcaster/share/omni_broadcaster/package.sh'
[0.851s] INFO:colcon.colcon_core.shell:Creating package script '/home/karan_k/Geomagic_Touch_ROS2/install/omni_broadcaster/share/omni_broadcaster/package.bash'
[0.851s] INFO:colcon.colcon_core.shell:Creating package script '/home/karan_k/Geomagic_Touch_ROS2/install/omni_broadcaster/share/omni_broadcaster/package.zsh'
[0.852s] Level 1:colcon.colcon_core.environment:create_file_with_runtime_dependencies(/home/karan_k/Geomagic_Touch_ROS2/install/omni_broadcaster/share/colcon-core/packages/omni_broadcaster)
[0.852s] Level 1:colcon.colcon_core.environment:create_environment_scripts_only(omni_broadcaster)
[0.852s] Level 1:colcon.colcon_core.environment:checking '/home/karan_k/Geomagic_Touch_ROS2/install/omni_broadcaster' for CMake module files
[0.853s] Level 1:colcon.colcon_core.environment:checking '/home/karan_k/Geomagic_Touch_ROS2/install/omni_broadcaster' for CMake config files
[0.853s] Level 1:colcon.colcon_core.shell:create_environment_hook('omni_broadcaster', 'cmake_prefix_path')
[0.853s] INFO:colcon.colcon_core.shell:Creating environment hook '/home/karan_k/Geomagic_Touch_ROS2/install/omni_broadcaster/share/omni_broadcaster/hook/cmake_prefix_path.ps1'
[0.853s] INFO:colcon.colcon_core.shell:Creating environment descriptor '/home/karan_k/Geomagic_Touch_ROS2/install/omni_broadcaster/share/omni_broadcaster/hook/cmake_prefix_path.dsv'
[0.853s] INFO:colcon.colcon_core.shell:Creating environment hook '/home/karan_k/Geomagic_Touch_ROS2/install/omni_broadcaster/share/omni_broadcaster/hook/cmake_prefix_path.sh'
[0.854s] Level 1:colcon.colcon_core.environment:checking '/home/karan_k/Geomagic_Touch_ROS2/install/omni_broadcaster/lib'
[0.854s] Level 1:colcon.colcon_core.environment:checking '/home/karan_k/Geomagic_Touch_ROS2/install/omni_broadcaster/bin'
[0.854s] Level 1:colcon.colcon_core.environment:checking '/home/karan_k/Geomagic_Touch_ROS2/install/omni_broadcaster/lib/pkgconfig/omni_broadcaster.pc'
[0.854s] Level 1:colcon.colcon_core.environment:checking '/home/karan_k/Geomagic_Touch_ROS2/install/omni_broadcaster/lib/python3.10/site-packages'
[0.854s] Level 1:colcon.colcon_core.environment:checking '/home/karan_k/Geomagic_Touch_ROS2/install/omni_broadcaster/bin'
[0.855s] INFO:colcon.colcon_core.shell:Creating package script '/home/karan_k/Geomagic_Touch_ROS2/install/omni_broadcaster/share/omni_broadcaster/package.ps1'
[0.855s] INFO:colcon.colcon_core.shell:Creating package descriptor '/home/karan_k/Geomagic_Touch_ROS2/install/omni_broadcaster/share/omni_broadcaster/package.dsv'
[0.855s] INFO:colcon.colcon_core.shell:Creating package script '/home/karan_k/Geomagic_Touch_ROS2/install/omni_broadcaster/share/omni_broadcaster/package.sh'
[0.856s] INFO:colcon.colcon_core.shell:Creating package script '/home/karan_k/Geomagic_Touch_ROS2/install/omni_broadcaster/share/omni_broadcaster/package.bash'
[0.856s] INFO:colcon.colcon_core.shell:Creating package script '/home/karan_k/Geomagic_Touch_ROS2/install/omni_broadcaster/share/omni_broadcaster/package.zsh'
[0.856s] Level 1:colcon.colcon_core.environment:create_file_with_runtime_dependencies(/home/karan_k/Geomagic_Touch_ROS2/install/omni_broadcaster/share/colcon-core/packages/omni_broadcaster)
[1.550s] DEBUG:colcon.colcon_core.event_handler.log_command:Invoked command in '/home/karan_k/Geomagic_Touch_ROS2/build/omni_common' returned '0': CMAKE_PREFIX_PATH=/home/karan_k/Geomagic_Touch_ROS2/install/omni_msgs:/home/karan_k/Geomagic_Touch_ROS2/install/omni_common:/home/karan_k/Geomagic_Touch_ROS2/install/omni_broadcaster:/home/karan_k/Geomagic_Touch_ROS2/install/omni_description:/home/karan_k/ardu_ws/install/test_ros_gz_bridge:/home/karan_k/ardu_ws/install/ros_ign:/home/karan_k/ardu_ws/install/ros_ign_gazebo_demos:/home/karan_k/ardu_ws/install/ros_gz:/home/karan_k/ardu_ws/install/ros_gz_sim_demos:/home/karan_k/ardu_ws/install/ardupilot_gz_bringup:/home/karan_k/ardu_ws/install/sdformat_urdf:/home/karan_k/ardu_ws/install/sdformat_test_files:/home/karan_k/ardu_ws/install/ros_ign_interfaces:/home/karan_k/ardu_ws/install/ros_ign_image:/home/karan_k/ardu_ws/install/ros_ign_gazebo:/home/karan_k/ardu_ws/install/ros_ign_bridge:/home/karan_k/ardu_ws/install/ros_gz_sim:/home/karan_k/ardu_ws/install/ros_gz_image:/home/karan_k/ardu_ws/install/ros_gz_bridge:/home/karan_k/ardu_ws/install/ros_gz_interfaces:/home/karan_k/ardu_ws/install/ardupilot_sitl:/home/karan_k/ardu_ws/install/micro_ros_agent:/home/karan_k/ardu_ws/install/ardupilot_sitl_models:/home/karan_k/ardu_ws/install/ardupilot_msgs:/home/karan_k/ardu_ws/install/ardupilot_gz_gazebo:/home/karan_k/ardu_ws/install/ardupilot_gz_description:/home/karan_k/ardu_ws/install/ardupilot_gz_application:/home/karan_k/ardu_ws/install/ardupilot_gazebo:/home/karan_k/interbotix_ws/install/interbotix_ros_xsarms_examples:/home/karan_k/interbotix_ws/install/interbotix_xsarm_moveit_interface:/home/karan_k/interbotix_ws/install/interbotix_moveit_interface:/home/karan_k/interbotix_ws/install/moveit_visual_tools:/home/karan_k/interbotix_ws/install/interbotix_ros_xsarms:/home/karan_k/interbotix_ws/install/interbotix_xsarm_moveit:/home/karan_k/interbotix_ws/install/interbotix_xsarm_sim:/home/karan_k/interbotix_ws/install/interbotix_xsarm_ros_control:/home/karan_k/interbotix_ws/install/interbotix_xsarm_puppet:/home/karan_k/interbotix_ws/install/interbotix_xsarm_perception:/home/karan_k/interbotix_ws/install/interbotix_xsarm_joy:/home/karan_k/interbotix_ws/install/interbotix_xsarm_gravity_compensation:/home/karan_k/interbotix_ws/install/interbotix_xsarm_dual:/home/karan_k/interbotix_ws/install/interbotix_xsarm_control:/home/karan_k/interbotix_ws/install/interbotix_xsarm_descriptions:/home/karan_k/interbotix_ws/install/interbotix_xs_toolbox:/home/karan_k/interbotix_ws/install/interbotix_xs_rviz:/home/karan_k/interbotix_ws/install/interbotix_ros_xseries:/home/karan_k/interbotix_ws/install/interbotix_xs_sdk:/home/karan_k/interbotix_ws/install/interbotix_xs_ros_control:/home/karan_k/interbotix_ws/install/interbotix_perception_toolbox:/home/karan_k/interbotix_ws/install/interbotix_common_toolbox:/home/karan_k/interbotix_ws/install/interbotix_gravity_compensation:/home/karan_k/interbotix_ws/install/interbotix_xs_msgs:/home/karan_k/interbotix_ws/install/interbotix_xs_driver:/home/karan_k/interbotix_ws/install/interbotix_tf_tools:/home/karan_k/interbotix_ws/install/interbotix_perception_pipelines:/home/karan_k/interbotix_ws/install/interbotix_perception_msgs:/home/karan_k/interbotix_ws/install/interbotix_moveit_interface_msgs:/home/karan_k/interbotix_ws/install/interbotix_common_sim:/home/karan_k/interbotix_ws/install/dynamixel_workbench_toolbox:/home/karan_k/apriltag_ws/install/apriltag_ros:/home/karan_k/ardu_ws/install/ardupilot_dds_tests:/home/karan_k/interbotix_ws/install/interbotix_xs_modules:/home/karan_k/interbotix_ws/install/interbotix_perception_modules:/home/karan_k/interbotix_ws/install/interbotix_common_modules:/opt/ros/humble LD_LIBRARY_PATH=/home/karan_k/Geomagic_Touch_ROS2/install/omni_msgs/lib:/home/karan_k/ardu_ws/install/sdformat_urdf/lib:/home/karan_k/ardu_ws/install/ros_ign_interfaces/lib:/home/karan_k/ardu_ws/install/ros_gz_sim/lib:/home/karan_k/ardu_ws/install/ros_gz_bridge/lib:/home/karan_k/ardu_ws/install/ros_gz_interfaces/lib:/home/karan_k/ardu_ws/install/micro_ros_agent/lib:/home/karan_k/ardu_ws/install/ardupilot_msgs/lib:/home/karan_k/interbotix_ws/install/moveit_visual_tools/lib:/home/karan_k/interbotix_ws/install/interbotix_xs_rviz/lib:/home/karan_k/interbotix_ws/install/interbotix_xs_ros_control/lib:/home/karan_k/interbotix_ws/install/interbotix_xs_msgs/lib:/home/karan_k/interbotix_ws/install/interbotix_xs_driver/lib:/home/karan_k/interbotix_ws/install/interbotix_tf_tools/lib:/home/karan_k/interbotix_ws/install/interbotix_perception_msgs/lib:/home/karan_k/interbotix_ws/install/interbotix_moveit_interface_msgs/lib:/home/karan_k/interbotix_ws/install/dynamixel_workbench_toolbox/lib:/home/karan_k/apriltag_ws/install/apriltag_ros/lib:/usr/lib/x86_64-linux-gnu/gazebo-11/plugins:/opt/ros/humble/opt/rviz_ogre_vendor/lib:/opt/ros/humble/lib/x86_64-linux-gnu:/opt/ros/humble/lib:/usr/lib/x86_64-linux-gnu/gazebo-11/plugins:/usr/lib/x86_64-linux-gnu/gazebo-11/plugins:/usr/lib/x86_64-linux-gnu/gazebo-11/plugins:/usr/share/gazebo-11/../../lib/x86_64-linux-gnu/gazebo-11/plugins:/usr/lib/x86_64-linux-gnu/gazebo-11/plugins:/usr/lib/x86_64-linux-gnu/gazebo-11/plugins /usr/bin/cmake --build /home/karan_k/Geomagic_Touch_ROS2/build/omni_common -- -j16 -l16
[1.551s] DEBUG:colcon.colcon_core.event_handler.log_command:Invoking command in '/home/karan_k/Geomagic_Touch_ROS2/build/omni_common': CMAKE_PREFIX_PATH=/home/karan_k/Geomagic_Touch_ROS2/install/omni_msgs:/home/karan_k/Geomagic_Touch_ROS2/install/omni_common:/home/karan_k/Geomagic_Touch_ROS2/install/omni_broadcaster:/home/karan_k/Geomagic_Touch_ROS2/install/omni_description:/home/karan_k/ardu_ws/install/test_ros_gz_bridge:/home/karan_k/ardu_ws/install/ros_ign:/home/karan_k/ardu_ws/install/ros_ign_gazebo_demos:/home/karan_k/ardu_ws/install/ros_gz:/home/karan_k/ardu_ws/install/ros_gz_sim_demos:/home/karan_k/ardu_ws/install/ardupilot_gz_bringup:/home/karan_k/ardu_ws/install/sdformat_urdf:/home/karan_k/ardu_ws/install/sdformat_test_files:/home/karan_k/ardu_ws/install/ros_ign_interfaces:/home/karan_k/ardu_ws/install/ros_ign_image:/home/karan_k/ardu_ws/install/ros_ign_gazebo:/home/karan_k/ardu_ws/install/ros_ign_bridge:/home/karan_k/ardu_ws/install/ros_gz_sim:/home/karan_k/ardu_ws/install/ros_gz_image:/home/karan_k/ardu_ws/install/ros_gz_bridge:/home/karan_k/ardu_ws/install/ros_gz_interfaces:/home/karan_k/ardu_ws/install/ardupilot_sitl:/home/karan_k/ardu_ws/install/micro_ros_agent:/home/karan_k/ardu_ws/install/ardupilot_sitl_models:/home/karan_k/ardu_ws/install/ardupilot_msgs:/home/karan_k/ardu_ws/install/ardupilot_gz_gazebo:/home/karan_k/ardu_ws/install/ardupilot_gz_description:/home/karan_k/ardu_ws/install/ardupilot_gz_application:/home/karan_k/ardu_ws/install/ardupilot_gazebo:/home/karan_k/interbotix_ws/install/interbotix_ros_xsarms_examples:/home/karan_k/interbotix_ws/install/interbotix_xsarm_moveit_interface:/home/karan_k/interbotix_ws/install/interbotix_moveit_interface:/home/karan_k/interbotix_ws/install/moveit_visual_tools:/home/karan_k/interbotix_ws/install/interbotix_ros_xsarms:/home/karan_k/interbotix_ws/install/interbotix_xsarm_moveit:/home/karan_k/interbotix_ws/install/interbotix_xsarm_sim:/home/karan_k/interbotix_ws/install/interbotix_xsarm_ros_control:/home/karan_k/interbotix_ws/install/interbotix_xsarm_puppet:/home/karan_k/interbotix_ws/install/interbotix_xsarm_perception:/home/karan_k/interbotix_ws/install/interbotix_xsarm_joy:/home/karan_k/interbotix_ws/install/interbotix_xsarm_gravity_compensation:/home/karan_k/interbotix_ws/install/interbotix_xsarm_dual:/home/karan_k/interbotix_ws/install/interbotix_xsarm_control:/home/karan_k/interbotix_ws/install/interbotix_xsarm_descriptions:/home/karan_k/interbotix_ws/install/interbotix_xs_toolbox:/home/karan_k/interbotix_ws/install/interbotix_xs_rviz:/home/karan_k/interbotix_ws/install/interbotix_ros_xseries:/home/karan_k/interbotix_ws/install/interbotix_xs_sdk:/home/karan_k/interbotix_ws/install/interbotix_xs_ros_control:/home/karan_k/interbotix_ws/install/interbotix_perception_toolbox:/home/karan_k/interbotix_ws/install/interbotix_common_toolbox:/home/karan_k/interbotix_ws/install/interbotix_gravity_compensation:/home/karan_k/interbotix_ws/install/interbotix_xs_msgs:/home/karan_k/interbotix_ws/install/interbotix_xs_driver:/home/karan_k/interbotix_ws/install/interbotix_tf_tools:/home/karan_k/interbotix_ws/install/interbotix_perception_pipelines:/home/karan_k/interbotix_ws/install/interbotix_perception_msgs:/home/karan_k/interbotix_ws/install/interbotix_moveit_interface_msgs:/home/karan_k/interbotix_ws/install/interbotix_common_sim:/home/karan_k/interbotix_ws/install/dynamixel_workbench_toolbox:/home/karan_k/apriltag_ws/install/apriltag_ros:/home/karan_k/ardu_ws/install/ardupilot_dds_tests:/home/karan_k/interbotix_ws/install/interbotix_xs_modules:/home/karan_k/interbotix_ws/install/interbotix_perception_modules:/home/karan_k/interbotix_ws/install/interbotix_common_modules:/opt/ros/humble LD_LIBRARY_PATH=/home/karan_k/Geomagic_Touch_ROS2/install/omni_msgs/lib:/home/karan_k/ardu_ws/install/sdformat_urdf/lib:/home/karan_k/ardu_ws/install/ros_ign_interfaces/lib:/home/karan_k/ardu_ws/install/ros_gz_sim/lib:/home/karan_k/ardu_ws/install/ros_gz_bridge/lib:/home/karan_k/ardu_ws/install/ros_gz_interfaces/lib:/home/karan_k/ardu_ws/install/micro_ros_agent/lib:/home/karan_k/ardu_ws/install/ardupilot_msgs/lib:/home/karan_k/interbotix_ws/install/moveit_visual_tools/lib:/home/karan_k/interbotix_ws/install/interbotix_xs_rviz/lib:/home/karan_k/interbotix_ws/install/interbotix_xs_ros_control/lib:/home/karan_k/interbotix_ws/install/interbotix_xs_msgs/lib:/home/karan_k/interbotix_ws/install/interbotix_xs_driver/lib:/home/karan_k/interbotix_ws/install/interbotix_tf_tools/lib:/home/karan_k/interbotix_ws/install/interbotix_perception_msgs/lib:/home/karan_k/interbotix_ws/install/interbotix_moveit_interface_msgs/lib:/home/karan_k/interbotix_ws/install/dynamixel_workbench_toolbox/lib:/home/karan_k/apriltag_ws/install/apriltag_ros/lib:/usr/lib/x86_64-linux-gnu/gazebo-11/plugins:/opt/ros/humble/opt/rviz_ogre_vendor/lib:/opt/ros/humble/lib/x86_64-linux-gnu:/opt/ros/humble/lib:/usr/lib/x86_64-linux-gnu/gazebo-11/plugins:/usr/lib/x86_64-linux-gnu/gazebo-11/plugins:/usr/lib/x86_64-linux-gnu/gazebo-11/plugins:/usr/share/gazebo-11/../../lib/x86_64-linux-gnu/gazebo-11/plugins:/usr/lib/x86_64-linux-gnu/gazebo-11/plugins:/usr/lib/x86_64-linux-gnu/gazebo-11/plugins /usr/bin/cmake --install /home/karan_k/Geomagic_Touch_ROS2/build/omni_common
[1.563s] Level 1:colcon.colcon_core.environment:create_environment_scripts_only(omni_common)
[1.564s] Level 1:colcon.colcon_core.environment:checking '/home/karan_k/Geomagic_Touch_ROS2/install/omni_common' for CMake module files
[1.564s] DEBUG:colcon.colcon_core.event_handler.log_command:Invoked command in '/home/karan_k/Geomagic_Touch_ROS2/build/omni_common' returned '0': CMAKE_PREFIX_PATH=/home/karan_k/Geomagic_Touch_ROS2/install/omni_msgs:/home/karan_k/Geomagic_Touch_ROS2/install/omni_common:/home/karan_k/Geomagic_Touch_ROS2/install/omni_broadcaster:/home/karan_k/Geomagic_Touch_ROS2/install/omni_description:/home/karan_k/ardu_ws/install/test_ros_gz_bridge:/home/karan_k/ardu_ws/install/ros_ign:/home/karan_k/ardu_ws/install/ros_ign_gazebo_demos:/home/karan_k/ardu_ws/install/ros_gz:/home/karan_k/ardu_ws/install/ros_gz_sim_demos:/home/karan_k/ardu_ws/install/ardupilot_gz_bringup:/home/karan_k/ardu_ws/install/sdformat_urdf:/home/karan_k/ardu_ws/install/sdformat_test_files:/home/karan_k/ardu_ws/install/ros_ign_interfaces:/home/karan_k/ardu_ws/install/ros_ign_image:/home/karan_k/ardu_ws/install/ros_ign_gazebo:/home/karan_k/ardu_ws/install/ros_ign_bridge:/home/karan_k/ardu_ws/install/ros_gz_sim:/home/karan_k/ardu_ws/install/ros_gz_image:/home/karan_k/ardu_ws/install/ros_gz_bridge:/home/karan_k/ardu_ws/install/ros_gz_interfaces:/home/karan_k/ardu_ws/install/ardupilot_sitl:/home/karan_k/ardu_ws/install/micro_ros_agent:/home/karan_k/ardu_ws/install/ardupilot_sitl_models:/home/karan_k/ardu_ws/install/ardupilot_msgs:/home/karan_k/ardu_ws/install/ardupilot_gz_gazebo:/home/karan_k/ardu_ws/install/ardupilot_gz_description:/home/karan_k/ardu_ws/install/ardupilot_gz_application:/home/karan_k/ardu_ws/install/ardupilot_gazebo:/home/karan_k/interbotix_ws/install/interbotix_ros_xsarms_examples:/home/karan_k/interbotix_ws/install/interbotix_xsarm_moveit_interface:/home/karan_k/interbotix_ws/install/interbotix_moveit_interface:/home/karan_k/interbotix_ws/install/moveit_visual_tools:/home/karan_k/interbotix_ws/install/interbotix_ros_xsarms:/home/karan_k/interbotix_ws/install/interbotix_xsarm_moveit:/home/karan_k/interbotix_ws/install/interbotix_xsarm_sim:/home/karan_k/interbotix_ws/install/interbotix_xsarm_ros_control:/home/karan_k/interbotix_ws/install/interbotix_xsarm_puppet:/home/karan_k/interbotix_ws/install/interbotix_xsarm_perception:/home/karan_k/interbotix_ws/install/interbotix_xsarm_joy:/home/karan_k/interbotix_ws/install/interbotix_xsarm_gravity_compensation:/home/karan_k/interbotix_ws/install/interbotix_xsarm_dual:/home/karan_k/interbotix_ws/install/interbotix_xsarm_control:/home/karan_k/interbotix_ws/install/interbotix_xsarm_descriptions:/home/karan_k/interbotix_ws/install/interbotix_xs_toolbox:/home/karan_k/interbotix_ws/install/interbotix_xs_rviz:/home/karan_k/interbotix_ws/install/interbotix_ros_xseries:/home/karan_k/interbotix_ws/install/interbotix_xs_sdk:/home/karan_k/interbotix_ws/install/interbotix_xs_ros_control:/home/karan_k/interbotix_ws/install/interbotix_perception_toolbox:/home/karan_k/interbotix_ws/install/interbotix_common_toolbox:/home/karan_k/interbotix_ws/install/interbotix_gravity_compensation:/home/karan_k/interbotix_ws/install/interbotix_xs_msgs:/home/karan_k/interbotix_ws/install/interbotix_xs_driver:/home/karan_k/interbotix_ws/install/interbotix_tf_tools:/home/karan_k/interbotix_ws/install/interbotix_perception_pipelines:/home/karan_k/interbotix_ws/install/interbotix_perception_msgs:/home/karan_k/interbotix_ws/install/interbotix_moveit_interface_msgs:/home/karan_k/interbotix_ws/install/interbotix_common_sim:/home/karan_k/interbotix_ws/install/dynamixel_workbench_toolbox:/home/karan_k/apriltag_ws/install/apriltag_ros:/home/karan_k/ardu_ws/install/ardupilot_dds_tests:/home/karan_k/interbotix_ws/install/interbotix_xs_modules:/home/karan_k/interbotix_ws/install/interbotix_perception_modules:/home/karan_k/interbotix_ws/install/interbotix_common_modules:/opt/ros/humble LD_LIBRARY_PATH=/home/karan_k/Geomagic_Touch_ROS2/install/omni_msgs/lib:/home/karan_k/ardu_ws/install/sdformat_urdf/lib:/home/karan_k/ardu_ws/install/ros_ign_interfaces/lib:/home/karan_k/ardu_ws/install/ros_gz_sim/lib:/home/karan_k/ardu_ws/install/ros_gz_bridge/lib:/home/karan_k/ardu_ws/install/ros_gz_interfaces/lib:/home/karan_k/ardu_ws/install/micro_ros_agent/lib:/home/karan_k/ardu_ws/install/ardupilot_msgs/lib:/home/karan_k/interbotix_ws/install/moveit_visual_tools/lib:/home/karan_k/interbotix_ws/install/interbotix_xs_rviz/lib:/home/karan_k/interbotix_ws/install/interbotix_xs_ros_control/lib:/home/karan_k/interbotix_ws/install/interbotix_xs_msgs/lib:/home/karan_k/interbotix_ws/install/interbotix_xs_driver/lib:/home/karan_k/interbotix_ws/install/interbotix_tf_tools/lib:/home/karan_k/interbotix_ws/install/interbotix_perception_msgs/lib:/home/karan_k/interbotix_ws/install/interbotix_moveit_interface_msgs/lib:/home/karan_k/interbotix_ws/install/dynamixel_workbench_toolbox/lib:/home/karan_k/apriltag_ws/install/apriltag_ros/lib:/usr/lib/x86_64-linux-gnu/gazebo-11/plugins:/opt/ros/humble/opt/rviz_ogre_vendor/lib:/opt/ros/humble/lib/x86_64-linux-gnu:/opt/ros/humble/lib:/usr/lib/x86_64-linux-gnu/gazebo-11/plugins:/usr/lib/x86_64-linux-gnu/gazebo-11/plugins:/usr/lib/x86_64-linux-gnu/gazebo-11/plugins:/usr/share/gazebo-11/../../lib/x86_64-linux-gnu/gazebo-11/plugins:/usr/lib/x86_64-linux-gnu/gazebo-11/plugins:/usr/lib/x86_64-linux-gnu/gazebo-11/plugins /usr/bin/cmake --install /home/karan_k/Geomagic_Touch_ROS2/build/omni_common
[1.564s] Level 1:colcon.colcon_core.environment:checking '/home/karan_k/Geomagic_Touch_ROS2/install/omni_common' for CMake config files
[1.565s] Level 1:colcon.colcon_core.shell:create_environment_hook('omni_common', 'cmake_prefix_path')
[1.565s] INFO:colcon.colcon_core.shell:Creating environment hook '/home/karan_k/Geomagic_Touch_ROS2/install/omni_common/share/omni_common/hook/cmake_prefix_path.ps1'
[1.565s] INFO:colcon.colcon_core.shell:Creating environment descriptor '/home/karan_k/Geomagic_Touch_ROS2/install/omni_common/share/omni_common/hook/cmake_prefix_path.dsv'
[1.566s] INFO:colcon.colcon_core.shell:Creating environment hook '/home/karan_k/Geomagic_Touch_ROS2/install/omni_common/share/omni_common/hook/cmake_prefix_path.sh'
[1.566s] Level 1:colcon.colcon_core.environment:checking '/home/karan_k/Geomagic_Touch_ROS2/install/omni_common/lib'
[1.566s] Level 1:colcon.colcon_core.environment:checking '/home/karan_k/Geomagic_Touch_ROS2/install/omni_common/bin'
[1.566s] Level 1:colcon.colcon_core.environment:checking '/home/karan_k/Geomagic_Touch_ROS2/install/omni_common/lib/pkgconfig/omni_common.pc'
[1.566s] Level 1:colcon.colcon_core.environment:checking '/home/karan_k/Geomagic_Touch_ROS2/install/omni_common/lib/python3.10/site-packages'
[1.567s] Level 1:colcon.colcon_core.environment:checking '/home/karan_k/Geomagic_Touch_ROS2/install/omni_common/bin'
[1.567s] INFO:colcon.colcon_core.shell:Creating package script '/home/karan_k/Geomagic_Touch_ROS2/install/omni_common/share/omni_common/package.ps1'
[1.567s] INFO:colcon.colcon_core.shell:Creating package descriptor '/home/karan_k/Geomagic_Touch_ROS2/install/omni_common/share/omni_common/package.dsv'
[1.568s] INFO:colcon.colcon_core.shell:Creating package script '/home/karan_k/Geomagic_Touch_ROS2/install/omni_common/share/omni_common/package.sh'
[1.568s] INFO:colcon.colcon_core.shell:Creating package script '/home/karan_k/Geomagic_Touch_ROS2/install/omni_common/share/omni_common/package.bash'
[1.568s] INFO:colcon.colcon_core.shell:Creating package script '/home/karan_k/Geomagic_Touch_ROS2/install/omni_common/share/omni_common/package.zsh'
[1.569s] Level 1:colcon.colcon_core.environment:create_file_with_runtime_dependencies(/home/karan_k/Geomagic_Touch_ROS2/install/omni_common/share/colcon-core/packages/omni_common)
[1.569s] Level 1:colcon.colcon_core.environment:create_environment_scripts_only(omni_common)
[1.569s] Level 1:colcon.colcon_core.environment:checking '/home/karan_k/Geomagic_Touch_ROS2/install/omni_common' for CMake module files
[1.569s] Level 1:colcon.colcon_core.environment:checking '/home/karan_k/Geomagic_Touch_ROS2/install/omni_common' for CMake config files
[1.570s] Level 1:colcon.colcon_core.shell:create_environment_hook('omni_common', 'cmake_prefix_path')
[1.570s] INFO:colcon.colcon_core.shell:Creating environment hook '/home/karan_k/Geomagic_Touch_ROS2/install/omni_common/share/omni_common/hook/cmake_prefix_path.ps1'
[1.570s] INFO:colcon.colcon_core.shell:Creating environment descriptor '/home/karan_k/Geomagic_Touch_ROS2/install/omni_common/share/omni_common/hook/cmake_prefix_path.dsv'
[1.570s] INFO:colcon.colcon_core.shell:Creating environment hook '/home/karan_k/Geomagic_Touch_ROS2/install/omni_common/share/omni_common/hook/cmake_prefix_path.sh'
[1.571s] Level 1:colcon.colcon_core.environment:checking '/home/karan_k/Geomagic_Touch_ROS2/install/omni_common/lib'
[1.571s] Level 1:colcon.colcon_core.environment:checking '/home/karan_k/Geomagic_Touch_ROS2/install/omni_common/bin'
[1.571s] Level 1:colcon.colcon_core.environment:checking '/home/karan_k/Geomagic_Touch_ROS2/install/omni_common/lib/pkgconfig/omni_common.pc'
[1.571s] Level 1:colcon.colcon_core.environment:checking '/home/karan_k/Geomagic_Touch_ROS2/install/omni_common/lib/python3.10/site-packages'
[1.571s] Level 1:colcon.colcon_core.environment:checking '/home/karan_k/Geomagic_Touch_ROS2/install/omni_common/bin'
[1.571s] INFO:colcon.colcon_core.shell:Creating package script '/home/karan_k/Geomagic_Touch_ROS2/install/omni_common/share/omni_common/package.ps1'
[1.572s] INFO:colcon.colcon_core.shell:Creating package descriptor '/home/karan_k/Geomagic_Touch_ROS2/install/omni_common/share/omni_common/package.dsv'
[1.572s] INFO:colcon.colcon_core.shell:Creating package script '/home/karan_k/Geomagic_Touch_ROS2/install/omni_common/share/omni_common/package.sh'
[1.572s] INFO:colcon.colcon_core.shell:Creating package script '/home/karan_k/Geomagic_Touch_ROS2/install/omni_common/share/omni_common/package.bash'
[1.573s] INFO:colcon.colcon_core.shell:Creating package script '/home/karan_k/Geomagic_Touch_ROS2/install/omni_common/share/omni_common/package.zsh'
[1.573s] Level 1:colcon.colcon_core.environment:create_file_with_runtime_dependencies(/home/karan_k/Geomagic_Touch_ROS2/install/omni_common/share/colcon-core/packages/omni_common)
[1.573s] DEBUG:colcon.colcon_parallel_executor.executor.parallel:closing loop
[1.574s] DEBUG:colcon.colcon_parallel_executor.executor.parallel:loop closed
[1.574s] DEBUG:colcon.colcon_parallel_executor.executor.parallel:run_until_complete finished with '0'
[1.574s] DEBUG:colcon.colcon_core.event_reactor:joining thread
[1.578s] INFO:colcon.colcon_core.plugin_system:Skipping extension 'colcon_notification.desktop_notification.terminal_notifier': Not used on non-Darwin systems
[1.578s] INFO:colcon.colcon_core.plugin_system:Skipping extension 'colcon_notification.desktop_notification.win32': Not used on non-Windows systems
[1.578s] INFO:colcon.colcon_notification.desktop_notification:Sending desktop notification using 'notify2'
[1.587s] DEBUG:colcon.colcon_core.event_reactor:joined thread
[1.588s] INFO:colcon.colcon_core.shell:Creating prefix script '/home/karan_k/Geomagic_Touch_ROS2/install/local_setup.ps1'
[1.589s] INFO:colcon.colcon_core.shell:Creating prefix util module '/home/karan_k/Geomagic_Touch_ROS2/install/_local_setup_util_ps1.py'
[1.590s] INFO:colcon.colcon_core.shell:Creating prefix chain script '/home/karan_k/Geomagic_Touch_ROS2/install/setup.ps1'
[1.592s] INFO:colcon.colcon_core.shell:Creating prefix script '/home/karan_k/Geomagic_Touch_ROS2/install/local_setup.sh'
[1.593s] INFO:colcon.colcon_core.shell:Creating prefix util module '/home/karan_k/Geomagic_Touch_ROS2/install/_local_setup_util_sh.py'
[1.593s] INFO:colcon.colcon_core.shell:Creating prefix chain script '/home/karan_k/Geomagic_Touch_ROS2/install/setup.sh'
[1.596s] INFO:colcon.colcon_core.shell:Creating prefix script '/home/karan_k/Geomagic_Touch_ROS2/install/local_setup.bash'
[1.596s] INFO:colcon.colcon_core.shell:Creating prefix chain script '/home/karan_k/Geomagic_Touch_ROS2/install/setup.bash'
[1.599s] INFO:colcon.colcon_core.shell:Creating prefix script '/home/karan_k/Geomagic_Touch_ROS2/install/local_setup.zsh'
[1.599s] INFO:colcon.colcon_core.shell:Creating prefix chain script '/home/karan_k/Geomagic_Touch_ROS2/install/setup.zsh'
