[0.015s] Invoking command in '/home/karan_k/Geomagic_Touch_ROS2/build/omni_msgs': CMAKE_PREFIX_PATH=${CMAKE_PREFIX_PATH}:/home/karan_k/ardu_ws/install/ardupilot_dds_tests:/opt/ros/humble /usr/bin/cmake /home/karan_k/Geomagic_Touch_ROS2/src/omni_msgs -DCMAKE_INSTALL_PREFIX=/home/karan_k/Geomagic_Touch_ROS2/install/omni_msgs
[0.081s] -- The C compiler identification is GNU 11.4.0
[0.140s] -- The CXX compiler identification is GNU 11.4.0
[0.150s] -- Detecting C compiler ABI info
[0.207s] -- Detecting C compiler ABI info - done
[0.212s] -- Check for working C compiler: /usr/lib/ccache/cc - skipped
[0.212s] -- Detecting C compile features
[0.212s] -- Detecting C compile features - done
[0.215s] -- Detecting CXX compiler ABI info
[0.283s] -- Detecting CXX compiler ABI info - done
[0.289s] -- Check for working CXX compiler: /usr/lib/ccache/c++ - skipped
[0.289s] -- Detecting CXX compile features
[0.290s] -- Detecting CXX compile features - done
[0.294s] -- Found ament_cmake: 1.3.11 (/opt/ros/humble/share/ament_cmake/cmake)
[0.627s] -- Found Python3: /usr/bin/python3 (found version "3.10.12") found components: Interpreter 
[0.736s] -- Found rosidl_default_generators: 1.2.0 (/opt/ros/humble/share/rosidl_default_generators/cmake)
[0.743s] -- Using all available rosidl_typesupport_c: rosidl_typesupport_fastrtps_c;rosidl_typesupport_introspection_c
[0.755s] -- Found rosidl_adapter: 3.1.6 (/opt/ros/humble/share/rosidl_adapter/cmake)
[0.809s] -- Using all available rosidl_typesupport_cpp: rosidl_typesupport_fastrtps_cpp;rosidl_typesupport_introspection_cpp
[0.852s] -- Found geometry_msgs: 4.9.0 (/opt/ros/humble/share/geometry_msgs/cmake)
[1.144s] -- Found ament_cmake_ros: 0.10.0 (/opt/ros/humble/share/ament_cmake_ros/cmake)
[1.361s] -- Using all available rosidl_typesupport_c: rosidl_typesupport_fastrtps_c;rosidl_typesupport_introspection_c
[1.635s] -- Using all available rosidl_typesupport_cpp: rosidl_typesupport_fastrtps_cpp;rosidl_typesupport_introspection_cpp
[1.655s] -- Found PythonInterp: /usr/bin/python3 (found suitable version "3.10.12", minimum required is "3.6") 
[1.659s] -- Found python_cmake_module: 0.10.0 (/opt/ros/humble/share/python_cmake_module/cmake)
[1.681s] -- Found PythonLibs: /usr/lib/x86_64-linux-gnu/libpython3.10.so (found suitable version "3.10.12", minimum required is "3.5") 
[1.681s] -- Using PYTHON_EXECUTABLE: /usr/bin/python3
[1.681s] -- Using PYTHON_INCLUDE_DIRS: /usr/include/python3.10
[1.681s] -- Using PYTHON_LIBRARIES: /usr/lib/x86_64-linux-gnu/libpython3.10.so
[1.698s] -- Found PythonExtra: .so  
[1.758s] -- Found ament_lint_auto: 0.12.12 (/opt/ros/humble/share/ament_lint_auto/cmake)
[1.793s] -- Added test 'copyright' to check source files copyright and LICENSE
[1.795s] -- Added test 'lint_cmake' to check CMake code style
[1.796s] -- Added test 'xmllint' to check XML markup files
[1.799s] -- Configuring done
[1.828s] -- Generating done
[1.837s] -- Build files have been written to: /home/karan_k/Geomagic_Touch_ROS2/build/omni_msgs
[1.845s] Invoked command in '/home/karan_k/Geomagic_Touch_ROS2/build/omni_msgs' returned '0': CMAKE_PREFIX_PATH=${CMAKE_PREFIX_PATH}:/home/karan_k/ardu_ws/install/ardupilot_dds_tests:/opt/ros/humble /usr/bin/cmake /home/karan_k/Geomagic_Touch_ROS2/src/omni_msgs -DCMAKE_INSTALL_PREFIX=/home/karan_k/Geomagic_Touch_ROS2/install/omni_msgs
[1.846s] Invoking command in '/home/karan_k/Geomagic_Touch_ROS2/build/omni_msgs': CMAKE_PREFIX_PATH=${CMAKE_PREFIX_PATH}:/home/karan_k/ardu_ws/install/ardupilot_dds_tests:/opt/ros/humble /usr/bin/cmake --build /home/karan_k/Geomagic_Touch_ROS2/build/omni_msgs -- -j16 -l16
[1.885s] [  2%] [34m[1mGenerating C code for ROS interfaces[0m
[1.896s] [  4%] [34m[1mGenerating C++ code for ROS interfaces[0m
[1.903s] [  4%] Built target ament_cmake_python_copy_omni_msgs
[2.087s] running egg_info
[2.102s] creating omni_msgs.egg-info
[2.102s] writing omni_msgs.egg-info/PKG-INFO
[2.102s] writing dependency_links to omni_msgs.egg-info/dependency_links.txt
[2.103s] writing top-level names to omni_msgs.egg-info/top_level.txt
[2.103s] writing manifest file 'omni_msgs.egg-info/SOURCES.txt'
[2.146s] reading manifest file 'omni_msgs.egg-info/SOURCES.txt'
[2.147s] writing manifest file 'omni_msgs.egg-info/SOURCES.txt'
[2.192s] [  6%] [32mBuilding C object CMakeFiles/omni_msgs__rosidl_generator_c.dir/rosidl_generator_c/omni_msgs/msg/detail/omni_feedback__functions.c.o[0m
[2.192s] [  8%] Built target omni_msgs__cpp
[2.192s] [  8%] [32mBuilding C object CMakeFiles/omni_msgs__rosidl_generator_c.dir/rosidl_generator_c/omni_msgs/msg/detail/omni_button_event__functions.c.o[0m
[2.192s] [ 10%] [32mBuilding C object CMakeFiles/omni_msgs__rosidl_generator_c.dir/rosidl_generator_c/omni_msgs/msg/detail/omni_state__functions.c.o[0m
[2.193s] [ 10%] Built target ament_cmake_python_build_omni_msgs_egg
[2.202s] [ 17%] [34m[1mGenerating C++ type support for eProsima Fast-RTPS[0m
[2.203s] [ 17%] [34m[1mGenerating C++ type support dispatch for ROS interfaces[0m
[2.203s] [ 17%] [34m[1mGenerating C++ introspection for ROS interfaces[0m
[2.204s] [ 19%] [32m[1mLinking C shared library libomni_msgs__rosidl_generator_c.so[0m
[2.245s] [ 19%] Built target omni_msgs__rosidl_generator_c
[2.257s] [ 25%] [34m[1mGenerating C type support for eProsima Fast-RTPS[0m
[2.257s] [ 25%] [34m[1mGenerating C introspection for ROS interfaces[0m
[2.257s] [ 25%] [34m[1mGenerating C type support dispatch for ROS interfaces[0m
[2.454s] [ 29%] [32mBuilding CXX object CMakeFiles/omni_msgs__rosidl_typesupport_cpp.dir/rosidl_typesupport_cpp/omni_msgs/msg/omni_state__type_support.cpp.o[0m
[2.454s] [ 31%] [32mBuilding CXX object CMakeFiles/omni_msgs__rosidl_typesupport_cpp.dir/rosidl_typesupport_cpp/omni_msgs/msg/omni_feedback__type_support.cpp.o[0m
[2.454s] [ 31%] [32mBuilding CXX object CMakeFiles/omni_msgs__rosidl_typesupport_cpp.dir/rosidl_typesupport_cpp/omni_msgs/msg/omni_button_event__type_support.cpp.o[0m
[2.473s] [ 36%] [32mBuilding CXX object CMakeFiles/omni_msgs__rosidl_typesupport_introspection_cpp.dir/rosidl_typesupport_introspection_cpp/omni_msgs/msg/detail/omni_state__type_support.cpp.o[0m
[2.473s] [ 36%] [32mBuilding CXX object CMakeFiles/omni_msgs__rosidl_typesupport_introspection_cpp.dir/rosidl_typesupport_introspection_cpp/omni_msgs/msg/detail/omni_button_event__type_support.cpp.o[0m
[2.474s] [ 38%] [32mBuilding CXX object CMakeFiles/omni_msgs__rosidl_typesupport_introspection_cpp.dir/rosidl_typesupport_introspection_cpp/omni_msgs/msg/detail/omni_feedback__type_support.cpp.o[0m
[2.479s] [ 40%] [32m[1mLinking CXX shared library libomni_msgs__rosidl_typesupport_cpp.so[0m
[2.490s] [ 42%] [32m[1mLinking CXX shared library libomni_msgs__rosidl_typesupport_introspection_cpp.so[0m
[2.498s] [ 48%] [32mBuilding CXX object CMakeFiles/omni_msgs__rosidl_typesupport_fastrtps_cpp.dir/rosidl_typesupport_fastrtps_cpp/omni_msgs/msg/detail/dds_fastrtps/omni_button_event__type_support.cpp.o[0m
[2.498s] [ 48%] [32mBuilding CXX object CMakeFiles/omni_msgs__rosidl_typesupport_fastrtps_cpp.dir/rosidl_typesupport_fastrtps_cpp/omni_msgs/msg/detail/dds_fastrtps/omni_state__type_support.cpp.o[0m
[2.498s] [ 48%] [32mBuilding CXX object CMakeFiles/omni_msgs__rosidl_typesupport_fastrtps_cpp.dir/rosidl_typesupport_fastrtps_cpp/omni_msgs/msg/detail/dds_fastrtps/omni_feedback__type_support.cpp.o[0m
[2.512s] [ 55%] [32mBuilding CXX object CMakeFiles/omni_msgs__rosidl_typesupport_c.dir/rosidl_typesupport_c/omni_msgs/msg/omni_button_event__type_support.cpp.o[0m
[2.512s] [ 55%] [32mBuilding CXX object CMakeFiles/omni_msgs__rosidl_typesupport_c.dir/rosidl_typesupport_c/omni_msgs/msg/omni_feedback__type_support.cpp.o[0m
[2.512s] [ 55%] [32mBuilding CXX object CMakeFiles/omni_msgs__rosidl_typesupport_c.dir/rosidl_typesupport_c/omni_msgs/msg/omni_state__type_support.cpp.o[0m
[2.523s] [ 55%] Built target omni_msgs__rosidl_typesupport_cpp
[2.528s] [ 57%] [32m[1mLinking CXX shared library libomni_msgs__rosidl_typesupport_c.so[0m
[2.549s] [ 63%] [32mBuilding C object CMakeFiles/omni_msgs__rosidl_typesupport_introspection_c.dir/rosidl_typesupport_introspection_c/omni_msgs/msg/detail/omni_feedback__type_support.c.o[0m
[2.549s] [ 63%] [32mBuilding C object CMakeFiles/omni_msgs__rosidl_typesupport_introspection_c.dir/rosidl_typesupport_introspection_c/omni_msgs/msg/detail/omni_state__type_support.c.o[0m
[2.550s] [ 63%] [32mBuilding C object CMakeFiles/omni_msgs__rosidl_typesupport_introspection_c.dir/rosidl_typesupport_introspection_c/omni_msgs/msg/detail/omni_button_event__type_support.c.o[0m
[2.564s] [ 65%] [32mBuilding CXX object CMakeFiles/omni_msgs__rosidl_typesupport_fastrtps_c.dir/rosidl_typesupport_fastrtps_c/omni_msgs/msg/detail/omni_state__type_support_c.cpp.o[0m
[2.564s] [ 70%] [32mBuilding CXX object CMakeFiles/omni_msgs__rosidl_typesupport_fastrtps_c.dir/rosidl_typesupport_fastrtps_c/omni_msgs/msg/detail/omni_button_event__type_support_c.cpp.o[0m
[2.564s] [ 70%] [32mBuilding CXX object CMakeFiles/omni_msgs__rosidl_typesupport_fastrtps_c.dir/rosidl_typesupport_fastrtps_c/omni_msgs/msg/detail/omni_feedback__type_support_c.cpp.o[0m
[2.574s] [ 70%] Built target omni_msgs__rosidl_typesupport_introspection_cpp
[2.575s] [ 70%] Built target omni_msgs__rosidl_typesupport_c
[2.584s] [ 72%] [32m[1mLinking C shared library libomni_msgs__rosidl_typesupport_introspection_c.so[0m
[2.607s] [ 74%] [32m[1mLinking CXX shared library libomni_msgs__rosidl_typesupport_fastrtps_cpp.so[0m
[2.619s] [ 74%] Built target omni_msgs__rosidl_typesupport_introspection_c
[2.648s] [ 76%] [32m[1mLinking CXX shared library libomni_msgs__rosidl_typesupport_fastrtps_c.so[0m
[2.677s] [ 76%] Built target omni_msgs__rosidl_typesupport_fastrtps_cpp
[2.718s] [ 76%] Built target omni_msgs__rosidl_typesupport_fastrtps_c
[2.740s] [ 76%] Built target omni_msgs
[2.760s] [ 78%] [34m[1mGenerating Python code for ROS interfaces[0m
[3.122s] [ 78%] Built target omni_msgs__py
[3.145s] [ 85%] [32mBuilding C object CMakeFiles/omni_msgs__rosidl_generator_py.dir/rosidl_generator_py/omni_msgs/msg/_omni_button_event_s.c.o[0m
[3.145s] [ 85%] [32mBuilding C object CMakeFiles/omni_msgs__rosidl_generator_py.dir/rosidl_generator_py/omni_msgs/msg/_omni_feedback_s.c.o[0m
[3.145s] [ 85%] [32mBuilding C object CMakeFiles/omni_msgs__rosidl_generator_py.dir/rosidl_generator_py/omni_msgs/msg/_omni_state_s.c.o[0m
[3.160s] [ 87%] [32m[1mLinking C shared library rosidl_generator_py/omni_msgs/libomni_msgs__rosidl_generator_py.so[0m
[3.203s] [ 87%] Built target omni_msgs__rosidl_generator_py
[3.224s] [ 91%] [32mBuilding C object CMakeFiles/omni_msgs__rosidl_typesupport_introspection_c__pyext.dir/rosidl_generator_py/omni_msgs/_omni_msgs_s.ep.rosidl_typesupport_introspection_c.c.o[0m
[3.224s] [ 91%] [32mBuilding C object CMakeFiles/omni_msgs__rosidl_typesupport_c__pyext.dir/rosidl_generator_py/omni_msgs/_omni_msgs_s.ep.rosidl_typesupport_c.c.o[0m
[3.224s] [ 93%] [32mBuilding C object CMakeFiles/omni_msgs__rosidl_typesupport_fastrtps_c__pyext.dir/rosidl_generator_py/omni_msgs/_omni_msgs_s.ep.rosidl_typesupport_fastrtps_c.c.o[0m
[3.239s] [100%] [32m[1mLinking C shared library rosidl_generator_py/omni_msgs/omni_msgs_s__rosidl_typesupport_introspection_c.cpython-310-x86_64-linux-gnu.so[0m
[3.239s] [100%] [32m[1mLinking C shared library rosidl_generator_py/omni_msgs/omni_msgs_s__rosidl_typesupport_fastrtps_c.cpython-310-x86_64-linux-gnu.so[0m
[3.239s] [100%] [32m[1mLinking C shared library rosidl_generator_py/omni_msgs/omni_msgs_s__rosidl_typesupport_c.cpython-310-x86_64-linux-gnu.so[0m
[3.279s] [100%] Built target omni_msgs__rosidl_typesupport_fastrtps_c__pyext
[3.279s] [100%] Built target omni_msgs__rosidl_typesupport_introspection_c__pyext
[3.279s] [100%] Built target omni_msgs__rosidl_typesupport_c__pyext
[3.292s] Invoked command in '/home/karan_k/Geomagic_Touch_ROS2/build/omni_msgs' returned '0': CMAKE_PREFIX_PATH=${CMAKE_PREFIX_PATH}:/home/karan_k/ardu_ws/install/ardupilot_dds_tests:/opt/ros/humble /usr/bin/cmake --build /home/karan_k/Geomagic_Touch_ROS2/build/omni_msgs -- -j16 -l16
[3.293s] Invoking command in '/home/karan_k/Geomagic_Touch_ROS2/build/omni_msgs': CMAKE_PREFIX_PATH=${CMAKE_PREFIX_PATH}:/home/karan_k/ardu_ws/install/ardupilot_dds_tests:/opt/ros/humble /usr/bin/cmake --install /home/karan_k/Geomagic_Touch_ROS2/build/omni_msgs
[3.301s] -- Install configuration: ""
[3.301s] -- Installing: /home/karan_k/Geomagic_Touch_ROS2/install/omni_msgs/share/ament_index/resource_index/rosidl_interfaces/omni_msgs
[3.301s] -- Installing: /home/karan_k/Geomagic_Touch_ROS2/install/omni_msgs/include/omni_msgs/omni_msgs
[3.301s] -- Installing: /home/karan_k/Geomagic_Touch_ROS2/install/omni_msgs/include/omni_msgs/omni_msgs/msg
[3.301s] -- Installing: /home/karan_k/Geomagic_Touch_ROS2/install/omni_msgs/include/omni_msgs/omni_msgs/msg/detail
[3.301s] -- Installing: /home/karan_k/Geomagic_Touch_ROS2/install/omni_msgs/include/omni_msgs/omni_msgs/msg/detail/omni_feedback__type_support.h
[3.301s] -- Installing: /home/karan_k/Geomagic_Touch_ROS2/install/omni_msgs/include/omni_msgs/omni_msgs/msg/detail/omni_feedback__functions.c
[3.302s] -- Installing: /home/karan_k/Geomagic_Touch_ROS2/install/omni_msgs/include/omni_msgs/omni_msgs/msg/detail/omni_state__functions.h
[3.302s] -- Installing: /home/karan_k/Geomagic_Touch_ROS2/install/omni_msgs/include/omni_msgs/omni_msgs/msg/detail/omni_button_event__struct.h
[3.302s] -- Installing: /home/karan_k/Geomagic_Touch_ROS2/install/omni_msgs/include/omni_msgs/omni_msgs/msg/detail/omni_state__functions.c
[3.302s] -- Installing: /home/karan_k/Geomagic_Touch_ROS2/install/omni_msgs/include/omni_msgs/omni_msgs/msg/detail/omni_button_event__functions.c
[3.302s] -- Installing: /home/karan_k/Geomagic_Touch_ROS2/install/omni_msgs/include/omni_msgs/omni_msgs/msg/detail/omni_feedback__functions.h
[3.302s] -- Installing: /home/karan_k/Geomagic_Touch_ROS2/install/omni_msgs/include/omni_msgs/omni_msgs/msg/detail/omni_button_event__functions.h
[3.302s] -- Installing: /home/karan_k/Geomagic_Touch_ROS2/install/omni_msgs/include/omni_msgs/omni_msgs/msg/detail/omni_state__struct.h
[3.303s] -- Installing: /home/karan_k/Geomagic_Touch_ROS2/install/omni_msgs/include/omni_msgs/omni_msgs/msg/detail/omni_feedback__struct.h
[3.303s] -- Installing: /home/karan_k/Geomagic_Touch_ROS2/install/omni_msgs/include/omni_msgs/omni_msgs/msg/detail/omni_button_event__type_support.h
[3.303s] -- Installing: /home/karan_k/Geomagic_Touch_ROS2/install/omni_msgs/include/omni_msgs/omni_msgs/msg/detail/omni_state__type_support.h
[3.303s] -- Installing: /home/karan_k/Geomagic_Touch_ROS2/install/omni_msgs/include/omni_msgs/omni_msgs/msg/rosidl_generator_c__visibility_control.h
[3.303s] -- Installing: /home/karan_k/Geomagic_Touch_ROS2/install/omni_msgs/include/omni_msgs/omni_msgs/msg/omni_button_event.h
[3.303s] -- Installing: /home/karan_k/Geomagic_Touch_ROS2/install/omni_msgs/include/omni_msgs/omni_msgs/msg/omni_state.h
[3.303s] -- Installing: /home/karan_k/Geomagic_Touch_ROS2/install/omni_msgs/include/omni_msgs/omni_msgs/msg/omni_feedback.h
[3.303s] -- Installing: /home/karan_k/Geomagic_Touch_ROS2/install/omni_msgs/share/omni_msgs/environment/library_path.sh
[3.304s] -- Installing: /home/karan_k/Geomagic_Touch_ROS2/install/omni_msgs/share/omni_msgs/environment/library_path.dsv
[3.304s] -- Installing: /home/karan_k/Geomagic_Touch_ROS2/install/omni_msgs/lib/libomni_msgs__rosidl_generator_c.so
[3.304s] -- Set runtime path of "/home/karan_k/Geomagic_Touch_ROS2/install/omni_msgs/lib/libomni_msgs__rosidl_generator_c.so" to ""
[3.304s] -- Up-to-date: /home/karan_k/Geomagic_Touch_ROS2/install/omni_msgs/include/omni_msgs/omni_msgs
[3.304s] -- Up-to-date: /home/karan_k/Geomagic_Touch_ROS2/install/omni_msgs/include/omni_msgs/omni_msgs/msg
[3.304s] -- Up-to-date: /home/karan_k/Geomagic_Touch_ROS2/install/omni_msgs/include/omni_msgs/omni_msgs/msg/detail
[3.305s] -- Installing: /home/karan_k/Geomagic_Touch_ROS2/install/omni_msgs/include/omni_msgs/omni_msgs/msg/detail/omni_button_event__rosidl_typesupport_fastrtps_c.h
[3.305s] -- Installing: /home/karan_k/Geomagic_Touch_ROS2/install/omni_msgs/include/omni_msgs/omni_msgs/msg/detail/omni_feedback__rosidl_typesupport_fastrtps_c.h
[3.305s] -- Installing: /home/karan_k/Geomagic_Touch_ROS2/install/omni_msgs/include/omni_msgs/omni_msgs/msg/detail/omni_state__rosidl_typesupport_fastrtps_c.h
[3.305s] -- Installing: /home/karan_k/Geomagic_Touch_ROS2/install/omni_msgs/include/omni_msgs/omni_msgs/msg/rosidl_typesupport_fastrtps_c__visibility_control.h
[3.305s] -- Installing: /home/karan_k/Geomagic_Touch_ROS2/install/omni_msgs/lib/libomni_msgs__rosidl_typesupport_fastrtps_c.so
[3.305s] -- Set runtime path of "/home/karan_k/Geomagic_Touch_ROS2/install/omni_msgs/lib/libomni_msgs__rosidl_typesupport_fastrtps_c.so" to ""
[3.305s] -- Up-to-date: /home/karan_k/Geomagic_Touch_ROS2/install/omni_msgs/include/omni_msgs/omni_msgs
[3.305s] -- Up-to-date: /home/karan_k/Geomagic_Touch_ROS2/install/omni_msgs/include/omni_msgs/omni_msgs/msg
[3.305s] -- Installing: /home/karan_k/Geomagic_Touch_ROS2/install/omni_msgs/include/omni_msgs/omni_msgs/msg/rosidl_typesupport_introspection_c__visibility_control.h
[3.305s] -- Up-to-date: /home/karan_k/Geomagic_Touch_ROS2/install/omni_msgs/include/omni_msgs/omni_msgs/msg/detail
[3.305s] -- Installing: /home/karan_k/Geomagic_Touch_ROS2/install/omni_msgs/include/omni_msgs/omni_msgs/msg/detail/omni_button_event__type_support.c
[3.306s] -- Installing: /home/karan_k/Geomagic_Touch_ROS2/install/omni_msgs/include/omni_msgs/omni_msgs/msg/detail/omni_state__rosidl_typesupport_introspection_c.h
[3.306s] -- Installing: /home/karan_k/Geomagic_Touch_ROS2/install/omni_msgs/include/omni_msgs/omni_msgs/msg/detail/omni_feedback__type_support.c
[3.306s] -- Installing: /home/karan_k/Geomagic_Touch_ROS2/install/omni_msgs/include/omni_msgs/omni_msgs/msg/detail/omni_state__type_support.c
[3.306s] -- Installing: /home/karan_k/Geomagic_Touch_ROS2/install/omni_msgs/include/omni_msgs/omni_msgs/msg/detail/omni_button_event__rosidl_typesupport_introspection_c.h
[3.306s] -- Installing: /home/karan_k/Geomagic_Touch_ROS2/install/omni_msgs/include/omni_msgs/omni_msgs/msg/detail/omni_feedback__rosidl_typesupport_introspection_c.h
[3.306s] -- Installing: /home/karan_k/Geomagic_Touch_ROS2/install/omni_msgs/lib/libomni_msgs__rosidl_typesupport_introspection_c.so
[3.307s] -- Set runtime path of "/home/karan_k/Geomagic_Touch_ROS2/install/omni_msgs/lib/libomni_msgs__rosidl_typesupport_introspection_c.so" to ""
[3.307s] -- Installing: /home/karan_k/Geomagic_Touch_ROS2/install/omni_msgs/lib/libomni_msgs__rosidl_typesupport_c.so
[3.307s] -- Set runtime path of "/home/karan_k/Geomagic_Touch_ROS2/install/omni_msgs/lib/libomni_msgs__rosidl_typesupport_c.so" to ""
[3.307s] -- Up-to-date: /home/karan_k/Geomagic_Touch_ROS2/install/omni_msgs/include/omni_msgs/omni_msgs
[3.307s] -- Up-to-date: /home/karan_k/Geomagic_Touch_ROS2/install/omni_msgs/include/omni_msgs/omni_msgs/msg
[3.307s] -- Installing: /home/karan_k/Geomagic_Touch_ROS2/install/omni_msgs/include/omni_msgs/omni_msgs/msg/rosidl_generator_cpp__visibility_control.hpp
[3.307s] -- Up-to-date: /home/karan_k/Geomagic_Touch_ROS2/install/omni_msgs/include/omni_msgs/omni_msgs/msg/detail
[3.307s] -- Installing: /home/karan_k/Geomagic_Touch_ROS2/install/omni_msgs/include/omni_msgs/omni_msgs/msg/detail/omni_state__struct.hpp
[3.307s] -- Installing: /home/karan_k/Geomagic_Touch_ROS2/install/omni_msgs/include/omni_msgs/omni_msgs/msg/detail/omni_feedback__builder.hpp
[3.307s] -- Installing: /home/karan_k/Geomagic_Touch_ROS2/install/omni_msgs/include/omni_msgs/omni_msgs/msg/detail/omni_button_event__struct.hpp
[3.307s] -- Installing: /home/karan_k/Geomagic_Touch_ROS2/install/omni_msgs/include/omni_msgs/omni_msgs/msg/detail/omni_state__type_support.hpp
[3.308s] -- Installing: /home/karan_k/Geomagic_Touch_ROS2/install/omni_msgs/include/omni_msgs/omni_msgs/msg/detail/omni_state__builder.hpp
[3.308s] -- Installing: /home/karan_k/Geomagic_Touch_ROS2/install/omni_msgs/include/omni_msgs/omni_msgs/msg/detail/omni_state__traits.hpp
[3.308s] -- Installing: /home/karan_k/Geomagic_Touch_ROS2/install/omni_msgs/include/omni_msgs/omni_msgs/msg/detail/omni_button_event__traits.hpp
[3.308s] -- Installing: /home/karan_k/Geomagic_Touch_ROS2/install/omni_msgs/include/omni_msgs/omni_msgs/msg/detail/omni_feedback__traits.hpp
[3.308s] -- Installing: /home/karan_k/Geomagic_Touch_ROS2/install/omni_msgs/include/omni_msgs/omni_msgs/msg/detail/omni_button_event__type_support.hpp
[3.308s] -- Installing: /home/karan_k/Geomagic_Touch_ROS2/install/omni_msgs/include/omni_msgs/omni_msgs/msg/detail/omni_feedback__struct.hpp
[3.308s] -- Installing: /home/karan_k/Geomagic_Touch_ROS2/install/omni_msgs/include/omni_msgs/omni_msgs/msg/detail/omni_button_event__builder.hpp
[3.309s] -- Installing: /home/karan_k/Geomagic_Touch_ROS2/install/omni_msgs/include/omni_msgs/omni_msgs/msg/detail/omni_feedback__type_support.hpp
[3.309s] -- Installing: /home/karan_k/Geomagic_Touch_ROS2/install/omni_msgs/include/omni_msgs/omni_msgs/msg/omni_feedback.hpp
[3.309s] -- Installing: /home/karan_k/Geomagic_Touch_ROS2/install/omni_msgs/include/omni_msgs/omni_msgs/msg/omni_button_event.hpp
[3.309s] -- Installing: /home/karan_k/Geomagic_Touch_ROS2/install/omni_msgs/include/omni_msgs/omni_msgs/msg/omni_state.hpp
[3.309s] -- Up-to-date: /home/karan_k/Geomagic_Touch_ROS2/install/omni_msgs/include/omni_msgs/omni_msgs
[3.309s] -- Up-to-date: /home/karan_k/Geomagic_Touch_ROS2/install/omni_msgs/include/omni_msgs/omni_msgs/msg
[3.309s] -- Installing: /home/karan_k/Geomagic_Touch_ROS2/install/omni_msgs/include/omni_msgs/omni_msgs/msg/rosidl_typesupport_fastrtps_cpp__visibility_control.h
[3.309s] -- Up-to-date: /home/karan_k/Geomagic_Touch_ROS2/install/omni_msgs/include/omni_msgs/omni_msgs/msg/detail
[3.309s] -- Installing: /home/karan_k/Geomagic_Touch_ROS2/install/omni_msgs/include/omni_msgs/omni_msgs/msg/detail/omni_button_event__rosidl_typesupport_fastrtps_cpp.hpp
[3.309s] -- Installing: /home/karan_k/Geomagic_Touch_ROS2/install/omni_msgs/include/omni_msgs/omni_msgs/msg/detail/omni_feedback__rosidl_typesupport_fastrtps_cpp.hpp
[3.310s] -- Installing: /home/karan_k/Geomagic_Touch_ROS2/install/omni_msgs/include/omni_msgs/omni_msgs/msg/detail/dds_fastrtps
[3.310s] -- Installing: /home/karan_k/Geomagic_Touch_ROS2/install/omni_msgs/include/omni_msgs/omni_msgs/msg/detail/omni_state__rosidl_typesupport_fastrtps_cpp.hpp
[3.310s] -- Installing: /home/karan_k/Geomagic_Touch_ROS2/install/omni_msgs/lib/libomni_msgs__rosidl_typesupport_fastrtps_cpp.so
[3.310s] -- Set runtime path of "/home/karan_k/Geomagic_Touch_ROS2/install/omni_msgs/lib/libomni_msgs__rosidl_typesupport_fastrtps_cpp.so" to ""
[3.310s] -- Up-to-date: /home/karan_k/Geomagic_Touch_ROS2/install/omni_msgs/include/omni_msgs/omni_msgs
[3.310s] -- Up-to-date: /home/karan_k/Geomagic_Touch_ROS2/install/omni_msgs/include/omni_msgs/omni_msgs/msg
[3.310s] -- Up-to-date: /home/karan_k/Geomagic_Touch_ROS2/install/omni_msgs/include/omni_msgs/omni_msgs/msg/detail
[3.310s] -- Installing: /home/karan_k/Geomagic_Touch_ROS2/install/omni_msgs/include/omni_msgs/omni_msgs/msg/detail/omni_button_event__type_support.cpp
[3.310s] -- Installing: /home/karan_k/Geomagic_Touch_ROS2/install/omni_msgs/include/omni_msgs/omni_msgs/msg/detail/omni_feedback__type_support.cpp
[3.310s] -- Installing: /home/karan_k/Geomagic_Touch_ROS2/install/omni_msgs/include/omni_msgs/omni_msgs/msg/detail/omni_feedback__rosidl_typesupport_introspection_cpp.hpp
[3.311s] -- Installing: /home/karan_k/Geomagic_Touch_ROS2/install/omni_msgs/include/omni_msgs/omni_msgs/msg/detail/omni_state__type_support.cpp
[3.311s] -- Installing: /home/karan_k/Geomagic_Touch_ROS2/install/omni_msgs/include/omni_msgs/omni_msgs/msg/detail/omni_button_event__rosidl_typesupport_introspection_cpp.hpp
[3.311s] -- Installing: /home/karan_k/Geomagic_Touch_ROS2/install/omni_msgs/include/omni_msgs/omni_msgs/msg/detail/omni_state__rosidl_typesupport_introspection_cpp.hpp
[3.311s] -- Installing: /home/karan_k/Geomagic_Touch_ROS2/install/omni_msgs/lib/libomni_msgs__rosidl_typesupport_introspection_cpp.so
[3.311s] -- Set runtime path of "/home/karan_k/Geomagic_Touch_ROS2/install/omni_msgs/lib/libomni_msgs__rosidl_typesupport_introspection_cpp.so" to ""
[3.311s] -- Installing: /home/karan_k/Geomagic_Touch_ROS2/install/omni_msgs/lib/libomni_msgs__rosidl_typesupport_cpp.so
[3.312s] -- Set runtime path of "/home/karan_k/Geomagic_Touch_ROS2/install/omni_msgs/lib/libomni_msgs__rosidl_typesupport_cpp.so" to ""
[3.312s] -- Installing: /home/karan_k/Geomagic_Touch_ROS2/install/omni_msgs/share/omni_msgs/environment/pythonpath.sh
[3.312s] -- Installing: /home/karan_k/Geomagic_Touch_ROS2/install/omni_msgs/share/omni_msgs/environment/pythonpath.dsv
[3.312s] -- Installing: /home/karan_k/Geomagic_Touch_ROS2/install/omni_msgs/local/lib/python3.10/dist-packages/omni_msgs-0.0.0-py3.10.egg-info
[3.312s] -- Installing: /home/karan_k/Geomagic_Touch_ROS2/install/omni_msgs/local/lib/python3.10/dist-packages/omni_msgs-0.0.0-py3.10.egg-info/SOURCES.txt
[3.312s] -- Installing: /home/karan_k/Geomagic_Touch_ROS2/install/omni_msgs/local/lib/python3.10/dist-packages/omni_msgs-0.0.0-py3.10.egg-info/PKG-INFO
[3.312s] -- Installing: /home/karan_k/Geomagic_Touch_ROS2/install/omni_msgs/local/lib/python3.10/dist-packages/omni_msgs-0.0.0-py3.10.egg-info/top_level.txt
[3.313s] -- Installing: /home/karan_k/Geomagic_Touch_ROS2/install/omni_msgs/local/lib/python3.10/dist-packages/omni_msgs-0.0.0-py3.10.egg-info/dependency_links.txt
[3.313s] -- Installing: /home/karan_k/Geomagic_Touch_ROS2/install/omni_msgs/local/lib/python3.10/dist-packages/omni_msgs
[3.313s] -- Installing: /home/karan_k/Geomagic_Touch_ROS2/install/omni_msgs/local/lib/python3.10/dist-packages/omni_msgs/omni_msgs_s__rosidl_typesupport_introspection_c.cpython-310-x86_64-linux-gnu.so
[3.313s] -- Installing: /home/karan_k/Geomagic_Touch_ROS2/install/omni_msgs/local/lib/python3.10/dist-packages/omni_msgs/msg
[3.313s] -- Installing: /home/karan_k/Geomagic_Touch_ROS2/install/omni_msgs/local/lib/python3.10/dist-packages/omni_msgs/msg/_omni_feedback.py
[3.313s] -- Installing: /home/karan_k/Geomagic_Touch_ROS2/install/omni_msgs/local/lib/python3.10/dist-packages/omni_msgs/msg/_omni_state.py
[3.313s] -- Installing: /home/karan_k/Geomagic_Touch_ROS2/install/omni_msgs/local/lib/python3.10/dist-packages/omni_msgs/msg/__init__.py
[3.313s] -- Installing: /home/karan_k/Geomagic_Touch_ROS2/install/omni_msgs/local/lib/python3.10/dist-packages/omni_msgs/msg/_omni_feedback_s.c
[3.314s] -- Installing: /home/karan_k/Geomagic_Touch_ROS2/install/omni_msgs/local/lib/python3.10/dist-packages/omni_msgs/msg/_omni_state_s.c
[3.314s] -- Installing: /home/karan_k/Geomagic_Touch_ROS2/install/omni_msgs/local/lib/python3.10/dist-packages/omni_msgs/msg/_omni_button_event_s.c
[3.314s] -- Installing: /home/karan_k/Geomagic_Touch_ROS2/install/omni_msgs/local/lib/python3.10/dist-packages/omni_msgs/msg/_omni_button_event.py
[3.314s] -- Installing: /home/karan_k/Geomagic_Touch_ROS2/install/omni_msgs/local/lib/python3.10/dist-packages/omni_msgs/omni_msgs_s__rosidl_typesupport_fastrtps_c.cpython-310-x86_64-linux-gnu.so
[3.314s] -- Installing: /home/karan_k/Geomagic_Touch_ROS2/install/omni_msgs/local/lib/python3.10/dist-packages/omni_msgs/_omni_msgs_s.ep.rosidl_typesupport_c.c
[3.314s] -- Installing: /home/karan_k/Geomagic_Touch_ROS2/install/omni_msgs/local/lib/python3.10/dist-packages/omni_msgs/libomni_msgs__rosidl_generator_py.so
[3.315s] -- Installing: /home/karan_k/Geomagic_Touch_ROS2/install/omni_msgs/local/lib/python3.10/dist-packages/omni_msgs/__init__.py
[3.315s] -- Installing: /home/karan_k/Geomagic_Touch_ROS2/install/omni_msgs/local/lib/python3.10/dist-packages/omni_msgs/_omni_msgs_s.ep.rosidl_typesupport_fastrtps_c.c
[3.315s] -- Installing: /home/karan_k/Geomagic_Touch_ROS2/install/omni_msgs/local/lib/python3.10/dist-packages/omni_msgs/_omni_msgs_s.ep.rosidl_typesupport_introspection_c.c
[3.315s] -- Installing: /home/karan_k/Geomagic_Touch_ROS2/install/omni_msgs/local/lib/python3.10/dist-packages/omni_msgs/omni_msgs_s__rosidl_typesupport_c.cpython-310-x86_64-linux-gnu.so
[3.346s] Listing '/home/karan_k/Geomagic_Touch_ROS2/install/omni_msgs/local/lib/python3.10/dist-packages/omni_msgs'...
[3.346s] Compiling '/home/karan_k/Geomagic_Touch_ROS2/install/omni_msgs/local/lib/python3.10/dist-packages/omni_msgs/__init__.py'...
[3.346s] Listing '/home/karan_k/Geomagic_Touch_ROS2/install/omni_msgs/local/lib/python3.10/dist-packages/omni_msgs/msg'...
[3.346s] Compiling '/home/karan_k/Geomagic_Touch_ROS2/install/omni_msgs/local/lib/python3.10/dist-packages/omni_msgs/msg/__init__.py'...
[3.346s] Compiling '/home/karan_k/Geomagic_Touch_ROS2/install/omni_msgs/local/lib/python3.10/dist-packages/omni_msgs/msg/_omni_button_event.py'...
[3.346s] Compiling '/home/karan_k/Geomagic_Touch_ROS2/install/omni_msgs/local/lib/python3.10/dist-packages/omni_msgs/msg/_omni_feedback.py'...
[3.346s] Compiling '/home/karan_k/Geomagic_Touch_ROS2/install/omni_msgs/local/lib/python3.10/dist-packages/omni_msgs/msg/_omni_state.py'...
[3.349s] -- Installing: /home/karan_k/Geomagic_Touch_ROS2/install/omni_msgs/local/lib/python3.10/dist-packages/omni_msgs/omni_msgs_s__rosidl_typesupport_fastrtps_c.cpython-310-x86_64-linux-gnu.so
[3.350s] -- Set runtime path of "/home/karan_k/Geomagic_Touch_ROS2/install/omni_msgs/local/lib/python3.10/dist-packages/omni_msgs/omni_msgs_s__rosidl_typesupport_fastrtps_c.cpython-310-x86_64-linux-gnu.so" to ""
[3.350s] -- Installing: /home/karan_k/Geomagic_Touch_ROS2/install/omni_msgs/local/lib/python3.10/dist-packages/omni_msgs/omni_msgs_s__rosidl_typesupport_introspection_c.cpython-310-x86_64-linux-gnu.so
[3.350s] -- Set runtime path of "/home/karan_k/Geomagic_Touch_ROS2/install/omni_msgs/local/lib/python3.10/dist-packages/omni_msgs/omni_msgs_s__rosidl_typesupport_introspection_c.cpython-310-x86_64-linux-gnu.so" to ""
[3.350s] -- Installing: /home/karan_k/Geomagic_Touch_ROS2/install/omni_msgs/local/lib/python3.10/dist-packages/omni_msgs/omni_msgs_s__rosidl_typesupport_c.cpython-310-x86_64-linux-gnu.so
[3.351s] -- Set runtime path of "/home/karan_k/Geomagic_Touch_ROS2/install/omni_msgs/local/lib/python3.10/dist-packages/omni_msgs/omni_msgs_s__rosidl_typesupport_c.cpython-310-x86_64-linux-gnu.so" to ""
[3.351s] -- Installing: /home/karan_k/Geomagic_Touch_ROS2/install/omni_msgs/lib/libomni_msgs__rosidl_generator_py.so
[3.351s] -- Set runtime path of "/home/karan_k/Geomagic_Touch_ROS2/install/omni_msgs/lib/libomni_msgs__rosidl_generator_py.so" to ""
[3.351s] -- Installing: /home/karan_k/Geomagic_Touch_ROS2/install/omni_msgs/share/omni_msgs/msg/OmniButtonEvent.idl
[3.351s] -- Installing: /home/karan_k/Geomagic_Touch_ROS2/install/omni_msgs/share/omni_msgs/msg/OmniFeedback.idl
[3.351s] -- Installing: /home/karan_k/Geomagic_Touch_ROS2/install/omni_msgs/share/omni_msgs/msg/OmniState.idl
[3.352s] -- Installing: /home/karan_k/Geomagic_Touch_ROS2/install/omni_msgs/share/omni_msgs/msg/OmniButtonEvent.msg
[3.352s] -- Installing: /home/karan_k/Geomagic_Touch_ROS2/install/omni_msgs/share/omni_msgs/msg/OmniFeedback.msg
[3.352s] -- Installing: /home/karan_k/Geomagic_Touch_ROS2/install/omni_msgs/share/omni_msgs/msg/OmniState.msg
[3.352s] -- Installing: /home/karan_k/Geomagic_Touch_ROS2/install/omni_msgs/share/ament_index/resource_index/package_run_dependencies/omni_msgs
[3.352s] -- Installing: /home/karan_k/Geomagic_Touch_ROS2/install/omni_msgs/share/ament_index/resource_index/parent_prefix_path/omni_msgs
[3.352s] -- Installing: /home/karan_k/Geomagic_Touch_ROS2/install/omni_msgs/share/omni_msgs/environment/ament_prefix_path.sh
[3.353s] -- Installing: /home/karan_k/Geomagic_Touch_ROS2/install/omni_msgs/share/omni_msgs/environment/ament_prefix_path.dsv
[3.353s] -- Installing: /home/karan_k/Geomagic_Touch_ROS2/install/omni_msgs/share/omni_msgs/environment/path.sh
[3.353s] -- Installing: /home/karan_k/Geomagic_Touch_ROS2/install/omni_msgs/share/omni_msgs/environment/path.dsv
[3.353s] -- Installing: /home/karan_k/Geomagic_Touch_ROS2/install/omni_msgs/share/omni_msgs/local_setup.bash
[3.353s] -- Installing: /home/karan_k/Geomagic_Touch_ROS2/install/omni_msgs/share/omni_msgs/local_setup.sh
[3.353s] -- Installing: /home/karan_k/Geomagic_Touch_ROS2/install/omni_msgs/share/omni_msgs/local_setup.zsh
[3.353s] -- Installing: /home/karan_k/Geomagic_Touch_ROS2/install/omni_msgs/share/omni_msgs/local_setup.dsv
[3.354s] -- Installing: /home/karan_k/Geomagic_Touch_ROS2/install/omni_msgs/share/omni_msgs/package.dsv
[3.354s] -- Installing: /home/karan_k/Geomagic_Touch_ROS2/install/omni_msgs/share/ament_index/resource_index/packages/omni_msgs
[3.354s] -- Installing: /home/karan_k/Geomagic_Touch_ROS2/install/omni_msgs/share/omni_msgs/cmake/export_omni_msgs__rosidl_generator_cExport.cmake
[3.354s] -- Installing: /home/karan_k/Geomagic_Touch_ROS2/install/omni_msgs/share/omni_msgs/cmake/export_omni_msgs__rosidl_generator_cExport-noconfig.cmake
[3.354s] -- Installing: /home/karan_k/Geomagic_Touch_ROS2/install/omni_msgs/share/omni_msgs/cmake/export_omni_msgs__rosidl_typesupport_fastrtps_cExport.cmake
[3.354s] -- Installing: /home/karan_k/Geomagic_Touch_ROS2/install/omni_msgs/share/omni_msgs/cmake/export_omni_msgs__rosidl_typesupport_fastrtps_cExport-noconfig.cmake
[3.355s] -- Installing: /home/karan_k/Geomagic_Touch_ROS2/install/omni_msgs/share/omni_msgs/cmake/omni_msgs__rosidl_typesupport_introspection_cExport.cmake
[3.355s] -- Installing: /home/karan_k/Geomagic_Touch_ROS2/install/omni_msgs/share/omni_msgs/cmake/omni_msgs__rosidl_typesupport_introspection_cExport-noconfig.cmake
[3.355s] -- Installing: /home/karan_k/Geomagic_Touch_ROS2/install/omni_msgs/share/omni_msgs/cmake/omni_msgs__rosidl_typesupport_cExport.cmake
[3.355s] -- Installing: /home/karan_k/Geomagic_Touch_ROS2/install/omni_msgs/share/omni_msgs/cmake/omni_msgs__rosidl_typesupport_cExport-noconfig.cmake
[3.355s] -- Installing: /home/karan_k/Geomagic_Touch_ROS2/install/omni_msgs/share/omni_msgs/cmake/export_omni_msgs__rosidl_generator_cppExport.cmake
[3.355s] -- Installing: /home/karan_k/Geomagic_Touch_ROS2/install/omni_msgs/share/omni_msgs/cmake/export_omni_msgs__rosidl_typesupport_fastrtps_cppExport.cmake
[3.355s] -- Installing: /home/karan_k/Geomagic_Touch_ROS2/install/omni_msgs/share/omni_msgs/cmake/export_omni_msgs__rosidl_typesupport_fastrtps_cppExport-noconfig.cmake
[3.356s] -- Installing: /home/karan_k/Geomagic_Touch_ROS2/install/omni_msgs/share/omni_msgs/cmake/omni_msgs__rosidl_typesupport_introspection_cppExport.cmake
[3.356s] -- Installing: /home/karan_k/Geomagic_Touch_ROS2/install/omni_msgs/share/omni_msgs/cmake/omni_msgs__rosidl_typesupport_introspection_cppExport-noconfig.cmake
[3.356s] -- Installing: /home/karan_k/Geomagic_Touch_ROS2/install/omni_msgs/share/omni_msgs/cmake/omni_msgs__rosidl_typesupport_cppExport.cmake
[3.356s] -- Installing: /home/karan_k/Geomagic_Touch_ROS2/install/omni_msgs/share/omni_msgs/cmake/omni_msgs__rosidl_typesupport_cppExport-noconfig.cmake
[3.356s] -- Installing: /home/karan_k/Geomagic_Touch_ROS2/install/omni_msgs/share/omni_msgs/cmake/export_omni_msgs__rosidl_generator_pyExport.cmake
[3.356s] -- Installing: /home/karan_k/Geomagic_Touch_ROS2/install/omni_msgs/share/omni_msgs/cmake/export_omni_msgs__rosidl_generator_pyExport-noconfig.cmake
[3.357s] -- Installing: /home/karan_k/Geomagic_Touch_ROS2/install/omni_msgs/share/omni_msgs/cmake/rosidl_cmake-extras.cmake
[3.357s] -- Installing: /home/karan_k/Geomagic_Touch_ROS2/install/omni_msgs/share/omni_msgs/cmake/ament_cmake_export_dependencies-extras.cmake
[3.357s] -- Installing: /home/karan_k/Geomagic_Touch_ROS2/install/omni_msgs/share/omni_msgs/cmake/ament_cmake_export_include_directories-extras.cmake
[3.357s] -- Installing: /home/karan_k/Geomagic_Touch_ROS2/install/omni_msgs/share/omni_msgs/cmake/ament_cmake_export_libraries-extras.cmake
[3.357s] -- Installing: /home/karan_k/Geomagic_Touch_ROS2/install/omni_msgs/share/omni_msgs/cmake/ament_cmake_export_targets-extras.cmake
[3.357s] -- Installing: /home/karan_k/Geomagic_Touch_ROS2/install/omni_msgs/share/omni_msgs/cmake/rosidl_cmake_export_typesupport_targets-extras.cmake
[3.357s] -- Installing: /home/karan_k/Geomagic_Touch_ROS2/install/omni_msgs/share/omni_msgs/cmake/rosidl_cmake_export_typesupport_libraries-extras.cmake
[3.358s] -- Installing: /home/karan_k/Geomagic_Touch_ROS2/install/omni_msgs/share/omni_msgs/cmake/omni_msgsConfig.cmake
[3.358s] -- Installing: /home/karan_k/Geomagic_Touch_ROS2/install/omni_msgs/share/omni_msgs/cmake/omni_msgsConfig-version.cmake
[3.358s] -- Installing: /home/karan_k/Geomagic_Touch_ROS2/install/omni_msgs/share/omni_msgs/package.xml
[3.361s] Invoked command in '/home/karan_k/Geomagic_Touch_ROS2/build/omni_msgs' returned '0': CMAKE_PREFIX_PATH=${CMAKE_PREFIX_PATH}:/home/karan_k/ardu_ws/install/ardupilot_dds_tests:/opt/ros/humble /usr/bin/cmake --install /home/karan_k/Geomagic_Touch_ROS2/build/omni_msgs
