[100%] Built target omni_broadcaster
-- Install configuration: ""
-- Up-to-date: /home/karan_k/Geomagic_Touch_ROS2/install/omni_broadcaster/lib/omni_broadcaster/omni_broadcaster
-- Up-to-date: /home/karan_k/Geomagic_Touch_ROS2/install/omni_broadcaster/share/omni_broadcaster/launch
-- Up-to-date: /home/karan_k/Geomagic_Touch_ROS2/install/omni_broadcaster/share/omni_broadcaster/launch/omni_frame.launch.py
-- Up-to-date: /home/karan_k/Geomagic_Touch_ROS2/install/omni_broadcaster/share/ament_index/resource_index/package_run_dependencies/omni_broadcaster
-- Up-to-date: /home/karan_k/Geomagic_Touch_ROS2/install/omni_broadcaster/share/ament_index/resource_index/parent_prefix_path/omni_broadcaster
-- Up-to-date: /home/karan_k/Geomagic_Touch_ROS2/install/omni_broadcaster/share/omni_broadcaster/environment/ament_prefix_path.sh
-- Up-to-date: /home/karan_k/Geomagic_Touch_ROS2/install/omni_broadcaster/share/omni_broadcaster/environment/ament_prefix_path.dsv
-- Up-to-date: /home/karan_k/Geomagic_Touch_ROS2/install/omni_broadcaster/share/omni_broadcaster/environment/path.sh
-- Up-to-date: /home/karan_k/Geomagic_Touch_ROS2/install/omni_broadcaster/share/omni_broadcaster/environment/path.dsv
-- Up-to-date: /home/karan_k/Geomagic_Touch_ROS2/install/omni_broadcaster/share/omni_broadcaster/local_setup.bash
-- Up-to-date: /home/karan_k/Geomagic_Touch_ROS2/install/omni_broadcaster/share/omni_broadcaster/local_setup.sh
-- Up-to-date: /home/karan_k/Geomagic_Touch_ROS2/install/omni_broadcaster/share/omni_broadcaster/local_setup.zsh
-- Up-to-date: /home/karan_k/Geomagic_Touch_ROS2/install/omni_broadcaster/share/omni_broadcaster/local_setup.dsv
-- Installing: /home/karan_k/Geomagic_Touch_ROS2/install/omni_broadcaster/share/omni_broadcaster/package.dsv
-- Up-to-date: /home/karan_k/Geomagic_Touch_ROS2/install/omni_broadcaster/share/ament_index/resource_index/packages/omni_broadcaster
-- Up-to-date: /home/karan_k/Geomagic_Touch_ROS2/install/omni_broadcaster/share/omni_broadcaster/cmake/omni_broadcasterConfig.cmake
-- Up-to-date: /home/karan_k/Geomagic_Touch_ROS2/install/omni_broadcaster/share/omni_broadcaster/cmake/omni_broadcasterConfig-version.cmake
-- Up-to-date: /home/karan_k/Geomagic_Touch_ROS2/install/omni_broadcaster/share/omni_broadcaster/package.xml
