[0.017s] Invoking command in '/home/karan_k/Geomagic_Touch_ROS2/build/omni_msgs': CMAKE_PREFIX_PATH=${CMAKE_PREFIX_PATH}:/home/karan_k/ardu_ws/install/ardupilot_dds_tests:/opt/ros/humble /usr/bin/cmake --build /home/karan_k/Geomagic_Touch_ROS2/build/omni_msgs -- -j16 -l16
[0.042s] -- Found ament_cmake: 1.3.11 (/opt/ros/humble/share/ament_cmake/cmake)
[0.166s] -- Found rosidl_default_generators: 1.2.0 (/opt/ros/humble/share/rosidl_default_generators/cmake)
[0.169s] -- Using all available rosidl_typesupport_c: rosidl_typesupport_fastrtps_c;rosidl_typesupport_introspection_c
[0.171s] -- Found rosidl_adapter: 3.1.6 (/opt/ros/humble/share/rosidl_adapter/cmake)
[0.199s] -- Using all available rosidl_typesupport_cpp: rosidl_typesupport_fastrtps_cpp;rosidl_typesupport_introspection_cpp
[0.220s] -- Found geometry_msgs: 4.9.0 (/opt/ros/humble/share/geometry_msgs/cmake)
[0.520s] -- Found ament_cmake_ros: 0.10.0 (/opt/ros/humble/share/ament_cmake_ros/cmake)
[0.746s] -- Using all available rosidl_typesupport_c: rosidl_typesupport_fastrtps_c;rosidl_typesupport_introspection_c
[1.058s] -- Using all available rosidl_typesupport_cpp: rosidl_typesupport_fastrtps_cpp;rosidl_typesupport_introspection_cpp
[1.079s] -- Found python_cmake_module: 0.10.0 (/opt/ros/humble/share/python_cmake_module/cmake)
[1.101s] -- Using PYTHON_EXECUTABLE: /usr/bin/python3
[1.101s] -- Using PYTHON_INCLUDE_DIRS: /usr/include/python3.10
[1.101s] -- Using PYTHON_LIBRARIES: /usr/lib/x86_64-linux-gnu/libpython3.10.so
[1.143s] -- Found ament_lint_auto: 0.12.12 (/opt/ros/humble/share/ament_lint_auto/cmake)
[1.155s] -- Added test 'copyright' to check source files copyright and LICENSE
[1.156s] -- Added test 'lint_cmake' to check CMake code style
[1.157s] -- Added test 'xmllint' to check XML markup files
[1.159s] -- Configuring done
[1.197s] -- Generating done
[1.210s] -- Build files have been written to: /home/karan_k/Geomagic_Touch_ROS2/build/omni_msgs
[1.256s] [35m[1mConsolidate compiler generated dependencies of target omni_msgs__rosidl_generator_c[0m
[1.269s] [  0%] Built target ament_cmake_python_copy_omni_msgs
[1.272s] [  6%] [32mBuilding C object CMakeFiles/omni_msgs__rosidl_generator_c.dir/rosidl_generator_c/omni_msgs/msg/detail/omni_state__functions.c.o[0m
[1.272s] [  6%] [32mBuilding C object CMakeFiles/omni_msgs__rosidl_generator_c.dir/rosidl_generator_c/omni_msgs/msg/detail/omni_feedback__functions.c.o[0m
[1.272s] [  6%] [32mBuilding C object CMakeFiles/omni_msgs__rosidl_generator_c.dir/rosidl_generator_c/omni_msgs/msg/detail/omni_button_event__functions.c.o[0m
[1.275s] [  8%] Built target omni_msgs__cpp
[1.290s] [ 10%] [32m[1mLinking C shared library libomni_msgs__rosidl_generator_c.so[0m
[1.301s] [35m[1mConsolidate compiler generated dependencies of target omni_msgs__rosidl_typesupport_cpp[0m
[1.301s] [35m[1mConsolidate compiler generated dependencies of target omni_msgs__rosidl_typesupport_fastrtps_cpp[0m
[1.301s] [35m[1mConsolidate compiler generated dependencies of target omni_msgs__rosidl_typesupport_introspection_cpp[0m
[1.321s] [ 19%] [32mBuilding CXX object CMakeFiles/omni_msgs__rosidl_typesupport_fastrtps_cpp.dir/rosidl_typesupport_fastrtps_cpp/omni_msgs/msg/detail/dds_fastrtps/omni_state__type_support.cpp.o[0m
[1.321s] [ 19%] [32mBuilding CXX object CMakeFiles/omni_msgs__rosidl_typesupport_cpp.dir/rosidl_typesupport_cpp/omni_msgs/msg/omni_feedback__type_support.cpp.o[0m
[1.321s] [ 19%] [32mBuilding CXX object CMakeFiles/omni_msgs__rosidl_typesupport_cpp.dir/rosidl_typesupport_cpp/omni_msgs/msg/omni_state__type_support.cpp.o[0m
[1.322s] [ 19%] [32mBuilding CXX object CMakeFiles/omni_msgs__rosidl_typesupport_fastrtps_cpp.dir/rosidl_typesupport_fastrtps_cpp/omni_msgs/msg/detail/dds_fastrtps/omni_feedback__type_support.cpp.o[0m
[1.322s] [ 21%] [32mBuilding CXX object CMakeFiles/omni_msgs__rosidl_typesupport_cpp.dir/rosidl_typesupport_cpp/omni_msgs/msg/omni_button_event__type_support.cpp.o[0m
[1.323s] [ 25%] [32mBuilding CXX object CMakeFiles/omni_msgs__rosidl_typesupport_introspection_cpp.dir/rosidl_typesupport_introspection_cpp/omni_msgs/msg/detail/omni_feedback__type_support.cpp.o[0m
[1.323s] [ 25%] [32mBuilding CXX object CMakeFiles/omni_msgs__rosidl_typesupport_fastrtps_cpp.dir/rosidl_typesupport_fastrtps_cpp/omni_msgs/msg/detail/dds_fastrtps/omni_button_event__type_support.cpp.o[0m
[1.325s] [ 29%] [32mBuilding CXX object CMakeFiles/omni_msgs__rosidl_typesupport_introspection_cpp.dir/rosidl_typesupport_introspection_cpp/omni_msgs/msg/detail/omni_state__type_support.cpp.o[0m
[1.327s] [ 29%] [32mBuilding CXX object CMakeFiles/omni_msgs__rosidl_typesupport_introspection_cpp.dir/rosidl_typesupport_introspection_cpp/omni_msgs/msg/detail/omni_button_event__type_support.cpp.o[0m
[1.344s] [ 31%] [32m[1mLinking CXX shared library libomni_msgs__rosidl_typesupport_cpp.so[0m
[1.346s] [ 34%] [32m[1mLinking CXX shared library libomni_msgs__rosidl_typesupport_introspection_cpp.so[0m
[1.351s] [ 36%] Built target omni_msgs__rosidl_generator_c
[1.385s] [35m[1mConsolidate compiler generated dependencies of target omni_msgs__rosidl_typesupport_c[0m
[1.385s] [35m[1mConsolidate compiler generated dependencies of target omni_msgs__rosidl_typesupport_fastrtps_c[0m
[1.387s] [35m[1mConsolidate compiler generated dependencies of target omni_msgs__rosidl_typesupport_introspection_c[0m
[1.407s] [ 40%] [32mBuilding CXX object CMakeFiles/omni_msgs__rosidl_typesupport_c.dir/rosidl_typesupport_c/omni_msgs/msg/omni_button_event__type_support.cpp.o[0m
[1.408s] [ 40%] [32mBuilding CXX object CMakeFiles/omni_msgs__rosidl_typesupport_c.dir/rosidl_typesupport_c/omni_msgs/msg/omni_state__type_support.cpp.o[0m
[1.408s] [ 42%] [32mBuilding CXX object CMakeFiles/omni_msgs__rosidl_typesupport_c.dir/rosidl_typesupport_c/omni_msgs/msg/omni_feedback__type_support.cpp.o[0m
[1.410s] [ 44%] [32mBuilding CXX object CMakeFiles/omni_msgs__rosidl_typesupport_fastrtps_c.dir/rosidl_typesupport_fastrtps_c/omni_msgs/msg/detail/omni_button_event__type_support_c.cpp.o[0m
[1.411s] [ 46%] [32mBuilding CXX object CMakeFiles/omni_msgs__rosidl_typesupport_fastrtps_c.dir/rosidl_typesupport_fastrtps_c/omni_msgs/msg/detail/omni_state__type_support_c.cpp.o[0m
[1.413s] [ 51%] [32mBuilding C object CMakeFiles/omni_msgs__rosidl_typesupport_introspection_c.dir/rosidl_typesupport_introspection_c/omni_msgs/msg/detail/omni_feedback__type_support.c.o[0m
[1.413s] [ 51%] [32mBuilding C object CMakeFiles/omni_msgs__rosidl_typesupport_introspection_c.dir/rosidl_typesupport_introspection_c/omni_msgs/msg/detail/omni_button_event__type_support.c.o[0m
[1.417s] [ 53%] [32mBuilding CXX object CMakeFiles/omni_msgs__rosidl_typesupport_fastrtps_c.dir/rosidl_typesupport_fastrtps_c/omni_msgs/msg/detail/omni_feedback__type_support_c.cpp.o[0m
[1.418s] [ 55%] [32mBuilding C object CMakeFiles/omni_msgs__rosidl_typesupport_introspection_c.dir/rosidl_typesupport_introspection_c/omni_msgs/msg/detail/omni_state__type_support.c.o[0m
[1.421s] [ 57%] Built target omni_msgs__rosidl_typesupport_cpp
[1.438s] [ 59%] [32m[1mLinking CXX shared library libomni_msgs__rosidl_typesupport_c.so[0m
[1.465s] [ 61%] [32m[1mLinking C shared library libomni_msgs__rosidl_typesupport_introspection_c.so[0m
[1.467s] [ 63%] [32m[1mLinking CXX shared library libomni_msgs__rosidl_typesupport_fastrtps_cpp.so[0m
[1.481s] [ 65%] Built target omni_msgs__rosidl_typesupport_introspection_cpp
[1.498s] [ 68%] Built target omni_msgs__rosidl_typesupport_c
[1.509s] [ 70%] Built target omni_msgs__rosidl_typesupport_introspection_c
[1.540s] [ 72%] [32m[1mLinking CXX shared library libomni_msgs__rosidl_typesupport_fastrtps_c.so[0m
[1.557s] running egg_info
[1.568s] [ 74%] Built target omni_msgs__rosidl_typesupport_fastrtps_cpp
[1.581s] writing omni_msgs.egg-info/PKG-INFO
[1.582s] writing dependency_links to omni_msgs.egg-info/dependency_links.txt
[1.582s] writing top-level names to omni_msgs.egg-info/top_level.txt
[1.630s] [ 76%] Built target omni_msgs__rosidl_typesupport_fastrtps_c
[1.634s] reading manifest file 'omni_msgs.egg-info/SOURCES.txt'
[1.635s] writing manifest file 'omni_msgs.egg-info/SOURCES.txt'
[1.654s] [ 76%] Built target omni_msgs
[1.672s] [ 76%] Built target ament_cmake_python_build_omni_msgs_egg
[1.678s] [ 78%] Built target omni_msgs__py
[1.690s] [35m[1mConsolidate compiler generated dependencies of target omni_msgs__rosidl_generator_py[0m
[1.706s] [ 85%] [32mBuilding C object CMakeFiles/omni_msgs__rosidl_generator_py.dir/rosidl_generator_py/omni_msgs/msg/_omni_button_event_s.c.o[0m
[1.706s] [ 85%] [32mBuilding C object CMakeFiles/omni_msgs__rosidl_generator_py.dir/rosidl_generator_py/omni_msgs/msg/_omni_state_s.c.o[0m
[1.706s] [ 85%] [32mBuilding C object CMakeFiles/omni_msgs__rosidl_generator_py.dir/rosidl_generator_py/omni_msgs/msg/_omni_feedback_s.c.o[0m
[1.723s] [ 87%] [32m[1mLinking C shared library rosidl_generator_py/omni_msgs/libomni_msgs__rosidl_generator_py.so[0m
[1.770s] [ 87%] Built target omni_msgs__rosidl_generator_py
[1.781s] [35m[1mConsolidate compiler generated dependencies of target omni_msgs__rosidl_typesupport_fastrtps_c__pyext[0m
[1.781s] [35m[1mConsolidate compiler generated dependencies of target omni_msgs__rosidl_typesupport_c__pyext[0m
[1.781s] [35m[1mConsolidate compiler generated dependencies of target omni_msgs__rosidl_typesupport_introspection_c__pyext[0m
[1.798s] [ 93%] [32mBuilding C object CMakeFiles/omni_msgs__rosidl_typesupport_fastrtps_c__pyext.dir/rosidl_generator_py/omni_msgs/_omni_msgs_s.ep.rosidl_typesupport_fastrtps_c.c.o[0m
[1.798s] [ 93%] [32mBuilding C object CMakeFiles/omni_msgs__rosidl_typesupport_c__pyext.dir/rosidl_generator_py/omni_msgs/_omni_msgs_s.ep.rosidl_typesupport_c.c.o[0m
[1.798s] [ 93%] [32mBuilding C object CMakeFiles/omni_msgs__rosidl_typesupport_introspection_c__pyext.dir/rosidl_generator_py/omni_msgs/_omni_msgs_s.ep.rosidl_typesupport_introspection_c.c.o[0m
[1.816s] [100%] [32m[1mLinking C shared library rosidl_generator_py/omni_msgs/omni_msgs_s__rosidl_typesupport_introspection_c.cpython-310-x86_64-linux-gnu.so[0m
[1.816s] [100%] [32m[1mLinking C shared library rosidl_generator_py/omni_msgs/omni_msgs_s__rosidl_typesupport_fastrtps_c.cpython-310-x86_64-linux-gnu.so[0m
[1.816s] [100%] [32m[1mLinking C shared library rosidl_generator_py/omni_msgs/omni_msgs_s__rosidl_typesupport_c.cpython-310-x86_64-linux-gnu.so[0m
[1.866s] [100%] Built target omni_msgs__rosidl_typesupport_introspection_c__pyext
[1.866s] [100%] Built target omni_msgs__rosidl_typesupport_c__pyext
[1.866s] [100%] Built target omni_msgs__rosidl_typesupport_fastrtps_c__pyext
[1.880s] Invoked command in '/home/karan_k/Geomagic_Touch_ROS2/build/omni_msgs' returned '0': CMAKE_PREFIX_PATH=${CMAKE_PREFIX_PATH}:/home/karan_k/ardu_ws/install/ardupilot_dds_tests:/opt/ros/humble /usr/bin/cmake --build /home/karan_k/Geomagic_Touch_ROS2/build/omni_msgs -- -j16 -l16
[1.881s] Invoking command in '/home/karan_k/Geomagic_Touch_ROS2/build/omni_msgs': CMAKE_PREFIX_PATH=${CMAKE_PREFIX_PATH}:/home/karan_k/ardu_ws/install/ardupilot_dds_tests:/opt/ros/humble /usr/bin/cmake --install /home/karan_k/Geomagic_Touch_ROS2/build/omni_msgs
[1.890s] -- Install configuration: ""
[1.890s] -- Up-to-date: /home/karan_k/Geomagic_Touch_ROS2/install/omni_msgs/share/ament_index/resource_index/rosidl_interfaces/omni_msgs
[1.890s] -- Up-to-date: /home/karan_k/Geomagic_Touch_ROS2/install/omni_msgs/include/omni_msgs/omni_msgs
[1.890s] -- Up-to-date: /home/karan_k/Geomagic_Touch_ROS2/install/omni_msgs/include/omni_msgs/omni_msgs/msg
[1.890s] -- Up-to-date: /home/karan_k/Geomagic_Touch_ROS2/install/omni_msgs/include/omni_msgs/omni_msgs/msg/detail
[1.890s] -- Installing: /home/karan_k/Geomagic_Touch_ROS2/install/omni_msgs/include/omni_msgs/omni_msgs/msg/detail/omni_feedback__type_support.h
[1.890s] -- Installing: /home/karan_k/Geomagic_Touch_ROS2/install/omni_msgs/include/omni_msgs/omni_msgs/msg/detail/omni_feedback__functions.c
[1.890s] -- Installing: /home/karan_k/Geomagic_Touch_ROS2/install/omni_msgs/include/omni_msgs/omni_msgs/msg/detail/omni_state__functions.h
[1.890s] -- Up-to-date: /home/karan_k/Geomagic_Touch_ROS2/install/omni_msgs/include/omni_msgs/omni_msgs/msg/detail/omni_button_event__struct.h
[1.891s] -- Up-to-date: /home/karan_k/Geomagic_Touch_ROS2/install/omni_msgs/include/omni_msgs/omni_msgs/msg/detail/omni_state__functions.c
[1.891s] -- Installing: /home/karan_k/Geomagic_Touch_ROS2/install/omni_msgs/include/omni_msgs/omni_msgs/msg/detail/omni_button_event__functions.c
[1.891s] -- Installing: /home/karan_k/Geomagic_Touch_ROS2/install/omni_msgs/include/omni_msgs/omni_msgs/msg/detail/omni_feedback__functions.h
[1.891s] -- Installing: /home/karan_k/Geomagic_Touch_ROS2/install/omni_msgs/include/omni_msgs/omni_msgs/msg/detail/omni_button_event__functions.h
[1.891s] -- Up-to-date: /home/karan_k/Geomagic_Touch_ROS2/install/omni_msgs/include/omni_msgs/omni_msgs/msg/detail/omni_state__struct.h
[1.891s] -- Installing: /home/karan_k/Geomagic_Touch_ROS2/install/omni_msgs/include/omni_msgs/omni_msgs/msg/detail/omni_feedback__struct.h
[1.891s] -- Up-to-date: /home/karan_k/Geomagic_Touch_ROS2/install/omni_msgs/include/omni_msgs/omni_msgs/msg/detail/omni_button_event__type_support.h
[1.891s] -- Installing: /home/karan_k/Geomagic_Touch_ROS2/install/omni_msgs/include/omni_msgs/omni_msgs/msg/detail/omni_state__type_support.h
[1.891s] -- Up-to-date: /home/karan_k/Geomagic_Touch_ROS2/install/omni_msgs/include/omni_msgs/omni_msgs/msg/rosidl_generator_c__visibility_control.h
[1.891s] -- Up-to-date: /home/karan_k/Geomagic_Touch_ROS2/install/omni_msgs/include/omni_msgs/omni_msgs/msg/omni_button_event.h
[1.892s] -- Up-to-date: /home/karan_k/Geomagic_Touch_ROS2/install/omni_msgs/include/omni_msgs/omni_msgs/msg/omni_state.h
[1.892s] -- Installing: /home/karan_k/Geomagic_Touch_ROS2/install/omni_msgs/include/omni_msgs/omni_msgs/msg/omni_feedback.h
[1.892s] -- Up-to-date: /home/karan_k/Geomagic_Touch_ROS2/install/omni_msgs/share/omni_msgs/environment/library_path.sh
[1.892s] -- Installing: /home/karan_k/Geomagic_Touch_ROS2/install/omni_msgs/share/omni_msgs/environment/library_path.dsv
[1.892s] -- Installing: /home/karan_k/Geomagic_Touch_ROS2/install/omni_msgs/lib/libomni_msgs__rosidl_generator_c.so
[1.893s] -- Set runtime path of "/home/karan_k/Geomagic_Touch_ROS2/install/omni_msgs/lib/libomni_msgs__rosidl_generator_c.so" to ""
[1.893s] -- Up-to-date: /home/karan_k/Geomagic_Touch_ROS2/install/omni_msgs/include/omni_msgs/omni_msgs
[1.893s] -- Up-to-date: /home/karan_k/Geomagic_Touch_ROS2/install/omni_msgs/include/omni_msgs/omni_msgs/msg
[1.893s] -- Up-to-date: /home/karan_k/Geomagic_Touch_ROS2/install/omni_msgs/include/omni_msgs/omni_msgs/msg/detail
[1.893s] -- Up-to-date: /home/karan_k/Geomagic_Touch_ROS2/install/omni_msgs/include/omni_msgs/omni_msgs/msg/detail/omni_button_event__rosidl_typesupport_fastrtps_c.h
[1.893s] -- Installing: /home/karan_k/Geomagic_Touch_ROS2/install/omni_msgs/include/omni_msgs/omni_msgs/msg/detail/omni_feedback__rosidl_typesupport_fastrtps_c.h
[1.893s] -- Up-to-date: /home/karan_k/Geomagic_Touch_ROS2/install/omni_msgs/include/omni_msgs/omni_msgs/msg/detail/omni_state__rosidl_typesupport_fastrtps_c.h
[1.893s] -- Up-to-date: /home/karan_k/Geomagic_Touch_ROS2/install/omni_msgs/include/omni_msgs/omni_msgs/msg/rosidl_typesupport_fastrtps_c__visibility_control.h
[1.893s] -- Installing: /home/karan_k/Geomagic_Touch_ROS2/install/omni_msgs/lib/libomni_msgs__rosidl_typesupport_fastrtps_c.so
[1.894s] -- Set runtime path of "/home/karan_k/Geomagic_Touch_ROS2/install/omni_msgs/lib/libomni_msgs__rosidl_typesupport_fastrtps_c.so" to ""
[1.894s] -- Up-to-date: /home/karan_k/Geomagic_Touch_ROS2/install/omni_msgs/include/omni_msgs/omni_msgs
[1.894s] -- Up-to-date: /home/karan_k/Geomagic_Touch_ROS2/install/omni_msgs/include/omni_msgs/omni_msgs/msg
[1.894s] -- Up-to-date: /home/karan_k/Geomagic_Touch_ROS2/install/omni_msgs/include/omni_msgs/omni_msgs/msg/rosidl_typesupport_introspection_c__visibility_control.h
[1.894s] -- Up-to-date: /home/karan_k/Geomagic_Touch_ROS2/install/omni_msgs/include/omni_msgs/omni_msgs/msg/detail
[1.894s] -- Installing: /home/karan_k/Geomagic_Touch_ROS2/install/omni_msgs/include/omni_msgs/omni_msgs/msg/detail/omni_button_event__type_support.c
[1.894s] -- Up-to-date: /home/karan_k/Geomagic_Touch_ROS2/install/omni_msgs/include/omni_msgs/omni_msgs/msg/detail/omni_state__rosidl_typesupport_introspection_c.h
[1.894s] -- Installing: /home/karan_k/Geomagic_Touch_ROS2/install/omni_msgs/include/omni_msgs/omni_msgs/msg/detail/omni_feedback__type_support.c
[1.894s] -- Installing: /home/karan_k/Geomagic_Touch_ROS2/install/omni_msgs/include/omni_msgs/omni_msgs/msg/detail/omni_state__type_support.c
[1.894s] -- Up-to-date: /home/karan_k/Geomagic_Touch_ROS2/install/omni_msgs/include/omni_msgs/omni_msgs/msg/detail/omni_button_event__rosidl_typesupport_introspection_c.h
[1.894s] -- Installing: /home/karan_k/Geomagic_Touch_ROS2/install/omni_msgs/include/omni_msgs/omni_msgs/msg/detail/omni_feedback__rosidl_typesupport_introspection_c.h
[1.895s] -- Installing: /home/karan_k/Geomagic_Touch_ROS2/install/omni_msgs/lib/libomni_msgs__rosidl_typesupport_introspection_c.so
[1.895s] -- Set runtime path of "/home/karan_k/Geomagic_Touch_ROS2/install/omni_msgs/lib/libomni_msgs__rosidl_typesupport_introspection_c.so" to ""
[1.895s] -- Installing: /home/karan_k/Geomagic_Touch_ROS2/install/omni_msgs/lib/libomni_msgs__rosidl_typesupport_c.so
[1.896s] -- Set runtime path of "/home/karan_k/Geomagic_Touch_ROS2/install/omni_msgs/lib/libomni_msgs__rosidl_typesupport_c.so" to ""
[1.896s] -- Up-to-date: /home/karan_k/Geomagic_Touch_ROS2/install/omni_msgs/include/omni_msgs/omni_msgs
[1.896s] -- Up-to-date: /home/karan_k/Geomagic_Touch_ROS2/install/omni_msgs/include/omni_msgs/omni_msgs/msg
[1.896s] -- Up-to-date: /home/karan_k/Geomagic_Touch_ROS2/install/omni_msgs/include/omni_msgs/omni_msgs/msg/rosidl_generator_cpp__visibility_control.hpp
[1.896s] -- Up-to-date: /home/karan_k/Geomagic_Touch_ROS2/install/omni_msgs/include/omni_msgs/omni_msgs/msg/detail
[1.896s] -- Installing: /home/karan_k/Geomagic_Touch_ROS2/install/omni_msgs/include/omni_msgs/omni_msgs/msg/detail/omni_state__struct.hpp
[1.896s] -- Installing: /home/karan_k/Geomagic_Touch_ROS2/install/omni_msgs/include/omni_msgs/omni_msgs/msg/detail/omni_feedback__builder.hpp
[1.896s] -- Installing: /home/karan_k/Geomagic_Touch_ROS2/install/omni_msgs/include/omni_msgs/omni_msgs/msg/detail/omni_button_event__struct.hpp
[1.896s] -- Installing: /home/karan_k/Geomagic_Touch_ROS2/install/omni_msgs/include/omni_msgs/omni_msgs/msg/detail/omni_state__type_support.hpp
[1.897s] -- Installing: /home/karan_k/Geomagic_Touch_ROS2/install/omni_msgs/include/omni_msgs/omni_msgs/msg/detail/omni_state__builder.hpp
[1.897s] -- Installing: /home/karan_k/Geomagic_Touch_ROS2/install/omni_msgs/include/omni_msgs/omni_msgs/msg/detail/omni_state__traits.hpp
[1.897s] -- Installing: /home/karan_k/Geomagic_Touch_ROS2/install/omni_msgs/include/omni_msgs/omni_msgs/msg/detail/omni_button_event__traits.hpp
[1.897s] -- Installing: /home/karan_k/Geomagic_Touch_ROS2/install/omni_msgs/include/omni_msgs/omni_msgs/msg/detail/omni_feedback__traits.hpp
[1.898s] -- Installing: /home/karan_k/Geomagic_Touch_ROS2/install/omni_msgs/include/omni_msgs/omni_msgs/msg/detail/omni_button_event__type_support.hpp
[1.898s] -- Installing: /home/karan_k/Geomagic_Touch_ROS2/install/omni_msgs/include/omni_msgs/omni_msgs/msg/detail/omni_feedback__struct.hpp
[1.898s] -- Installing: /home/karan_k/Geomagic_Touch_ROS2/install/omni_msgs/include/omni_msgs/omni_msgs/msg/detail/omni_button_event__builder.hpp
[1.898s] -- Installing: /home/karan_k/Geomagic_Touch_ROS2/install/omni_msgs/include/omni_msgs/omni_msgs/msg/detail/omni_feedback__type_support.hpp
[1.899s] -- Installing: /home/karan_k/Geomagic_Touch_ROS2/install/omni_msgs/include/omni_msgs/omni_msgs/msg/omni_feedback.hpp
[1.899s] -- Up-to-date: /home/karan_k/Geomagic_Touch_ROS2/install/omni_msgs/include/omni_msgs/omni_msgs/msg/omni_button_event.hpp
[1.899s] -- Installing: /home/karan_k/Geomagic_Touch_ROS2/install/omni_msgs/include/omni_msgs/omni_msgs/msg/omni_state.hpp
[1.899s] -- Up-to-date: /home/karan_k/Geomagic_Touch_ROS2/install/omni_msgs/include/omni_msgs/omni_msgs
[1.899s] -- Up-to-date: /home/karan_k/Geomagic_Touch_ROS2/install/omni_msgs/include/omni_msgs/omni_msgs/msg
[1.899s] -- Up-to-date: /home/karan_k/Geomagic_Touch_ROS2/install/omni_msgs/include/omni_msgs/omni_msgs/msg/rosidl_typesupport_fastrtps_cpp__visibility_control.h
[1.900s] -- Up-to-date: /home/karan_k/Geomagic_Touch_ROS2/install/omni_msgs/include/omni_msgs/omni_msgs/msg/detail
[1.900s] -- Installing: /home/karan_k/Geomagic_Touch_ROS2/install/omni_msgs/include/omni_msgs/omni_msgs/msg/detail/omni_button_event__rosidl_typesupport_fastrtps_cpp.hpp
[1.900s] -- Installing: /home/karan_k/Geomagic_Touch_ROS2/install/omni_msgs/include/omni_msgs/omni_msgs/msg/detail/omni_feedback__rosidl_typesupport_fastrtps_cpp.hpp
[1.900s] -- Up-to-date: /home/karan_k/Geomagic_Touch_ROS2/install/omni_msgs/include/omni_msgs/omni_msgs/msg/detail/dds_fastrtps
[1.900s] -- Installing: /home/karan_k/Geomagic_Touch_ROS2/install/omni_msgs/include/omni_msgs/omni_msgs/msg/detail/omni_state__rosidl_typesupport_fastrtps_cpp.hpp
[1.900s] -- Installing: /home/karan_k/Geomagic_Touch_ROS2/install/omni_msgs/lib/libomni_msgs__rosidl_typesupport_fastrtps_cpp.so
[1.900s] -- Set runtime path of "/home/karan_k/Geomagic_Touch_ROS2/install/omni_msgs/lib/libomni_msgs__rosidl_typesupport_fastrtps_cpp.so" to ""
[1.901s] -- Up-to-date: /home/karan_k/Geomagic_Touch_ROS2/install/omni_msgs/include/omni_msgs/omni_msgs
[1.901s] -- Up-to-date: /home/karan_k/Geomagic_Touch_ROS2/install/omni_msgs/include/omni_msgs/omni_msgs/msg
[1.901s] -- Up-to-date: /home/karan_k/Geomagic_Touch_ROS2/install/omni_msgs/include/omni_msgs/omni_msgs/msg/detail
[1.901s] -- Installing: /home/karan_k/Geomagic_Touch_ROS2/install/omni_msgs/include/omni_msgs/omni_msgs/msg/detail/omni_button_event__type_support.cpp
[1.901s] -- Installing: /home/karan_k/Geomagic_Touch_ROS2/install/omni_msgs/include/omni_msgs/omni_msgs/msg/detail/omni_feedback__type_support.cpp
[1.901s] -- Installing: /home/karan_k/Geomagic_Touch_ROS2/install/omni_msgs/include/omni_msgs/omni_msgs/msg/detail/omni_feedback__rosidl_typesupport_introspection_cpp.hpp
[1.901s] -- Installing: /home/karan_k/Geomagic_Touch_ROS2/install/omni_msgs/include/omni_msgs/omni_msgs/msg/detail/omni_state__type_support.cpp
[1.901s] -- Up-to-date: /home/karan_k/Geomagic_Touch_ROS2/install/omni_msgs/include/omni_msgs/omni_msgs/msg/detail/omni_button_event__rosidl_typesupport_introspection_cpp.hpp
[1.901s] -- Installing: /home/karan_k/Geomagic_Touch_ROS2/install/omni_msgs/include/omni_msgs/omni_msgs/msg/detail/omni_state__rosidl_typesupport_introspection_cpp.hpp
[1.902s] -- Installing: /home/karan_k/Geomagic_Touch_ROS2/install/omni_msgs/lib/libomni_msgs__rosidl_typesupport_introspection_cpp.so
[1.902s] -- Set runtime path of "/home/karan_k/Geomagic_Touch_ROS2/install/omni_msgs/lib/libomni_msgs__rosidl_typesupport_introspection_cpp.so" to ""
[1.902s] -- Installing: /home/karan_k/Geomagic_Touch_ROS2/install/omni_msgs/lib/libomni_msgs__rosidl_typesupport_cpp.so
[1.903s] -- Set runtime path of "/home/karan_k/Geomagic_Touch_ROS2/install/omni_msgs/lib/libomni_msgs__rosidl_typesupport_cpp.so" to ""
[1.903s] -- Up-to-date: /home/karan_k/Geomagic_Touch_ROS2/install/omni_msgs/share/omni_msgs/environment/pythonpath.sh
[1.903s] -- Installing: /home/karan_k/Geomagic_Touch_ROS2/install/omni_msgs/share/omni_msgs/environment/pythonpath.dsv
[1.903s] -- Up-to-date: /home/karan_k/Geomagic_Touch_ROS2/install/omni_msgs/local/lib/python3.10/dist-packages/omni_msgs-0.0.0-py3.10.egg-info
[1.903s] -- Installing: /home/karan_k/Geomagic_Touch_ROS2/install/omni_msgs/local/lib/python3.10/dist-packages/omni_msgs-0.0.0-py3.10.egg-info/SOURCES.txt
[1.903s] -- Installing: /home/karan_k/Geomagic_Touch_ROS2/install/omni_msgs/local/lib/python3.10/dist-packages/omni_msgs-0.0.0-py3.10.egg-info/PKG-INFO
[1.903s] -- Installing: /home/karan_k/Geomagic_Touch_ROS2/install/omni_msgs/local/lib/python3.10/dist-packages/omni_msgs-0.0.0-py3.10.egg-info/top_level.txt
[1.904s] -- Installing: /home/karan_k/Geomagic_Touch_ROS2/install/omni_msgs/local/lib/python3.10/dist-packages/omni_msgs-0.0.0-py3.10.egg-info/dependency_links.txt
[1.904s] -- Up-to-date: /home/karan_k/Geomagic_Touch_ROS2/install/omni_msgs/local/lib/python3.10/dist-packages/omni_msgs
[1.904s] -- Installing: /home/karan_k/Geomagic_Touch_ROS2/install/omni_msgs/local/lib/python3.10/dist-packages/omni_msgs/omni_msgs_s__rosidl_typesupport_introspection_c.cpython-310-x86_64-linux-gnu.so
[1.904s] -- Up-to-date: /home/karan_k/Geomagic_Touch_ROS2/install/omni_msgs/local/lib/python3.10/dist-packages/omni_msgs/msg
[1.904s] -- Up-to-date: /home/karan_k/Geomagic_Touch_ROS2/install/omni_msgs/local/lib/python3.10/dist-packages/omni_msgs/msg/_omni_feedback.py
[1.904s] -- Up-to-date: /home/karan_k/Geomagic_Touch_ROS2/install/omni_msgs/local/lib/python3.10/dist-packages/omni_msgs/msg/_omni_state.py
[1.904s] -- Up-to-date: /home/karan_k/Geomagic_Touch_ROS2/install/omni_msgs/local/lib/python3.10/dist-packages/omni_msgs/msg/__init__.py
[1.904s] -- Up-to-date: /home/karan_k/Geomagic_Touch_ROS2/install/omni_msgs/local/lib/python3.10/dist-packages/omni_msgs/msg/_omni_feedback_s.c
[1.904s] -- Up-to-date: /home/karan_k/Geomagic_Touch_ROS2/install/omni_msgs/local/lib/python3.10/dist-packages/omni_msgs/msg/_omni_state_s.c
[1.904s] -- Up-to-date: /home/karan_k/Geomagic_Touch_ROS2/install/omni_msgs/local/lib/python3.10/dist-packages/omni_msgs/msg/_omni_button_event_s.c
[1.904s] -- Up-to-date: /home/karan_k/Geomagic_Touch_ROS2/install/omni_msgs/local/lib/python3.10/dist-packages/omni_msgs/msg/_omni_button_event.py
[1.904s] -- Installing: /home/karan_k/Geomagic_Touch_ROS2/install/omni_msgs/local/lib/python3.10/dist-packages/omni_msgs/omni_msgs_s__rosidl_typesupport_fastrtps_c.cpython-310-x86_64-linux-gnu.so
[1.905s] -- Up-to-date: /home/karan_k/Geomagic_Touch_ROS2/install/omni_msgs/local/lib/python3.10/dist-packages/omni_msgs/_omni_msgs_s.ep.rosidl_typesupport_c.c
[1.905s] -- Installing: /home/karan_k/Geomagic_Touch_ROS2/install/omni_msgs/local/lib/python3.10/dist-packages/omni_msgs/libomni_msgs__rosidl_generator_py.so
[1.905s] -- Installing: /home/karan_k/Geomagic_Touch_ROS2/install/omni_msgs/local/lib/python3.10/dist-packages/omni_msgs/__init__.py
[1.905s] -- Up-to-date: /home/karan_k/Geomagic_Touch_ROS2/install/omni_msgs/local/lib/python3.10/dist-packages/omni_msgs/_omni_msgs_s.ep.rosidl_typesupport_fastrtps_c.c
[1.905s] -- Up-to-date: /home/karan_k/Geomagic_Touch_ROS2/install/omni_msgs/local/lib/python3.10/dist-packages/omni_msgs/_omni_msgs_s.ep.rosidl_typesupport_introspection_c.c
[1.905s] -- Installing: /home/karan_k/Geomagic_Touch_ROS2/install/omni_msgs/local/lib/python3.10/dist-packages/omni_msgs/omni_msgs_s__rosidl_typesupport_c.cpython-310-x86_64-linux-gnu.so
[1.936s] Listing '/home/karan_k/Geomagic_Touch_ROS2/install/omni_msgs/local/lib/python3.10/dist-packages/omni_msgs'...
[1.936s] Compiling '/home/karan_k/Geomagic_Touch_ROS2/install/omni_msgs/local/lib/python3.10/dist-packages/omni_msgs/__init__.py'...
[1.937s] Listing '/home/karan_k/Geomagic_Touch_ROS2/install/omni_msgs/local/lib/python3.10/dist-packages/omni_msgs/msg'...
[1.941s] -- Installing: /home/karan_k/Geomagic_Touch_ROS2/install/omni_msgs/local/lib/python3.10/dist-packages/omni_msgs/omni_msgs_s__rosidl_typesupport_fastrtps_c.cpython-310-x86_64-linux-gnu.so
[1.942s] -- Set runtime path of "/home/karan_k/Geomagic_Touch_ROS2/install/omni_msgs/local/lib/python3.10/dist-packages/omni_msgs/omni_msgs_s__rosidl_typesupport_fastrtps_c.cpython-310-x86_64-linux-gnu.so" to ""
[1.942s] -- Installing: /home/karan_k/Geomagic_Touch_ROS2/install/omni_msgs/local/lib/python3.10/dist-packages/omni_msgs/omni_msgs_s__rosidl_typesupport_introspection_c.cpython-310-x86_64-linux-gnu.so
[1.942s] -- Set runtime path of "/home/karan_k/Geomagic_Touch_ROS2/install/omni_msgs/local/lib/python3.10/dist-packages/omni_msgs/omni_msgs_s__rosidl_typesupport_introspection_c.cpython-310-x86_64-linux-gnu.so" to ""
[1.942s] -- Installing: /home/karan_k/Geomagic_Touch_ROS2/install/omni_msgs/local/lib/python3.10/dist-packages/omni_msgs/omni_msgs_s__rosidl_typesupport_c.cpython-310-x86_64-linux-gnu.so
[1.943s] -- Set runtime path of "/home/karan_k/Geomagic_Touch_ROS2/install/omni_msgs/local/lib/python3.10/dist-packages/omni_msgs/omni_msgs_s__rosidl_typesupport_c.cpython-310-x86_64-linux-gnu.so" to ""
[1.943s] -- Installing: /home/karan_k/Geomagic_Touch_ROS2/install/omni_msgs/lib/libomni_msgs__rosidl_generator_py.so
[1.944s] -- Set runtime path of "/home/karan_k/Geomagic_Touch_ROS2/install/omni_msgs/lib/libomni_msgs__rosidl_generator_py.so" to ""
[1.944s] -- Up-to-date: /home/karan_k/Geomagic_Touch_ROS2/install/omni_msgs/share/omni_msgs/msg/OmniButtonEvent.idl
[1.944s] -- Up-to-date: /home/karan_k/Geomagic_Touch_ROS2/install/omni_msgs/share/omni_msgs/msg/OmniFeedback.idl
[1.944s] -- Up-to-date: /home/karan_k/Geomagic_Touch_ROS2/install/omni_msgs/share/omni_msgs/msg/OmniState.idl
[1.944s] -- Up-to-date: /home/karan_k/Geomagic_Touch_ROS2/install/omni_msgs/share/omni_msgs/msg/OmniButtonEvent.msg
[1.944s] -- Up-to-date: /home/karan_k/Geomagic_Touch_ROS2/install/omni_msgs/share/omni_msgs/msg/OmniFeedback.msg
[1.944s] -- Up-to-date: /home/karan_k/Geomagic_Touch_ROS2/install/omni_msgs/share/omni_msgs/msg/OmniState.msg
[1.944s] -- Up-to-date: /home/karan_k/Geomagic_Touch_ROS2/install/omni_msgs/share/ament_index/resource_index/package_run_dependencies/omni_msgs
[1.944s] -- Installing: /home/karan_k/Geomagic_Touch_ROS2/install/omni_msgs/share/ament_index/resource_index/parent_prefix_path/omni_msgs
[1.944s] -- Up-to-date: /home/karan_k/Geomagic_Touch_ROS2/install/omni_msgs/share/omni_msgs/environment/ament_prefix_path.sh
[1.945s] -- Installing: /home/karan_k/Geomagic_Touch_ROS2/install/omni_msgs/share/omni_msgs/environment/ament_prefix_path.dsv
[1.945s] -- Up-to-date: /home/karan_k/Geomagic_Touch_ROS2/install/omni_msgs/share/omni_msgs/environment/path.sh
[1.945s] -- Installing: /home/karan_k/Geomagic_Touch_ROS2/install/omni_msgs/share/omni_msgs/environment/path.dsv
[1.945s] -- Up-to-date: /home/karan_k/Geomagic_Touch_ROS2/install/omni_msgs/share/omni_msgs/local_setup.bash
[1.945s] -- Up-to-date: /home/karan_k/Geomagic_Touch_ROS2/install/omni_msgs/share/omni_msgs/local_setup.sh
[1.945s] -- Up-to-date: /home/karan_k/Geomagic_Touch_ROS2/install/omni_msgs/share/omni_msgs/local_setup.zsh
[1.945s] -- Installing: /home/karan_k/Geomagic_Touch_ROS2/install/omni_msgs/share/omni_msgs/local_setup.dsv
[1.945s] -- Installing: /home/karan_k/Geomagic_Touch_ROS2/install/omni_msgs/share/omni_msgs/package.dsv
[1.945s] -- Up-to-date: /home/karan_k/Geomagic_Touch_ROS2/install/omni_msgs/share/ament_index/resource_index/packages/omni_msgs
[1.945s] -- Old export file "/home/karan_k/Geomagic_Touch_ROS2/install/omni_msgs/share/omni_msgs/cmake/export_omni_msgs__rosidl_generator_cExport.cmake" will be replaced.  Removing files [/home/karan_k/Geomagic_Touch_ROS2/install/omni_msgs/share/omni_msgs/cmake/export_omni_msgs__rosidl_generator_cExport-noconfig.cmake].
[1.945s] -- Installing: /home/karan_k/Geomagic_Touch_ROS2/install/omni_msgs/share/omni_msgs/cmake/export_omni_msgs__rosidl_generator_cExport.cmake
[1.946s] -- Installing: /home/karan_k/Geomagic_Touch_ROS2/install/omni_msgs/share/omni_msgs/cmake/export_omni_msgs__rosidl_generator_cExport-noconfig.cmake
[1.946s] -- Old export file "/home/karan_k/Geomagic_Touch_ROS2/install/omni_msgs/share/omni_msgs/cmake/export_omni_msgs__rosidl_typesupport_fastrtps_cExport.cmake" will be replaced.  Removing files [/home/karan_k/Geomagic_Touch_ROS2/install/omni_msgs/share/omni_msgs/cmake/export_omni_msgs__rosidl_typesupport_fastrtps_cExport-noconfig.cmake].
[1.946s] -- Installing: /home/karan_k/Geomagic_Touch_ROS2/install/omni_msgs/share/omni_msgs/cmake/export_omni_msgs__rosidl_typesupport_fastrtps_cExport.cmake
[1.946s] -- Installing: /home/karan_k/Geomagic_Touch_ROS2/install/omni_msgs/share/omni_msgs/cmake/export_omni_msgs__rosidl_typesupport_fastrtps_cExport-noconfig.cmake
[1.946s] -- Old export file "/home/karan_k/Geomagic_Touch_ROS2/install/omni_msgs/share/omni_msgs/cmake/omni_msgs__rosidl_typesupport_introspection_cExport.cmake" will be replaced.  Removing files [/home/karan_k/Geomagic_Touch_ROS2/install/omni_msgs/share/omni_msgs/cmake/omni_msgs__rosidl_typesupport_introspection_cExport-noconfig.cmake].
[1.946s] -- Installing: /home/karan_k/Geomagic_Touch_ROS2/install/omni_msgs/share/omni_msgs/cmake/omni_msgs__rosidl_typesupport_introspection_cExport.cmake
[1.947s] -- Installing: /home/karan_k/Geomagic_Touch_ROS2/install/omni_msgs/share/omni_msgs/cmake/omni_msgs__rosidl_typesupport_introspection_cExport-noconfig.cmake
[1.947s] -- Old export file "/home/karan_k/Geomagic_Touch_ROS2/install/omni_msgs/share/omni_msgs/cmake/omni_msgs__rosidl_typesupport_cExport.cmake" will be replaced.  Removing files [/home/karan_k/Geomagic_Touch_ROS2/install/omni_msgs/share/omni_msgs/cmake/omni_msgs__rosidl_typesupport_cExport-noconfig.cmake].
[1.947s] -- Installing: /home/karan_k/Geomagic_Touch_ROS2/install/omni_msgs/share/omni_msgs/cmake/omni_msgs__rosidl_typesupport_cExport.cmake
[1.947s] -- Installing: /home/karan_k/Geomagic_Touch_ROS2/install/omni_msgs/share/omni_msgs/cmake/omni_msgs__rosidl_typesupport_cExport-noconfig.cmake
[1.947s] -- Installing: /home/karan_k/Geomagic_Touch_ROS2/install/omni_msgs/share/omni_msgs/cmake/export_omni_msgs__rosidl_generator_cppExport.cmake
[1.947s] -- Old export file "/home/karan_k/Geomagic_Touch_ROS2/install/omni_msgs/share/omni_msgs/cmake/export_omni_msgs__rosidl_typesupport_fastrtps_cppExport.cmake" will be replaced.  Removing files [/home/karan_k/Geomagic_Touch_ROS2/install/omni_msgs/share/omni_msgs/cmake/export_omni_msgs__rosidl_typesupport_fastrtps_cppExport-noconfig.cmake].
[1.948s] -- Installing: /home/karan_k/Geomagic_Touch_ROS2/install/omni_msgs/share/omni_msgs/cmake/export_omni_msgs__rosidl_typesupport_fastrtps_cppExport.cmake
[1.948s] -- Installing: /home/karan_k/Geomagic_Touch_ROS2/install/omni_msgs/share/omni_msgs/cmake/export_omni_msgs__rosidl_typesupport_fastrtps_cppExport-noconfig.cmake
[1.948s] -- Old export file "/home/karan_k/Geomagic_Touch_ROS2/install/omni_msgs/share/omni_msgs/cmake/omni_msgs__rosidl_typesupport_introspection_cppExport.cmake" will be replaced.  Removing files [/home/karan_k/Geomagic_Touch_ROS2/install/omni_msgs/share/omni_msgs/cmake/omni_msgs__rosidl_typesupport_introspection_cppExport-noconfig.cmake].
[1.948s] -- Installing: /home/karan_k/Geomagic_Touch_ROS2/install/omni_msgs/share/omni_msgs/cmake/omni_msgs__rosidl_typesupport_introspection_cppExport.cmake
[1.948s] -- Installing: /home/karan_k/Geomagic_Touch_ROS2/install/omni_msgs/share/omni_msgs/cmake/omni_msgs__rosidl_typesupport_introspection_cppExport-noconfig.cmake
[1.948s] -- Old export file "/home/karan_k/Geomagic_Touch_ROS2/install/omni_msgs/share/omni_msgs/cmake/omni_msgs__rosidl_typesupport_cppExport.cmake" will be replaced.  Removing files [/home/karan_k/Geomagic_Touch_ROS2/install/omni_msgs/share/omni_msgs/cmake/omni_msgs__rosidl_typesupport_cppExport-noconfig.cmake].
[1.948s] -- Installing: /home/karan_k/Geomagic_Touch_ROS2/install/omni_msgs/share/omni_msgs/cmake/omni_msgs__rosidl_typesupport_cppExport.cmake
[1.949s] -- Installing: /home/karan_k/Geomagic_Touch_ROS2/install/omni_msgs/share/omni_msgs/cmake/omni_msgs__rosidl_typesupport_cppExport-noconfig.cmake
[1.949s] -- Old export file "/home/karan_k/Geomagic_Touch_ROS2/install/omni_msgs/share/omni_msgs/cmake/export_omni_msgs__rosidl_generator_pyExport.cmake" will be replaced.  Removing files [/home/karan_k/Geomagic_Touch_ROS2/install/omni_msgs/share/omni_msgs/cmake/export_omni_msgs__rosidl_generator_pyExport-noconfig.cmake].
[1.949s] -- Installing: /home/karan_k/Geomagic_Touch_ROS2/install/omni_msgs/share/omni_msgs/cmake/export_omni_msgs__rosidl_generator_pyExport.cmake
[1.949s] -- Installing: /home/karan_k/Geomagic_Touch_ROS2/install/omni_msgs/share/omni_msgs/cmake/export_omni_msgs__rosidl_generator_pyExport-noconfig.cmake
[1.949s] -- Installing: /home/karan_k/Geomagic_Touch_ROS2/install/omni_msgs/share/omni_msgs/cmake/rosidl_cmake-extras.cmake
[1.949s] -- Installing: /home/karan_k/Geomagic_Touch_ROS2/install/omni_msgs/share/omni_msgs/cmake/ament_cmake_export_dependencies-extras.cmake
[1.950s] -- Up-to-date: /home/karan_k/Geomagic_Touch_ROS2/install/omni_msgs/share/omni_msgs/cmake/ament_cmake_export_include_directories-extras.cmake
[1.950s] -- Up-to-date: /home/karan_k/Geomagic_Touch_ROS2/install/omni_msgs/share/omni_msgs/cmake/ament_cmake_export_libraries-extras.cmake
[1.950s] -- Up-to-date: /home/karan_k/Geomagic_Touch_ROS2/install/omni_msgs/share/omni_msgs/cmake/ament_cmake_export_targets-extras.cmake
[1.950s] -- Up-to-date: /home/karan_k/Geomagic_Touch_ROS2/install/omni_msgs/share/omni_msgs/cmake/rosidl_cmake_export_typesupport_targets-extras.cmake
[1.950s] -- Up-to-date: /home/karan_k/Geomagic_Touch_ROS2/install/omni_msgs/share/omni_msgs/cmake/rosidl_cmake_export_typesupport_libraries-extras.cmake
[1.950s] -- Up-to-date: /home/karan_k/Geomagic_Touch_ROS2/install/omni_msgs/share/omni_msgs/cmake/omni_msgsConfig.cmake
[1.950s] -- Up-to-date: /home/karan_k/Geomagic_Touch_ROS2/install/omni_msgs/share/omni_msgs/cmake/omni_msgsConfig-version.cmake
[1.950s] -- Up-to-date: /home/karan_k/Geomagic_Touch_ROS2/install/omni_msgs/share/omni_msgs/package.xml
[1.953s] Invoked command in '/home/karan_k/Geomagic_Touch_ROS2/build/omni_msgs' returned '0': CMAKE_PREFIX_PATH=${CMAKE_PREFIX_PATH}:/home/karan_k/ardu_ws/install/ardupilot_dds_tests:/opt/ros/humble /usr/bin/cmake --install /home/karan_k/Geomagic_Touch_ROS2/build/omni_msgs
