[0.016s] Invoking command in '/home/karan_k/Geomagic_Touch_ROS2/build/omni_description': CMAKE_PREFIX_PATH=${CMAKE_PREFIX_PATH}:/home/karan_k/ardu_ws/install/ardupilot_dds_tests:/opt/ros/humble /usr/bin/cmake --build /home/karan_k/Geomagic_Touch_ROS2/build/omni_description -- -j16 -l16
[0.057s] Invoked command in '/home/karan_k/Geomagic_Touch_ROS2/build/omni_description' returned '0': CMAKE_PREFIX_PATH=${CMAKE_PREFIX_PATH}:/home/karan_k/ardu_ws/install/ardupilot_dds_tests:/opt/ros/humble /usr/bin/cmake --build /home/karan_k/Geomagic_Touch_ROS2/build/omni_description -- -j16 -l16
[0.070s] Invoking command in '/home/karan_k/Geomagic_Touch_ROS2/build/omni_description': CMAKE_PREFIX_PATH=${CMAKE_PREFIX_PATH}:/home/karan_k/ardu_ws/install/ardupilot_dds_tests:/opt/ros/humble /usr/bin/cmake --install /home/karan_k/Geomagic_Touch_ROS2/build/omni_description
[0.080s] -- Install configuration: ""
[0.080s] -- Up-to-date: /home/karan_k/Geomagic_Touch_ROS2/install/omni_description/share/omni_description/meshes
[0.081s] -- Up-to-date: /home/karan_k/Geomagic_Touch_ROS2/install/omni_description/share/omni_description/meshes/base.stl
[0.081s] -- Up-to-date: /home/karan_k/Geomagic_Touch_ROS2/install/omni_description/share/omni_description/meshes/tip.stl
[0.081s] -- Up-to-date: /home/karan_k/Geomagic_Touch_ROS2/install/omni_description/share/omni_description/meshes/wrist.stl
[0.081s] -- Up-to-date: /home/karan_k/Geomagic_Touch_ROS2/install/omni_description/share/omni_description/meshes/upper_arm.stl
[0.081s] -- Up-to-date: /home/karan_k/Geomagic_Touch_ROS2/install/omni_description/share/omni_description/meshes/lower_arm.stl
[0.081s] -- Up-to-date: /home/karan_k/Geomagic_Touch_ROS2/install/omni_description/share/omni_description/meshes/torso.stl
[0.081s] -- Up-to-date: /home/karan_k/Geomagic_Touch_ROS2/install/omni_description/share/omni_description/meshes/pen.stl
[0.081s] -- Up-to-date: /home/karan_k/Geomagic_Touch_ROS2/install/omni_description/share/omni_description/resources
[0.082s] -- Up-to-date: /home/karan_k/Geomagic_Touch_ROS2/install/omni_description/share/omni_description/resources/OmniRviz.png
[0.082s] -- Up-to-date: /home/karan_k/Geomagic_Touch_ROS2/install/omni_description/share/omni_description/resources/omni.rviz
[0.082s] -- Up-to-date: /home/karan_k/Geomagic_Touch_ROS2/install/omni_description/share/omni_description/urdf
[0.082s] -- Up-to-date: /home/karan_k/Geomagic_Touch_ROS2/install/omni_description/share/omni_description/urdf/omni.urdf
[0.082s] -- Up-to-date: /home/karan_k/Geomagic_Touch_ROS2/install/omni_description/share/omni_description/urdf/omni.robot.xml
[0.082s] -- Up-to-date: /home/karan_k/Geomagic_Touch_ROS2/install/omni_description/share/omni_description/urdf/omni.dae
[0.082s] -- Up-to-date: /home/karan_k/Geomagic_Touch_ROS2/install/omni_description/share/ament_index/resource_index/package_run_dependencies/omni_description
[0.082s] -- Up-to-date: /home/karan_k/Geomagic_Touch_ROS2/install/omni_description/share/ament_index/resource_index/parent_prefix_path/omni_description
[0.082s] -- Up-to-date: /home/karan_k/Geomagic_Touch_ROS2/install/omni_description/share/omni_description/environment/ament_prefix_path.sh
[0.082s] -- Up-to-date: /home/karan_k/Geomagic_Touch_ROS2/install/omni_description/share/omni_description/environment/ament_prefix_path.dsv
[0.082s] -- Up-to-date: /home/karan_k/Geomagic_Touch_ROS2/install/omni_description/share/omni_description/environment/path.sh
[0.083s] -- Up-to-date: /home/karan_k/Geomagic_Touch_ROS2/install/omni_description/share/omni_description/environment/path.dsv
[0.083s] -- Up-to-date: /home/karan_k/Geomagic_Touch_ROS2/install/omni_description/share/omni_description/local_setup.bash
[0.083s] -- Up-to-date: /home/karan_k/Geomagic_Touch_ROS2/install/omni_description/share/omni_description/local_setup.sh
[0.083s] -- Up-to-date: /home/karan_k/Geomagic_Touch_ROS2/install/omni_description/share/omni_description/local_setup.zsh
[0.083s] -- Up-to-date: /home/karan_k/Geomagic_Touch_ROS2/install/omni_description/share/omni_description/local_setup.dsv
[0.083s] -- Installing: /home/karan_k/Geomagic_Touch_ROS2/install/omni_description/share/omni_description/package.dsv
[0.083s] -- Up-to-date: /home/karan_k/Geomagic_Touch_ROS2/install/omni_description/share/ament_index/resource_index/packages/omni_description
[0.083s] -- Up-to-date: /home/karan_k/Geomagic_Touch_ROS2/install/omni_description/share/omni_description/cmake/omni_descriptionConfig.cmake
[0.083s] -- Up-to-date: /home/karan_k/Geomagic_Touch_ROS2/install/omni_description/share/omni_description/cmake/omni_descriptionConfig-version.cmake
[0.083s] -- Up-to-date: /home/karan_k/Geomagic_Touch_ROS2/install/omni_description/share/omni_description/package.xml
[0.085s] Invoked command in '/home/karan_k/Geomagic_Touch_ROS2/build/omni_description' returned '0': CMAKE_PREFIX_PATH=${CMAKE_PREFIX_PATH}:/home/karan_k/ardu_ws/install/ardupilot_dds_tests:/opt/ros/humble /usr/bin/cmake --install /home/karan_k/Geomagic_Touch_ROS2/build/omni_description
