[0.022s] Invoking command in '/home/karan_k/interbotix_ws/build/interbotix_moveit_interface': AMENT_PREFIX_PATH=/home/karan_k/interbotix_ws/install/moveit_visual_tools:/home/karan_k/interbotix_ws/install/interbotix_moveit_interface_msgs:${AMENT_PREFIX_PATH} CMAKE_PREFIX_PATH=/home/karan_k/interbotix_ws/install/moveit_visual_tools:/home/karan_k/interbotix_ws/install/interbotix_moveit_interface_msgs:/home/karan_k/apriltag_ws/install/apriltag_ros:/home/karan_k/Geomagic_Touch_ROS2/install/omni_common:/home/karan_k/Geomagic_Touch_ROS2/install/omni_broadcaster:/home/karan_k/Geomagic_Touch_ROS2/install/omni_msgs:/home/karan_k/Geomagic_Touch_ROS2/install/omni_description:/home/karan_k/ardu_ws/install/test_ros_gz_bridge:/home/karan_k/ardu_ws/install/ros_ign:/home/karan_k/ardu_ws/install/ros_ign_gazebo_demos:/home/karan_k/ardu_ws/install/ros_gz:/home/karan_k/ardu_ws/install/ros_gz_sim_demos:/home/karan_k/ardu_ws/install/ardupilot_gz_bringup:/home/karan_k/ardu_ws/install/sdformat_urdf:/home/karan_k/ardu_ws/install/sdformat_test_files:/home/karan_k/ardu_ws/install/ros_ign_interfaces:/home/karan_k/ardu_ws/install/ros_ign_image:/home/karan_k/ardu_ws/install/ros_ign_gazebo:/home/karan_k/ardu_ws/install/ros_ign_bridge:/home/karan_k/ardu_ws/install/ros_gz_sim:/home/karan_k/ardu_ws/install/ros_gz_image:/home/karan_k/ardu_ws/install/ros_gz_bridge:/home/karan_k/ardu_ws/install/ros_gz_interfaces:/home/karan_k/ardu_ws/install/ardupilot_sitl:/home/karan_k/ardu_ws/install/micro_ros_agent:/home/karan_k/ardu_ws/install/ardupilot_sitl_models:/home/karan_k/ardu_ws/install/ardupilot_msgs:/home/karan_k/ardu_ws/install/ardupilot_gz_gazebo:/home/karan_k/ardu_ws/install/ardupilot_gz_description:/home/karan_k/ardu_ws/install/ardupilot_gz_application:/home/karan_k/ardu_ws/install/ardupilot_gazebo:/home/karan_k/ardu_ws/install/ardupilot_dds_tests:/opt/ros/humble LD_LIBRARY_PATH=/home/karan_k/interbotix_ws/install/moveit_visual_tools/lib:/home/karan_k/interbotix_ws/install/interbotix_moveit_interface_msgs/lib:/home/karan_k/apriltag_ws/install/apriltag_ros/lib:/home/karan_k/Geomagic_Touch_ROS2/install/omni_msgs/lib:/home/karan_k/ardu_ws/install/sdformat_urdf/lib:/home/karan_k/ardu_ws/install/ros_ign_interfaces/lib:/home/karan_k/ardu_ws/install/ros_gz_sim/lib:/home/karan_k/ardu_ws/install/ros_gz_bridge/lib:/home/karan_k/ardu_ws/install/ros_gz_interfaces/lib:/home/karan_k/ardu_ws/install/micro_ros_agent/lib:/home/karan_k/ardu_ws/install/ardupilot_msgs/lib:/usr/lib/x86_64-linux-gnu/gazebo-11/plugins:/opt/ros/humble/opt/rviz_ogre_vendor/lib:/opt/ros/humble/lib/x86_64-linux-gnu:/opt/ros/humble/lib:/usr/lib/x86_64-linux-gnu/gazebo-11/plugins:/usr/lib/x86_64-linux-gnu/gazebo-11/plugins:/usr/lib/x86_64-linux-gnu/gazebo-11/plugins:/usr/share/gazebo-11/../../lib/x86_64-linux-gnu/gazebo-11/plugins:/usr/lib/x86_64-linux-gnu/gazebo-11/plugins:/usr/lib/x86_64-linux-gnu/gazebo-11/plugins PYTHONPATH=/home/karan_k/interbotix_ws/install/interbotix_moveit_interface_msgs/local/lib/python3.10/dist-packages:${PYTHONPATH} /usr/bin/cmake /home/karan_k/interbotix_ws/src/interbotix_ros_toolboxes/interbotix_common_toolbox/interbotix_moveit_interface -DCMAKE_INSTALL_PREFIX=/home/karan_k/interbotix_ws/install/interbotix_moveit_interface
[0.092s] -- The C compiler identification is GNU 11.4.0
[0.160s] -- The CXX compiler identification is GNU 11.4.0
[0.170s] -- Detecting C compiler ABI info
[0.245s] -- Detecting C compiler ABI info - done
[0.251s] -- Check for working C compiler: /usr/lib/ccache/cc - skipped
[0.251s] -- Detecting C compile features
[0.252s] -- Detecting C compile features - done
[0.255s] -- Detecting CXX compiler ABI info
[0.342s] -- Detecting CXX compiler ABI info - done
[0.349s] -- Check for working CXX compiler: /usr/lib/ccache/c++ - skipped
[0.349s] -- Detecting CXX compile features
[0.349s] -- Detecting CXX compile features - done
[0.358s] -- Found ament_cmake: 1.3.12 (/opt/ros/humble/share/ament_cmake/cmake)
[0.829s] -- Found Python3: /usr/bin/python3 (found version "3.10.12") found components: Interpreter 
[0.986s] -- Found interbotix_moveit_interface_msgs: 0.0.0 (/home/karan_k/interbotix_ws/install/interbotix_moveit_interface_msgs/share/interbotix_moveit_interface_msgs/cmake)
[1.069s] -- Found rosidl_generator_c: 3.1.7 (/opt/ros/humble/share/rosidl_generator_c/cmake)
[1.083s] -- Found rosidl_adapter: 3.1.7 (/opt/ros/humble/share/rosidl_adapter/cmake)
[1.102s] -- Found rosidl_generator_cpp: 3.1.7 (/opt/ros/humble/share/rosidl_generator_cpp/cmake)
[1.124s] -- Using all available rosidl_typesupport_c: rosidl_typesupport_fastrtps_c;rosidl_typesupport_introspection_c
[1.154s] -- Using all available rosidl_typesupport_cpp: rosidl_typesupport_fastrtps_cpp;rosidl_typesupport_introspection_cpp
[1.221s] -- Found moveit_msgs: 2.2.1 (/opt/ros/humble/share/moveit_msgs/cmake)
[1.438s] -- Found moveit_ros_planning_interface: 2.5.9 (/opt/ros/humble/share/moveit_ros_planning_interface/cmake)
[1.757s] -- Found Boost: /usr/lib/x86_64-linux-gnu/cmake/Boost-1.74.0/BoostConfig.cmake (found version "1.74.0") found components: date_time filesystem program_options system thread 
[1.817s] -- Found Boost: /usr/lib/x86_64-linux-gnu/cmake/Boost-1.74.0/BoostConfig.cmake (found version "1.74.0") found components: chrono date_time filesystem iostreams program_options regex serialization system thread 
[2.008s] -- Found parameter_traits: 0.5.0 (/opt/ros/humble/share/parameter_traits/cmake)
[2.111s] -- Found rmw_implementation_cmake: 6.1.2 (/opt/ros/humble/share/rmw_implementation_cmake/cmake)
[2.118s] -- Found rmw_fastrtps_cpp: 6.2.9 (/opt/ros/humble/share/rmw_fastrtps_cpp/cmake)
[2.249s] -- Found OpenSSL: /usr/lib/x86_64-linux-gnu/libcrypto.so (found version "3.0.2")  
[2.283s] -- Found FastRTPS: /opt/ros/humble/include  
[2.340s] -- Using RMW implementation 'rmw_fastrtps_cpp' as default
[2.360s] -- Found Threads: TRUE  
[2.422s] -- Found rclcpp_lifecycle: 16.0.16 (/opt/ros/humble/share/rclcpp_lifecycle/cmake)
[2.455s] -- Found Boost: /usr/lib/x86_64-linux-gnu/cmake/Boost-1.74.0/BoostConfig.cmake (found version "1.74.0") found components: filesystem 
[2.588s] -- library: /usr/lib/x86_64-linux-gnu/libcurl.so
[2.632s] -- Found Eigen3: TRUE (found version "3.4.0") 
[2.632s] -- Ensuring Eigen3 include directory is part of orocos-kdl CMake target
[2.835s] -- Found Boost: /usr/lib/x86_64-linux-gnu/cmake/Boost-1.74.0/BoostConfig.cmake (found version "1.74.0") found components: system filesystem date_time program_options thread chrono 
[2.869s] -- Found Boost: /usr/lib/x86_64-linux-gnu/cmake/Boost-1.74.0/BoostConfig.cmake (found version "1.74.0") found components: thread system filesystem regex date_time program_options 
[2.894s] -- Found Boost: /usr/lib/x86_64-linux-gnu/cmake/Boost-1.74.0/BoostConfig.cmake (found version "1.74.0") found components: system filesystem date_time program_options thread 
[2.921s] -- Found moveit_visual_tools: 4.1.2 (/home/karan_k/interbotix_ws/install/moveit_visual_tools/share/moveit_visual_tools/cmake)
[2.994s] -- Setting assimp_DIR to: '/opt/ros/humble/share/rviz_assimp_vendor/cmake/../../../opt/rviz_assimp_vendor/lib/cmake/assimp-4.1'
[3.011s] -- Setting OGRE_DIR to: '/opt/ros/humble/share/rviz_ogre_vendor/cmake/../../../opt/rviz_ogre_vendor/lib/OGRE/cmake'
[3.012s] -- Found OGRE
[3.012s] --   static     : OFF
[3.012s] --   components : HLMS;MeshLodGenerator;Overlay;Paging;Property;RTShaderSystem;Terrain;Volume
[3.012s] --   plugins    : Plugin_BSPSceneManager;Plugin_OctreeSceneManager;Plugin_PCZSceneManager;Plugin_ParticleFX;RenderSystem_GL;RenderSystem_GL3Plus;Codec_STBI
[3.012s] --   media      : /opt/ros/humble/opt/rviz_ogre_vendor/share/OGRE/Media
[3.012s] -- OGRE_LIBRARIES: OgreHLMS;OgreMeshLodGenerator;OgreOverlay;OgrePaging;OgreProperty;OgreRTShaderSystem;OgreTerrain;OgreVolume;OgreMain
[3.012s] -- OGRE_LIBRARY_DIRS: /opt/ros/humble/opt/rviz_ogre_vendor/lib
[3.012s] -- OGRE_PLUGINS: Plugin_BSPSceneManager;Plugin_OctreeSceneManager;Plugin_PCZSceneManager;Plugin_ParticleFX;RenderSystem_GL;RenderSystem_GL3Plus;Codec_STBI
[3.012s] -- OGRE_PLUGIN_DIR: /opt/ros/humble/opt/rviz_ogre_vendor/lib/OGRE
[3.012s] -- rviz_ogre_vendor::OgreOverlay for IMPORTED_LOCATION_RELEASE: /opt/ros/humble/opt/rviz_ogre_vendor/lib/libOgreOverlay.so
[3.012s] -- rviz_ogre_vendor::OgreOverlay for IMPORTED_LOCATION_DEBUG: /opt/ros/humble/opt/rviz_ogre_vendor/lib/libOgreOverlay.so
[3.012s] -- rviz_ogre_vendor::OgreMain for IMPORTED_LOCATION_RELEASE: /opt/ros/humble/opt/rviz_ogre_vendor/lib/libOgreMain.so
[3.012s] -- rviz_ogre_vendor::OgreMain for IMPORTED_LOCATION_DEBUG: /opt/ros/humble/opt/rviz_ogre_vendor/lib/libOgreMain.so
[3.040s] -- Found ZLIB: /usr/lib/x86_64-linux-gnu/libz.so (found version "1.2.11") 
[3.047s] -- Found OpenGL: /usr/lib/x86_64-linux-gnu/libOpenGL.so   
[3.166s] -- Found X11: /usr/include   
[3.167s] -- Looking for XOpenDisplay in /usr/lib/x86_64-linux-gnu/libX11.so;/usr/lib/x86_64-linux-gnu/libXext.so
[3.237s] -- Looking for XOpenDisplay in /usr/lib/x86_64-linux-gnu/libX11.so;/usr/lib/x86_64-linux-gnu/libXext.so - found
[3.237s] -- Looking for gethostbyname
[3.303s] -- Looking for gethostbyname - found
[3.303s] -- Looking for connect
[3.369s] -- Looking for connect - found
[3.369s] -- Looking for remove
[3.434s] -- Looking for remove - found
[3.434s] -- Looking for shmat
[3.498s] -- Looking for shmat - found
[3.498s] -- Looking for IceConnectionNumber in ICE
[3.568s] -- Looking for IceConnectionNumber in ICE - found
[3.677s] -- Found ament_lint_auto: 0.12.14 (/opt/ros/humble/share/ament_lint_auto/cmake)
[3.805s] -- Added test 'copyright' to check source files copyright and LICENSE
[3.807s] -- Added test 'cppcheck' to perform static code analysis on C / C++ code
[3.807s] -- Configured cppcheck include dirs: /home/karan_k/interbotix_ws/src/interbotix_ros_toolboxes/interbotix_common_toolbox/interbotix_moveit_interface/include
[3.807s] -- Configured cppcheck exclude dirs and/or files: 
[3.808s] -- Added test 'cpplint' to check C / C++ code against the Google style
[3.809s] -- Configured cpplint exclude dirs and/or files: 
[3.810s] -- Added test 'lint_cmake' to check CMake code style
[3.811s] -- Added test 'uncrustify' to check C / C++ code style
[3.811s] -- Configured uncrustify additional arguments: 
[3.812s] -- Added test 'xmllint' to check XML markup files
[3.814s] -- Configuring done
[3.851s] -- Generating done
[3.860s] -- Build files have been written to: /home/karan_k/interbotix_ws/build/interbotix_moveit_interface
[3.882s] Invoked command in '/home/karan_k/interbotix_ws/build/interbotix_moveit_interface' returned '0': AMENT_PREFIX_PATH=/home/karan_k/interbotix_ws/install/moveit_visual_tools:/home/karan_k/interbotix_ws/install/interbotix_moveit_interface_msgs:${AMENT_PREFIX_PATH} CMAKE_PREFIX_PATH=/home/karan_k/interbotix_ws/install/moveit_visual_tools:/home/karan_k/interbotix_ws/install/interbotix_moveit_interface_msgs:/home/karan_k/apriltag_ws/install/apriltag_ros:/home/karan_k/Geomagic_Touch_ROS2/install/omni_common:/home/karan_k/Geomagic_Touch_ROS2/install/omni_broadcaster:/home/karan_k/Geomagic_Touch_ROS2/install/omni_msgs:/home/karan_k/Geomagic_Touch_ROS2/install/omni_description:/home/karan_k/ardu_ws/install/test_ros_gz_bridge:/home/karan_k/ardu_ws/install/ros_ign:/home/karan_k/ardu_ws/install/ros_ign_gazebo_demos:/home/karan_k/ardu_ws/install/ros_gz:/home/karan_k/ardu_ws/install/ros_gz_sim_demos:/home/karan_k/ardu_ws/install/ardupilot_gz_bringup:/home/karan_k/ardu_ws/install/sdformat_urdf:/home/karan_k/ardu_ws/install/sdformat_test_files:/home/karan_k/ardu_ws/install/ros_ign_interfaces:/home/karan_k/ardu_ws/install/ros_ign_image:/home/karan_k/ardu_ws/install/ros_ign_gazebo:/home/karan_k/ardu_ws/install/ros_ign_bridge:/home/karan_k/ardu_ws/install/ros_gz_sim:/home/karan_k/ardu_ws/install/ros_gz_image:/home/karan_k/ardu_ws/install/ros_gz_bridge:/home/karan_k/ardu_ws/install/ros_gz_interfaces:/home/karan_k/ardu_ws/install/ardupilot_sitl:/home/karan_k/ardu_ws/install/micro_ros_agent:/home/karan_k/ardu_ws/install/ardupilot_sitl_models:/home/karan_k/ardu_ws/install/ardupilot_msgs:/home/karan_k/ardu_ws/install/ardupilot_gz_gazebo:/home/karan_k/ardu_ws/install/ardupilot_gz_description:/home/karan_k/ardu_ws/install/ardupilot_gz_application:/home/karan_k/ardu_ws/install/ardupilot_gazebo:/home/karan_k/ardu_ws/install/ardupilot_dds_tests:/opt/ros/humble LD_LIBRARY_PATH=/home/karan_k/interbotix_ws/install/moveit_visual_tools/lib:/home/karan_k/interbotix_ws/install/interbotix_moveit_interface_msgs/lib:/home/karan_k/apriltag_ws/install/apriltag_ros/lib:/home/karan_k/Geomagic_Touch_ROS2/install/omni_msgs/lib:/home/karan_k/ardu_ws/install/sdformat_urdf/lib:/home/karan_k/ardu_ws/install/ros_ign_interfaces/lib:/home/karan_k/ardu_ws/install/ros_gz_sim/lib:/home/karan_k/ardu_ws/install/ros_gz_bridge/lib:/home/karan_k/ardu_ws/install/ros_gz_interfaces/lib:/home/karan_k/ardu_ws/install/micro_ros_agent/lib:/home/karan_k/ardu_ws/install/ardupilot_msgs/lib:/usr/lib/x86_64-linux-gnu/gazebo-11/plugins:/opt/ros/humble/opt/rviz_ogre_vendor/lib:/opt/ros/humble/lib/x86_64-linux-gnu:/opt/ros/humble/lib:/usr/lib/x86_64-linux-gnu/gazebo-11/plugins:/usr/lib/x86_64-linux-gnu/gazebo-11/plugins:/usr/lib/x86_64-linux-gnu/gazebo-11/plugins:/usr/share/gazebo-11/../../lib/x86_64-linux-gnu/gazebo-11/plugins:/usr/lib/x86_64-linux-gnu/gazebo-11/plugins:/usr/lib/x86_64-linux-gnu/gazebo-11/plugins PYTHONPATH=/home/karan_k/interbotix_ws/install/interbotix_moveit_interface_msgs/local/lib/python3.10/dist-packages:${PYTHONPATH} /usr/bin/cmake /home/karan_k/interbotix_ws/src/interbotix_ros_toolboxes/interbotix_common_toolbox/interbotix_moveit_interface -DCMAKE_INSTALL_PREFIX=/home/karan_k/interbotix_ws/install/interbotix_moveit_interface
[3.884s] Invoking command in '/home/karan_k/interbotix_ws/build/interbotix_moveit_interface': AMENT_PREFIX_PATH=/home/karan_k/interbotix_ws/install/moveit_visual_tools:/home/karan_k/interbotix_ws/install/interbotix_moveit_interface_msgs:${AMENT_PREFIX_PATH} CMAKE_PREFIX_PATH=/home/karan_k/interbotix_ws/install/moveit_visual_tools:/home/karan_k/interbotix_ws/install/interbotix_moveit_interface_msgs:/home/karan_k/apriltag_ws/install/apriltag_ros:/home/karan_k/Geomagic_Touch_ROS2/install/omni_common:/home/karan_k/Geomagic_Touch_ROS2/install/omni_broadcaster:/home/karan_k/Geomagic_Touch_ROS2/install/omni_msgs:/home/karan_k/Geomagic_Touch_ROS2/install/omni_description:/home/karan_k/ardu_ws/install/test_ros_gz_bridge:/home/karan_k/ardu_ws/install/ros_ign:/home/karan_k/ardu_ws/install/ros_ign_gazebo_demos:/home/karan_k/ardu_ws/install/ros_gz:/home/karan_k/ardu_ws/install/ros_gz_sim_demos:/home/karan_k/ardu_ws/install/ardupilot_gz_bringup:/home/karan_k/ardu_ws/install/sdformat_urdf:/home/karan_k/ardu_ws/install/sdformat_test_files:/home/karan_k/ardu_ws/install/ros_ign_interfaces:/home/karan_k/ardu_ws/install/ros_ign_image:/home/karan_k/ardu_ws/install/ros_ign_gazebo:/home/karan_k/ardu_ws/install/ros_ign_bridge:/home/karan_k/ardu_ws/install/ros_gz_sim:/home/karan_k/ardu_ws/install/ros_gz_image:/home/karan_k/ardu_ws/install/ros_gz_bridge:/home/karan_k/ardu_ws/install/ros_gz_interfaces:/home/karan_k/ardu_ws/install/ardupilot_sitl:/home/karan_k/ardu_ws/install/micro_ros_agent:/home/karan_k/ardu_ws/install/ardupilot_sitl_models:/home/karan_k/ardu_ws/install/ardupilot_msgs:/home/karan_k/ardu_ws/install/ardupilot_gz_gazebo:/home/karan_k/ardu_ws/install/ardupilot_gz_description:/home/karan_k/ardu_ws/install/ardupilot_gz_application:/home/karan_k/ardu_ws/install/ardupilot_gazebo:/home/karan_k/ardu_ws/install/ardupilot_dds_tests:/opt/ros/humble LD_LIBRARY_PATH=/home/karan_k/interbotix_ws/install/moveit_visual_tools/lib:/home/karan_k/interbotix_ws/install/interbotix_moveit_interface_msgs/lib:/home/karan_k/apriltag_ws/install/apriltag_ros/lib:/home/karan_k/Geomagic_Touch_ROS2/install/omni_msgs/lib:/home/karan_k/ardu_ws/install/sdformat_urdf/lib:/home/karan_k/ardu_ws/install/ros_ign_interfaces/lib:/home/karan_k/ardu_ws/install/ros_gz_sim/lib:/home/karan_k/ardu_ws/install/ros_gz_bridge/lib:/home/karan_k/ardu_ws/install/ros_gz_interfaces/lib:/home/karan_k/ardu_ws/install/micro_ros_agent/lib:/home/karan_k/ardu_ws/install/ardupilot_msgs/lib:/usr/lib/x86_64-linux-gnu/gazebo-11/plugins:/opt/ros/humble/opt/rviz_ogre_vendor/lib:/opt/ros/humble/lib/x86_64-linux-gnu:/opt/ros/humble/lib:/usr/lib/x86_64-linux-gnu/gazebo-11/plugins:/usr/lib/x86_64-linux-gnu/gazebo-11/plugins:/usr/lib/x86_64-linux-gnu/gazebo-11/plugins:/usr/share/gazebo-11/../../lib/x86_64-linux-gnu/gazebo-11/plugins:/usr/lib/x86_64-linux-gnu/gazebo-11/plugins:/usr/lib/x86_64-linux-gnu/gazebo-11/plugins PYTHONPATH=/home/karan_k/interbotix_ws/install/interbotix_moveit_interface_msgs/local/lib/python3.10/dist-packages:${PYTHONPATH} /usr/bin/cmake --build /home/karan_k/interbotix_ws/build/interbotix_moveit_interface -- -j16 -l16
[3.952s] [ 66%] [32mBuilding CXX object CMakeFiles/moveit_interface.dir/src/moveit_interface_obj.cpp.o[0m
[3.952s] [ 66%] [32mBuilding CXX object CMakeFiles/moveit_interface.dir/src/moveit_interface.cpp.o[0m
[3.997s] [100%] [32m[1mLinking CXX executable moveit_interface[0m
[4.544s] [100%] Built target moveit_interface
[4.557s] Invoked command in '/home/karan_k/interbotix_ws/build/interbotix_moveit_interface' returned '0': AMENT_PREFIX_PATH=/home/karan_k/interbotix_ws/install/moveit_visual_tools:/home/karan_k/interbotix_ws/install/interbotix_moveit_interface_msgs:${AMENT_PREFIX_PATH} CMAKE_PREFIX_PATH=/home/karan_k/interbotix_ws/install/moveit_visual_tools:/home/karan_k/interbotix_ws/install/interbotix_moveit_interface_msgs:/home/karan_k/apriltag_ws/install/apriltag_ros:/home/karan_k/Geomagic_Touch_ROS2/install/omni_common:/home/karan_k/Geomagic_Touch_ROS2/install/omni_broadcaster:/home/karan_k/Geomagic_Touch_ROS2/install/omni_msgs:/home/karan_k/Geomagic_Touch_ROS2/install/omni_description:/home/karan_k/ardu_ws/install/test_ros_gz_bridge:/home/karan_k/ardu_ws/install/ros_ign:/home/karan_k/ardu_ws/install/ros_ign_gazebo_demos:/home/karan_k/ardu_ws/install/ros_gz:/home/karan_k/ardu_ws/install/ros_gz_sim_demos:/home/karan_k/ardu_ws/install/ardupilot_gz_bringup:/home/karan_k/ardu_ws/install/sdformat_urdf:/home/karan_k/ardu_ws/install/sdformat_test_files:/home/karan_k/ardu_ws/install/ros_ign_interfaces:/home/karan_k/ardu_ws/install/ros_ign_image:/home/karan_k/ardu_ws/install/ros_ign_gazebo:/home/karan_k/ardu_ws/install/ros_ign_bridge:/home/karan_k/ardu_ws/install/ros_gz_sim:/home/karan_k/ardu_ws/install/ros_gz_image:/home/karan_k/ardu_ws/install/ros_gz_bridge:/home/karan_k/ardu_ws/install/ros_gz_interfaces:/home/karan_k/ardu_ws/install/ardupilot_sitl:/home/karan_k/ardu_ws/install/micro_ros_agent:/home/karan_k/ardu_ws/install/ardupilot_sitl_models:/home/karan_k/ardu_ws/install/ardupilot_msgs:/home/karan_k/ardu_ws/install/ardupilot_gz_gazebo:/home/karan_k/ardu_ws/install/ardupilot_gz_description:/home/karan_k/ardu_ws/install/ardupilot_gz_application:/home/karan_k/ardu_ws/install/ardupilot_gazebo:/home/karan_k/ardu_ws/install/ardupilot_dds_tests:/opt/ros/humble LD_LIBRARY_PATH=/home/karan_k/interbotix_ws/install/moveit_visual_tools/lib:/home/karan_k/interbotix_ws/install/interbotix_moveit_interface_msgs/lib:/home/karan_k/apriltag_ws/install/apriltag_ros/lib:/home/karan_k/Geomagic_Touch_ROS2/install/omni_msgs/lib:/home/karan_k/ardu_ws/install/sdformat_urdf/lib:/home/karan_k/ardu_ws/install/ros_ign_interfaces/lib:/home/karan_k/ardu_ws/install/ros_gz_sim/lib:/home/karan_k/ardu_ws/install/ros_gz_bridge/lib:/home/karan_k/ardu_ws/install/ros_gz_interfaces/lib:/home/karan_k/ardu_ws/install/micro_ros_agent/lib:/home/karan_k/ardu_ws/install/ardupilot_msgs/lib:/usr/lib/x86_64-linux-gnu/gazebo-11/plugins:/opt/ros/humble/opt/rviz_ogre_vendor/lib:/opt/ros/humble/lib/x86_64-linux-gnu:/opt/ros/humble/lib:/usr/lib/x86_64-linux-gnu/gazebo-11/plugins:/usr/lib/x86_64-linux-gnu/gazebo-11/plugins:/usr/lib/x86_64-linux-gnu/gazebo-11/plugins:/usr/share/gazebo-11/../../lib/x86_64-linux-gnu/gazebo-11/plugins:/usr/lib/x86_64-linux-gnu/gazebo-11/plugins:/usr/lib/x86_64-linux-gnu/gazebo-11/plugins PYTHONPATH=/home/karan_k/interbotix_ws/install/interbotix_moveit_interface_msgs/local/lib/python3.10/dist-packages:${PYTHONPATH} /usr/bin/cmake --build /home/karan_k/interbotix_ws/build/interbotix_moveit_interface -- -j16 -l16
[4.558s] Invoking command in '/home/karan_k/interbotix_ws/build/interbotix_moveit_interface': AMENT_PREFIX_PATH=/home/karan_k/interbotix_ws/install/moveit_visual_tools:/home/karan_k/interbotix_ws/install/interbotix_moveit_interface_msgs:${AMENT_PREFIX_PATH} CMAKE_PREFIX_PATH=/home/karan_k/interbotix_ws/install/moveit_visual_tools:/home/karan_k/interbotix_ws/install/interbotix_moveit_interface_msgs:/home/karan_k/apriltag_ws/install/apriltag_ros:/home/karan_k/Geomagic_Touch_ROS2/install/omni_common:/home/karan_k/Geomagic_Touch_ROS2/install/omni_broadcaster:/home/karan_k/Geomagic_Touch_ROS2/install/omni_msgs:/home/karan_k/Geomagic_Touch_ROS2/install/omni_description:/home/karan_k/ardu_ws/install/test_ros_gz_bridge:/home/karan_k/ardu_ws/install/ros_ign:/home/karan_k/ardu_ws/install/ros_ign_gazebo_demos:/home/karan_k/ardu_ws/install/ros_gz:/home/karan_k/ardu_ws/install/ros_gz_sim_demos:/home/karan_k/ardu_ws/install/ardupilot_gz_bringup:/home/karan_k/ardu_ws/install/sdformat_urdf:/home/karan_k/ardu_ws/install/sdformat_test_files:/home/karan_k/ardu_ws/install/ros_ign_interfaces:/home/karan_k/ardu_ws/install/ros_ign_image:/home/karan_k/ardu_ws/install/ros_ign_gazebo:/home/karan_k/ardu_ws/install/ros_ign_bridge:/home/karan_k/ardu_ws/install/ros_gz_sim:/home/karan_k/ardu_ws/install/ros_gz_image:/home/karan_k/ardu_ws/install/ros_gz_bridge:/home/karan_k/ardu_ws/install/ros_gz_interfaces:/home/karan_k/ardu_ws/install/ardupilot_sitl:/home/karan_k/ardu_ws/install/micro_ros_agent:/home/karan_k/ardu_ws/install/ardupilot_sitl_models:/home/karan_k/ardu_ws/install/ardupilot_msgs:/home/karan_k/ardu_ws/install/ardupilot_gz_gazebo:/home/karan_k/ardu_ws/install/ardupilot_gz_description:/home/karan_k/ardu_ws/install/ardupilot_gz_application:/home/karan_k/ardu_ws/install/ardupilot_gazebo:/home/karan_k/ardu_ws/install/ardupilot_dds_tests:/opt/ros/humble LD_LIBRARY_PATH=/home/karan_k/interbotix_ws/install/moveit_visual_tools/lib:/home/karan_k/interbotix_ws/install/interbotix_moveit_interface_msgs/lib:/home/karan_k/apriltag_ws/install/apriltag_ros/lib:/home/karan_k/Geomagic_Touch_ROS2/install/omni_msgs/lib:/home/karan_k/ardu_ws/install/sdformat_urdf/lib:/home/karan_k/ardu_ws/install/ros_ign_interfaces/lib:/home/karan_k/ardu_ws/install/ros_gz_sim/lib:/home/karan_k/ardu_ws/install/ros_gz_bridge/lib:/home/karan_k/ardu_ws/install/ros_gz_interfaces/lib:/home/karan_k/ardu_ws/install/micro_ros_agent/lib:/home/karan_k/ardu_ws/install/ardupilot_msgs/lib:/usr/lib/x86_64-linux-gnu/gazebo-11/plugins:/opt/ros/humble/opt/rviz_ogre_vendor/lib:/opt/ros/humble/lib/x86_64-linux-gnu:/opt/ros/humble/lib:/usr/lib/x86_64-linux-gnu/gazebo-11/plugins:/usr/lib/x86_64-linux-gnu/gazebo-11/plugins:/usr/lib/x86_64-linux-gnu/gazebo-11/plugins:/usr/share/gazebo-11/../../lib/x86_64-linux-gnu/gazebo-11/plugins:/usr/lib/x86_64-linux-gnu/gazebo-11/plugins:/usr/lib/x86_64-linux-gnu/gazebo-11/plugins PYTHONPATH=/home/karan_k/interbotix_ws/install/interbotix_moveit_interface_msgs/local/lib/python3.10/dist-packages:${PYTHONPATH} /usr/bin/cmake --install /home/karan_k/interbotix_ws/build/interbotix_moveit_interface
[4.567s] -- Install configuration: ""
[4.567s] -- Installing: /home/karan_k/interbotix_ws/install/interbotix_moveit_interface/lib/interbotix_moveit_interface/moveit_interface
[4.571s] -- Set runtime path of "/home/karan_k/interbotix_ws/install/interbotix_moveit_interface/lib/interbotix_moveit_interface/moveit_interface" to ""
[4.571s] -- Installing: /home/karan_k/interbotix_ws/install/interbotix_moveit_interface/lib/interbotix_moveit_interface/moveit_interface_gui
[4.571s] -- Installing: /home/karan_k/interbotix_ws/install/interbotix_moveit_interface/share/ament_index/resource_index/package_run_dependencies/interbotix_moveit_interface
[4.571s] -- Installing: /home/karan_k/interbotix_ws/install/interbotix_moveit_interface/share/ament_index/resource_index/parent_prefix_path/interbotix_moveit_interface
[4.571s] -- Installing: /home/karan_k/interbotix_ws/install/interbotix_moveit_interface/share/interbotix_moveit_interface/environment/ament_prefix_path.sh
[4.571s] -- Installing: /home/karan_k/interbotix_ws/install/interbotix_moveit_interface/share/interbotix_moveit_interface/environment/ament_prefix_path.dsv
[4.572s] -- Installing: /home/karan_k/interbotix_ws/install/interbotix_moveit_interface/share/interbotix_moveit_interface/environment/path.sh
[4.572s] -- Installing: /home/karan_k/interbotix_ws/install/interbotix_moveit_interface/share/interbotix_moveit_interface/environment/path.dsv
[4.572s] -- Installing: /home/karan_k/interbotix_ws/install/interbotix_moveit_interface/share/interbotix_moveit_interface/local_setup.bash
[4.572s] -- Installing: /home/karan_k/interbotix_ws/install/interbotix_moveit_interface/share/interbotix_moveit_interface/local_setup.sh
[4.572s] -- Installing: /home/karan_k/interbotix_ws/install/interbotix_moveit_interface/share/interbotix_moveit_interface/local_setup.zsh
[4.572s] -- Installing: /home/karan_k/interbotix_ws/install/interbotix_moveit_interface/share/interbotix_moveit_interface/local_setup.dsv
[4.572s] -- Installing: /home/karan_k/interbotix_ws/install/interbotix_moveit_interface/share/interbotix_moveit_interface/package.dsv
[4.573s] -- Installing: /home/karan_k/interbotix_ws/install/interbotix_moveit_interface/share/ament_index/resource_index/packages/interbotix_moveit_interface
[4.573s] -- Installing: /home/karan_k/interbotix_ws/install/interbotix_moveit_interface/share/interbotix_moveit_interface/cmake/interbotix_moveit_interfaceConfig.cmake
[4.573s] -- Installing: /home/karan_k/interbotix_ws/install/interbotix_moveit_interface/share/interbotix_moveit_interface/cmake/interbotix_moveit_interfaceConfig-version.cmake
[4.573s] -- Installing: /home/karan_k/interbotix_ws/install/interbotix_moveit_interface/share/interbotix_moveit_interface/package.xml
[4.576s] Invoked command in '/home/karan_k/interbotix_ws/build/interbotix_moveit_interface' returned '0': AMENT_PREFIX_PATH=/home/karan_k/interbotix_ws/install/moveit_visual_tools:/home/karan_k/interbotix_ws/install/interbotix_moveit_interface_msgs:${AMENT_PREFIX_PATH} CMAKE_PREFIX_PATH=/home/karan_k/interbotix_ws/install/moveit_visual_tools:/home/karan_k/interbotix_ws/install/interbotix_moveit_interface_msgs:/home/karan_k/apriltag_ws/install/apriltag_ros:/home/karan_k/Geomagic_Touch_ROS2/install/omni_common:/home/karan_k/Geomagic_Touch_ROS2/install/omni_broadcaster:/home/karan_k/Geomagic_Touch_ROS2/install/omni_msgs:/home/karan_k/Geomagic_Touch_ROS2/install/omni_description:/home/karan_k/ardu_ws/install/test_ros_gz_bridge:/home/karan_k/ardu_ws/install/ros_ign:/home/karan_k/ardu_ws/install/ros_ign_gazebo_demos:/home/karan_k/ardu_ws/install/ros_gz:/home/karan_k/ardu_ws/install/ros_gz_sim_demos:/home/karan_k/ardu_ws/install/ardupilot_gz_bringup:/home/karan_k/ardu_ws/install/sdformat_urdf:/home/karan_k/ardu_ws/install/sdformat_test_files:/home/karan_k/ardu_ws/install/ros_ign_interfaces:/home/karan_k/ardu_ws/install/ros_ign_image:/home/karan_k/ardu_ws/install/ros_ign_gazebo:/home/karan_k/ardu_ws/install/ros_ign_bridge:/home/karan_k/ardu_ws/install/ros_gz_sim:/home/karan_k/ardu_ws/install/ros_gz_image:/home/karan_k/ardu_ws/install/ros_gz_bridge:/home/karan_k/ardu_ws/install/ros_gz_interfaces:/home/karan_k/ardu_ws/install/ardupilot_sitl:/home/karan_k/ardu_ws/install/micro_ros_agent:/home/karan_k/ardu_ws/install/ardupilot_sitl_models:/home/karan_k/ardu_ws/install/ardupilot_msgs:/home/karan_k/ardu_ws/install/ardupilot_gz_gazebo:/home/karan_k/ardu_ws/install/ardupilot_gz_description:/home/karan_k/ardu_ws/install/ardupilot_gz_application:/home/karan_k/ardu_ws/install/ardupilot_gazebo:/home/karan_k/ardu_ws/install/ardupilot_dds_tests:/opt/ros/humble LD_LIBRARY_PATH=/home/karan_k/interbotix_ws/install/moveit_visual_tools/lib:/home/karan_k/interbotix_ws/install/interbotix_moveit_interface_msgs/lib:/home/karan_k/apriltag_ws/install/apriltag_ros/lib:/home/karan_k/Geomagic_Touch_ROS2/install/omni_msgs/lib:/home/karan_k/ardu_ws/install/sdformat_urdf/lib:/home/karan_k/ardu_ws/install/ros_ign_interfaces/lib:/home/karan_k/ardu_ws/install/ros_gz_sim/lib:/home/karan_k/ardu_ws/install/ros_gz_bridge/lib:/home/karan_k/ardu_ws/install/ros_gz_interfaces/lib:/home/karan_k/ardu_ws/install/micro_ros_agent/lib:/home/karan_k/ardu_ws/install/ardupilot_msgs/lib:/usr/lib/x86_64-linux-gnu/gazebo-11/plugins:/opt/ros/humble/opt/rviz_ogre_vendor/lib:/opt/ros/humble/lib/x86_64-linux-gnu:/opt/ros/humble/lib:/usr/lib/x86_64-linux-gnu/gazebo-11/plugins:/usr/lib/x86_64-linux-gnu/gazebo-11/plugins:/usr/lib/x86_64-linux-gnu/gazebo-11/plugins:/usr/share/gazebo-11/../../lib/x86_64-linux-gnu/gazebo-11/plugins:/usr/lib/x86_64-linux-gnu/gazebo-11/plugins:/usr/lib/x86_64-linux-gnu/gazebo-11/plugins PYTHONPATH=/home/karan_k/interbotix_ws/install/interbotix_moveit_interface_msgs/local/lib/python3.10/dist-packages:${PYTHONPATH} /usr/bin/cmake --install /home/karan_k/interbotix_ws/build/interbotix_moveit_interface
