[0.242s] Invoking command in '/home/karan_k/interbotix_ws/build/interbotix_common_sim': CMAKE_PREFIX_PATH=${CMAKE_PREFIX_PATH}:/home/karan_k/ardu_ws/install/ardupilot_dds_tests:/opt/ros/humble /usr/bin/cmake /home/karan_k/interbotix_ws/src/interbotix_ros_toolboxes/interbotix_common_toolbox/interbotix_common_sim -DCMAKE_INSTALL_PREFIX=/home/karan_k/interbotix_ws/install/interbotix_common_sim
[0.311s] -- The C compiler identification is GNU 11.4.0
[0.391s] -- The CXX compiler identification is GNU 11.4.0
[0.402s] -- Detecting C compiler ABI info
[0.479s] -- Detecting C compiler ABI info - done
[0.486s] -- Check for working C compiler: /usr/lib/ccache/cc - skipped
[0.486s] -- Detecting C compile features
[0.487s] -- Detecting C compile features - done
[0.489s] -- Detecting CXX compiler ABI info
[0.581s] -- Detecting CXX compiler ABI info - done
[0.589s] -- Check for working CXX compiler: /usr/lib/ccache/c++ - skipped
[0.590s] -- Detecting CXX compile features
[0.590s] -- Detecting CXX compile features - done
[0.596s] -- Found ament_cmake: 1.3.12 (/opt/ros/humble/share/ament_cmake/cmake)
[1.175s] -- Found Python3: /usr/bin/python3 (found version "3.10.12") found components: Interpreter 
[1.352s] -- Found ament_lint_auto: 0.12.14 (/opt/ros/humble/share/ament_lint_auto/cmake)
[1.475s] -- Configuring done
[1.479s] -- Generating done
[1.482s] -- Build files have been written to: /home/karan_k/interbotix_ws/build/interbotix_common_sim
[1.492s] Invoked command in '/home/karan_k/interbotix_ws/build/interbotix_common_sim' returned '0': CMAKE_PREFIX_PATH=${CMAKE_PREFIX_PATH}:/home/karan_k/ardu_ws/install/ardupilot_dds_tests:/opt/ros/humble /usr/bin/cmake /home/karan_k/interbotix_ws/src/interbotix_ros_toolboxes/interbotix_common_toolbox/interbotix_common_sim -DCMAKE_INSTALL_PREFIX=/home/karan_k/interbotix_ws/install/interbotix_common_sim
[1.493s] Invoking command in '/home/karan_k/interbotix_ws/build/interbotix_common_sim': CMAKE_PREFIX_PATH=${CMAKE_PREFIX_PATH}:/home/karan_k/ardu_ws/install/ardupilot_dds_tests:/opt/ros/humble /usr/bin/cmake --build /home/karan_k/interbotix_ws/build/interbotix_common_sim -- -j16 -l16
[1.549s] Invoked command in '/home/karan_k/interbotix_ws/build/interbotix_common_sim' returned '0': CMAKE_PREFIX_PATH=${CMAKE_PREFIX_PATH}:/home/karan_k/ardu_ws/install/ardupilot_dds_tests:/opt/ros/humble /usr/bin/cmake --build /home/karan_k/interbotix_ws/build/interbotix_common_sim -- -j16 -l16
[1.565s] Invoking command in '/home/karan_k/interbotix_ws/build/interbotix_common_sim': CMAKE_PREFIX_PATH=${CMAKE_PREFIX_PATH}:/home/karan_k/ardu_ws/install/ardupilot_dds_tests:/opt/ros/humble /usr/bin/cmake --install /home/karan_k/interbotix_ws/build/interbotix_common_sim
[1.578s] -- Install configuration: ""
[1.581s] -- Installing: /home/karan_k/interbotix_ws/install/interbotix_common_sim/share/interbotix_common_sim/models
[1.581s] -- Installing: /home/karan_k/interbotix_ws/install/interbotix_common_sim/share/interbotix_common_sim/models/VisionKit
[1.581s] -- Installing: /home/karan_k/interbotix_ws/install/interbotix_common_sim/share/interbotix_common_sim/models/VisionKit/stand.stl
[1.581s] -- Installing: /home/karan_k/interbotix_ws/install/interbotix_common_sim/share/interbotix_common_sim/models/VisionKit/model.config
[1.581s] -- Installing: /home/karan_k/interbotix_ws/install/interbotix_common_sim/share/interbotix_common_sim/models/VisionKit/VisionKit.sdf
[1.581s] -- Installing: /home/karan_k/interbotix_ws/install/interbotix_common_sim/share/interbotix_common_sim/models/TrossenRoboticsOfficeBuilding
[1.581s] -- Installing: /home/karan_k/interbotix_ws/install/interbotix_common_sim/share/interbotix_common_sim/models/TrossenRoboticsOfficeBuilding/TrossenRoboticsOfficeBuilding.sdf
[1.581s] -- Installing: /home/karan_k/interbotix_ws/install/interbotix_common_sim/share/interbotix_common_sim/models/TrossenRoboticsOfficeBuilding/model.config
[1.581s] -- Installing: /home/karan_k/interbotix_ws/install/interbotix_common_sim/share/interbotix_common_sim/models/RealSenseD415
[1.581s] -- Installing: /home/karan_k/interbotix_ws/install/interbotix_common_sim/share/interbotix_common_sim/models/RealSenseD415/RealSenseD415.sdf
[1.582s] -- Installing: /home/karan_k/interbotix_ws/install/interbotix_common_sim/share/interbotix_common_sim/models/RealSenseD415/model.config
[1.582s] -- Installing: /home/karan_k/interbotix_ws/install/interbotix_common_sim/share/interbotix_common_sim/models/RealSenseD415/camera.stl
[1.582s] -- Installing: /home/karan_k/interbotix_ws/install/interbotix_common_sim/share/interbotix_common_sim/worlds
[1.582s] -- Installing: /home/karan_k/interbotix_ws/install/interbotix_common_sim/share/interbotix_common_sim/worlds/vision_kit.world
[1.582s] -- Installing: /home/karan_k/interbotix_ws/install/interbotix_common_sim/share/interbotix_common_sim/worlds/interbotix.world
[1.582s] -- Installing: /home/karan_k/interbotix_ws/install/interbotix_common_sim/share/interbotix_common_sim/media
[1.582s] -- Installing: /home/karan_k/interbotix_ws/install/interbotix_common_sim/share/interbotix_common_sim/media/interbotix_black.png
[1.582s] -- Installing: /home/karan_k/interbotix_ws/install/interbotix_common_sim/share/interbotix_common_sim/media/materials
[1.582s] -- Installing: /home/karan_k/interbotix_ws/install/interbotix_common_sim/share/interbotix_common_sim/media/materials/textures
[1.582s] -- Installing: /home/karan_k/interbotix_ws/install/interbotix_common_sim/share/interbotix_common_sim/media/materials/textures/interbotix_black.png
[1.583s] -- Installing: /home/karan_k/interbotix_ws/install/interbotix_common_sim/share/interbotix_common_sim/media/materials/scripts
[1.583s] -- Installing: /home/karan_k/interbotix_ws/install/interbotix_common_sim/share/interbotix_common_sim/media/materials/scripts/interbotix_black.material
[1.583s] -- Installing: /home/karan_k/interbotix_ws/install/interbotix_common_sim/share/interbotix_common_sim/media/materials/scripts/interbotix_texture.gazebo
[1.583s] -- Installing: /home/karan_k/interbotix_ws/install/interbotix_common_sim/share/ament_index/resource_index/package_run_dependencies/interbotix_common_sim
[1.583s] -- Installing: /home/karan_k/interbotix_ws/install/interbotix_common_sim/share/ament_index/resource_index/parent_prefix_path/interbotix_common_sim
[1.583s] -- Installing: /home/karan_k/interbotix_ws/install/interbotix_common_sim/share/interbotix_common_sim/environment/ament_prefix_path.sh
[1.583s] -- Installing: /home/karan_k/interbotix_ws/install/interbotix_common_sim/share/interbotix_common_sim/environment/ament_prefix_path.dsv
[1.583s] -- Installing: /home/karan_k/interbotix_ws/install/interbotix_common_sim/share/interbotix_common_sim/environment/path.sh
[1.584s] -- Installing: /home/karan_k/interbotix_ws/install/interbotix_common_sim/share/interbotix_common_sim/environment/path.dsv
[1.584s] -- Installing: /home/karan_k/interbotix_ws/install/interbotix_common_sim/share/interbotix_common_sim/local_setup.bash
[1.584s] -- Installing: /home/karan_k/interbotix_ws/install/interbotix_common_sim/share/interbotix_common_sim/local_setup.sh
[1.584s] -- Installing: /home/karan_k/interbotix_ws/install/interbotix_common_sim/share/interbotix_common_sim/local_setup.zsh
[1.584s] -- Installing: /home/karan_k/interbotix_ws/install/interbotix_common_sim/share/interbotix_common_sim/local_setup.dsv
[1.584s] -- Installing: /home/karan_k/interbotix_ws/install/interbotix_common_sim/share/interbotix_common_sim/package.dsv
[1.585s] -- Installing: /home/karan_k/interbotix_ws/install/interbotix_common_sim/share/ament_index/resource_index/packages/interbotix_common_sim
[1.585s] -- Installing: /home/karan_k/interbotix_ws/install/interbotix_common_sim/share/interbotix_common_sim/cmake/interbotix_common_simConfig.cmake
[1.585s] -- Installing: /home/karan_k/interbotix_ws/install/interbotix_common_sim/share/interbotix_common_sim/cmake/interbotix_common_simConfig-version.cmake
[1.585s] -- Installing: /home/karan_k/interbotix_ws/install/interbotix_common_sim/share/interbotix_common_sim/package.xml
[1.589s] Invoked command in '/home/karan_k/interbotix_ws/build/interbotix_common_sim' returned '0': CMAKE_PREFIX_PATH=${CMAKE_PREFIX_PATH}:/home/karan_k/ardu_ws/install/ardupilot_dds_tests:/opt/ros/humble /usr/bin/cmake --install /home/karan_k/interbotix_ws/build/interbotix_common_sim
