[01m[K/home/karan_k/Geomagic_Touch_ROS2/src/omni_common/src/omni.cpp:247:62:[m[K [01;35m[Kwarning: [m[K‘[01m[Kstdcall[m[K’ attribute ignored [[01;35m[K-Wattributes[m[K]
  247 | HDCallbackCode HDCALLBACK omni_state_callback(void *pUserData[01;35m[K)[m[K
      |                                                              [01;35m[K^[m[K
[01m[K/home/karan_k/Geomagic_Touch_ROS2/src/omni_common/src/omni.cpp:[m[K In function ‘[01m[KHDCallbackCode omni_state_callback(void*)[m[K’:
[01m[K/home/karan_k/Geomagic_Touch_ROS2/src/omni_common/src/omni.cpp:297:57:[m[K [01;35m[Kwarning: [m[Knarrowing conversion of ‘[01m[Komni_state->OmniState::joints.hduVector3D<double>::operator[](0)[m[K’ from ‘[01m[Kdouble[m[K’ to ‘[01m[Kfloat[m[K’ [[01;35m[K-Wnarrowing[m[K]
  297 |                   omni_state->rot[1], omni_state->rot[2][01;35m[K}[m[K;
      |                                                         [01;35m[K^[m[K
[01m[K/home/karan_k/Geomagic_Touch_ROS2/src/omni_common/src/omni.cpp:297:57:[m[K [01;35m[Kwarning: [m[Knarrowing conversion of ‘[01m[Komni_state->OmniState::joints.hduVector3D<double>::operator[](1)[m[K’ from ‘[01m[Kdouble[m[K’ to ‘[01m[Kfloat[m[K’ [[01;35m[K-Wnarrowing[m[K]
[01m[K/home/karan_k/Geomagic_Touch_ROS2/src/omni_common/src/omni.cpp:296:41:[m[K [01;35m[Kwarning: [m[Knarrowing conversion of ‘[01m[K(omni_state->OmniState::joints.hduVector3D<double>::operator[](2) - omni_state->OmniState::joints.hduVector3D<double>::operator[](1))[m[K’ from ‘[01m[Kdouble[m[K’ to ‘[01m[Kfloat[m[K’ [[01;35m[K-Wnarrowing[m[K]
  296 |                   omni_state->joints[2] - omni_state->joints[1], omni_state->rot[0],
[01m[K/home/karan_k/Geomagic_Touch_ROS2/src/omni_common/src/omni.cpp:297:57:[m[K [01;35m[Kwarning: [m[Knarrowing conversion of ‘[01m[Komni_state->OmniState::rot.hduVector3D<double>::operator[](0)[m[K’ from ‘[01m[Kdouble[m[K’ to ‘[01m[Kfloat[m[K’ [[01;35m[K-Wnarrowing[m[K]
  297 |                   omni_state->rot[1], omni_state->rot[2][01;35m[K}[m[K;
      |                                                         [01;35m[K^[m[K
[01m[K/home/karan_k/Geomagic_Touch_ROS2/src/omni_common/src/omni.cpp:297:57:[m[K [01;35m[Kwarning: [m[Knarrowing conversion of ‘[01m[Komni_state->OmniState::rot.hduVector3D<double>::operator[](1)[m[K’ from ‘[01m[Kdouble[m[K’ to ‘[01m[Kfloat[m[K’ [[01;35m[K-Wnarrowing[m[K]
[01m[K/home/karan_k/Geomagic_Touch_ROS2/src/omni_common/src/omni.cpp:297:57:[m[K [01;35m[Kwarning: [m[Knarrowing conversion of ‘[01m[Komni_state->OmniState::rot.hduVector3D<double>::operator[](2)[m[K’ from ‘[01m[Kdouble[m[K’ to ‘[01m[Kfloat[m[K’ [[01;35m[K-Wnarrowing[m[K]
[01m[K/home/karan_k/Geomagic_Touch_ROS2/src/omni_common/src/omni_state.cpp:274:62:[m[K [01;35m[Kwarning: [m[K‘[01m[Kstdcall[m[K’ attribute ignored [[01;35m[K-Wattributes[m[K]
  274 | HDCallbackCode HDCALLBACK omni_state_callback(void *pUserData[01;35m[K)[m[K
      |                                                              [01;35m[K^[m[K
[01m[K/home/karan_k/Geomagic_Touch_ROS2/src/omni_common/src/omni_state.cpp:[m[K In function ‘[01m[KHDCallbackCode omni_state_callback(void*)[m[K’:
[01m[K/home/karan_k/Geomagic_Touch_ROS2/src/omni_common/src/omni_state.cpp:345:53:[m[K [01;35m[Kwarning: [m[Knarrowing conversion of ‘[01m[Komni_state->OmniState::joints.hduVector3D<double>::operator[](0)[m[K’ from ‘[01m[Kdouble[m[K’ to ‘[01m[Kfloat[m[K’ [[01;35m[K-Wnarrowing[m[K]
  345 |                   gimbal_angles[1], gimbal_angles[2][01;35m[K}[m[K;
      |                                                     [01;35m[K^[m[K
[01m[K/home/karan_k/Geomagic_Touch_ROS2/src/omni_common/src/omni_state.cpp:345:53:[m[K [01;35m[Kwarning: [m[Knarrowing conversion of ‘[01m[Komni_state->OmniState::joints.hduVector3D<double>::operator[](1)[m[K’ from ‘[01m[Kdouble[m[K’ to ‘[01m[Kfloat[m[K’ [[01;35m[K-Wnarrowing[m[K]
[01m[K/home/karan_k/Geomagic_Touch_ROS2/src/omni_common/src/omni_state.cpp:344:41:[m[K [01;35m[Kwarning: [m[Knarrowing conversion of ‘[01m[K(omni_state->OmniState::joints.hduVector3D<double>::operator[](2) - omni_state->OmniState::joints.hduVector3D<double>::operator[](1))[m[K’ from ‘[01m[Kdouble[m[K’ to ‘[01m[Kfloat[m[K’ [[01;35m[K-Wnarrowing[m[K]
  344 |                   omni_state->joints[2] - omni_state->joints[1], gimbal_angles[0],
[01m[K/home/karan_k/Geomagic_Touch_ROS2/src/omni_common/src/omni_state.cpp:345:53:[m[K [01;35m[Kwarning: [m[Knarrowing conversion of ‘[01m[Kgimbal_angles.hduVector3D<double>::operator[](0)[m[K’ from ‘[01m[Kdouble[m[K’ to ‘[01m[Kfloat[m[K’ [[01;35m[K-Wnarrowing[m[K]
  345 |                   gimbal_angles[1], gimbal_angles[2][01;35m[K}[m[K;
      |                                                     [01;35m[K^[m[K
[01m[K/home/karan_k/Geomagic_Touch_ROS2/src/omni_common/src/omni_state.cpp:345:53:[m[K [01;35m[Kwarning: [m[Knarrowing conversion of ‘[01m[Kgimbal_angles.hduVector3D<double>::operator[](1)[m[K’ from ‘[01m[Kdouble[m[K’ to ‘[01m[Kfloat[m[K’ [[01;35m[K-Wnarrowing[m[K]
[01m[K/home/karan_k/Geomagic_Touch_ROS2/src/omni_common/src/omni_state.cpp:345:53:[m[K [01;35m[Kwarning: [m[Knarrowing conversion of ‘[01m[Kgimbal_angles.hduVector3D<double>::operator[](2)[m[K’ from ‘[01m[Kdouble[m[K’ to ‘[01m[Kfloat[m[K’ [[01;35m[K-Wnarrowing[m[K]
/usr/bin/ld: warning: libncurses.so.5, needed by /usr/lib/gcc/x86_64-linux-gnu/11/../../../../lib/libHD.so, may conflict with libncurses.so.6
/usr/bin/ld: warning: libncurses.so.5, needed by /usr/lib/gcc/x86_64-linux-gnu/11/../../../../lib/libHD.so, may conflict with libncurses.so.6
