-- Found ament_cmake: 1.3.11 (/opt/ros/humble/share/ament_cmake/cmake)
-- Found rclcpp: 16.0.12 (/opt/ros/humble/share/rclcpp/cmake)
-- Found rosidl_generator_c: 3.1.6 (/opt/ros/humble/share/rosidl_generator_c/cmake)
-- Found rosidl_adapter: 3.1.6 (/opt/ros/humble/share/rosidl_adapter/cmake)
-- Found rosidl_generator_cpp: 3.1.6 (/opt/ros/humble/share/rosidl_generator_cpp/cmake)
-- Using all available rosidl_typesupport_c: rosidl_typesupport_fastrtps_c;rosidl_typesupport_introspection_c
-- Using all available rosidl_typesupport_cpp: rosidl_typesupport_fastrtps_cpp;rosidl_typesupport_introspection_cpp
-- Found rmw_implementation_cmake: 6.1.2 (/opt/ros/humble/share/rmw_implementation_cmake/cmake)
-- Found rmw_fastrtps_cpp: 6.2.7 (/opt/ros/humble/share/rmw_fastrtps_cpp/cmake)
-- Using RMW implementation 'rmw_fastrtps_cpp' as default
-- Found geometry_msgs: 4.9.0 (/opt/ros/humble/share/geometry_msgs/cmake)
-- Found omni_msgs: 0.0.0 (/home/karan_k/Geomagic_Touch_ROS2/install/omni_msgs/share/omni_msgs/cmake)
-- Found sensor_msgs: 4.9.0 (/opt/ros/humble/share/sensor_msgs/cmake)
-- Found tf2_ros: 0.25.13 (/opt/ros/humble/share/tf2_ros/cmake)
-- Found urdf: 2.6.1 (/opt/ros/humble/share/urdf/cmake)
-- Found ament_lint_auto: 0.12.12 (/opt/ros/humble/share/ament_lint_auto/cmake)
-- Added test 'copyright' to check source files copyright and LICENSE
-- Added test 'cppcheck' to perform static code analysis on C / C++ code
-- Configured cppcheck include dirs: $<BUILD_INTERFACE:/home/karan_k/Geomagic_Touch_ROS2/src/omni_common/include>
-- Configured cppcheck exclude dirs and/or files: 
-- Added test 'cpplint' to check C / C++ code against the Google style
-- Configured cpplint exclude dirs and/or files: 
-- Added test 'flake8' to check Python code syntax and style conventions
-- Added test 'lint_cmake' to check CMake code style
-- Added test 'pep257' to check Python code against some of the docstring style conventions in PEP 257
-- Added test 'uncrustify' to check C / C++ code style
-- Configured uncrustify additional arguments: 
-- Added test 'xmllint' to check XML markup files
-- Configuring done
-- Generating done
-- Build files have been written to: /home/karan_k/Geomagic_Touch_ROS2/build/omni_common
[35m[1mConsolidate compiler generated dependencies of target omni_state[0m
[35m[1mConsolidate compiler generated dependencies of target omni[0m
[ 50%] [32mBuilding CXX object CMakeFiles/omni_state.dir/src/omni_state.cpp.o[0m
[ 50%] [32mBuilding CXX object CMakeFiles/omni.dir/src/omni.cpp.o[0m
[01m[K/home/karan_k/Geomagic_Touch_ROS2/src/omni_common/src/omni.cpp:247:62:[m[K [01;35m[Kwarning: [m[K‘[01m[Kstdcall[m[K’ attribute ignored [[01;35m[K-Wattributes[m[K]
  247 | HDCallbackCode HDCALLBACK omni_state_callback(void *pUserData[01;35m[K)[m[K
      |                                                              [01;35m[K^[m[K
[01m[K/home/karan_k/Geomagic_Touch_ROS2/src/omni_common/src/omni.cpp:[m[K In function ‘[01m[KHDCallbackCode omni_state_callback(void*)[m[K’:
[01m[K/home/karan_k/Geomagic_Touch_ROS2/src/omni_common/src/omni.cpp:297:57:[m[K [01;35m[Kwarning: [m[Knarrowing conversion of ‘[01m[Komni_state->OmniState::joints.hduVector3D<double>::operator[](0)[m[K’ from ‘[01m[Kdouble[m[K’ to ‘[01m[Kfloat[m[K’ [[01;35m[K-Wnarrowing[m[K]
  297 |                   omni_state->rot[1], omni_state->rot[2][01;35m[K}[m[K;
      |                                                         [01;35m[K^[m[K
[01m[K/home/karan_k/Geomagic_Touch_ROS2/src/omni_common/src/omni.cpp:297:57:[m[K [01;35m[Kwarning: [m[Knarrowing conversion of ‘[01m[Komni_state->OmniState::joints.hduVector3D<double>::operator[](1)[m[K’ from ‘[01m[Kdouble[m[K’ to ‘[01m[Kfloat[m[K’ [[01;35m[K-Wnarrowing[m[K]
[01m[K/home/karan_k/Geomagic_Touch_ROS2/src/omni_common/src/omni.cpp:296:41:[m[K [01;35m[Kwarning: [m[Knarrowing conversion of ‘[01m[K(omni_state->OmniState::joints.hduVector3D<double>::operator[](2) - omni_state->OmniState::joints.hduVector3D<double>::operator[](1))[m[K’ from ‘[01m[Kdouble[m[K’ to ‘[01m[Kfloat[m[K’ [[01;35m[K-Wnarrowing[m[K]
  296 |                   omni_state->joints[2] - omni_state->joints[1], omni_state->rot[0],
[01m[K/home/karan_k/Geomagic_Touch_ROS2/src/omni_common/src/omni.cpp:297:57:[m[K [01;35m[Kwarning: [m[Knarrowing conversion of ‘[01m[Komni_state->OmniState::rot.hduVector3D<double>::operator[](0)[m[K’ from ‘[01m[Kdouble[m[K’ to ‘[01m[Kfloat[m[K’ [[01;35m[K-Wnarrowing[m[K]
  297 |                   omni_state->rot[1], omni_state->rot[2][01;35m[K}[m[K;
      |                                                         [01;35m[K^[m[K
[01m[K/home/karan_k/Geomagic_Touch_ROS2/src/omni_common/src/omni.cpp:297:57:[m[K [01;35m[Kwarning: [m[Knarrowing conversion of ‘[01m[Komni_state->OmniState::rot.hduVector3D<double>::operator[](1)[m[K’ from ‘[01m[Kdouble[m[K’ to ‘[01m[Kfloat[m[K’ [[01;35m[K-Wnarrowing[m[K]
[01m[K/home/karan_k/Geomagic_Touch_ROS2/src/omni_common/src/omni.cpp:297:57:[m[K [01;35m[Kwarning: [m[Knarrowing conversion of ‘[01m[Komni_state->OmniState::rot.hduVector3D<double>::operator[](2)[m[K’ from ‘[01m[Kdouble[m[K’ to ‘[01m[Kfloat[m[K’ [[01;35m[K-Wnarrowing[m[K]
[01m[K/home/karan_k/Geomagic_Touch_ROS2/src/omni_common/src/omni_state.cpp:274:62:[m[K [01;35m[Kwarning: [m[K‘[01m[Kstdcall[m[K’ attribute ignored [[01;35m[K-Wattributes[m[K]
  274 | HDCallbackCode HDCALLBACK omni_state_callback(void *pUserData[01;35m[K)[m[K
      |                                                              [01;35m[K^[m[K
[01m[K/home/karan_k/Geomagic_Touch_ROS2/src/omni_common/src/omni_state.cpp:[m[K In function ‘[01m[KHDCallbackCode omni_state_callback(void*)[m[K’:
[01m[K/home/karan_k/Geomagic_Touch_ROS2/src/omni_common/src/omni_state.cpp:345:53:[m[K [01;35m[Kwarning: [m[Knarrowing conversion of ‘[01m[Komni_state->OmniState::joints.hduVector3D<double>::operator[](0)[m[K’ from ‘[01m[Kdouble[m[K’ to ‘[01m[Kfloat[m[K’ [[01;35m[K-Wnarrowing[m[K]
  345 |                   gimbal_angles[1], gimbal_angles[2][01;35m[K}[m[K;
      |                                                     [01;35m[K^[m[K
[01m[K/home/karan_k/Geomagic_Touch_ROS2/src/omni_common/src/omni_state.cpp:345:53:[m[K [01;35m[Kwarning: [m[Knarrowing conversion of ‘[01m[Komni_state->OmniState::joints.hduVector3D<double>::operator[](1)[m[K’ from ‘[01m[Kdouble[m[K’ to ‘[01m[Kfloat[m[K’ [[01;35m[K-Wnarrowing[m[K]
[01m[K/home/karan_k/Geomagic_Touch_ROS2/src/omni_common/src/omni_state.cpp:344:41:[m[K [01;35m[Kwarning: [m[Knarrowing conversion of ‘[01m[K(omni_state->OmniState::joints.hduVector3D<double>::operator[](2) - omni_state->OmniState::joints.hduVector3D<double>::operator[](1))[m[K’ from ‘[01m[Kdouble[m[K’ to ‘[01m[Kfloat[m[K’ [[01;35m[K-Wnarrowing[m[K]
  344 |                   omni_state->joints[2] - omni_state->joints[1], gimbal_angles[0],
[01m[K/home/karan_k/Geomagic_Touch_ROS2/src/omni_common/src/omni_state.cpp:345:53:[m[K [01;35m[Kwarning: [m[Knarrowing conversion of ‘[01m[Kgimbal_angles.hduVector3D<double>::operator[](0)[m[K’ from ‘[01m[Kdouble[m[K’ to ‘[01m[Kfloat[m[K’ [[01;35m[K-Wnarrowing[m[K]
  345 |                   gimbal_angles[1], gimbal_angles[2][01;35m[K}[m[K;
      |                                                     [01;35m[K^[m[K
[01m[K/home/karan_k/Geomagic_Touch_ROS2/src/omni_common/src/omni_state.cpp:345:53:[m[K [01;35m[Kwarning: [m[Knarrowing conversion of ‘[01m[Kgimbal_angles.hduVector3D<double>::operator[](1)[m[K’ from ‘[01m[Kdouble[m[K’ to ‘[01m[Kfloat[m[K’ [[01;35m[K-Wnarrowing[m[K]
[01m[K/home/karan_k/Geomagic_Touch_ROS2/src/omni_common/src/omni_state.cpp:345:53:[m[K [01;35m[Kwarning: [m[Knarrowing conversion of ‘[01m[Kgimbal_angles.hduVector3D<double>::operator[](2)[m[K’ from ‘[01m[Kdouble[m[K’ to ‘[01m[Kfloat[m[K’ [[01;35m[K-Wnarrowing[m[K]
[100%] [32m[1mLinking CXX executable omni[0m
[100%] [32m[1mLinking CXX executable omni_state[0m
/usr/bin/ld: warning: libncurses.so.5, needed by /usr/lib/gcc/x86_64-linux-gnu/11/../../../../lib/libHD.so, may conflict with libncurses.so.6
/usr/bin/ld: warning: libncurses.so.5, needed by /usr/lib/gcc/x86_64-linux-gnu/11/../../../../lib/libHD.so, may conflict with libncurses.so.6
[100%] Built target omni_state
[100%] Built target omni
-- Install configuration: ""
-- Installing: /home/karan_k/Geomagic_Touch_ROS2/install/omni_common/lib/omni_common/omni
-- Set runtime path of "/home/karan_k/Geomagic_Touch_ROS2/install/omni_common/lib/omni_common/omni" to ""
-- Installing: /home/karan_k/Geomagic_Touch_ROS2/install/omni_common/lib/omni_common/omni_state
-- Set runtime path of "/home/karan_k/Geomagic_Touch_ROS2/install/omni_common/lib/omni_common/omni_state" to ""
-- Up-to-date: /home/karan_k/Geomagic_Touch_ROS2/install/omni_common/share/omni_common/launch
-- Up-to-date: /home/karan_k/Geomagic_Touch_ROS2/install/omni_common/share/omni_common/launch/omni.launch.py
-- Up-to-date: /home/karan_k/Geomagic_Touch_ROS2/install/omni_common/share/omni_common/launch/omni_state.launch.py
-- Up-to-date: /home/karan_k/Geomagic_Touch_ROS2/install/omni_common/share/omni_common/launch/pub.py
-- Up-to-date: /home/karan_k/Geomagic_Touch_ROS2/install/omni_common/share/ament_index/resource_index/package_run_dependencies/omni_common
-- Installing: /home/karan_k/Geomagic_Touch_ROS2/install/omni_common/share/ament_index/resource_index/parent_prefix_path/omni_common
-- Up-to-date: /home/karan_k/Geomagic_Touch_ROS2/install/omni_common/share/omni_common/environment/ament_prefix_path.sh
-- Installing: /home/karan_k/Geomagic_Touch_ROS2/install/omni_common/share/omni_common/environment/ament_prefix_path.dsv
-- Up-to-date: /home/karan_k/Geomagic_Touch_ROS2/install/omni_common/share/omni_common/environment/path.sh
-- Installing: /home/karan_k/Geomagic_Touch_ROS2/install/omni_common/share/omni_common/environment/path.dsv
-- Up-to-date: /home/karan_k/Geomagic_Touch_ROS2/install/omni_common/share/omni_common/local_setup.bash
-- Up-to-date: /home/karan_k/Geomagic_Touch_ROS2/install/omni_common/share/omni_common/local_setup.sh
-- Up-to-date: /home/karan_k/Geomagic_Touch_ROS2/install/omni_common/share/omni_common/local_setup.zsh
-- Installing: /home/karan_k/Geomagic_Touch_ROS2/install/omni_common/share/omni_common/local_setup.dsv
-- Installing: /home/karan_k/Geomagic_Touch_ROS2/install/omni_common/share/omni_common/package.dsv
-- Up-to-date: /home/karan_k/Geomagic_Touch_ROS2/install/omni_common/share/ament_index/resource_index/packages/omni_common
-- Up-to-date: /home/karan_k/Geomagic_Touch_ROS2/install/omni_common/share/omni_common/cmake/omni_commonConfig.cmake
-- Up-to-date: /home/karan_k/Geomagic_Touch_ROS2/install/omni_common/share/omni_common/cmake/omni_commonConfig-version.cmake
-- Up-to-date: /home/karan_k/Geomagic_Touch_ROS2/install/omni_common/share/omni_common/package.xml
