[0.014s] Invoking command in '/home/karan_k/Geomagic_Touch_ROS2/build/omni_common': AMENT_PREFIX_PATH=/home/karan_k/Geomagic_Touch_ROS2/install/omni_msgs:${AMENT_PREFIX_PATH} CMAKE_PREFIX_PATH=/home/karan_k/Geomagic_Touch_ROS2/install/omni_msgs:/home/karan_k/ardu_ws/install/test_ros_gz_bridge:/home/karan_k/ardu_ws/install/ros_ign:/home/karan_k/ardu_ws/install/ros_ign_gazebo_demos:/home/karan_k/ardu_ws/install/ros_gz:/home/karan_k/ardu_ws/install/ros_gz_sim_demos:/home/karan_k/ardu_ws/install/ardupilot_gz_bringup:/home/karan_k/ardu_ws/install/sdformat_urdf:/home/karan_k/ardu_ws/install/sdformat_test_files:/home/karan_k/ardu_ws/install/ros_ign_interfaces:/home/karan_k/ardu_ws/install/ros_ign_image:/home/karan_k/ardu_ws/install/ros_ign_gazebo:/home/karan_k/ardu_ws/install/ros_ign_bridge:/home/karan_k/ardu_ws/install/ros_gz_sim:/home/karan_k/ardu_ws/install/ros_gz_image:/home/karan_k/ardu_ws/install/ros_gz_bridge:/home/karan_k/ardu_ws/install/ros_gz_interfaces:/home/karan_k/ardu_ws/install/ardupilot_sitl:/home/karan_k/ardu_ws/install/micro_ros_agent:/home/karan_k/ardu_ws/install/ardupilot_sitl_models:/home/karan_k/ardu_ws/install/ardupilot_msgs:/home/karan_k/ardu_ws/install/ardupilot_gz_gazebo:/home/karan_k/ardu_ws/install/ardupilot_gz_description:/home/karan_k/ardu_ws/install/ardupilot_gz_application:/home/karan_k/ardu_ws/install/ardupilot_gazebo:/home/karan_k/ardu_ws/install/ardupilot_dds_tests:/opt/ros/humble LD_LIBRARY_PATH=/home/karan_k/Geomagic_Touch_ROS2/install/omni_msgs/lib:${LD_LIBRARY_PATH} PYTHONPATH=/home/karan_k/Geomagic_Touch_ROS2/install/omni_msgs/local/lib/python3.10/dist-packages:${PYTHONPATH} /usr/bin/cmake --build /home/karan_k/Geomagic_Touch_ROS2/build/omni_common -- -j16 -l16
[0.043s] -- Found ament_cmake: 1.3.11 (/opt/ros/humble/share/ament_cmake/cmake)
[0.186s] -- Found rclcpp: 16.0.12 (/opt/ros/humble/share/rclcpp/cmake)
[0.218s] -- Found rosidl_generator_c: 3.1.6 (/opt/ros/humble/share/rosidl_generator_c/cmake)
[0.220s] -- Found rosidl_adapter: 3.1.6 (/opt/ros/humble/share/rosidl_adapter/cmake)
[0.226s] -- Found rosidl_generator_cpp: 3.1.6 (/opt/ros/humble/share/rosidl_generator_cpp/cmake)
[0.234s] -- Using all available rosidl_typesupport_c: rosidl_typesupport_fastrtps_c;rosidl_typesupport_introspection_c
[0.244s] -- Using all available rosidl_typesupport_cpp: rosidl_typesupport_fastrtps_cpp;rosidl_typesupport_introspection_cpp
[0.270s] -- Found rmw_implementation_cmake: 6.1.2 (/opt/ros/humble/share/rmw_implementation_cmake/cmake)
[0.272s] -- Found rmw_fastrtps_cpp: 6.2.7 (/opt/ros/humble/share/rmw_fastrtps_cpp/cmake)
[0.411s] -- Using RMW implementation 'rmw_fastrtps_cpp' as default
[0.461s] -- Found geometry_msgs: 4.9.0 (/opt/ros/humble/share/geometry_msgs/cmake)
[0.471s] -- Found omni_msgs: 0.0.0 (/home/karan_k/Geomagic_Touch_ROS2/install/omni_msgs/share/omni_msgs/cmake)
[0.491s] -- Found sensor_msgs: 4.9.0 (/opt/ros/humble/share/sensor_msgs/cmake)
[0.507s] -- Found tf2_ros: 0.25.13 (/opt/ros/humble/share/tf2_ros/cmake)
[0.584s] -- Found urdf: 2.6.1 (/opt/ros/humble/share/urdf/cmake)
[0.624s] -- Found ament_lint_auto: 0.12.12 (/opt/ros/humble/share/ament_lint_auto/cmake)
[0.703s] -- Added test 'copyright' to check source files copyright and LICENSE
[0.704s] -- Added test 'cppcheck' to perform static code analysis on C / C++ code
[0.705s] -- Configured cppcheck include dirs: $<BUILD_INTERFACE:/home/karan_k/Geomagic_Touch_ROS2/src/omni_common/include>
[0.705s] -- Configured cppcheck exclude dirs and/or files: 
[0.706s] -- Added test 'cpplint' to check C / C++ code against the Google style
[0.706s] -- Configured cpplint exclude dirs and/or files: 
[0.706s] -- Added test 'flake8' to check Python code syntax and style conventions
[0.706s] -- Added test 'lint_cmake' to check CMake code style
[0.707s] -- Added test 'pep257' to check Python code against some of the docstring style conventions in PEP 257
[0.707s] -- Added test 'uncrustify' to check C / C++ code style
[0.707s] -- Configured uncrustify additional arguments: 
[0.708s] -- Added test 'xmllint' to check XML markup files
[0.709s] -- Configuring done
[0.801s] -- Generating done
[0.813s] -- Build files have been written to: /home/karan_k/Geomagic_Touch_ROS2/build/omni_common
[0.855s] [35m[1mConsolidate compiler generated dependencies of target omni_state[0m
[0.855s] [35m[1mConsolidate compiler generated dependencies of target omni[0m
[0.881s] [ 50%] [32mBuilding CXX object CMakeFiles/omni_state.dir/src/omni_state.cpp.o[0m
[0.881s] [ 50%] [32mBuilding CXX object CMakeFiles/omni.dir/src/omni.cpp.o[0m
[0.905s] [01m[K/home/karan_k/Geomagic_Touch_ROS2/src/omni_common/src/omni.cpp:247:62:[m[K [01;35m[Kwarning: [m[K‘[01m[Kstdcall[m[K’ attribute ignored [[01;35m[K-Wattributes[m[K]
[0.906s]   247 | HDCallbackCode HDCALLBACK omni_state_callback(void *pUserData[01;35m[K)[m[K
[0.906s]       |                                                              [01;35m[K^[m[K
[0.906s] [01m[K/home/karan_k/Geomagic_Touch_ROS2/src/omni_common/src/omni.cpp:[m[K In function ‘[01m[KHDCallbackCode omni_state_callback(void*)[m[K’:
[0.906s] [01m[K/home/karan_k/Geomagic_Touch_ROS2/src/omni_common/src/omni.cpp:297:57:[m[K [01;35m[Kwarning: [m[Knarrowing conversion of ‘[01m[Komni_state->OmniState::joints.hduVector3D<double>::operator[](0)[m[K’ from ‘[01m[Kdouble[m[K’ to ‘[01m[Kfloat[m[K’ [[01;35m[K-Wnarrowing[m[K]
[0.906s]   297 |                   omni_state->rot[1], omni_state->rot[2][01;35m[K}[m[K;
[0.906s]       |                                                         [01;35m[K^[m[K
[0.906s] [01m[K/home/karan_k/Geomagic_Touch_ROS2/src/omni_common/src/omni.cpp:297:57:[m[K [01;35m[Kwarning: [m[Knarrowing conversion of ‘[01m[Komni_state->OmniState::joints.hduVector3D<double>::operator[](1)[m[K’ from ‘[01m[Kdouble[m[K’ to ‘[01m[Kfloat[m[K’ [[01;35m[K-Wnarrowing[m[K]
[0.906s] [01m[K/home/karan_k/Geomagic_Touch_ROS2/src/omni_common/src/omni.cpp:296:41:[m[K [01;35m[Kwarning: [m[Knarrowing conversion of ‘[01m[K(omni_state->OmniState::joints.hduVector3D<double>::operator[](2) - omni_state->OmniState::joints.hduVector3D<double>::operator[](1))[m[K’ from ‘[01m[Kdouble[m[K’ to ‘[01m[Kfloat[m[K’ [[01;35m[K-Wnarrowing[m[K]
[0.906s]   296 |                   omni_state->joints[2] - omni_state->joints[1], omni_state->rot[0],
[0.906s] [01m[K/home/karan_k/Geomagic_Touch_ROS2/src/omni_common/src/omni.cpp:297:57:[m[K [01;35m[Kwarning: [m[Knarrowing conversion of ‘[01m[Komni_state->OmniState::rot.hduVector3D<double>::operator[](0)[m[K’ from ‘[01m[Kdouble[m[K’ to ‘[01m[Kfloat[m[K’ [[01;35m[K-Wnarrowing[m[K]
[0.907s]   297 |                   omni_state->rot[1], omni_state->rot[2][01;35m[K}[m[K;
[0.907s]       |                                                         [01;35m[K^[m[K
[0.907s] [01m[K/home/karan_k/Geomagic_Touch_ROS2/src/omni_common/src/omni.cpp:297:57:[m[K [01;35m[Kwarning: [m[Knarrowing conversion of ‘[01m[Komni_state->OmniState::rot.hduVector3D<double>::operator[](1)[m[K’ from ‘[01m[Kdouble[m[K’ to ‘[01m[Kfloat[m[K’ [[01;35m[K-Wnarrowing[m[K]
[0.907s] [01m[K/home/karan_k/Geomagic_Touch_ROS2/src/omni_common/src/omni.cpp:297:57:[m[K [01;35m[Kwarning: [m[Knarrowing conversion of ‘[01m[Komni_state->OmniState::rot.hduVector3D<double>::operator[](2)[m[K’ from ‘[01m[Kdouble[m[K’ to ‘[01m[Kfloat[m[K’ [[01;35m[K-Wnarrowing[m[K]
[0.907s] [01m[K/home/karan_k/Geomagic_Touch_ROS2/src/omni_common/src/omni_state.cpp:274:62:[m[K [01;35m[Kwarning: [m[K‘[01m[Kstdcall[m[K’ attribute ignored [[01;35m[K-Wattributes[m[K]
[0.907s]   274 | HDCallbackCode HDCALLBACK omni_state_callback(void *pUserData[01;35m[K)[m[K
[0.907s]       |                                                              [01;35m[K^[m[K
[0.907s] [01m[K/home/karan_k/Geomagic_Touch_ROS2/src/omni_common/src/omni_state.cpp:[m[K In function ‘[01m[KHDCallbackCode omni_state_callback(void*)[m[K’:
[0.907s] [01m[K/home/karan_k/Geomagic_Touch_ROS2/src/omni_common/src/omni_state.cpp:345:53:[m[K [01;35m[Kwarning: [m[Knarrowing conversion of ‘[01m[Komni_state->OmniState::joints.hduVector3D<double>::operator[](0)[m[K’ from ‘[01m[Kdouble[m[K’ to ‘[01m[Kfloat[m[K’ [[01;35m[K-Wnarrowing[m[K]
[0.907s]   345 |                   gimbal_angles[1], gimbal_angles[2][01;35m[K}[m[K;
[0.907s]       |                                                     [01;35m[K^[m[K
[0.907s] [01m[K/home/karan_k/Geomagic_Touch_ROS2/src/omni_common/src/omni_state.cpp:345:53:[m[K [01;35m[Kwarning: [m[Knarrowing conversion of ‘[01m[Komni_state->OmniState::joints.hduVector3D<double>::operator[](1)[m[K’ from ‘[01m[Kdouble[m[K’ to ‘[01m[Kfloat[m[K’ [[01;35m[K-Wnarrowing[m[K]
[0.908s] [01m[K/home/karan_k/Geomagic_Touch_ROS2/src/omni_common/src/omni_state.cpp:344:41:[m[K [01;35m[Kwarning: [m[Knarrowing conversion of ‘[01m[K(omni_state->OmniState::joints.hduVector3D<double>::operator[](2) - omni_state->OmniState::joints.hduVector3D<double>::operator[](1))[m[K’ from ‘[01m[Kdouble[m[K’ to ‘[01m[Kfloat[m[K’ [[01;35m[K-Wnarrowing[m[K]
[0.908s]   344 |                   omni_state->joints[2] - omni_state->joints[1], gimbal_angles[0],
[0.908s] [01m[K/home/karan_k/Geomagic_Touch_ROS2/src/omni_common/src/omni_state.cpp:345:53:[m[K [01;35m[Kwarning: [m[Knarrowing conversion of ‘[01m[Kgimbal_angles.hduVector3D<double>::operator[](0)[m[K’ from ‘[01m[Kdouble[m[K’ to ‘[01m[Kfloat[m[K’ [[01;35m[K-Wnarrowing[m[K]
[0.908s]   345 |                   gimbal_angles[1], gimbal_angles[2][01;35m[K}[m[K;
[0.908s]       |                                                     [01;35m[K^[m[K
[0.908s] [01m[K/home/karan_k/Geomagic_Touch_ROS2/src/omni_common/src/omni_state.cpp:345:53:[m[K [01;35m[Kwarning: [m[Knarrowing conversion of ‘[01m[Kgimbal_angles.hduVector3D<double>::operator[](1)[m[K’ from ‘[01m[Kdouble[m[K’ to ‘[01m[Kfloat[m[K’ [[01;35m[K-Wnarrowing[m[K]
[0.908s] [01m[K/home/karan_k/Geomagic_Touch_ROS2/src/omni_common/src/omni_state.cpp:345:53:[m[K [01;35m[Kwarning: [m[Knarrowing conversion of ‘[01m[Kgimbal_angles.hduVector3D<double>::operator[](2)[m[K’ from ‘[01m[Kdouble[m[K’ to ‘[01m[Kfloat[m[K’ [[01;35m[K-Wnarrowing[m[K]
[0.941s] [100%] [32m[1mLinking CXX executable omni[0m
[0.942s] [100%] [32m[1mLinking CXX executable omni_state[0m
[2.192s] /usr/bin/ld: warning: libncurses.so.5, needed by /usr/lib/gcc/x86_64-linux-gnu/11/../../../../lib/libHD.so, may conflict with libncurses.so.6
[2.246s] /usr/bin/ld: warning: libncurses.so.5, needed by /usr/lib/gcc/x86_64-linux-gnu/11/../../../../lib/libHD.so, may conflict with libncurses.so.6
[2.460s] [100%] Built target omni_state
[2.522s] [100%] Built target omni
[2.535s] Invoked command in '/home/karan_k/Geomagic_Touch_ROS2/build/omni_common' returned '0': AMENT_PREFIX_PATH=/home/karan_k/Geomagic_Touch_ROS2/install/omni_msgs:${AMENT_PREFIX_PATH} CMAKE_PREFIX_PATH=/home/karan_k/Geomagic_Touch_ROS2/install/omni_msgs:/home/karan_k/ardu_ws/install/test_ros_gz_bridge:/home/karan_k/ardu_ws/install/ros_ign:/home/karan_k/ardu_ws/install/ros_ign_gazebo_demos:/home/karan_k/ardu_ws/install/ros_gz:/home/karan_k/ardu_ws/install/ros_gz_sim_demos:/home/karan_k/ardu_ws/install/ardupilot_gz_bringup:/home/karan_k/ardu_ws/install/sdformat_urdf:/home/karan_k/ardu_ws/install/sdformat_test_files:/home/karan_k/ardu_ws/install/ros_ign_interfaces:/home/karan_k/ardu_ws/install/ros_ign_image:/home/karan_k/ardu_ws/install/ros_ign_gazebo:/home/karan_k/ardu_ws/install/ros_ign_bridge:/home/karan_k/ardu_ws/install/ros_gz_sim:/home/karan_k/ardu_ws/install/ros_gz_image:/home/karan_k/ardu_ws/install/ros_gz_bridge:/home/karan_k/ardu_ws/install/ros_gz_interfaces:/home/karan_k/ardu_ws/install/ardupilot_sitl:/home/karan_k/ardu_ws/install/micro_ros_agent:/home/karan_k/ardu_ws/install/ardupilot_sitl_models:/home/karan_k/ardu_ws/install/ardupilot_msgs:/home/karan_k/ardu_ws/install/ardupilot_gz_gazebo:/home/karan_k/ardu_ws/install/ardupilot_gz_description:/home/karan_k/ardu_ws/install/ardupilot_gz_application:/home/karan_k/ardu_ws/install/ardupilot_gazebo:/home/karan_k/ardu_ws/install/ardupilot_dds_tests:/opt/ros/humble LD_LIBRARY_PATH=/home/karan_k/Geomagic_Touch_ROS2/install/omni_msgs/lib:${LD_LIBRARY_PATH} PYTHONPATH=/home/karan_k/Geomagic_Touch_ROS2/install/omni_msgs/local/lib/python3.10/dist-packages:${PYTHONPATH} /usr/bin/cmake --build /home/karan_k/Geomagic_Touch_ROS2/build/omni_common -- -j16 -l16
[2.536s] Invoking command in '/home/karan_k/Geomagic_Touch_ROS2/build/omni_common': AMENT_PREFIX_PATH=/home/karan_k/Geomagic_Touch_ROS2/install/omni_msgs:${AMENT_PREFIX_PATH} CMAKE_PREFIX_PATH=/home/karan_k/Geomagic_Touch_ROS2/install/omni_msgs:/home/karan_k/ardu_ws/install/test_ros_gz_bridge:/home/karan_k/ardu_ws/install/ros_ign:/home/karan_k/ardu_ws/install/ros_ign_gazebo_demos:/home/karan_k/ardu_ws/install/ros_gz:/home/karan_k/ardu_ws/install/ros_gz_sim_demos:/home/karan_k/ardu_ws/install/ardupilot_gz_bringup:/home/karan_k/ardu_ws/install/sdformat_urdf:/home/karan_k/ardu_ws/install/sdformat_test_files:/home/karan_k/ardu_ws/install/ros_ign_interfaces:/home/karan_k/ardu_ws/install/ros_ign_image:/home/karan_k/ardu_ws/install/ros_ign_gazebo:/home/karan_k/ardu_ws/install/ros_ign_bridge:/home/karan_k/ardu_ws/install/ros_gz_sim:/home/karan_k/ardu_ws/install/ros_gz_image:/home/karan_k/ardu_ws/install/ros_gz_bridge:/home/karan_k/ardu_ws/install/ros_gz_interfaces:/home/karan_k/ardu_ws/install/ardupilot_sitl:/home/karan_k/ardu_ws/install/micro_ros_agent:/home/karan_k/ardu_ws/install/ardupilot_sitl_models:/home/karan_k/ardu_ws/install/ardupilot_msgs:/home/karan_k/ardu_ws/install/ardupilot_gz_gazebo:/home/karan_k/ardu_ws/install/ardupilot_gz_description:/home/karan_k/ardu_ws/install/ardupilot_gz_application:/home/karan_k/ardu_ws/install/ardupilot_gazebo:/home/karan_k/ardu_ws/install/ardupilot_dds_tests:/opt/ros/humble LD_LIBRARY_PATH=/home/karan_k/Geomagic_Touch_ROS2/install/omni_msgs/lib:${LD_LIBRARY_PATH} PYTHONPATH=/home/karan_k/Geomagic_Touch_ROS2/install/omni_msgs/local/lib/python3.10/dist-packages:${PYTHONPATH} /usr/bin/cmake --install /home/karan_k/Geomagic_Touch_ROS2/build/omni_common
[2.544s] -- Install configuration: ""
[2.544s] -- Installing: /home/karan_k/Geomagic_Touch_ROS2/install/omni_common/lib/omni_common/omni
[2.552s] -- Set runtime path of "/home/karan_k/Geomagic_Touch_ROS2/install/omni_common/lib/omni_common/omni" to ""
[2.552s] -- Installing: /home/karan_k/Geomagic_Touch_ROS2/install/omni_common/lib/omni_common/omni_state
[2.559s] -- Set runtime path of "/home/karan_k/Geomagic_Touch_ROS2/install/omni_common/lib/omni_common/omni_state" to ""
[2.559s] -- Up-to-date: /home/karan_k/Geomagic_Touch_ROS2/install/omni_common/share/omni_common/launch
[2.560s] -- Up-to-date: /home/karan_k/Geomagic_Touch_ROS2/install/omni_common/share/omni_common/launch/omni.launch.py
[2.560s] -- Up-to-date: /home/karan_k/Geomagic_Touch_ROS2/install/omni_common/share/omni_common/launch/omni_state.launch.py
[2.560s] -- Up-to-date: /home/karan_k/Geomagic_Touch_ROS2/install/omni_common/share/omni_common/launch/pub.py
[2.560s] -- Up-to-date: /home/karan_k/Geomagic_Touch_ROS2/install/omni_common/share/ament_index/resource_index/package_run_dependencies/omni_common
[2.560s] -- Installing: /home/karan_k/Geomagic_Touch_ROS2/install/omni_common/share/ament_index/resource_index/parent_prefix_path/omni_common
[2.560s] -- Up-to-date: /home/karan_k/Geomagic_Touch_ROS2/install/omni_common/share/omni_common/environment/ament_prefix_path.sh
[2.560s] -- Installing: /home/karan_k/Geomagic_Touch_ROS2/install/omni_common/share/omni_common/environment/ament_prefix_path.dsv
[2.560s] -- Up-to-date: /home/karan_k/Geomagic_Touch_ROS2/install/omni_common/share/omni_common/environment/path.sh
[2.560s] -- Installing: /home/karan_k/Geomagic_Touch_ROS2/install/omni_common/share/omni_common/environment/path.dsv
[2.560s] -- Up-to-date: /home/karan_k/Geomagic_Touch_ROS2/install/omni_common/share/omni_common/local_setup.bash
[2.560s] -- Up-to-date: /home/karan_k/Geomagic_Touch_ROS2/install/omni_common/share/omni_common/local_setup.sh
[2.560s] -- Up-to-date: /home/karan_k/Geomagic_Touch_ROS2/install/omni_common/share/omni_common/local_setup.zsh
[2.561s] -- Installing: /home/karan_k/Geomagic_Touch_ROS2/install/omni_common/share/omni_common/local_setup.dsv
[2.561s] -- Installing: /home/karan_k/Geomagic_Touch_ROS2/install/omni_common/share/omni_common/package.dsv
[2.561s] -- Up-to-date: /home/karan_k/Geomagic_Touch_ROS2/install/omni_common/share/ament_index/resource_index/packages/omni_common
[2.561s] -- Up-to-date: /home/karan_k/Geomagic_Touch_ROS2/install/omni_common/share/omni_common/cmake/omni_commonConfig.cmake
[2.561s] -- Up-to-date: /home/karan_k/Geomagic_Touch_ROS2/install/omni_common/share/omni_common/cmake/omni_commonConfig-version.cmake
[2.561s] -- Up-to-date: /home/karan_k/Geomagic_Touch_ROS2/install/omni_common/share/omni_common/package.xml
[2.563s] Invoked command in '/home/karan_k/Geomagic_Touch_ROS2/build/omni_common' returned '0': AMENT_PREFIX_PATH=/home/karan_k/Geomagic_Touch_ROS2/install/omni_msgs:${AMENT_PREFIX_PATH} CMAKE_PREFIX_PATH=/home/karan_k/Geomagic_Touch_ROS2/install/omni_msgs:/home/karan_k/ardu_ws/install/test_ros_gz_bridge:/home/karan_k/ardu_ws/install/ros_ign:/home/karan_k/ardu_ws/install/ros_ign_gazebo_demos:/home/karan_k/ardu_ws/install/ros_gz:/home/karan_k/ardu_ws/install/ros_gz_sim_demos:/home/karan_k/ardu_ws/install/ardupilot_gz_bringup:/home/karan_k/ardu_ws/install/sdformat_urdf:/home/karan_k/ardu_ws/install/sdformat_test_files:/home/karan_k/ardu_ws/install/ros_ign_interfaces:/home/karan_k/ardu_ws/install/ros_ign_image:/home/karan_k/ardu_ws/install/ros_ign_gazebo:/home/karan_k/ardu_ws/install/ros_ign_bridge:/home/karan_k/ardu_ws/install/ros_gz_sim:/home/karan_k/ardu_ws/install/ros_gz_image:/home/karan_k/ardu_ws/install/ros_gz_bridge:/home/karan_k/ardu_ws/install/ros_gz_interfaces:/home/karan_k/ardu_ws/install/ardupilot_sitl:/home/karan_k/ardu_ws/install/micro_ros_agent:/home/karan_k/ardu_ws/install/ardupilot_sitl_models:/home/karan_k/ardu_ws/install/ardupilot_msgs:/home/karan_k/ardu_ws/install/ardupilot_gz_gazebo:/home/karan_k/ardu_ws/install/ardupilot_gz_description:/home/karan_k/ardu_ws/install/ardupilot_gz_application:/home/karan_k/ardu_ws/install/ardupilot_gazebo:/home/karan_k/ardu_ws/install/ardupilot_dds_tests:/opt/ros/humble LD_LIBRARY_PATH=/home/karan_k/Geomagic_Touch_ROS2/install/omni_msgs/lib:${LD_LIBRARY_PATH} PYTHONPATH=/home/karan_k/Geomagic_Touch_ROS2/install/omni_msgs/local/lib/python3.10/dist-packages:${PYTHONPATH} /usr/bin/cmake --install /home/karan_k/Geomagic_Touch_ROS2/build/omni_common
