[0.238s] Invoking command in '/home/karan_k/interbotix_ws/build/interbotix_perception_msgs': CMAKE_PREFIX_PATH=${CMAKE_PREFIX_PATH}:/home/karan_k/ardu_ws/install/ardupilot_dds_tests:/opt/ros/humble /usr/bin/cmake /home/karan_k/interbotix_ws/src/interbotix_ros_toolboxes/interbotix_perception_toolbox/interbotix_perception_msgs -DCMAKE_INSTALL_PREFIX=/home/karan_k/interbotix_ws/install/interbotix_perception_msgs
[0.302s] -- The C compiler identification is GNU 11.4.0
[0.379s] -- The CXX compiler identification is GNU 11.4.0
[0.390s] -- Detecting C compiler ABI info
[0.471s] -- Detecting C compiler ABI info - done
[0.477s] -- Check for working C compiler: /usr/lib/ccache/cc - skipped
[0.477s] -- Detecting C compile features
[0.478s] -- Detecting C compile features - done
[0.480s] -- Detecting CXX compiler ABI info
[0.568s] -- Detecting CXX compiler ABI info - done
[0.577s] -- Check for working CXX compiler: /usr/lib/ccache/c++ - skipped
[0.578s] -- Detecting CXX compile features
[0.579s] -- Detecting CXX compile features - done
[0.586s] -- Found rosidl_default_generators: 1.2.0 (/opt/ros/humble/share/rosidl_default_generators/cmake)
[0.590s] -- Found ament_cmake_core: 1.3.12 (/opt/ros/humble/share/ament_cmake_core/cmake)
[1.191s] -- Found Python3: /usr/bin/python3 (found version "3.10.12") found components: Interpreter 
[1.299s] -- Using all available rosidl_typesupport_c: rosidl_typesupport_fastrtps_c;rosidl_typesupport_introspection_c
[1.322s] -- Found rosidl_adapter: 3.1.7 (/opt/ros/humble/share/rosidl_adapter/cmake)
[1.488s] -- Using all available rosidl_typesupport_cpp: rosidl_typesupport_fastrtps_cpp;rosidl_typesupport_introspection_cpp
[1.551s] -- Found std_msgs: 4.9.0 (/opt/ros/humble/share/std_msgs/cmake)
[1.594s] -- Found geometry_msgs: 4.9.0 (/opt/ros/humble/share/geometry_msgs/cmake)
[1.610s] -- Found sensor_msgs: 4.9.0 (/opt/ros/humble/share/sensor_msgs/cmake)
[2.088s] -- Found ament_cmake_ros: 0.10.0 (/opt/ros/humble/share/ament_cmake_ros/cmake)
[2.415s] -- Using all available rosidl_typesupport_c: rosidl_typesupport_fastrtps_c;rosidl_typesupport_introspection_c
[2.820s] -- Using all available rosidl_typesupport_cpp: rosidl_typesupport_fastrtps_cpp;rosidl_typesupport_introspection_cpp
[2.852s] -- Found PythonInterp: /usr/bin/python3 (found suitable version "3.10.12", minimum required is "3.6") 
[2.858s] -- Found python_cmake_module: 0.10.0 (/opt/ros/humble/share/python_cmake_module/cmake)
[2.890s] -- Found PythonLibs: /usr/lib/x86_64-linux-gnu/libpython3.10.so (found suitable version "3.10.12", minimum required is "3.5") 
[2.890s] -- Using PYTHON_EXECUTABLE: /usr/bin/python3
[2.890s] -- Using PYTHON_INCLUDE_DIRS: /usr/include/python3.10
[2.890s] -- Using PYTHON_LIBRARIES: /usr/lib/x86_64-linux-gnu/libpython3.10.so
[2.928s] -- Found PythonExtra: .so  
[3.029s] -- Found ament_lint_auto: 0.12.14 (/opt/ros/humble/share/ament_lint_auto/cmake)
[3.056s] -- Configuring done
[3.117s] -- Generating done
[3.136s] -- Build files have been written to: /home/karan_k/interbotix_ws/build/interbotix_perception_msgs
[3.154s] Invoked command in '/home/karan_k/interbotix_ws/build/interbotix_perception_msgs' returned '0': CMAKE_PREFIX_PATH=${CMAKE_PREFIX_PATH}:/home/karan_k/ardu_ws/install/ardupilot_dds_tests:/opt/ros/humble /usr/bin/cmake /home/karan_k/interbotix_ws/src/interbotix_ros_toolboxes/interbotix_perception_toolbox/interbotix_perception_msgs -DCMAKE_INSTALL_PREFIX=/home/karan_k/interbotix_ws/install/interbotix_perception_msgs
[3.158s] Invoking command in '/home/karan_k/interbotix_ws/build/interbotix_perception_msgs': CMAKE_PREFIX_PATH=${CMAKE_PREFIX_PATH}:/home/karan_k/ardu_ws/install/ardupilot_dds_tests:/opt/ros/humble /usr/bin/cmake --build /home/karan_k/interbotix_ws/build/interbotix_perception_msgs -- -j16 -l16
[3.229s] [  1%] [34m[1mGenerating C code for ROS interfaces[0m
[3.253s] [  3%] [34m[1mGenerating C++ code for ROS interfaces[0m
[3.267s] [  3%] Built target ament_cmake_python_copy_interbotix_perception_msgs
[3.570s] running egg_info
[3.591s] creating interbotix_perception_msgs.egg-info
[3.591s] writing interbotix_perception_msgs.egg-info/PKG-INFO
[3.592s] writing dependency_links to interbotix_perception_msgs.egg-info/dependency_links.txt
[3.592s] writing top-level names to interbotix_perception_msgs.egg-info/top_level.txt
[3.592s] writing manifest file 'interbotix_perception_msgs.egg-info/SOURCES.txt'
[3.667s] reading manifest file 'interbotix_perception_msgs.egg-info/SOURCES.txt'
[3.669s] writing manifest file 'interbotix_perception_msgs.egg-info/SOURCES.txt'
[3.741s] [  3%] Built target ament_cmake_python_build_interbotix_perception_msgs_egg
[4.230s] [  3%] Built target interbotix_perception_msgs__cpp
[4.245s] [  5%] [34m[1mGenerating C++ type support dispatch for ROS interfaces[0m
[4.248s] [  7%] [34m[1mGenerating C++ introspection for ROS interfaces[0m
[4.249s] [  9%] [34m[1mGenerating C++ type support for eProsima Fast-RTPS[0m
[4.419s] [ 12%] [32mBuilding C object CMakeFiles/interbotix_perception_msgs__rosidl_generator_c.dir/rosidl_generator_c/interbotix_perception_msgs/msg/detail/cluster_info__functions.c.o[0m
[4.419s] [ 12%] [32mBuilding C object CMakeFiles/interbotix_perception_msgs__rosidl_generator_c.dir/rosidl_generator_c/interbotix_perception_msgs/srv/detail/cluster_info_array__functions.c.o[0m
[4.419s] [ 14%] [32mBuilding C object CMakeFiles/interbotix_perception_msgs__rosidl_generator_c.dir/rosidl_generator_c/interbotix_perception_msgs/srv/detail/snap_picture__functions.c.o[0m
[4.420s] [ 16%] [32mBuilding C object CMakeFiles/interbotix_perception_msgs__rosidl_generator_c.dir/rosidl_generator_c/interbotix_perception_msgs/srv/detail/filter_params__functions.c.o[0m
[4.471s] [ 18%] [32m[1mLinking C shared library libinterbotix_perception_msgs__rosidl_generator_c.so[0m
[4.525s] [ 18%] Built target interbotix_perception_msgs__rosidl_generator_c
[4.544s] [ 20%] [34m[1mGenerating C type support for eProsima Fast-RTPS[0m
[4.545s] [ 21%] [34m[1mGenerating C type support dispatch for ROS interfaces[0m
[4.547s] [ 23%] [34m[1mGenerating C introspection for ROS interfaces[0m
[5.054s] [ 30%] [32mBuilding CXX object CMakeFiles/interbotix_perception_msgs__rosidl_typesupport_cpp.dir/rosidl_typesupport_cpp/interbotix_perception_msgs/msg/cluster_info__type_support.cpp.o[0m
[5.055s] [ 30%] [32mBuilding CXX object CMakeFiles/interbotix_perception_msgs__rosidl_typesupport_cpp.dir/rosidl_typesupport_cpp/interbotix_perception_msgs/srv/snap_picture__type_support.cpp.o[0m
[5.055s] [ 30%] [32mBuilding CXX object CMakeFiles/interbotix_perception_msgs__rosidl_typesupport_cpp.dir/rosidl_typesupport_cpp/interbotix_perception_msgs/srv/filter_params__type_support.cpp.o[0m
[5.056s] [ 30%] [32mBuilding CXX object CMakeFiles/interbotix_perception_msgs__rosidl_typesupport_cpp.dir/rosidl_typesupport_cpp/interbotix_perception_msgs/srv/cluster_info_array__type_support.cpp.o[0m
[5.090s] [ 32%] [32m[1mLinking CXX shared library libinterbotix_perception_msgs__rosidl_typesupport_cpp.so[0m
[5.132s] [ 34%] [32mBuilding CXX object CMakeFiles/interbotix_perception_msgs__rosidl_typesupport_introspection_cpp.dir/rosidl_typesupport_introspection_cpp/interbotix_perception_msgs/srv/detail/cluster_info_array__type_support.cpp.o[0m
[5.132s] [ 36%] [32mBuilding CXX object CMakeFiles/interbotix_perception_msgs__rosidl_typesupport_introspection_cpp.dir/rosidl_typesupport_introspection_cpp/interbotix_perception_msgs/msg/detail/cluster_info__type_support.cpp.o[0m
[5.132s] [ 38%] [32mBuilding CXX object CMakeFiles/interbotix_perception_msgs__rosidl_typesupport_introspection_cpp.dir/rosidl_typesupport_introspection_cpp/interbotix_perception_msgs/srv/detail/filter_params__type_support.cpp.o[0m
[5.137s] [ 40%] [32mBuilding CXX object CMakeFiles/interbotix_perception_msgs__rosidl_typesupport_introspection_cpp.dir/rosidl_typesupport_introspection_cpp/interbotix_perception_msgs/srv/detail/snap_picture__type_support.cpp.o[0m
[5.164s] [ 41%] [32m[1mLinking CXX shared library libinterbotix_perception_msgs__rosidl_typesupport_introspection_cpp.so[0m
[5.170s] [ 41%] Built target interbotix_perception_msgs__rosidl_typesupport_cpp
[5.253s] [ 49%] [32mBuilding CXX object CMakeFiles/interbotix_perception_msgs__rosidl_typesupport_fastrtps_cpp.dir/rosidl_typesupport_fastrtps_cpp/interbotix_perception_msgs/srv/detail/dds_fastrtps/cluster_info_array__type_support.cpp.o[0m
[5.253s] [ 49%] [32mBuilding CXX object CMakeFiles/interbotix_perception_msgs__rosidl_typesupport_fastrtps_cpp.dir/rosidl_typesupport_fastrtps_cpp/interbotix_perception_msgs/srv/detail/dds_fastrtps/snap_picture__type_support.cpp.o[0m
[5.253s] [ 49%] [32mBuilding CXX object CMakeFiles/interbotix_perception_msgs__rosidl_typesupport_fastrtps_cpp.dir/rosidl_typesupport_fastrtps_cpp/interbotix_perception_msgs/srv/detail/dds_fastrtps/filter_params__type_support.cpp.o[0m
[5.253s] [ 49%] [32mBuilding CXX object CMakeFiles/interbotix_perception_msgs__rosidl_typesupport_fastrtps_cpp.dir/rosidl_typesupport_fastrtps_cpp/interbotix_perception_msgs/msg/detail/dds_fastrtps/cluster_info__type_support.cpp.o[0m
[5.292s] [ 49%] Built target interbotix_perception_msgs__rosidl_typesupport_introspection_cpp
[5.419s] [ 50%] [32mBuilding CXX object CMakeFiles/interbotix_perception_msgs__rosidl_typesupport_c.dir/rosidl_typesupport_c/interbotix_perception_msgs/srv/cluster_info_array__type_support.cpp.o[0m
[5.420s] [ 52%] [32mBuilding CXX object CMakeFiles/interbotix_perception_msgs__rosidl_typesupport_c.dir/rosidl_typesupport_c/interbotix_perception_msgs/msg/cluster_info__type_support.cpp.o[0m
[5.422s] [ 54%] [32mBuilding CXX object CMakeFiles/interbotix_perception_msgs__rosidl_typesupport_c.dir/rosidl_typesupport_c/interbotix_perception_msgs/srv/filter_params__type_support.cpp.o[0m
[5.423s] [ 56%] [32mBuilding CXX object CMakeFiles/interbotix_perception_msgs__rosidl_typesupport_c.dir/rosidl_typesupport_c/interbotix_perception_msgs/srv/snap_picture__type_support.cpp.o[0m
[5.424s] [ 58%] [32m[1mLinking CXX shared library libinterbotix_perception_msgs__rosidl_typesupport_fastrtps_cpp.so[0m
[5.442s] [ 60%] [32m[1mLinking CXX shared library libinterbotix_perception_msgs__rosidl_typesupport_c.so[0m
[5.450s] [ 61%] [32mBuilding C object CMakeFiles/interbotix_perception_msgs__rosidl_typesupport_introspection_c.dir/rosidl_typesupport_introspection_c/interbotix_perception_msgs/msg/detail/cluster_info__type_support.c.o[0m
[5.451s] [ 65%] [32mBuilding C object CMakeFiles/interbotix_perception_msgs__rosidl_typesupport_introspection_c.dir/rosidl_typesupport_introspection_c/interbotix_perception_msgs/srv/detail/snap_picture__type_support.c.o[0m
[5.451s] [ 65%] [32mBuilding C object CMakeFiles/interbotix_perception_msgs__rosidl_typesupport_introspection_c.dir/rosidl_typesupport_introspection_c/interbotix_perception_msgs/srv/detail/filter_params__type_support.c.o[0m
[5.451s] [ 67%] [32mBuilding C object CMakeFiles/interbotix_perception_msgs__rosidl_typesupport_introspection_c.dir/rosidl_typesupport_introspection_c/interbotix_perception_msgs/srv/detail/cluster_info_array__type_support.c.o[0m
[5.494s] [ 69%] [32m[1mLinking C shared library libinterbotix_perception_msgs__rosidl_typesupport_introspection_c.so[0m
[5.503s] [ 69%] Built target interbotix_perception_msgs__rosidl_typesupport_c
[5.550s] [ 69%] Built target interbotix_perception_msgs__rosidl_typesupport_introspection_c
[5.565s] [ 70%] [32mBuilding CXX object CMakeFiles/interbotix_perception_msgs__rosidl_typesupport_fastrtps_c.dir/rosidl_typesupport_fastrtps_c/interbotix_perception_msgs/srv/detail/cluster_info_array__type_support_c.cpp.o[0m
[5.566s] [ 72%] [32mBuilding CXX object CMakeFiles/interbotix_perception_msgs__rosidl_typesupport_fastrtps_c.dir/rosidl_typesupport_fastrtps_c/interbotix_perception_msgs/msg/detail/cluster_info__type_support_c.cpp.o[0m
[5.567s] [ 74%] [32mBuilding CXX object CMakeFiles/interbotix_perception_msgs__rosidl_typesupport_fastrtps_c.dir/rosidl_typesupport_fastrtps_c/interbotix_perception_msgs/srv/detail/filter_params__type_support_c.cpp.o[0m
[5.568s] [ 76%] [32mBuilding CXX object CMakeFiles/interbotix_perception_msgs__rosidl_typesupport_fastrtps_c.dir/rosidl_typesupport_fastrtps_c/interbotix_perception_msgs/srv/detail/snap_picture__type_support_c.cpp.o[0m
[5.568s] [ 76%] Built target interbotix_perception_msgs__rosidl_typesupport_fastrtps_cpp
[5.674s] [ 78%] [32m[1mLinking CXX shared library libinterbotix_perception_msgs__rosidl_typesupport_fastrtps_c.so[0m
[5.769s] [ 78%] Built target interbotix_perception_msgs__rosidl_typesupport_fastrtps_c
[5.797s] [ 78%] Built target interbotix_perception_msgs
[5.833s] [ 80%] [34m[1mGenerating Python code for ROS interfaces[0m
[7.238s] [ 80%] Built target interbotix_perception_msgs__py
[7.267s] [ 81%] [32mBuilding C object CMakeFiles/interbotix_perception_msgs__rosidl_generator_py.dir/rosidl_generator_py/interbotix_perception_msgs/msg/_cluster_info_s.c.o[0m
[7.270s] [ 85%] [32mBuilding C object CMakeFiles/interbotix_perception_msgs__rosidl_generator_py.dir/rosidl_generator_py/interbotix_perception_msgs/srv/_filter_params_s.c.o[0m
[7.270s] [ 85%] [32mBuilding C object CMakeFiles/interbotix_perception_msgs__rosidl_generator_py.dir/rosidl_generator_py/interbotix_perception_msgs/srv/_cluster_info_array_s.c.o[0m
[7.270s] [ 87%] [32mBuilding C object CMakeFiles/interbotix_perception_msgs__rosidl_generator_py.dir/rosidl_generator_py/interbotix_perception_msgs/srv/_snap_picture_s.c.o[0m
[7.291s] [ 89%] [32m[1mLinking C shared library rosidl_generator_py/interbotix_perception_msgs/libinterbotix_perception_msgs__rosidl_generator_py.so[0m
[7.352s] [ 89%] Built target interbotix_perception_msgs__rosidl_generator_py
[7.385s] [ 90%] [32mBuilding C object CMakeFiles/interbotix_perception_msgs__rosidl_typesupport_fastrtps_c__pyext.dir/rosidl_generator_py/interbotix_perception_msgs/_interbotix_perception_msgs_s.ep.rosidl_typesupport_fastrtps_c.c.o[0m
[7.392s] [ 94%] [32mBuilding C object CMakeFiles/interbotix_perception_msgs__rosidl_typesupport_introspection_c__pyext.dir/rosidl_generator_py/interbotix_perception_msgs/_interbotix_perception_msgs_s.ep.rosidl_typesupport_introspection_c.c.o[0m
[7.392s] [ 94%] [32mBuilding C object CMakeFiles/interbotix_perception_msgs__rosidl_typesupport_c__pyext.dir/rosidl_generator_py/interbotix_perception_msgs/_interbotix_perception_msgs_s.ep.rosidl_typesupport_c.c.o[0m
[7.408s] [ 96%] [32m[1mLinking C shared library rosidl_generator_py/interbotix_perception_msgs/interbotix_perception_msgs_s__rosidl_typesupport_fastrtps_c.cpython-310-x86_64-linux-gnu.so[0m
[7.416s] [100%] [32m[1mLinking C shared library rosidl_generator_py/interbotix_perception_msgs/interbotix_perception_msgs_s__rosidl_typesupport_introspection_c.cpython-310-x86_64-linux-gnu.so[0m
[7.416s] [100%] [32m[1mLinking C shared library rosidl_generator_py/interbotix_perception_msgs/interbotix_perception_msgs_s__rosidl_typesupport_c.cpython-310-x86_64-linux-gnu.so[0m
[7.478s] [100%] Built target interbotix_perception_msgs__rosidl_typesupport_c__pyext
[7.480s] [100%] Built target interbotix_perception_msgs__rosidl_typesupport_fastrtps_c__pyext
[7.489s] [100%] Built target interbotix_perception_msgs__rosidl_typesupport_introspection_c__pyext
[7.507s] Invoked command in '/home/karan_k/interbotix_ws/build/interbotix_perception_msgs' returned '0': CMAKE_PREFIX_PATH=${CMAKE_PREFIX_PATH}:/home/karan_k/ardu_ws/install/ardupilot_dds_tests:/opt/ros/humble /usr/bin/cmake --build /home/karan_k/interbotix_ws/build/interbotix_perception_msgs -- -j16 -l16
[7.509s] Invoking command in '/home/karan_k/interbotix_ws/build/interbotix_perception_msgs': CMAKE_PREFIX_PATH=${CMAKE_PREFIX_PATH}:/home/karan_k/ardu_ws/install/ardupilot_dds_tests:/opt/ros/humble /usr/bin/cmake --install /home/karan_k/interbotix_ws/build/interbotix_perception_msgs
[7.522s] -- Install configuration: ""
[7.522s] -- Installing: /home/karan_k/interbotix_ws/install/interbotix_perception_msgs/share/ament_index/resource_index/rosidl_interfaces/interbotix_perception_msgs
[7.522s] -- Installing: /home/karan_k/interbotix_ws/install/interbotix_perception_msgs/include/interbotix_perception_msgs/interbotix_perception_msgs
[7.523s] -- Installing: /home/karan_k/interbotix_ws/install/interbotix_perception_msgs/include/interbotix_perception_msgs/interbotix_perception_msgs/msg
[7.523s] -- Installing: /home/karan_k/interbotix_ws/install/interbotix_perception_msgs/include/interbotix_perception_msgs/interbotix_perception_msgs/msg/detail
[7.523s] -- Installing: /home/karan_k/interbotix_ws/install/interbotix_perception_msgs/include/interbotix_perception_msgs/interbotix_perception_msgs/msg/detail/cluster_info__functions.c
[7.523s] -- Installing: /home/karan_k/interbotix_ws/install/interbotix_perception_msgs/include/interbotix_perception_msgs/interbotix_perception_msgs/msg/detail/cluster_info__struct.h
[7.523s] -- Installing: /home/karan_k/interbotix_ws/install/interbotix_perception_msgs/include/interbotix_perception_msgs/interbotix_perception_msgs/msg/detail/cluster_info__functions.h
[7.523s] -- Installing: /home/karan_k/interbotix_ws/install/interbotix_perception_msgs/include/interbotix_perception_msgs/interbotix_perception_msgs/msg/detail/cluster_info__type_support.h
[7.523s] -- Installing: /home/karan_k/interbotix_ws/install/interbotix_perception_msgs/include/interbotix_perception_msgs/interbotix_perception_msgs/msg/rosidl_generator_c__visibility_control.h
[7.523s] -- Installing: /home/karan_k/interbotix_ws/install/interbotix_perception_msgs/include/interbotix_perception_msgs/interbotix_perception_msgs/msg/cluster_info.h
[7.523s] -- Installing: /home/karan_k/interbotix_ws/install/interbotix_perception_msgs/include/interbotix_perception_msgs/interbotix_perception_msgs/srv
[7.524s] -- Installing: /home/karan_k/interbotix_ws/install/interbotix_perception_msgs/include/interbotix_perception_msgs/interbotix_perception_msgs/srv/detail
[7.524s] -- Installing: /home/karan_k/interbotix_ws/install/interbotix_perception_msgs/include/interbotix_perception_msgs/interbotix_perception_msgs/srv/detail/filter_params__functions.c
[7.524s] -- Installing: /home/karan_k/interbotix_ws/install/interbotix_perception_msgs/include/interbotix_perception_msgs/interbotix_perception_msgs/srv/detail/snap_picture__functions.h
[7.524s] -- Installing: /home/karan_k/interbotix_ws/install/interbotix_perception_msgs/include/interbotix_perception_msgs/interbotix_perception_msgs/srv/detail/filter_params__functions.h
[7.524s] -- Installing: /home/karan_k/interbotix_ws/install/interbotix_perception_msgs/include/interbotix_perception_msgs/interbotix_perception_msgs/srv/detail/snap_picture__struct.h
[7.524s] -- Installing: /home/karan_k/interbotix_ws/install/interbotix_perception_msgs/include/interbotix_perception_msgs/interbotix_perception_msgs/srv/detail/cluster_info_array__functions.c
[7.524s] -- Installing: /home/karan_k/interbotix_ws/install/interbotix_perception_msgs/include/interbotix_perception_msgs/interbotix_perception_msgs/srv/detail/cluster_info_array__type_support.h
[7.524s] -- Installing: /home/karan_k/interbotix_ws/install/interbotix_perception_msgs/include/interbotix_perception_msgs/interbotix_perception_msgs/srv/detail/filter_params__type_support.h
[7.525s] -- Installing: /home/karan_k/interbotix_ws/install/interbotix_perception_msgs/include/interbotix_perception_msgs/interbotix_perception_msgs/srv/detail/filter_params__struct.h
[7.525s] -- Installing: /home/karan_k/interbotix_ws/install/interbotix_perception_msgs/include/interbotix_perception_msgs/interbotix_perception_msgs/srv/detail/cluster_info_array__struct.h
[7.525s] -- Installing: /home/karan_k/interbotix_ws/install/interbotix_perception_msgs/include/interbotix_perception_msgs/interbotix_perception_msgs/srv/detail/snap_picture__type_support.h
[7.525s] -- Installing: /home/karan_k/interbotix_ws/install/interbotix_perception_msgs/include/interbotix_perception_msgs/interbotix_perception_msgs/srv/detail/snap_picture__functions.c
[7.525s] -- Installing: /home/karan_k/interbotix_ws/install/interbotix_perception_msgs/include/interbotix_perception_msgs/interbotix_perception_msgs/srv/detail/cluster_info_array__functions.h
[7.525s] -- Installing: /home/karan_k/interbotix_ws/install/interbotix_perception_msgs/include/interbotix_perception_msgs/interbotix_perception_msgs/srv/snap_picture.h
[7.525s] -- Installing: /home/karan_k/interbotix_ws/install/interbotix_perception_msgs/include/interbotix_perception_msgs/interbotix_perception_msgs/srv/cluster_info_array.h
[7.526s] -- Installing: /home/karan_k/interbotix_ws/install/interbotix_perception_msgs/include/interbotix_perception_msgs/interbotix_perception_msgs/srv/filter_params.h
[7.526s] -- Installing: /home/karan_k/interbotix_ws/install/interbotix_perception_msgs/share/interbotix_perception_msgs/environment/library_path.sh
[7.526s] -- Installing: /home/karan_k/interbotix_ws/install/interbotix_perception_msgs/share/interbotix_perception_msgs/environment/library_path.dsv
[7.526s] -- Installing: /home/karan_k/interbotix_ws/install/interbotix_perception_msgs/lib/libinterbotix_perception_msgs__rosidl_generator_c.so
[7.527s] -- Set runtime path of "/home/karan_k/interbotix_ws/install/interbotix_perception_msgs/lib/libinterbotix_perception_msgs__rosidl_generator_c.so" to ""
[7.527s] -- Up-to-date: /home/karan_k/interbotix_ws/install/interbotix_perception_msgs/include/interbotix_perception_msgs/interbotix_perception_msgs
[7.527s] -- Up-to-date: /home/karan_k/interbotix_ws/install/interbotix_perception_msgs/include/interbotix_perception_msgs/interbotix_perception_msgs/msg
[7.527s] -- Up-to-date: /home/karan_k/interbotix_ws/install/interbotix_perception_msgs/include/interbotix_perception_msgs/interbotix_perception_msgs/msg/detail
[7.527s] -- Installing: /home/karan_k/interbotix_ws/install/interbotix_perception_msgs/include/interbotix_perception_msgs/interbotix_perception_msgs/msg/detail/cluster_info__rosidl_typesupport_fastrtps_c.h
[7.527s] -- Installing: /home/karan_k/interbotix_ws/install/interbotix_perception_msgs/include/interbotix_perception_msgs/interbotix_perception_msgs/msg/rosidl_typesupport_fastrtps_c__visibility_control.h
[7.528s] -- Up-to-date: /home/karan_k/interbotix_ws/install/interbotix_perception_msgs/include/interbotix_perception_msgs/interbotix_perception_msgs/srv
[7.528s] -- Up-to-date: /home/karan_k/interbotix_ws/install/interbotix_perception_msgs/include/interbotix_perception_msgs/interbotix_perception_msgs/srv/detail
[7.528s] -- Installing: /home/karan_k/interbotix_ws/install/interbotix_perception_msgs/include/interbotix_perception_msgs/interbotix_perception_msgs/srv/detail/snap_picture__rosidl_typesupport_fastrtps_c.h
[7.528s] -- Installing: /home/karan_k/interbotix_ws/install/interbotix_perception_msgs/include/interbotix_perception_msgs/interbotix_perception_msgs/srv/detail/filter_params__rosidl_typesupport_fastrtps_c.h
[7.528s] -- Installing: /home/karan_k/interbotix_ws/install/interbotix_perception_msgs/include/interbotix_perception_msgs/interbotix_perception_msgs/srv/detail/cluster_info_array__rosidl_typesupport_fastrtps_c.h
[7.528s] -- Installing: /home/karan_k/interbotix_ws/install/interbotix_perception_msgs/lib/libinterbotix_perception_msgs__rosidl_typesupport_fastrtps_c.so
[7.528s] -- Set runtime path of "/home/karan_k/interbotix_ws/install/interbotix_perception_msgs/lib/libinterbotix_perception_msgs__rosidl_typesupport_fastrtps_c.so" to ""
[7.528s] -- Up-to-date: /home/karan_k/interbotix_ws/install/interbotix_perception_msgs/include/interbotix_perception_msgs/interbotix_perception_msgs
[7.529s] -- Up-to-date: /home/karan_k/interbotix_ws/install/interbotix_perception_msgs/include/interbotix_perception_msgs/interbotix_perception_msgs/msg
[7.529s] -- Installing: /home/karan_k/interbotix_ws/install/interbotix_perception_msgs/include/interbotix_perception_msgs/interbotix_perception_msgs/msg/rosidl_typesupport_introspection_c__visibility_control.h
[7.529s] -- Up-to-date: /home/karan_k/interbotix_ws/install/interbotix_perception_msgs/include/interbotix_perception_msgs/interbotix_perception_msgs/msg/detail
[7.529s] -- Installing: /home/karan_k/interbotix_ws/install/interbotix_perception_msgs/include/interbotix_perception_msgs/interbotix_perception_msgs/msg/detail/cluster_info__type_support.c
[7.529s] -- Installing: /home/karan_k/interbotix_ws/install/interbotix_perception_msgs/include/interbotix_perception_msgs/interbotix_perception_msgs/msg/detail/cluster_info__rosidl_typesupport_introspection_c.h
[7.529s] -- Up-to-date: /home/karan_k/interbotix_ws/install/interbotix_perception_msgs/include/interbotix_perception_msgs/interbotix_perception_msgs/srv
[7.529s] -- Up-to-date: /home/karan_k/interbotix_ws/install/interbotix_perception_msgs/include/interbotix_perception_msgs/interbotix_perception_msgs/srv/detail
[7.529s] -- Installing: /home/karan_k/interbotix_ws/install/interbotix_perception_msgs/include/interbotix_perception_msgs/interbotix_perception_msgs/srv/detail/snap_picture__type_support.c
[7.529s] -- Installing: /home/karan_k/interbotix_ws/install/interbotix_perception_msgs/include/interbotix_perception_msgs/interbotix_perception_msgs/srv/detail/filter_params__rosidl_typesupport_introspection_c.h
[7.530s] -- Installing: /home/karan_k/interbotix_ws/install/interbotix_perception_msgs/include/interbotix_perception_msgs/interbotix_perception_msgs/srv/detail/cluster_info_array__type_support.c
[7.530s] -- Installing: /home/karan_k/interbotix_ws/install/interbotix_perception_msgs/include/interbotix_perception_msgs/interbotix_perception_msgs/srv/detail/cluster_info_array__rosidl_typesupport_introspection_c.h
[7.530s] -- Installing: /home/karan_k/interbotix_ws/install/interbotix_perception_msgs/include/interbotix_perception_msgs/interbotix_perception_msgs/srv/detail/snap_picture__rosidl_typesupport_introspection_c.h
[7.530s] -- Installing: /home/karan_k/interbotix_ws/install/interbotix_perception_msgs/include/interbotix_perception_msgs/interbotix_perception_msgs/srv/detail/filter_params__type_support.c
[7.530s] -- Installing: /home/karan_k/interbotix_ws/install/interbotix_perception_msgs/lib/libinterbotix_perception_msgs__rosidl_typesupport_introspection_c.so
[7.530s] -- Set runtime path of "/home/karan_k/interbotix_ws/install/interbotix_perception_msgs/lib/libinterbotix_perception_msgs__rosidl_typesupport_introspection_c.so" to ""
[7.530s] -- Installing: /home/karan_k/interbotix_ws/install/interbotix_perception_msgs/lib/libinterbotix_perception_msgs__rosidl_typesupport_c.so
[7.531s] -- Set runtime path of "/home/karan_k/interbotix_ws/install/interbotix_perception_msgs/lib/libinterbotix_perception_msgs__rosidl_typesupport_c.so" to ""
[7.531s] -- Up-to-date: /home/karan_k/interbotix_ws/install/interbotix_perception_msgs/include/interbotix_perception_msgs/interbotix_perception_msgs
[7.531s] -- Up-to-date: /home/karan_k/interbotix_ws/install/interbotix_perception_msgs/include/interbotix_perception_msgs/interbotix_perception_msgs/msg
[7.531s] -- Installing: /home/karan_k/interbotix_ws/install/interbotix_perception_msgs/include/interbotix_perception_msgs/interbotix_perception_msgs/msg/rosidl_generator_cpp__visibility_control.hpp
[7.531s] -- Installing: /home/karan_k/interbotix_ws/install/interbotix_perception_msgs/include/interbotix_perception_msgs/interbotix_perception_msgs/msg/cluster_info.hpp
[7.531s] -- Up-to-date: /home/karan_k/interbotix_ws/install/interbotix_perception_msgs/include/interbotix_perception_msgs/interbotix_perception_msgs/msg/detail
[7.532s] -- Installing: /home/karan_k/interbotix_ws/install/interbotix_perception_msgs/include/interbotix_perception_msgs/interbotix_perception_msgs/msg/detail/cluster_info__traits.hpp
[7.532s] -- Installing: /home/karan_k/interbotix_ws/install/interbotix_perception_msgs/include/interbotix_perception_msgs/interbotix_perception_msgs/msg/detail/cluster_info__type_support.hpp
[7.532s] -- Installing: /home/karan_k/interbotix_ws/install/interbotix_perception_msgs/include/interbotix_perception_msgs/interbotix_perception_msgs/msg/detail/cluster_info__struct.hpp
[7.532s] -- Installing: /home/karan_k/interbotix_ws/install/interbotix_perception_msgs/include/interbotix_perception_msgs/interbotix_perception_msgs/msg/detail/cluster_info__builder.hpp
[7.532s] -- Up-to-date: /home/karan_k/interbotix_ws/install/interbotix_perception_msgs/include/interbotix_perception_msgs/interbotix_perception_msgs/srv
[7.532s] -- Installing: /home/karan_k/interbotix_ws/install/interbotix_perception_msgs/include/interbotix_perception_msgs/interbotix_perception_msgs/srv/filter_params.hpp
[7.532s] -- Up-to-date: /home/karan_k/interbotix_ws/install/interbotix_perception_msgs/include/interbotix_perception_msgs/interbotix_perception_msgs/srv/detail
[7.532s] -- Installing: /home/karan_k/interbotix_ws/install/interbotix_perception_msgs/include/interbotix_perception_msgs/interbotix_perception_msgs/srv/detail/snap_picture__struct.hpp
[7.532s] -- Installing: /home/karan_k/interbotix_ws/install/interbotix_perception_msgs/include/interbotix_perception_msgs/interbotix_perception_msgs/srv/detail/filter_params__type_support.hpp
[7.532s] -- Installing: /home/karan_k/interbotix_ws/install/interbotix_perception_msgs/include/interbotix_perception_msgs/interbotix_perception_msgs/srv/detail/filter_params__struct.hpp
[7.533s] -- Installing: /home/karan_k/interbotix_ws/install/interbotix_perception_msgs/include/interbotix_perception_msgs/interbotix_perception_msgs/srv/detail/cluster_info_array__traits.hpp
[7.533s] -- Installing: /home/karan_k/interbotix_ws/install/interbotix_perception_msgs/include/interbotix_perception_msgs/interbotix_perception_msgs/srv/detail/snap_picture__traits.hpp
[7.533s] -- Installing: /home/karan_k/interbotix_ws/install/interbotix_perception_msgs/include/interbotix_perception_msgs/interbotix_perception_msgs/srv/detail/filter_params__builder.hpp
[7.533s] -- Installing: /home/karan_k/interbotix_ws/install/interbotix_perception_msgs/include/interbotix_perception_msgs/interbotix_perception_msgs/srv/detail/filter_params__traits.hpp
[7.533s] -- Installing: /home/karan_k/interbotix_ws/install/interbotix_perception_msgs/include/interbotix_perception_msgs/interbotix_perception_msgs/srv/detail/cluster_info_array__type_support.hpp
[7.533s] -- Installing: /home/karan_k/interbotix_ws/install/interbotix_perception_msgs/include/interbotix_perception_msgs/interbotix_perception_msgs/srv/detail/snap_picture__type_support.hpp
[7.533s] -- Installing: /home/karan_k/interbotix_ws/install/interbotix_perception_msgs/include/interbotix_perception_msgs/interbotix_perception_msgs/srv/detail/cluster_info_array__struct.hpp
[7.533s] -- Installing: /home/karan_k/interbotix_ws/install/interbotix_perception_msgs/include/interbotix_perception_msgs/interbotix_perception_msgs/srv/detail/cluster_info_array__builder.hpp
[7.533s] -- Installing: /home/karan_k/interbotix_ws/install/interbotix_perception_msgs/include/interbotix_perception_msgs/interbotix_perception_msgs/srv/detail/snap_picture__builder.hpp
[7.534s] -- Installing: /home/karan_k/interbotix_ws/install/interbotix_perception_msgs/include/interbotix_perception_msgs/interbotix_perception_msgs/srv/snap_picture.hpp
[7.534s] -- Installing: /home/karan_k/interbotix_ws/install/interbotix_perception_msgs/include/interbotix_perception_msgs/interbotix_perception_msgs/srv/cluster_info_array.hpp
[7.534s] -- Up-to-date: /home/karan_k/interbotix_ws/install/interbotix_perception_msgs/include/interbotix_perception_msgs/interbotix_perception_msgs
[7.534s] -- Up-to-date: /home/karan_k/interbotix_ws/install/interbotix_perception_msgs/include/interbotix_perception_msgs/interbotix_perception_msgs/msg
[7.534s] -- Installing: /home/karan_k/interbotix_ws/install/interbotix_perception_msgs/include/interbotix_perception_msgs/interbotix_perception_msgs/msg/rosidl_typesupport_fastrtps_cpp__visibility_control.h
[7.534s] -- Up-to-date: /home/karan_k/interbotix_ws/install/interbotix_perception_msgs/include/interbotix_perception_msgs/interbotix_perception_msgs/msg/detail
[7.534s] -- Installing: /home/karan_k/interbotix_ws/install/interbotix_perception_msgs/include/interbotix_perception_msgs/interbotix_perception_msgs/msg/detail/cluster_info__rosidl_typesupport_fastrtps_cpp.hpp
[7.535s] -- Installing: /home/karan_k/interbotix_ws/install/interbotix_perception_msgs/include/interbotix_perception_msgs/interbotix_perception_msgs/msg/detail/dds_fastrtps
[7.535s] -- Up-to-date: /home/karan_k/interbotix_ws/install/interbotix_perception_msgs/include/interbotix_perception_msgs/interbotix_perception_msgs/srv
[7.535s] -- Up-to-date: /home/karan_k/interbotix_ws/install/interbotix_perception_msgs/include/interbotix_perception_msgs/interbotix_perception_msgs/srv/detail
[7.535s] -- Installing: /home/karan_k/interbotix_ws/install/interbotix_perception_msgs/include/interbotix_perception_msgs/interbotix_perception_msgs/srv/detail/cluster_info_array__rosidl_typesupport_fastrtps_cpp.hpp
[7.535s] -- Installing: /home/karan_k/interbotix_ws/install/interbotix_perception_msgs/include/interbotix_perception_msgs/interbotix_perception_msgs/srv/detail/snap_picture__rosidl_typesupport_fastrtps_cpp.hpp
[7.535s] -- Installing: /home/karan_k/interbotix_ws/install/interbotix_perception_msgs/include/interbotix_perception_msgs/interbotix_perception_msgs/srv/detail/filter_params__rosidl_typesupport_fastrtps_cpp.hpp
[7.535s] -- Installing: /home/karan_k/interbotix_ws/install/interbotix_perception_msgs/include/interbotix_perception_msgs/interbotix_perception_msgs/srv/detail/dds_fastrtps
[7.535s] -- Installing: /home/karan_k/interbotix_ws/install/interbotix_perception_msgs/lib/libinterbotix_perception_msgs__rosidl_typesupport_fastrtps_cpp.so
[7.536s] -- Set runtime path of "/home/karan_k/interbotix_ws/install/interbotix_perception_msgs/lib/libinterbotix_perception_msgs__rosidl_typesupport_fastrtps_cpp.so" to ""
[7.536s] -- Up-to-date: /home/karan_k/interbotix_ws/install/interbotix_perception_msgs/include/interbotix_perception_msgs/interbotix_perception_msgs
[7.536s] -- Up-to-date: /home/karan_k/interbotix_ws/install/interbotix_perception_msgs/include/interbotix_perception_msgs/interbotix_perception_msgs/msg
[7.536s] -- Up-to-date: /home/karan_k/interbotix_ws/install/interbotix_perception_msgs/include/interbotix_perception_msgs/interbotix_perception_msgs/msg/detail
[7.536s] -- Installing: /home/karan_k/interbotix_ws/install/interbotix_perception_msgs/include/interbotix_perception_msgs/interbotix_perception_msgs/msg/detail/cluster_info__rosidl_typesupport_introspection_cpp.hpp
[7.536s] -- Installing: /home/karan_k/interbotix_ws/install/interbotix_perception_msgs/include/interbotix_perception_msgs/interbotix_perception_msgs/msg/detail/cluster_info__type_support.cpp
[7.536s] -- Up-to-date: /home/karan_k/interbotix_ws/install/interbotix_perception_msgs/include/interbotix_perception_msgs/interbotix_perception_msgs/srv
[7.536s] -- Up-to-date: /home/karan_k/interbotix_ws/install/interbotix_perception_msgs/include/interbotix_perception_msgs/interbotix_perception_msgs/srv/detail
[7.537s] -- Installing: /home/karan_k/interbotix_ws/install/interbotix_perception_msgs/include/interbotix_perception_msgs/interbotix_perception_msgs/srv/detail/cluster_info_array__type_support.cpp
[7.537s] -- Installing: /home/karan_k/interbotix_ws/install/interbotix_perception_msgs/include/interbotix_perception_msgs/interbotix_perception_msgs/srv/detail/snap_picture__rosidl_typesupport_introspection_cpp.hpp
[7.537s] -- Installing: /home/karan_k/interbotix_ws/install/interbotix_perception_msgs/include/interbotix_perception_msgs/interbotix_perception_msgs/srv/detail/filter_params__type_support.cpp
[7.537s] -- Installing: /home/karan_k/interbotix_ws/install/interbotix_perception_msgs/include/interbotix_perception_msgs/interbotix_perception_msgs/srv/detail/filter_params__rosidl_typesupport_introspection_cpp.hpp
[7.537s] -- Installing: /home/karan_k/interbotix_ws/install/interbotix_perception_msgs/include/interbotix_perception_msgs/interbotix_perception_msgs/srv/detail/cluster_info_array__rosidl_typesupport_introspection_cpp.hpp
[7.537s] -- Installing: /home/karan_k/interbotix_ws/install/interbotix_perception_msgs/include/interbotix_perception_msgs/interbotix_perception_msgs/srv/detail/snap_picture__type_support.cpp
[7.537s] -- Installing: /home/karan_k/interbotix_ws/install/interbotix_perception_msgs/lib/libinterbotix_perception_msgs__rosidl_typesupport_introspection_cpp.so
[7.538s] -- Set runtime path of "/home/karan_k/interbotix_ws/install/interbotix_perception_msgs/lib/libinterbotix_perception_msgs__rosidl_typesupport_introspection_cpp.so" to ""
[7.538s] -- Installing: /home/karan_k/interbotix_ws/install/interbotix_perception_msgs/lib/libinterbotix_perception_msgs__rosidl_typesupport_cpp.so
[7.538s] -- Set runtime path of "/home/karan_k/interbotix_ws/install/interbotix_perception_msgs/lib/libinterbotix_perception_msgs__rosidl_typesupport_cpp.so" to ""
[7.538s] -- Installing: /home/karan_k/interbotix_ws/install/interbotix_perception_msgs/share/interbotix_perception_msgs/environment/pythonpath.sh
[7.538s] -- Installing: /home/karan_k/interbotix_ws/install/interbotix_perception_msgs/share/interbotix_perception_msgs/environment/pythonpath.dsv
[7.539s] -- Installing: /home/karan_k/interbotix_ws/install/interbotix_perception_msgs/local/lib/python3.10/dist-packages/interbotix_perception_msgs-0.0.0-py3.10.egg-info
[7.539s] -- Installing: /home/karan_k/interbotix_ws/install/interbotix_perception_msgs/local/lib/python3.10/dist-packages/interbotix_perception_msgs-0.0.0-py3.10.egg-info/SOURCES.txt
[7.539s] -- Installing: /home/karan_k/interbotix_ws/install/interbotix_perception_msgs/local/lib/python3.10/dist-packages/interbotix_perception_msgs-0.0.0-py3.10.egg-info/PKG-INFO
[7.539s] -- Installing: /home/karan_k/interbotix_ws/install/interbotix_perception_msgs/local/lib/python3.10/dist-packages/interbotix_perception_msgs-0.0.0-py3.10.egg-info/top_level.txt
[7.539s] -- Installing: /home/karan_k/interbotix_ws/install/interbotix_perception_msgs/local/lib/python3.10/dist-packages/interbotix_perception_msgs-0.0.0-py3.10.egg-info/dependency_links.txt
[7.539s] -- Installing: /home/karan_k/interbotix_ws/install/interbotix_perception_msgs/local/lib/python3.10/dist-packages/interbotix_perception_msgs
[7.539s] -- Installing: /home/karan_k/interbotix_ws/install/interbotix_perception_msgs/local/lib/python3.10/dist-packages/interbotix_perception_msgs/interbotix_perception_msgs_s__rosidl_typesupport_introspection_c.cpython-310-x86_64-linux-gnu.so
[7.539s] -- Installing: /home/karan_k/interbotix_ws/install/interbotix_perception_msgs/local/lib/python3.10/dist-packages/interbotix_perception_msgs/msg
[7.540s] -- Installing: /home/karan_k/interbotix_ws/install/interbotix_perception_msgs/local/lib/python3.10/dist-packages/interbotix_perception_msgs/msg/_cluster_info_s.c
[7.540s] -- Installing: /home/karan_k/interbotix_ws/install/interbotix_perception_msgs/local/lib/python3.10/dist-packages/interbotix_perception_msgs/msg/_cluster_info.py
[7.540s] -- Installing: /home/karan_k/interbotix_ws/install/interbotix_perception_msgs/local/lib/python3.10/dist-packages/interbotix_perception_msgs/msg/__init__.py
[7.540s] -- Installing: /home/karan_k/interbotix_ws/install/interbotix_perception_msgs/local/lib/python3.10/dist-packages/interbotix_perception_msgs/_interbotix_perception_msgs_s.ep.rosidl_typesupport_introspection_c.c
[7.540s] -- Installing: /home/karan_k/interbotix_ws/install/interbotix_perception_msgs/local/lib/python3.10/dist-packages/interbotix_perception_msgs/srv
[7.540s] -- Installing: /home/karan_k/interbotix_ws/install/interbotix_perception_msgs/local/lib/python3.10/dist-packages/interbotix_perception_msgs/srv/_cluster_info_array_s.c
[7.540s] -- Installing: /home/karan_k/interbotix_ws/install/interbotix_perception_msgs/local/lib/python3.10/dist-packages/interbotix_perception_msgs/srv/_filter_params.py
[7.540s] -- Installing: /home/karan_k/interbotix_ws/install/interbotix_perception_msgs/local/lib/python3.10/dist-packages/interbotix_perception_msgs/srv/_snap_picture.py
[7.541s] -- Installing: /home/karan_k/interbotix_ws/install/interbotix_perception_msgs/local/lib/python3.10/dist-packages/interbotix_perception_msgs/srv/_snap_picture_s.c
[7.541s] -- Installing: /home/karan_k/interbotix_ws/install/interbotix_perception_msgs/local/lib/python3.10/dist-packages/interbotix_perception_msgs/srv/_cluster_info_array.py
[7.541s] -- Installing: /home/karan_k/interbotix_ws/install/interbotix_perception_msgs/local/lib/python3.10/dist-packages/interbotix_perception_msgs/srv/__init__.py
[7.541s] -- Installing: /home/karan_k/interbotix_ws/install/interbotix_perception_msgs/local/lib/python3.10/dist-packages/interbotix_perception_msgs/srv/_filter_params_s.c
[7.541s] -- Installing: /home/karan_k/interbotix_ws/install/interbotix_perception_msgs/local/lib/python3.10/dist-packages/interbotix_perception_msgs/_interbotix_perception_msgs_s.ep.rosidl_typesupport_fastrtps_c.c
[7.541s] -- Installing: /home/karan_k/interbotix_ws/install/interbotix_perception_msgs/local/lib/python3.10/dist-packages/interbotix_perception_msgs/__init__.py
[7.542s] -- Installing: /home/karan_k/interbotix_ws/install/interbotix_perception_msgs/local/lib/python3.10/dist-packages/interbotix_perception_msgs/interbotix_perception_msgs_s__rosidl_typesupport_c.cpython-310-x86_64-linux-gnu.so
[7.542s] -- Installing: /home/karan_k/interbotix_ws/install/interbotix_perception_msgs/local/lib/python3.10/dist-packages/interbotix_perception_msgs/libinterbotix_perception_msgs__rosidl_generator_py.so
[7.542s] -- Installing: /home/karan_k/interbotix_ws/install/interbotix_perception_msgs/local/lib/python3.10/dist-packages/interbotix_perception_msgs/_interbotix_perception_msgs_s.ep.rosidl_typesupport_c.c
[7.542s] -- Installing: /home/karan_k/interbotix_ws/install/interbotix_perception_msgs/local/lib/python3.10/dist-packages/interbotix_perception_msgs/interbotix_perception_msgs_s__rosidl_typesupport_fastrtps_c.cpython-310-x86_64-linux-gnu.so
[7.588s] Listing '/home/karan_k/interbotix_ws/install/interbotix_perception_msgs/local/lib/python3.10/dist-packages/interbotix_perception_msgs'...
[7.588s] Compiling '/home/karan_k/interbotix_ws/install/interbotix_perception_msgs/local/lib/python3.10/dist-packages/interbotix_perception_msgs/__init__.py'...
[7.588s] Listing '/home/karan_k/interbotix_ws/install/interbotix_perception_msgs/local/lib/python3.10/dist-packages/interbotix_perception_msgs/msg'...
[7.588s] Compiling '/home/karan_k/interbotix_ws/install/interbotix_perception_msgs/local/lib/python3.10/dist-packages/interbotix_perception_msgs/msg/__init__.py'...
[7.588s] Compiling '/home/karan_k/interbotix_ws/install/interbotix_perception_msgs/local/lib/python3.10/dist-packages/interbotix_perception_msgs/msg/_cluster_info.py'...
[7.588s] Listing '/home/karan_k/interbotix_ws/install/interbotix_perception_msgs/local/lib/python3.10/dist-packages/interbotix_perception_msgs/srv'...
[7.588s] Compiling '/home/karan_k/interbotix_ws/install/interbotix_perception_msgs/local/lib/python3.10/dist-packages/interbotix_perception_msgs/srv/__init__.py'...
[7.589s] Compiling '/home/karan_k/interbotix_ws/install/interbotix_perception_msgs/local/lib/python3.10/dist-packages/interbotix_perception_msgs/srv/_cluster_info_array.py'...
[7.589s] Compiling '/home/karan_k/interbotix_ws/install/interbotix_perception_msgs/local/lib/python3.10/dist-packages/interbotix_perception_msgs/srv/_filter_params.py'...
[7.589s] Compiling '/home/karan_k/interbotix_ws/install/interbotix_perception_msgs/local/lib/python3.10/dist-packages/interbotix_perception_msgs/srv/_snap_picture.py'...
[7.594s] -- Installing: /home/karan_k/interbotix_ws/install/interbotix_perception_msgs/local/lib/python3.10/dist-packages/interbotix_perception_msgs/interbotix_perception_msgs_s__rosidl_typesupport_fastrtps_c.cpython-310-x86_64-linux-gnu.so
[7.595s] -- Set runtime path of "/home/karan_k/interbotix_ws/install/interbotix_perception_msgs/local/lib/python3.10/dist-packages/interbotix_perception_msgs/interbotix_perception_msgs_s__rosidl_typesupport_fastrtps_c.cpython-310-x86_64-linux-gnu.so" to ""
[7.595s] -- Installing: /home/karan_k/interbotix_ws/install/interbotix_perception_msgs/local/lib/python3.10/dist-packages/interbotix_perception_msgs/interbotix_perception_msgs_s__rosidl_typesupport_introspection_c.cpython-310-x86_64-linux-gnu.so
[7.596s] -- Set runtime path of "/home/karan_k/interbotix_ws/install/interbotix_perception_msgs/local/lib/python3.10/dist-packages/interbotix_perception_msgs/interbotix_perception_msgs_s__rosidl_typesupport_introspection_c.cpython-310-x86_64-linux-gnu.so" to ""
[7.596s] -- Installing: /home/karan_k/interbotix_ws/install/interbotix_perception_msgs/local/lib/python3.10/dist-packages/interbotix_perception_msgs/interbotix_perception_msgs_s__rosidl_typesupport_c.cpython-310-x86_64-linux-gnu.so
[7.597s] -- Set runtime path of "/home/karan_k/interbotix_ws/install/interbotix_perception_msgs/local/lib/python3.10/dist-packages/interbotix_perception_msgs/interbotix_perception_msgs_s__rosidl_typesupport_c.cpython-310-x86_64-linux-gnu.so" to ""
[7.597s] -- Installing: /home/karan_k/interbotix_ws/install/interbotix_perception_msgs/lib/libinterbotix_perception_msgs__rosidl_generator_py.so
[7.597s] -- Set runtime path of "/home/karan_k/interbotix_ws/install/interbotix_perception_msgs/lib/libinterbotix_perception_msgs__rosidl_generator_py.so" to ""
[7.598s] -- Installing: /home/karan_k/interbotix_ws/install/interbotix_perception_msgs/share/interbotix_perception_msgs/msg/ClusterInfo.idl
[7.598s] -- Installing: /home/karan_k/interbotix_ws/install/interbotix_perception_msgs/share/interbotix_perception_msgs/srv/ClusterInfoArray.idl
[7.598s] -- Installing: /home/karan_k/interbotix_ws/install/interbotix_perception_msgs/share/interbotix_perception_msgs/srv/FilterParams.idl
[7.598s] -- Installing: /home/karan_k/interbotix_ws/install/interbotix_perception_msgs/share/interbotix_perception_msgs/srv/SnapPicture.idl
[7.599s] -- Installing: /home/karan_k/interbotix_ws/install/interbotix_perception_msgs/share/interbotix_perception_msgs/msg/ClusterInfo.msg
[7.599s] -- Installing: /home/karan_k/interbotix_ws/install/interbotix_perception_msgs/share/interbotix_perception_msgs/srv/ClusterInfoArray.srv
[7.599s] -- Installing: /home/karan_k/interbotix_ws/install/interbotix_perception_msgs/share/interbotix_perception_msgs/srv/ClusterInfoArray_Request.msg
[7.599s] -- Installing: /home/karan_k/interbotix_ws/install/interbotix_perception_msgs/share/interbotix_perception_msgs/srv/ClusterInfoArray_Response.msg
[7.600s] -- Installing: /home/karan_k/interbotix_ws/install/interbotix_perception_msgs/share/interbotix_perception_msgs/srv/FilterParams.srv
[7.600s] -- Installing: /home/karan_k/interbotix_ws/install/interbotix_perception_msgs/share/interbotix_perception_msgs/srv/FilterParams_Request.msg
[7.600s] -- Installing: /home/karan_k/interbotix_ws/install/interbotix_perception_msgs/share/interbotix_perception_msgs/srv/FilterParams_Response.msg
[7.600s] -- Installing: /home/karan_k/interbotix_ws/install/interbotix_perception_msgs/share/interbotix_perception_msgs/srv/SnapPicture.srv
[7.601s] -- Installing: /home/karan_k/interbotix_ws/install/interbotix_perception_msgs/share/interbotix_perception_msgs/srv/SnapPicture_Request.msg
[7.601s] -- Installing: /home/karan_k/interbotix_ws/install/interbotix_perception_msgs/share/interbotix_perception_msgs/srv/SnapPicture_Response.msg
[7.601s] -- Installing: /home/karan_k/interbotix_ws/install/interbotix_perception_msgs/share/ament_index/resource_index/package_run_dependencies/interbotix_perception_msgs
[7.601s] -- Installing: /home/karan_k/interbotix_ws/install/interbotix_perception_msgs/share/ament_index/resource_index/parent_prefix_path/interbotix_perception_msgs
[7.602s] -- Installing: /home/karan_k/interbotix_ws/install/interbotix_perception_msgs/share/interbotix_perception_msgs/environment/ament_prefix_path.sh
[7.602s] -- Installing: /home/karan_k/interbotix_ws/install/interbotix_perception_msgs/share/interbotix_perception_msgs/environment/ament_prefix_path.dsv
[7.602s] -- Installing: /home/karan_k/interbotix_ws/install/interbotix_perception_msgs/share/interbotix_perception_msgs/environment/path.sh
[7.602s] -- Installing: /home/karan_k/interbotix_ws/install/interbotix_perception_msgs/share/interbotix_perception_msgs/environment/path.dsv
[7.602s] -- Installing: /home/karan_k/interbotix_ws/install/interbotix_perception_msgs/share/interbotix_perception_msgs/local_setup.bash
[7.602s] -- Installing: /home/karan_k/interbotix_ws/install/interbotix_perception_msgs/share/interbotix_perception_msgs/local_setup.sh
[7.603s] -- Installing: /home/karan_k/interbotix_ws/install/interbotix_perception_msgs/share/interbotix_perception_msgs/local_setup.zsh
[7.603s] -- Installing: /home/karan_k/interbotix_ws/install/interbotix_perception_msgs/share/interbotix_perception_msgs/local_setup.dsv
[7.603s] -- Installing: /home/karan_k/interbotix_ws/install/interbotix_perception_msgs/share/interbotix_perception_msgs/package.dsv
[7.603s] -- Installing: /home/karan_k/interbotix_ws/install/interbotix_perception_msgs/share/ament_index/resource_index/packages/interbotix_perception_msgs
[7.604s] -- Installing: /home/karan_k/interbotix_ws/install/interbotix_perception_msgs/share/interbotix_perception_msgs/cmake/export_interbotix_perception_msgs__rosidl_generator_cExport.cmake
[7.604s] -- Installing: /home/karan_k/interbotix_ws/install/interbotix_perception_msgs/share/interbotix_perception_msgs/cmake/export_interbotix_perception_msgs__rosidl_generator_cExport-noconfig.cmake
[7.604s] -- Installing: /home/karan_k/interbotix_ws/install/interbotix_perception_msgs/share/interbotix_perception_msgs/cmake/export_interbotix_perception_msgs__rosidl_typesupport_fastrtps_cExport.cmake
[7.604s] -- Installing: /home/karan_k/interbotix_ws/install/interbotix_perception_msgs/share/interbotix_perception_msgs/cmake/export_interbotix_perception_msgs__rosidl_typesupport_fastrtps_cExport-noconfig.cmake
[7.605s] -- Installing: /home/karan_k/interbotix_ws/install/interbotix_perception_msgs/share/interbotix_perception_msgs/cmake/interbotix_perception_msgs__rosidl_typesupport_introspection_cExport.cmake
[7.605s] -- Installing: /home/karan_k/interbotix_ws/install/interbotix_perception_msgs/share/interbotix_perception_msgs/cmake/interbotix_perception_msgs__rosidl_typesupport_introspection_cExport-noconfig.cmake
[7.605s] -- Installing: /home/karan_k/interbotix_ws/install/interbotix_perception_msgs/share/interbotix_perception_msgs/cmake/interbotix_perception_msgs__rosidl_typesupport_cExport.cmake
[7.605s] -- Installing: /home/karan_k/interbotix_ws/install/interbotix_perception_msgs/share/interbotix_perception_msgs/cmake/interbotix_perception_msgs__rosidl_typesupport_cExport-noconfig.cmake
[7.606s] -- Installing: /home/karan_k/interbotix_ws/install/interbotix_perception_msgs/share/interbotix_perception_msgs/cmake/export_interbotix_perception_msgs__rosidl_generator_cppExport.cmake
[7.606s] -- Installing: /home/karan_k/interbotix_ws/install/interbotix_perception_msgs/share/interbotix_perception_msgs/cmake/export_interbotix_perception_msgs__rosidl_typesupport_fastrtps_cppExport.cmake
[7.606s] -- Installing: /home/karan_k/interbotix_ws/install/interbotix_perception_msgs/share/interbotix_perception_msgs/cmake/export_interbotix_perception_msgs__rosidl_typesupport_fastrtps_cppExport-noconfig.cmake
[7.606s] -- Installing: /home/karan_k/interbotix_ws/install/interbotix_perception_msgs/share/interbotix_perception_msgs/cmake/interbotix_perception_msgs__rosidl_typesupport_introspection_cppExport.cmake
[7.607s] -- Installing: /home/karan_k/interbotix_ws/install/interbotix_perception_msgs/share/interbotix_perception_msgs/cmake/interbotix_perception_msgs__rosidl_typesupport_introspection_cppExport-noconfig.cmake
[7.607s] -- Installing: /home/karan_k/interbotix_ws/install/interbotix_perception_msgs/share/interbotix_perception_msgs/cmake/interbotix_perception_msgs__rosidl_typesupport_cppExport.cmake
[7.607s] -- Installing: /home/karan_k/interbotix_ws/install/interbotix_perception_msgs/share/interbotix_perception_msgs/cmake/interbotix_perception_msgs__rosidl_typesupport_cppExport-noconfig.cmake
[7.607s] -- Installing: /home/karan_k/interbotix_ws/install/interbotix_perception_msgs/share/interbotix_perception_msgs/cmake/export_interbotix_perception_msgs__rosidl_generator_pyExport.cmake
[7.608s] -- Installing: /home/karan_k/interbotix_ws/install/interbotix_perception_msgs/share/interbotix_perception_msgs/cmake/export_interbotix_perception_msgs__rosidl_generator_pyExport-noconfig.cmake
[7.608s] -- Installing: /home/karan_k/interbotix_ws/install/interbotix_perception_msgs/share/interbotix_perception_msgs/cmake/rosidl_cmake-extras.cmake
[7.608s] -- Installing: /home/karan_k/interbotix_ws/install/interbotix_perception_msgs/share/interbotix_perception_msgs/cmake/ament_cmake_export_dependencies-extras.cmake
[7.608s] -- Installing: /home/karan_k/interbotix_ws/install/interbotix_perception_msgs/share/interbotix_perception_msgs/cmake/ament_cmake_export_include_directories-extras.cmake
[7.608s] -- Installing: /home/karan_k/interbotix_ws/install/interbotix_perception_msgs/share/interbotix_perception_msgs/cmake/ament_cmake_export_libraries-extras.cmake
[7.609s] -- Installing: /home/karan_k/interbotix_ws/install/interbotix_perception_msgs/share/interbotix_perception_msgs/cmake/ament_cmake_export_targets-extras.cmake
[7.609s] -- Installing: /home/karan_k/interbotix_ws/install/interbotix_perception_msgs/share/interbotix_perception_msgs/cmake/rosidl_cmake_export_typesupport_targets-extras.cmake
[7.609s] -- Installing: /home/karan_k/interbotix_ws/install/interbotix_perception_msgs/share/interbotix_perception_msgs/cmake/rosidl_cmake_export_typesupport_libraries-extras.cmake
[7.609s] -- Installing: /home/karan_k/interbotix_ws/install/interbotix_perception_msgs/share/interbotix_perception_msgs/cmake/interbotix_perception_msgsConfig.cmake
[7.610s] -- Installing: /home/karan_k/interbotix_ws/install/interbotix_perception_msgs/share/interbotix_perception_msgs/cmake/interbotix_perception_msgsConfig-version.cmake
[7.610s] -- Installing: /home/karan_k/interbotix_ws/install/interbotix_perception_msgs/share/interbotix_perception_msgs/package.xml
[7.614s] Invoked command in '/home/karan_k/interbotix_ws/build/interbotix_perception_msgs' returned '0': CMAKE_PREFIX_PATH=${CMAKE_PREFIX_PATH}:/home/karan_k/ardu_ws/install/ardupilot_dds_tests:/opt/ros/humble /usr/bin/cmake --install /home/karan_k/interbotix_ws/build/interbotix_perception_msgs
