[0.020s] Invoking command in '/home/karan_k/interbotix_ws/build/interbotix_xsarm_descriptions': AMENT_PREFIX_PATH=/home/karan_k/interbotix_ws/install/interbotix_xs_modules:/home/karan_k/interbotix_ws/install/interbotix_xs_sdk:/home/karan_k/interbotix_ws/install/interbotix_xs_driver:/home/karan_k/interbotix_ws/install/interbotix_xs_msgs:/home/karan_k/interbotix_ws/install/interbotix_common_modules:/home/karan_k/interbotix_ws/install/dynamixel_workbench_toolbox:${AMENT_PREFIX_PATH} CMAKE_PREFIX_PATH=/home/karan_k/interbotix_ws/install/interbotix_xs_sdk:/home/karan_k/interbotix_ws/install/interbotix_xs_driver:/home/karan_k/interbotix_ws/install/interbotix_xs_msgs:/home/karan_k/interbotix_ws/install/dynamixel_workbench_toolbox:/home/karan_k/apriltag_ws/install/apriltag_ros:/home/karan_k/Geomagic_Touch_ROS2/install/omni_common:/home/karan_k/Geomagic_Touch_ROS2/install/omni_broadcaster:/home/karan_k/Geomagic_Touch_ROS2/install/omni_msgs:/home/karan_k/Geomagic_Touch_ROS2/install/omni_description:/home/karan_k/ardu_ws/install/test_ros_gz_bridge:/home/karan_k/ardu_ws/install/ros_ign:/home/karan_k/ardu_ws/install/ros_ign_gazebo_demos:/home/karan_k/ardu_ws/install/ros_gz:/home/karan_k/ardu_ws/install/ros_gz_sim_demos:/home/karan_k/ardu_ws/install/ardupilot_gz_bringup:/home/karan_k/ardu_ws/install/sdformat_urdf:/home/karan_k/ardu_ws/install/sdformat_test_files:/home/karan_k/ardu_ws/install/ros_ign_interfaces:/home/karan_k/ardu_ws/install/ros_ign_image:/home/karan_k/ardu_ws/install/ros_ign_gazebo:/home/karan_k/ardu_ws/install/ros_ign_bridge:/home/karan_k/ardu_ws/install/ros_gz_sim:/home/karan_k/ardu_ws/install/ros_gz_image:/home/karan_k/ardu_ws/install/ros_gz_bridge:/home/karan_k/ardu_ws/install/ros_gz_interfaces:/home/karan_k/ardu_ws/install/ardupilot_sitl:/home/karan_k/ardu_ws/install/micro_ros_agent:/home/karan_k/ardu_ws/install/ardupilot_sitl_models:/home/karan_k/ardu_ws/install/ardupilot_msgs:/home/karan_k/ardu_ws/install/ardupilot_gz_gazebo:/home/karan_k/ardu_ws/install/ardupilot_gz_description:/home/karan_k/ardu_ws/install/ardupilot_gz_application:/home/karan_k/ardu_ws/install/ardupilot_gazebo:/home/karan_k/ardu_ws/install/ardupilot_dds_tests:/opt/ros/humble LD_LIBRARY_PATH=/home/karan_k/interbotix_ws/install/interbotix_xs_driver/lib:/home/karan_k/interbotix_ws/install/interbotix_xs_msgs/lib:/home/karan_k/interbotix_ws/install/dynamixel_workbench_toolbox/lib:/home/karan_k/apriltag_ws/install/apriltag_ros/lib:/home/karan_k/Geomagic_Touch_ROS2/install/omni_msgs/lib:/home/karan_k/ardu_ws/install/sdformat_urdf/lib:/home/karan_k/ardu_ws/install/ros_ign_interfaces/lib:/home/karan_k/ardu_ws/install/ros_gz_sim/lib:/home/karan_k/ardu_ws/install/ros_gz_bridge/lib:/home/karan_k/ardu_ws/install/ros_gz_interfaces/lib:/home/karan_k/ardu_ws/install/micro_ros_agent/lib:/home/karan_k/ardu_ws/install/ardupilot_msgs/lib:/usr/lib/x86_64-linux-gnu/gazebo-11/plugins:/opt/ros/humble/opt/rviz_ogre_vendor/lib:/opt/ros/humble/lib/x86_64-linux-gnu:/opt/ros/humble/lib:/usr/lib/x86_64-linux-gnu/gazebo-11/plugins:/usr/lib/x86_64-linux-gnu/gazebo-11/plugins:/usr/lib/x86_64-linux-gnu/gazebo-11/plugins:/usr/share/gazebo-11/../../lib/x86_64-linux-gnu/gazebo-11/plugins:/usr/lib/x86_64-linux-gnu/gazebo-11/plugins:/usr/lib/x86_64-linux-gnu/gazebo-11/plugins PYTHONPATH=/home/karan_k/interbotix_ws/install/interbotix_xs_modules/lib/python3.10/site-packages:/home/karan_k/interbotix_ws/install/interbotix_xs_msgs/local/lib/python3.10/dist-packages:/home/karan_k/interbotix_ws/install/interbotix_common_modules/lib/python3.10/site-packages:${PYTHONPATH} /usr/bin/cmake /home/karan_k/interbotix_ws/src/interbotix_ros_manipulators/interbotix_ros_xsarms/interbotix_xsarm_descriptions -DCMAKE_INSTALL_PREFIX=/home/karan_k/interbotix_ws/install/interbotix_xsarm_descriptions
[0.085s] -- The C compiler identification is GNU 11.4.0
[0.147s] -- The CXX compiler identification is GNU 11.4.0
[0.158s] -- Detecting C compiler ABI info
[0.226s] -- Detecting C compiler ABI info - done
[0.233s] -- Check for working C compiler: /usr/lib/ccache/cc - skipped
[0.233s] -- Detecting C compile features
[0.234s] -- Detecting C compile features - done
[0.236s] -- Detecting CXX compiler ABI info
[0.316s] -- Detecting CXX compiler ABI info - done
[0.321s] -- Check for working CXX compiler: /usr/lib/ccache/c++ - skipped
[0.321s] -- Detecting CXX compile features
[0.322s] -- Detecting CXX compile features - done
[0.328s] -- Found ament_cmake: 1.3.12 (/opt/ros/humble/share/ament_cmake/cmake)
[0.721s] -- Found Python3: /usr/bin/python3 (found version "3.10.12") found components: Interpreter 
[0.863s] -- Found robot_state_publisher: 3.0.3 (/opt/ros/humble/share/robot_state_publisher/cmake)
[0.930s] -- Found rosidl_generator_c: 3.1.7 (/opt/ros/humble/share/rosidl_generator_c/cmake)
[0.942s] -- Found rosidl_adapter: 3.1.7 (/opt/ros/humble/share/rosidl_adapter/cmake)
[0.958s] -- Found rosidl_generator_cpp: 3.1.7 (/opt/ros/humble/share/rosidl_generator_cpp/cmake)
[0.977s] -- Using all available rosidl_typesupport_c: rosidl_typesupport_fastrtps_c;rosidl_typesupport_introspection_c
[1.004s] -- Using all available rosidl_typesupport_cpp: rosidl_typesupport_fastrtps_cpp;rosidl_typesupport_introspection_cpp
[1.091s] -- Found eigen3_cmake_module: 0.1.1 (/opt/ros/humble/share/eigen3_cmake_module/cmake)
[1.092s] -- Found Eigen3: TRUE (found version "3.4.0") 
[1.092s] -- Ensuring Eigen3 include directory is part of orocos-kdl CMake target
[1.175s] -- Found rmw_implementation_cmake: 6.1.2 (/opt/ros/humble/share/rmw_implementation_cmake/cmake)
[1.182s] -- Found rmw_fastrtps_cpp: 6.2.9 (/opt/ros/humble/share/rmw_fastrtps_cpp/cmake)
[1.310s] -- Found OpenSSL: /usr/lib/x86_64-linux-gnu/libcrypto.so (found version "3.0.2")  
[1.349s] -- Found FastRTPS: /opt/ros/humble/include  
[1.404s] -- Using RMW implementation 'rmw_fastrtps_cpp' as default
[1.423s] -- Looking for pthread.h
[1.488s] -- Looking for pthread.h - found
[1.489s] -- Performing Test CMAKE_HAVE_LIBC_PTHREAD
[1.558s] -- Performing Test CMAKE_HAVE_LIBC_PTHREAD - Success
[1.559s] -- Found Threads: TRUE  
[1.808s] -- Found rviz2: 11.2.23 (/opt/ros/humble/share/rviz2/cmake)
[1.813s] -- Found xacro: 2.1.1 (/opt/ros/humble/share/xacro/cmake)
[1.819s] -- Found ament_lint_auto: 0.12.14 (/opt/ros/humble/share/ament_lint_auto/cmake)
[1.954s] -- Added test 'copyright' to check source files copyright and LICENSE
[1.970s] -- Added test 'flake8' to check Python code syntax and style conventions
[1.973s] -- Added test 'lint_cmake' to check CMake code style
[1.974s] -- Added test 'pep257' to check Python code against some of the docstring style conventions in PEP 257
[1.983s] -- Added test 'xmllint' to check XML markup files
[1.985s] -- Configuring done
[1.990s] -- Generating done
[1.992s] -- Build files have been written to: /home/karan_k/interbotix_ws/build/interbotix_xsarm_descriptions
[2.006s] Invoked command in '/home/karan_k/interbotix_ws/build/interbotix_xsarm_descriptions' returned '0': AMENT_PREFIX_PATH=/home/karan_k/interbotix_ws/install/interbotix_xs_modules:/home/karan_k/interbotix_ws/install/interbotix_xs_sdk:/home/karan_k/interbotix_ws/install/interbotix_xs_driver:/home/karan_k/interbotix_ws/install/interbotix_xs_msgs:/home/karan_k/interbotix_ws/install/interbotix_common_modules:/home/karan_k/interbotix_ws/install/dynamixel_workbench_toolbox:${AMENT_PREFIX_PATH} CMAKE_PREFIX_PATH=/home/karan_k/interbotix_ws/install/interbotix_xs_sdk:/home/karan_k/interbotix_ws/install/interbotix_xs_driver:/home/karan_k/interbotix_ws/install/interbotix_xs_msgs:/home/karan_k/interbotix_ws/install/dynamixel_workbench_toolbox:/home/karan_k/apriltag_ws/install/apriltag_ros:/home/karan_k/Geomagic_Touch_ROS2/install/omni_common:/home/karan_k/Geomagic_Touch_ROS2/install/omni_broadcaster:/home/karan_k/Geomagic_Touch_ROS2/install/omni_msgs:/home/karan_k/Geomagic_Touch_ROS2/install/omni_description:/home/karan_k/ardu_ws/install/test_ros_gz_bridge:/home/karan_k/ardu_ws/install/ros_ign:/home/karan_k/ardu_ws/install/ros_ign_gazebo_demos:/home/karan_k/ardu_ws/install/ros_gz:/home/karan_k/ardu_ws/install/ros_gz_sim_demos:/home/karan_k/ardu_ws/install/ardupilot_gz_bringup:/home/karan_k/ardu_ws/install/sdformat_urdf:/home/karan_k/ardu_ws/install/sdformat_test_files:/home/karan_k/ardu_ws/install/ros_ign_interfaces:/home/karan_k/ardu_ws/install/ros_ign_image:/home/karan_k/ardu_ws/install/ros_ign_gazebo:/home/karan_k/ardu_ws/install/ros_ign_bridge:/home/karan_k/ardu_ws/install/ros_gz_sim:/home/karan_k/ardu_ws/install/ros_gz_image:/home/karan_k/ardu_ws/install/ros_gz_bridge:/home/karan_k/ardu_ws/install/ros_gz_interfaces:/home/karan_k/ardu_ws/install/ardupilot_sitl:/home/karan_k/ardu_ws/install/micro_ros_agent:/home/karan_k/ardu_ws/install/ardupilot_sitl_models:/home/karan_k/ardu_ws/install/ardupilot_msgs:/home/karan_k/ardu_ws/install/ardupilot_gz_gazebo:/home/karan_k/ardu_ws/install/ardupilot_gz_description:/home/karan_k/ardu_ws/install/ardupilot_gz_application:/home/karan_k/ardu_ws/install/ardupilot_gazebo:/home/karan_k/ardu_ws/install/ardupilot_dds_tests:/opt/ros/humble LD_LIBRARY_PATH=/home/karan_k/interbotix_ws/install/interbotix_xs_driver/lib:/home/karan_k/interbotix_ws/install/interbotix_xs_msgs/lib:/home/karan_k/interbotix_ws/install/dynamixel_workbench_toolbox/lib:/home/karan_k/apriltag_ws/install/apriltag_ros/lib:/home/karan_k/Geomagic_Touch_ROS2/install/omni_msgs/lib:/home/karan_k/ardu_ws/install/sdformat_urdf/lib:/home/karan_k/ardu_ws/install/ros_ign_interfaces/lib:/home/karan_k/ardu_ws/install/ros_gz_sim/lib:/home/karan_k/ardu_ws/install/ros_gz_bridge/lib:/home/karan_k/ardu_ws/install/ros_gz_interfaces/lib:/home/karan_k/ardu_ws/install/micro_ros_agent/lib:/home/karan_k/ardu_ws/install/ardupilot_msgs/lib:/usr/lib/x86_64-linux-gnu/gazebo-11/plugins:/opt/ros/humble/opt/rviz_ogre_vendor/lib:/opt/ros/humble/lib/x86_64-linux-gnu:/opt/ros/humble/lib:/usr/lib/x86_64-linux-gnu/gazebo-11/plugins:/usr/lib/x86_64-linux-gnu/gazebo-11/plugins:/usr/lib/x86_64-linux-gnu/gazebo-11/plugins:/usr/share/gazebo-11/../../lib/x86_64-linux-gnu/gazebo-11/plugins:/usr/lib/x86_64-linux-gnu/gazebo-11/plugins:/usr/lib/x86_64-linux-gnu/gazebo-11/plugins PYTHONPATH=/home/karan_k/interbotix_ws/install/interbotix_xs_modules/lib/python3.10/site-packages:/home/karan_k/interbotix_ws/install/interbotix_xs_msgs/local/lib/python3.10/dist-packages:/home/karan_k/interbotix_ws/install/interbotix_common_modules/lib/python3.10/site-packages:${PYTHONPATH} /usr/bin/cmake /home/karan_k/interbotix_ws/src/interbotix_ros_manipulators/interbotix_ros_xsarms/interbotix_xsarm_descriptions -DCMAKE_INSTALL_PREFIX=/home/karan_k/interbotix_ws/install/interbotix_xsarm_descriptions
[2.009s] Invoking command in '/home/karan_k/interbotix_ws/build/interbotix_xsarm_descriptions': AMENT_PREFIX_PATH=/home/karan_k/interbotix_ws/install/interbotix_xs_modules:/home/karan_k/interbotix_ws/install/interbotix_xs_sdk:/home/karan_k/interbotix_ws/install/interbotix_xs_driver:/home/karan_k/interbotix_ws/install/interbotix_xs_msgs:/home/karan_k/interbotix_ws/install/interbotix_common_modules:/home/karan_k/interbotix_ws/install/dynamixel_workbench_toolbox:${AMENT_PREFIX_PATH} CMAKE_PREFIX_PATH=/home/karan_k/interbotix_ws/install/interbotix_xs_sdk:/home/karan_k/interbotix_ws/install/interbotix_xs_driver:/home/karan_k/interbotix_ws/install/interbotix_xs_msgs:/home/karan_k/interbotix_ws/install/dynamixel_workbench_toolbox:/home/karan_k/apriltag_ws/install/apriltag_ros:/home/karan_k/Geomagic_Touch_ROS2/install/omni_common:/home/karan_k/Geomagic_Touch_ROS2/install/omni_broadcaster:/home/karan_k/Geomagic_Touch_ROS2/install/omni_msgs:/home/karan_k/Geomagic_Touch_ROS2/install/omni_description:/home/karan_k/ardu_ws/install/test_ros_gz_bridge:/home/karan_k/ardu_ws/install/ros_ign:/home/karan_k/ardu_ws/install/ros_ign_gazebo_demos:/home/karan_k/ardu_ws/install/ros_gz:/home/karan_k/ardu_ws/install/ros_gz_sim_demos:/home/karan_k/ardu_ws/install/ardupilot_gz_bringup:/home/karan_k/ardu_ws/install/sdformat_urdf:/home/karan_k/ardu_ws/install/sdformat_test_files:/home/karan_k/ardu_ws/install/ros_ign_interfaces:/home/karan_k/ardu_ws/install/ros_ign_image:/home/karan_k/ardu_ws/install/ros_ign_gazebo:/home/karan_k/ardu_ws/install/ros_ign_bridge:/home/karan_k/ardu_ws/install/ros_gz_sim:/home/karan_k/ardu_ws/install/ros_gz_image:/home/karan_k/ardu_ws/install/ros_gz_bridge:/home/karan_k/ardu_ws/install/ros_gz_interfaces:/home/karan_k/ardu_ws/install/ardupilot_sitl:/home/karan_k/ardu_ws/install/micro_ros_agent:/home/karan_k/ardu_ws/install/ardupilot_sitl_models:/home/karan_k/ardu_ws/install/ardupilot_msgs:/home/karan_k/ardu_ws/install/ardupilot_gz_gazebo:/home/karan_k/ardu_ws/install/ardupilot_gz_description:/home/karan_k/ardu_ws/install/ardupilot_gz_application:/home/karan_k/ardu_ws/install/ardupilot_gazebo:/home/karan_k/ardu_ws/install/ardupilot_dds_tests:/opt/ros/humble LD_LIBRARY_PATH=/home/karan_k/interbotix_ws/install/interbotix_xs_driver/lib:/home/karan_k/interbotix_ws/install/interbotix_xs_msgs/lib:/home/karan_k/interbotix_ws/install/dynamixel_workbench_toolbox/lib:/home/karan_k/apriltag_ws/install/apriltag_ros/lib:/home/karan_k/Geomagic_Touch_ROS2/install/omni_msgs/lib:/home/karan_k/ardu_ws/install/sdformat_urdf/lib:/home/karan_k/ardu_ws/install/ros_ign_interfaces/lib:/home/karan_k/ardu_ws/install/ros_gz_sim/lib:/home/karan_k/ardu_ws/install/ros_gz_bridge/lib:/home/karan_k/ardu_ws/install/ros_gz_interfaces/lib:/home/karan_k/ardu_ws/install/micro_ros_agent/lib:/home/karan_k/ardu_ws/install/ardupilot_msgs/lib:/usr/lib/x86_64-linux-gnu/gazebo-11/plugins:/opt/ros/humble/opt/rviz_ogre_vendor/lib:/opt/ros/humble/lib/x86_64-linux-gnu:/opt/ros/humble/lib:/usr/lib/x86_64-linux-gnu/gazebo-11/plugins:/usr/lib/x86_64-linux-gnu/gazebo-11/plugins:/usr/lib/x86_64-linux-gnu/gazebo-11/plugins:/usr/share/gazebo-11/../../lib/x86_64-linux-gnu/gazebo-11/plugins:/usr/lib/x86_64-linux-gnu/gazebo-11/plugins:/usr/lib/x86_64-linux-gnu/gazebo-11/plugins PYTHONPATH=/home/karan_k/interbotix_ws/install/interbotix_xs_modules/lib/python3.10/site-packages:/home/karan_k/interbotix_ws/install/interbotix_xs_msgs/local/lib/python3.10/dist-packages:/home/karan_k/interbotix_ws/install/interbotix_common_modules/lib/python3.10/site-packages:${PYTHONPATH} /usr/bin/cmake --build /home/karan_k/interbotix_ws/build/interbotix_xsarm_descriptions -- -j16 -l16
[2.064s] Invoked command in '/home/karan_k/interbotix_ws/build/interbotix_xsarm_descriptions' returned '0': AMENT_PREFIX_PATH=/home/karan_k/interbotix_ws/install/interbotix_xs_modules:/home/karan_k/interbotix_ws/install/interbotix_xs_sdk:/home/karan_k/interbotix_ws/install/interbotix_xs_driver:/home/karan_k/interbotix_ws/install/interbotix_xs_msgs:/home/karan_k/interbotix_ws/install/interbotix_common_modules:/home/karan_k/interbotix_ws/install/dynamixel_workbench_toolbox:${AMENT_PREFIX_PATH} CMAKE_PREFIX_PATH=/home/karan_k/interbotix_ws/install/interbotix_xs_sdk:/home/karan_k/interbotix_ws/install/interbotix_xs_driver:/home/karan_k/interbotix_ws/install/interbotix_xs_msgs:/home/karan_k/interbotix_ws/install/dynamixel_workbench_toolbox:/home/karan_k/apriltag_ws/install/apriltag_ros:/home/karan_k/Geomagic_Touch_ROS2/install/omni_common:/home/karan_k/Geomagic_Touch_ROS2/install/omni_broadcaster:/home/karan_k/Geomagic_Touch_ROS2/install/omni_msgs:/home/karan_k/Geomagic_Touch_ROS2/install/omni_description:/home/karan_k/ardu_ws/install/test_ros_gz_bridge:/home/karan_k/ardu_ws/install/ros_ign:/home/karan_k/ardu_ws/install/ros_ign_gazebo_demos:/home/karan_k/ardu_ws/install/ros_gz:/home/karan_k/ardu_ws/install/ros_gz_sim_demos:/home/karan_k/ardu_ws/install/ardupilot_gz_bringup:/home/karan_k/ardu_ws/install/sdformat_urdf:/home/karan_k/ardu_ws/install/sdformat_test_files:/home/karan_k/ardu_ws/install/ros_ign_interfaces:/home/karan_k/ardu_ws/install/ros_ign_image:/home/karan_k/ardu_ws/install/ros_ign_gazebo:/home/karan_k/ardu_ws/install/ros_ign_bridge:/home/karan_k/ardu_ws/install/ros_gz_sim:/home/karan_k/ardu_ws/install/ros_gz_image:/home/karan_k/ardu_ws/install/ros_gz_bridge:/home/karan_k/ardu_ws/install/ros_gz_interfaces:/home/karan_k/ardu_ws/install/ardupilot_sitl:/home/karan_k/ardu_ws/install/micro_ros_agent:/home/karan_k/ardu_ws/install/ardupilot_sitl_models:/home/karan_k/ardu_ws/install/ardupilot_msgs:/home/karan_k/ardu_ws/install/ardupilot_gz_gazebo:/home/karan_k/ardu_ws/install/ardupilot_gz_description:/home/karan_k/ardu_ws/install/ardupilot_gz_application:/home/karan_k/ardu_ws/install/ardupilot_gazebo:/home/karan_k/ardu_ws/install/ardupilot_dds_tests:/opt/ros/humble LD_LIBRARY_PATH=/home/karan_k/interbotix_ws/install/interbotix_xs_driver/lib:/home/karan_k/interbotix_ws/install/interbotix_xs_msgs/lib:/home/karan_k/interbotix_ws/install/dynamixel_workbench_toolbox/lib:/home/karan_k/apriltag_ws/install/apriltag_ros/lib:/home/karan_k/Geomagic_Touch_ROS2/install/omni_msgs/lib:/home/karan_k/ardu_ws/install/sdformat_urdf/lib:/home/karan_k/ardu_ws/install/ros_ign_interfaces/lib:/home/karan_k/ardu_ws/install/ros_gz_sim/lib:/home/karan_k/ardu_ws/install/ros_gz_bridge/lib:/home/karan_k/ardu_ws/install/ros_gz_interfaces/lib:/home/karan_k/ardu_ws/install/micro_ros_agent/lib:/home/karan_k/ardu_ws/install/ardupilot_msgs/lib:/usr/lib/x86_64-linux-gnu/gazebo-11/plugins:/opt/ros/humble/opt/rviz_ogre_vendor/lib:/opt/ros/humble/lib/x86_64-linux-gnu:/opt/ros/humble/lib:/usr/lib/x86_64-linux-gnu/gazebo-11/plugins:/usr/lib/x86_64-linux-gnu/gazebo-11/plugins:/usr/lib/x86_64-linux-gnu/gazebo-11/plugins:/usr/share/gazebo-11/../../lib/x86_64-linux-gnu/gazebo-11/plugins:/usr/lib/x86_64-linux-gnu/gazebo-11/plugins:/usr/lib/x86_64-linux-gnu/gazebo-11/plugins PYTHONPATH=/home/karan_k/interbotix_ws/install/interbotix_xs_modules/lib/python3.10/site-packages:/home/karan_k/interbotix_ws/install/interbotix_xs_msgs/local/lib/python3.10/dist-packages:/home/karan_k/interbotix_ws/install/interbotix_common_modules/lib/python3.10/site-packages:${PYTHONPATH} /usr/bin/cmake --build /home/karan_k/interbotix_ws/build/interbotix_xsarm_descriptions -- -j16 -l16
[2.065s] Invoking command in '/home/karan_k/interbotix_ws/build/interbotix_xsarm_descriptions': AMENT_PREFIX_PATH=/home/karan_k/interbotix_ws/install/interbotix_xs_modules:/home/karan_k/interbotix_ws/install/interbotix_xs_sdk:/home/karan_k/interbotix_ws/install/interbotix_xs_driver:/home/karan_k/interbotix_ws/install/interbotix_xs_msgs:/home/karan_k/interbotix_ws/install/interbotix_common_modules:/home/karan_k/interbotix_ws/install/dynamixel_workbench_toolbox:${AMENT_PREFIX_PATH} CMAKE_PREFIX_PATH=/home/karan_k/interbotix_ws/install/interbotix_xs_sdk:/home/karan_k/interbotix_ws/install/interbotix_xs_driver:/home/karan_k/interbotix_ws/install/interbotix_xs_msgs:/home/karan_k/interbotix_ws/install/dynamixel_workbench_toolbox:/home/karan_k/apriltag_ws/install/apriltag_ros:/home/karan_k/Geomagic_Touch_ROS2/install/omni_common:/home/karan_k/Geomagic_Touch_ROS2/install/omni_broadcaster:/home/karan_k/Geomagic_Touch_ROS2/install/omni_msgs:/home/karan_k/Geomagic_Touch_ROS2/install/omni_description:/home/karan_k/ardu_ws/install/test_ros_gz_bridge:/home/karan_k/ardu_ws/install/ros_ign:/home/karan_k/ardu_ws/install/ros_ign_gazebo_demos:/home/karan_k/ardu_ws/install/ros_gz:/home/karan_k/ardu_ws/install/ros_gz_sim_demos:/home/karan_k/ardu_ws/install/ardupilot_gz_bringup:/home/karan_k/ardu_ws/install/sdformat_urdf:/home/karan_k/ardu_ws/install/sdformat_test_files:/home/karan_k/ardu_ws/install/ros_ign_interfaces:/home/karan_k/ardu_ws/install/ros_ign_image:/home/karan_k/ardu_ws/install/ros_ign_gazebo:/home/karan_k/ardu_ws/install/ros_ign_bridge:/home/karan_k/ardu_ws/install/ros_gz_sim:/home/karan_k/ardu_ws/install/ros_gz_image:/home/karan_k/ardu_ws/install/ros_gz_bridge:/home/karan_k/ardu_ws/install/ros_gz_interfaces:/home/karan_k/ardu_ws/install/ardupilot_sitl:/home/karan_k/ardu_ws/install/micro_ros_agent:/home/karan_k/ardu_ws/install/ardupilot_sitl_models:/home/karan_k/ardu_ws/install/ardupilot_msgs:/home/karan_k/ardu_ws/install/ardupilot_gz_gazebo:/home/karan_k/ardu_ws/install/ardupilot_gz_description:/home/karan_k/ardu_ws/install/ardupilot_gz_application:/home/karan_k/ardu_ws/install/ardupilot_gazebo:/home/karan_k/ardu_ws/install/ardupilot_dds_tests:/opt/ros/humble LD_LIBRARY_PATH=/home/karan_k/interbotix_ws/install/interbotix_xs_driver/lib:/home/karan_k/interbotix_ws/install/interbotix_xs_msgs/lib:/home/karan_k/interbotix_ws/install/dynamixel_workbench_toolbox/lib:/home/karan_k/apriltag_ws/install/apriltag_ros/lib:/home/karan_k/Geomagic_Touch_ROS2/install/omni_msgs/lib:/home/karan_k/ardu_ws/install/sdformat_urdf/lib:/home/karan_k/ardu_ws/install/ros_ign_interfaces/lib:/home/karan_k/ardu_ws/install/ros_gz_sim/lib:/home/karan_k/ardu_ws/install/ros_gz_bridge/lib:/home/karan_k/ardu_ws/install/ros_gz_interfaces/lib:/home/karan_k/ardu_ws/install/micro_ros_agent/lib:/home/karan_k/ardu_ws/install/ardupilot_msgs/lib:/usr/lib/x86_64-linux-gnu/gazebo-11/plugins:/opt/ros/humble/opt/rviz_ogre_vendor/lib:/opt/ros/humble/lib/x86_64-linux-gnu:/opt/ros/humble/lib:/usr/lib/x86_64-linux-gnu/gazebo-11/plugins:/usr/lib/x86_64-linux-gnu/gazebo-11/plugins:/usr/lib/x86_64-linux-gnu/gazebo-11/plugins:/usr/share/gazebo-11/../../lib/x86_64-linux-gnu/gazebo-11/plugins:/usr/lib/x86_64-linux-gnu/gazebo-11/plugins:/usr/lib/x86_64-linux-gnu/gazebo-11/plugins PYTHONPATH=/home/karan_k/interbotix_ws/install/interbotix_xs_modules/lib/python3.10/site-packages:/home/karan_k/interbotix_ws/install/interbotix_xs_msgs/local/lib/python3.10/dist-packages:/home/karan_k/interbotix_ws/install/interbotix_common_modules/lib/python3.10/site-packages:${PYTHONPATH} /usr/bin/cmake --install /home/karan_k/interbotix_ws/build/interbotix_xsarm_descriptions
[2.074s] -- Install configuration: ""
[2.074s] -- Installing: /home/karan_k/interbotix_ws/install/interbotix_xsarm_descriptions/share/interbotix_xsarm_descriptions//urdf
[2.074s] -- Installing: /home/karan_k/interbotix_ws/install/interbotix_xsarm_descriptions/share/interbotix_xsarm_descriptions//urdf/ar_tag.urdf.xacro
[2.074s] -- Installing: /home/karan_k/interbotix_ws/install/interbotix_xsarm_descriptions/share/interbotix_xsarm_descriptions//urdf/aloha_vx300s.urdf.xacro
[2.075s] -- Installing: /home/karan_k/interbotix_ws/install/interbotix_xsarm_descriptions/share/interbotix_xsarm_descriptions//urdf/wx200.urdf.xacro
[2.075s] -- Installing: /home/karan_k/interbotix_ws/install/interbotix_xsarm_descriptions/share/interbotix_xsarm_descriptions//urdf/wx250s.urdf.xacro
[2.075s] -- Installing: /home/karan_k/interbotix_ws/install/interbotix_xsarm_descriptions/share/interbotix_xsarm_descriptions//urdf/aloha_wx250s.urdf.xacro
[2.075s] -- Installing: /home/karan_k/interbotix_ws/install/interbotix_xsarm_descriptions/share/interbotix_xsarm_descriptions//urdf/wx250.urdf.xacro
[2.075s] -- Installing: /home/karan_k/interbotix_ws/install/interbotix_xsarm_descriptions/share/interbotix_xsarm_descriptions//urdf/control.urdf.xacro
[2.075s] -- Installing: /home/karan_k/interbotix_ws/install/interbotix_xsarm_descriptions/share/interbotix_xsarm_descriptions//urdf/px150.urdf.xacro
[2.076s] -- Installing: /home/karan_k/interbotix_ws/install/interbotix_xsarm_descriptions/share/interbotix_xsarm_descriptions//urdf/rx200.urdf.xacro
[2.076s] -- Installing: /home/karan_k/interbotix_ws/install/interbotix_xsarm_descriptions/share/interbotix_xsarm_descriptions//urdf/vx300.urdf.xacro
[2.076s] -- Installing: /home/karan_k/interbotix_ws/install/interbotix_xsarm_descriptions/share/interbotix_xsarm_descriptions//urdf/mobile_wx250s.urdf.xacro
[2.076s] -- Installing: /home/karan_k/interbotix_ws/install/interbotix_xsarm_descriptions/share/interbotix_xsarm_descriptions//urdf/px100.urdf.xacro
[2.076s] -- Installing: /home/karan_k/interbotix_ws/install/interbotix_xsarm_descriptions/share/interbotix_xsarm_descriptions//urdf/gazebo_configs.urdf.xacro
[2.076s] -- Installing: /home/karan_k/interbotix_ws/install/interbotix_xsarm_descriptions/share/interbotix_xsarm_descriptions//urdf/mobile_px100.urdf.xacro
[2.076s] -- Installing: /home/karan_k/interbotix_ws/install/interbotix_xsarm_descriptions/share/interbotix_xsarm_descriptions//urdf/vx300s.urdf.xacro
[2.077s] -- Installing: /home/karan_k/interbotix_ws/install/interbotix_xsarm_descriptions/share/interbotix_xsarm_descriptions//urdf/rx150.urdf.xacro
[2.077s] -- Installing: /home/karan_k/interbotix_ws/install/interbotix_xsarm_descriptions/share/interbotix_xsarm_descriptions//urdf/vx250.urdf.xacro
[2.077s] -- Installing: /home/karan_k/interbotix_ws/install/interbotix_xsarm_descriptions/share/interbotix_xsarm_descriptions//urdf/mobile_wx200.urdf.xacro
[2.077s] -- Installing: /home/karan_k/interbotix_ws/install/interbotix_xsarm_descriptions/share/interbotix_xsarm_descriptions//launch
[2.077s] -- Installing: /home/karan_k/interbotix_ws/install/interbotix_xsarm_descriptions/share/interbotix_xsarm_descriptions//launch/xsarm_description.launch.py
[2.077s] -- Installing: /home/karan_k/interbotix_ws/install/interbotix_xsarm_descriptions/share/interbotix_xsarm_descriptions//launch/remote_view.launch.py
[2.077s] -- Installing: /home/karan_k/interbotix_ws/install/interbotix_xsarm_descriptions/share/interbotix_xsarm_descriptions//meshes
[2.078s] -- Installing: /home/karan_k/interbotix_ws/install/interbotix_xsarm_descriptions/share/interbotix_xsarm_descriptions//meshes/aloha_vx300s_meshes
[2.078s] -- Installing: /home/karan_k/interbotix_ws/install/interbotix_xsarm_descriptions/share/interbotix_xsarm_descriptions//meshes/aloha_vx300s_meshes/base.stl
[2.078s] -- Installing: /home/karan_k/interbotix_ws/install/interbotix_xsarm_descriptions/share/interbotix_xsarm_descriptions//meshes/aloha_vx300s_meshes/gripper_finger.stl
[2.078s] -- Installing: /home/karan_k/interbotix_ws/install/interbotix_xsarm_descriptions/share/interbotix_xsarm_descriptions//meshes/aloha_vx300s_meshes/shoulder.stl
[2.078s] -- Installing: /home/karan_k/interbotix_ws/install/interbotix_xsarm_descriptions/share/interbotix_xsarm_descriptions//meshes/aloha_vx300s_meshes/lower_forearm.stl
[2.078s] -- Installing: /home/karan_k/interbotix_ws/install/interbotix_xsarm_descriptions/share/interbotix_xsarm_descriptions//meshes/aloha_vx300s_meshes/wrist.stl
[2.079s] -- Installing: /home/karan_k/interbotix_ws/install/interbotix_xsarm_descriptions/share/interbotix_xsarm_descriptions//meshes/aloha_vx300s_meshes/upper_arm.stl
[2.079s] -- Installing: /home/karan_k/interbotix_ws/install/interbotix_xsarm_descriptions/share/interbotix_xsarm_descriptions//meshes/aloha_vx300s_meshes/gripper_bar.stl
[2.079s] -- Installing: /home/karan_k/interbotix_ws/install/interbotix_xsarm_descriptions/share/interbotix_xsarm_descriptions//meshes/aloha_vx300s_meshes/gripper.stl
[2.080s] -- Installing: /home/karan_k/interbotix_ws/install/interbotix_xsarm_descriptions/share/interbotix_xsarm_descriptions//meshes/aloha_vx300s_meshes/upper_forearm.stl
[2.080s] -- Installing: /home/karan_k/interbotix_ws/install/interbotix_xsarm_descriptions/share/interbotix_xsarm_descriptions//meshes/aloha_vx300s_meshes/gripper_prop.stl
[2.081s] -- Installing: /home/karan_k/interbotix_ws/install/interbotix_xsarm_descriptions/share/interbotix_xsarm_descriptions//meshes/mobile_wx200_meshes
[2.081s] -- Installing: /home/karan_k/interbotix_ws/install/interbotix_xsarm_descriptions/share/interbotix_xsarm_descriptions//meshes/mobile_wx200_meshes/base.stl
[2.082s] -- Installing: /home/karan_k/interbotix_ws/install/interbotix_xsarm_descriptions/share/interbotix_xsarm_descriptions//meshes/mobile_wx200_meshes/gripper_finger.stl
[2.082s] -- Installing: /home/karan_k/interbotix_ws/install/interbotix_xsarm_descriptions/share/interbotix_xsarm_descriptions//meshes/mobile_wx200_meshes/shoulder.stl
[2.082s] -- Installing: /home/karan_k/interbotix_ws/install/interbotix_xsarm_descriptions/share/interbotix_xsarm_descriptions//meshes/mobile_wx200_meshes/forearm.stl
[2.082s] -- Installing: /home/karan_k/interbotix_ws/install/interbotix_xsarm_descriptions/share/interbotix_xsarm_descriptions//meshes/mobile_wx200_meshes/wrist.stl
[2.082s] -- Installing: /home/karan_k/interbotix_ws/install/interbotix_xsarm_descriptions/share/interbotix_xsarm_descriptions//meshes/mobile_wx200_meshes/upper_arm.stl
[2.082s] -- Installing: /home/karan_k/interbotix_ws/install/interbotix_xsarm_descriptions/share/interbotix_xsarm_descriptions//meshes/mobile_wx200_meshes/gripper_bar.stl
[2.083s] -- Installing: /home/karan_k/interbotix_ws/install/interbotix_xsarm_descriptions/share/interbotix_xsarm_descriptions//meshes/mobile_wx200_meshes/gripper.stl
[2.083s] -- Installing: /home/karan_k/interbotix_ws/install/interbotix_xsarm_descriptions/share/interbotix_xsarm_descriptions//meshes/mobile_wx200_meshes/gripper_prop.stl
[2.083s] -- Installing: /home/karan_k/interbotix_ws/install/interbotix_xsarm_descriptions/share/interbotix_xsarm_descriptions//meshes/wx250_meshes
[2.083s] -- Installing: /home/karan_k/interbotix_ws/install/interbotix_xsarm_descriptions/share/interbotix_xsarm_descriptions//meshes/wx250_meshes/base.stl
[2.083s] -- Installing: /home/karan_k/interbotix_ws/install/interbotix_xsarm_descriptions/share/interbotix_xsarm_descriptions//meshes/wx250_meshes/gripper_finger.stl
[2.083s] -- Installing: /home/karan_k/interbotix_ws/install/interbotix_xsarm_descriptions/share/interbotix_xsarm_descriptions//meshes/wx250_meshes/shoulder.stl
[2.083s] -- Installing: /home/karan_k/interbotix_ws/install/interbotix_xsarm_descriptions/share/interbotix_xsarm_descriptions//meshes/wx250_meshes/forearm.stl
[2.083s] -- Installing: /home/karan_k/interbotix_ws/install/interbotix_xsarm_descriptions/share/interbotix_xsarm_descriptions//meshes/wx250_meshes/wrist.stl
[2.084s] -- Installing: /home/karan_k/interbotix_ws/install/interbotix_xsarm_descriptions/share/interbotix_xsarm_descriptions//meshes/wx250_meshes/upper_arm.stl
[2.084s] -- Installing: /home/karan_k/interbotix_ws/install/interbotix_xsarm_descriptions/share/interbotix_xsarm_descriptions//meshes/wx250_meshes/gripper_bar.stl
[2.084s] -- Installing: /home/karan_k/interbotix_ws/install/interbotix_xsarm_descriptions/share/interbotix_xsarm_descriptions//meshes/wx250_meshes/gripper.stl
[2.084s] -- Installing: /home/karan_k/interbotix_ws/install/interbotix_xsarm_descriptions/share/interbotix_xsarm_descriptions//meshes/wx250_meshes/gripper_prop.stl
[2.084s] -- Installing: /home/karan_k/interbotix_ws/install/interbotix_xsarm_descriptions/share/interbotix_xsarm_descriptions//meshes/wx250s_meshes
[2.084s] -- Installing: /home/karan_k/interbotix_ws/install/interbotix_xsarm_descriptions/share/interbotix_xsarm_descriptions//meshes/wx250s_meshes/base.stl
[2.084s] -- Installing: /home/karan_k/interbotix_ws/install/interbotix_xsarm_descriptions/share/interbotix_xsarm_descriptions//meshes/wx250s_meshes/gripper_finger.stl
[2.085s] -- Installing: /home/karan_k/interbotix_ws/install/interbotix_xsarm_descriptions/share/interbotix_xsarm_descriptions//meshes/wx250s_meshes/shoulder.stl
[2.085s] -- Installing: /home/karan_k/interbotix_ws/install/interbotix_xsarm_descriptions/share/interbotix_xsarm_descriptions//meshes/wx250s_meshes/lower_forearm.stl
[2.085s] -- Installing: /home/karan_k/interbotix_ws/install/interbotix_xsarm_descriptions/share/interbotix_xsarm_descriptions//meshes/wx250s_meshes/wrist.stl
[2.085s] -- Installing: /home/karan_k/interbotix_ws/install/interbotix_xsarm_descriptions/share/interbotix_xsarm_descriptions//meshes/wx250s_meshes/upper_arm.stl
[2.085s] -- Installing: /home/karan_k/interbotix_ws/install/interbotix_xsarm_descriptions/share/interbotix_xsarm_descriptions//meshes/wx250s_meshes/gripper_bar.stl
[2.085s] -- Installing: /home/karan_k/interbotix_ws/install/interbotix_xsarm_descriptions/share/interbotix_xsarm_descriptions//meshes/wx250s_meshes/gripper.stl
[2.086s] -- Installing: /home/karan_k/interbotix_ws/install/interbotix_xsarm_descriptions/share/interbotix_xsarm_descriptions//meshes/wx250s_meshes/upper_forearm.stl
[2.086s] -- Installing: /home/karan_k/interbotix_ws/install/interbotix_xsarm_descriptions/share/interbotix_xsarm_descriptions//meshes/wx250s_meshes/gripper_prop.stl
[2.086s] -- Installing: /home/karan_k/interbotix_ws/install/interbotix_xsarm_descriptions/share/interbotix_xsarm_descriptions//meshes/rx150_meshes
[2.086s] -- Installing: /home/karan_k/interbotix_ws/install/interbotix_xsarm_descriptions/share/interbotix_xsarm_descriptions//meshes/rx150_meshes/base.stl
[2.086s] -- Installing: /home/karan_k/interbotix_ws/install/interbotix_xsarm_descriptions/share/interbotix_xsarm_descriptions//meshes/rx150_meshes/gripper_finger.stl
[2.086s] -- Installing: /home/karan_k/interbotix_ws/install/interbotix_xsarm_descriptions/share/interbotix_xsarm_descriptions//meshes/rx150_meshes/shoulder.stl
[2.087s] -- Installing: /home/karan_k/interbotix_ws/install/interbotix_xsarm_descriptions/share/interbotix_xsarm_descriptions//meshes/rx150_meshes/forearm.stl
[2.087s] -- Installing: /home/karan_k/interbotix_ws/install/interbotix_xsarm_descriptions/share/interbotix_xsarm_descriptions//meshes/rx150_meshes/wrist.stl
[2.087s] -- Installing: /home/karan_k/interbotix_ws/install/interbotix_xsarm_descriptions/share/interbotix_xsarm_descriptions//meshes/rx150_meshes/upper_arm.stl
[2.087s] -- Installing: /home/karan_k/interbotix_ws/install/interbotix_xsarm_descriptions/share/interbotix_xsarm_descriptions//meshes/rx150_meshes/gripper_bar.stl
[2.087s] -- Installing: /home/karan_k/interbotix_ws/install/interbotix_xsarm_descriptions/share/interbotix_xsarm_descriptions//meshes/rx150_meshes/gripper.stl
[2.087s] -- Installing: /home/karan_k/interbotix_ws/install/interbotix_xsarm_descriptions/share/interbotix_xsarm_descriptions//meshes/rx150_meshes/gripper_prop.stl
[2.087s] -- Installing: /home/karan_k/interbotix_ws/install/interbotix_xsarm_descriptions/share/interbotix_xsarm_descriptions//meshes/px150_meshes
[2.088s] -- Installing: /home/karan_k/interbotix_ws/install/interbotix_xsarm_descriptions/share/interbotix_xsarm_descriptions//meshes/px150_meshes/base.stl
[2.088s] -- Installing: /home/karan_k/interbotix_ws/install/interbotix_xsarm_descriptions/share/interbotix_xsarm_descriptions//meshes/px150_meshes/gripper_finger.stl
[2.088s] -- Installing: /home/karan_k/interbotix_ws/install/interbotix_xsarm_descriptions/share/interbotix_xsarm_descriptions//meshes/px150_meshes/shoulder.stl
[2.088s] -- Installing: /home/karan_k/interbotix_ws/install/interbotix_xsarm_descriptions/share/interbotix_xsarm_descriptions//meshes/px150_meshes/forearm.stl
[2.088s] -- Installing: /home/karan_k/interbotix_ws/install/interbotix_xsarm_descriptions/share/interbotix_xsarm_descriptions//meshes/px150_meshes/wrist.stl
[2.088s] -- Installing: /home/karan_k/interbotix_ws/install/interbotix_xsarm_descriptions/share/interbotix_xsarm_descriptions//meshes/px150_meshes/upper_arm.stl
[2.089s] -- Installing: /home/karan_k/interbotix_ws/install/interbotix_xsarm_descriptions/share/interbotix_xsarm_descriptions//meshes/px150_meshes/gripper_bar.stl
[2.089s] -- Installing: /home/karan_k/interbotix_ws/install/interbotix_xsarm_descriptions/share/interbotix_xsarm_descriptions//meshes/px150_meshes/gripper.stl
[2.089s] -- Installing: /home/karan_k/interbotix_ws/install/interbotix_xsarm_descriptions/share/interbotix_xsarm_descriptions//meshes/px150_meshes/gripper_prop.stl
[2.089s] -- Installing: /home/karan_k/interbotix_ws/install/interbotix_xsarm_descriptions/share/interbotix_xsarm_descriptions//meshes/vx300s_meshes
[2.089s] -- Installing: /home/karan_k/interbotix_ws/install/interbotix_xsarm_descriptions/share/interbotix_xsarm_descriptions//meshes/vx300s_meshes/base.stl
[2.089s] -- Installing: /home/karan_k/interbotix_ws/install/interbotix_xsarm_descriptions/share/interbotix_xsarm_descriptions//meshes/vx300s_meshes/gripper_finger.stl
[2.090s] -- Installing: /home/karan_k/interbotix_ws/install/interbotix_xsarm_descriptions/share/interbotix_xsarm_descriptions//meshes/vx300s_meshes/shoulder.stl
[2.090s] -- Installing: /home/karan_k/interbotix_ws/install/interbotix_xsarm_descriptions/share/interbotix_xsarm_descriptions//meshes/vx300s_meshes/lower_forearm.stl
[2.090s] -- Installing: /home/karan_k/interbotix_ws/install/interbotix_xsarm_descriptions/share/interbotix_xsarm_descriptions//meshes/vx300s_meshes/wrist.stl
[2.090s] -- Installing: /home/karan_k/interbotix_ws/install/interbotix_xsarm_descriptions/share/interbotix_xsarm_descriptions//meshes/vx300s_meshes/upper_arm.stl
[2.090s] -- Installing: /home/karan_k/interbotix_ws/install/interbotix_xsarm_descriptions/share/interbotix_xsarm_descriptions//meshes/vx300s_meshes/gripper_bar.stl
[2.091s] -- Installing: /home/karan_k/interbotix_ws/install/interbotix_xsarm_descriptions/share/interbotix_xsarm_descriptions//meshes/vx300s_meshes/gripper.stl
[2.091s] -- Installing: /home/karan_k/interbotix_ws/install/interbotix_xsarm_descriptions/share/interbotix_xsarm_descriptions//meshes/vx300s_meshes/upper_forearm.stl
[2.092s] -- Installing: /home/karan_k/interbotix_ws/install/interbotix_xsarm_descriptions/share/interbotix_xsarm_descriptions//meshes/vx300s_meshes/gripper_prop.stl
[2.092s] -- Installing: /home/karan_k/interbotix_ws/install/interbotix_xsarm_descriptions/share/interbotix_xsarm_descriptions//meshes/mobile_px100_meshes
[2.092s] -- Installing: /home/karan_k/interbotix_ws/install/interbotix_xsarm_descriptions/share/interbotix_xsarm_descriptions//meshes/mobile_px100_meshes/base.stl
[2.092s] -- Installing: /home/karan_k/interbotix_ws/install/interbotix_xsarm_descriptions/share/interbotix_xsarm_descriptions//meshes/mobile_px100_meshes/gripper_finger.stl
[2.093s] -- Installing: /home/karan_k/interbotix_ws/install/interbotix_xsarm_descriptions/share/interbotix_xsarm_descriptions//meshes/mobile_px100_meshes/shoulder.stl
[2.093s] -- Installing: /home/karan_k/interbotix_ws/install/interbotix_xsarm_descriptions/share/interbotix_xsarm_descriptions//meshes/mobile_px100_meshes/forearm.stl
[2.093s] -- Installing: /home/karan_k/interbotix_ws/install/interbotix_xsarm_descriptions/share/interbotix_xsarm_descriptions//meshes/mobile_px100_meshes/upper_arm.stl
[2.093s] -- Installing: /home/karan_k/interbotix_ws/install/interbotix_xsarm_descriptions/share/interbotix_xsarm_descriptions//meshes/mobile_px100_meshes/gripper_bar.stl
[2.093s] -- Installing: /home/karan_k/interbotix_ws/install/interbotix_xsarm_descriptions/share/interbotix_xsarm_descriptions//meshes/mobile_px100_meshes/gripper.stl
[2.093s] -- Installing: /home/karan_k/interbotix_ws/install/interbotix_xsarm_descriptions/share/interbotix_xsarm_descriptions//meshes/mobile_px100_meshes/gripper_prop.stl
[2.093s] -- Installing: /home/karan_k/interbotix_ws/install/interbotix_xsarm_descriptions/share/interbotix_xsarm_descriptions//meshes/aloha_wx250s_meshes
[2.094s] -- Installing: /home/karan_k/interbotix_ws/install/interbotix_xsarm_descriptions/share/interbotix_xsarm_descriptions//meshes/aloha_wx250s_meshes/base.stl
[2.094s] -- Installing: /home/karan_k/interbotix_ws/install/interbotix_xsarm_descriptions/share/interbotix_xsarm_descriptions//meshes/aloha_wx250s_meshes/gripper_finger.stl
[2.094s] -- Installing: /home/karan_k/interbotix_ws/install/interbotix_xsarm_descriptions/share/interbotix_xsarm_descriptions//meshes/aloha_wx250s_meshes/shoulder.stl
[2.094s] -- Installing: /home/karan_k/interbotix_ws/install/interbotix_xsarm_descriptions/share/interbotix_xsarm_descriptions//meshes/aloha_wx250s_meshes/lower_forearm.stl
[2.094s] -- Installing: /home/karan_k/interbotix_ws/install/interbotix_xsarm_descriptions/share/interbotix_xsarm_descriptions//meshes/aloha_wx250s_meshes/wrist.stl
[2.094s] -- Installing: /home/karan_k/interbotix_ws/install/interbotix_xsarm_descriptions/share/interbotix_xsarm_descriptions//meshes/aloha_wx250s_meshes/upper_arm.stl
[2.095s] -- Installing: /home/karan_k/interbotix_ws/install/interbotix_xsarm_descriptions/share/interbotix_xsarm_descriptions//meshes/aloha_wx250s_meshes/gripper_bar.stl
[2.095s] -- Installing: /home/karan_k/interbotix_ws/install/interbotix_xsarm_descriptions/share/interbotix_xsarm_descriptions//meshes/aloha_wx250s_meshes/gripper.stl
[2.095s] -- Installing: /home/karan_k/interbotix_ws/install/interbotix_xsarm_descriptions/share/interbotix_xsarm_descriptions//meshes/aloha_wx250s_meshes/upper_forearm.stl
[2.095s] -- Installing: /home/karan_k/interbotix_ws/install/interbotix_xsarm_descriptions/share/interbotix_xsarm_descriptions//meshes/aloha_wx250s_meshes/gripper_prop.stl
[2.095s] -- Installing: /home/karan_k/interbotix_ws/install/interbotix_xsarm_descriptions/share/interbotix_xsarm_descriptions//meshes/ar_tag.stl
[2.095s] -- Installing: /home/karan_k/interbotix_ws/install/interbotix_xsarm_descriptions/share/interbotix_xsarm_descriptions//meshes/interbotix_black.png
[2.095s] -- Installing: /home/karan_k/interbotix_ws/install/interbotix_xsarm_descriptions/share/interbotix_xsarm_descriptions//meshes/wx200_meshes
[2.095s] -- Installing: /home/karan_k/interbotix_ws/install/interbotix_xsarm_descriptions/share/interbotix_xsarm_descriptions//meshes/wx200_meshes/base.stl
[2.096s] -- Installing: /home/karan_k/interbotix_ws/install/interbotix_xsarm_descriptions/share/interbotix_xsarm_descriptions//meshes/wx200_meshes/gripper_finger.stl
[2.096s] -- Installing: /home/karan_k/interbotix_ws/install/interbotix_xsarm_descriptions/share/interbotix_xsarm_descriptions//meshes/wx200_meshes/shoulder.stl
[2.096s] -- Installing: /home/karan_k/interbotix_ws/install/interbotix_xsarm_descriptions/share/interbotix_xsarm_descriptions//meshes/wx200_meshes/forearm.stl
[2.096s] -- Installing: /home/karan_k/interbotix_ws/install/interbotix_xsarm_descriptions/share/interbotix_xsarm_descriptions//meshes/wx200_meshes/wrist.stl
[2.096s] -- Installing: /home/karan_k/interbotix_ws/install/interbotix_xsarm_descriptions/share/interbotix_xsarm_descriptions//meshes/wx200_meshes/upper_arm.stl
[2.096s] -- Installing: /home/karan_k/interbotix_ws/install/interbotix_xsarm_descriptions/share/interbotix_xsarm_descriptions//meshes/wx200_meshes/gripper_bar.stl
[2.097s] -- Installing: /home/karan_k/interbotix_ws/install/interbotix_xsarm_descriptions/share/interbotix_xsarm_descriptions//meshes/wx200_meshes/gripper.stl
[2.097s] -- Installing: /home/karan_k/interbotix_ws/install/interbotix_xsarm_descriptions/share/interbotix_xsarm_descriptions//meshes/wx200_meshes/gripper_prop.stl
[2.097s] -- Installing: /home/karan_k/interbotix_ws/install/interbotix_xsarm_descriptions/share/interbotix_xsarm_descriptions//meshes/vx250_meshes
[2.097s] -- Installing: /home/karan_k/interbotix_ws/install/interbotix_xsarm_descriptions/share/interbotix_xsarm_descriptions//meshes/vx250_meshes/base.stl
[2.097s] -- Installing: /home/karan_k/interbotix_ws/install/interbotix_xsarm_descriptions/share/interbotix_xsarm_descriptions//meshes/vx250_meshes/gripper_finger.stl
[2.097s] -- Installing: /home/karan_k/interbotix_ws/install/interbotix_xsarm_descriptions/share/interbotix_xsarm_descriptions//meshes/vx250_meshes/shoulder.stl
[2.098s] -- Installing: /home/karan_k/interbotix_ws/install/interbotix_xsarm_descriptions/share/interbotix_xsarm_descriptions//meshes/vx250_meshes/forearm.stl
[2.098s] -- Installing: /home/karan_k/interbotix_ws/install/interbotix_xsarm_descriptions/share/interbotix_xsarm_descriptions//meshes/vx250_meshes/wrist.stl
[2.098s] -- Installing: /home/karan_k/interbotix_ws/install/interbotix_xsarm_descriptions/share/interbotix_xsarm_descriptions//meshes/vx250_meshes/upper_arm.stl
[2.098s] -- Installing: /home/karan_k/interbotix_ws/install/interbotix_xsarm_descriptions/share/interbotix_xsarm_descriptions//meshes/vx250_meshes/gripper_bar.stl
[2.098s] -- Installing: /home/karan_k/interbotix_ws/install/interbotix_xsarm_descriptions/share/interbotix_xsarm_descriptions//meshes/vx250_meshes/gripper.stl
[2.098s] -- Installing: /home/karan_k/interbotix_ws/install/interbotix_xsarm_descriptions/share/interbotix_xsarm_descriptions//meshes/vx250_meshes/gripper_prop.stl
[2.098s] -- Installing: /home/karan_k/interbotix_ws/install/interbotix_xsarm_descriptions/share/interbotix_xsarm_descriptions//meshes/mobile_wx250s_meshes
[2.099s] -- Installing: /home/karan_k/interbotix_ws/install/interbotix_xsarm_descriptions/share/interbotix_xsarm_descriptions//meshes/mobile_wx250s_meshes/base.stl
[2.099s] -- Installing: /home/karan_k/interbotix_ws/install/interbotix_xsarm_descriptions/share/interbotix_xsarm_descriptions//meshes/mobile_wx250s_meshes/gripper_finger.stl
[2.100s] -- Installing: /home/karan_k/interbotix_ws/install/interbotix_xsarm_descriptions/share/interbotix_xsarm_descriptions//meshes/mobile_wx250s_meshes/shoulder.stl
[2.100s] -- Installing: /home/karan_k/interbotix_ws/install/interbotix_xsarm_descriptions/share/interbotix_xsarm_descriptions//meshes/mobile_wx250s_meshes/lower_forearm.stl
[2.100s] -- Installing: /home/karan_k/interbotix_ws/install/interbotix_xsarm_descriptions/share/interbotix_xsarm_descriptions//meshes/mobile_wx250s_meshes/wrist.stl
[2.100s] -- Installing: /home/karan_k/interbotix_ws/install/interbotix_xsarm_descriptions/share/interbotix_xsarm_descriptions//meshes/mobile_wx250s_meshes/upper_arm.stl
[2.100s] -- Installing: /home/karan_k/interbotix_ws/install/interbotix_xsarm_descriptions/share/interbotix_xsarm_descriptions//meshes/mobile_wx250s_meshes/gripper_bar.stl
[2.101s] -- Installing: /home/karan_k/interbotix_ws/install/interbotix_xsarm_descriptions/share/interbotix_xsarm_descriptions//meshes/mobile_wx250s_meshes/gripper.stl
[2.101s] -- Installing: /home/karan_k/interbotix_ws/install/interbotix_xsarm_descriptions/share/interbotix_xsarm_descriptions//meshes/mobile_wx250s_meshes/upper_forearm.stl
[2.101s] -- Installing: /home/karan_k/interbotix_ws/install/interbotix_xsarm_descriptions/share/interbotix_xsarm_descriptions//meshes/mobile_wx250s_meshes/gripper_prop.stl
[2.101s] -- Installing: /home/karan_k/interbotix_ws/install/interbotix_xsarm_descriptions/share/interbotix_xsarm_descriptions//meshes/vx300_meshes
[2.101s] -- Installing: /home/karan_k/interbotix_ws/install/interbotix_xsarm_descriptions/share/interbotix_xsarm_descriptions//meshes/vx300_meshes/base.stl
[2.101s] -- Installing: /home/karan_k/interbotix_ws/install/interbotix_xsarm_descriptions/share/interbotix_xsarm_descriptions//meshes/vx300_meshes/gripper_finger.stl
[2.101s] -- Installing: /home/karan_k/interbotix_ws/install/interbotix_xsarm_descriptions/share/interbotix_xsarm_descriptions//meshes/vx300_meshes/shoulder.stl
[2.102s] -- Installing: /home/karan_k/interbotix_ws/install/interbotix_xsarm_descriptions/share/interbotix_xsarm_descriptions//meshes/vx300_meshes/forearm.stl
[2.102s] -- Installing: /home/karan_k/interbotix_ws/install/interbotix_xsarm_descriptions/share/interbotix_xsarm_descriptions//meshes/vx300_meshes/wrist.stl
[2.102s] -- Installing: /home/karan_k/interbotix_ws/install/interbotix_xsarm_descriptions/share/interbotix_xsarm_descriptions//meshes/vx300_meshes/upper_arm.stl
[2.102s] -- Installing: /home/karan_k/interbotix_ws/install/interbotix_xsarm_descriptions/share/interbotix_xsarm_descriptions//meshes/vx300_meshes/gripper_bar.stl
[2.103s] -- Installing: /home/karan_k/interbotix_ws/install/interbotix_xsarm_descriptions/share/interbotix_xsarm_descriptions//meshes/vx300_meshes/gripper.stl
[2.103s] -- Installing: /home/karan_k/interbotix_ws/install/interbotix_xsarm_descriptions/share/interbotix_xsarm_descriptions//meshes/vx300_meshes/gripper_prop.stl
[2.103s] -- Installing: /home/karan_k/interbotix_ws/install/interbotix_xsarm_descriptions/share/interbotix_xsarm_descriptions//meshes/px100_meshes
[2.103s] -- Installing: /home/karan_k/interbotix_ws/install/interbotix_xsarm_descriptions/share/interbotix_xsarm_descriptions//meshes/px100_meshes/base.stl
[2.104s] -- Installing: /home/karan_k/interbotix_ws/install/interbotix_xsarm_descriptions/share/interbotix_xsarm_descriptions//meshes/px100_meshes/gripper_finger.stl
[2.104s] -- Installing: /home/karan_k/interbotix_ws/install/interbotix_xsarm_descriptions/share/interbotix_xsarm_descriptions//meshes/px100_meshes/shoulder.stl
[2.104s] -- Installing: /home/karan_k/interbotix_ws/install/interbotix_xsarm_descriptions/share/interbotix_xsarm_descriptions//meshes/px100_meshes/forearm.stl
[2.104s] -- Installing: /home/karan_k/interbotix_ws/install/interbotix_xsarm_descriptions/share/interbotix_xsarm_descriptions//meshes/px100_meshes/upper_arm.stl
[2.104s] -- Installing: /home/karan_k/interbotix_ws/install/interbotix_xsarm_descriptions/share/interbotix_xsarm_descriptions//meshes/px100_meshes/gripper_bar.stl
[2.104s] -- Installing: /home/karan_k/interbotix_ws/install/interbotix_xsarm_descriptions/share/interbotix_xsarm_descriptions//meshes/px100_meshes/gripper.stl
[2.104s] -- Installing: /home/karan_k/interbotix_ws/install/interbotix_xsarm_descriptions/share/interbotix_xsarm_descriptions//meshes/px100_meshes/gripper_prop.stl
[2.105s] -- Installing: /home/karan_k/interbotix_ws/install/interbotix_xsarm_descriptions/share/interbotix_xsarm_descriptions//meshes/rx200_meshes
[2.105s] -- Installing: /home/karan_k/interbotix_ws/install/interbotix_xsarm_descriptions/share/interbotix_xsarm_descriptions//meshes/rx200_meshes/base.stl
[2.105s] -- Installing: /home/karan_k/interbotix_ws/install/interbotix_xsarm_descriptions/share/interbotix_xsarm_descriptions//meshes/rx200_meshes/gripper_finger.stl
[2.105s] -- Installing: /home/karan_k/interbotix_ws/install/interbotix_xsarm_descriptions/share/interbotix_xsarm_descriptions//meshes/rx200_meshes/shoulder.stl
[2.105s] -- Installing: /home/karan_k/interbotix_ws/install/interbotix_xsarm_descriptions/share/interbotix_xsarm_descriptions//meshes/rx200_meshes/forearm.stl
[2.105s] -- Installing: /home/karan_k/interbotix_ws/install/interbotix_xsarm_descriptions/share/interbotix_xsarm_descriptions//meshes/rx200_meshes/wrist.stl
[2.106s] -- Installing: /home/karan_k/interbotix_ws/install/interbotix_xsarm_descriptions/share/interbotix_xsarm_descriptions//meshes/rx200_meshes/upper_arm.stl
[2.106s] -- Installing: /home/karan_k/interbotix_ws/install/interbotix_xsarm_descriptions/share/interbotix_xsarm_descriptions//meshes/rx200_meshes/gripper_bar.stl
[2.106s] -- Installing: /home/karan_k/interbotix_ws/install/interbotix_xsarm_descriptions/share/interbotix_xsarm_descriptions//meshes/rx200_meshes/gripper.stl
[2.106s] -- Installing: /home/karan_k/interbotix_ws/install/interbotix_xsarm_descriptions/share/interbotix_xsarm_descriptions//meshes/rx200_meshes/gripper_prop.stl
[2.106s] -- Installing: /home/karan_k/interbotix_ws/install/interbotix_xsarm_descriptions/share/interbotix_xsarm_descriptions//rviz
[2.106s] -- Installing: /home/karan_k/interbotix_ws/install/interbotix_xsarm_descriptions/share/interbotix_xsarm_descriptions//rviz/xsarm_description.rviz
[2.106s] -- Installing: /home/karan_k/interbotix_ws/install/interbotix_xsarm_descriptions/share/ament_index/resource_index/package_run_dependencies/interbotix_xsarm_descriptions
[2.107s] -- Installing: /home/karan_k/interbotix_ws/install/interbotix_xsarm_descriptions/share/ament_index/resource_index/parent_prefix_path/interbotix_xsarm_descriptions
[2.107s] -- Installing: /home/karan_k/interbotix_ws/install/interbotix_xsarm_descriptions/share/interbotix_xsarm_descriptions/environment/ament_prefix_path.sh
[2.107s] -- Installing: /home/karan_k/interbotix_ws/install/interbotix_xsarm_descriptions/share/interbotix_xsarm_descriptions/environment/ament_prefix_path.dsv
[2.107s] -- Installing: /home/karan_k/interbotix_ws/install/interbotix_xsarm_descriptions/share/interbotix_xsarm_descriptions/environment/path.sh
[2.107s] -- Installing: /home/karan_k/interbotix_ws/install/interbotix_xsarm_descriptions/share/interbotix_xsarm_descriptions/environment/path.dsv
[2.107s] -- Installing: /home/karan_k/interbotix_ws/install/interbotix_xsarm_descriptions/share/interbotix_xsarm_descriptions/local_setup.bash
[2.108s] -- Installing: /home/karan_k/interbotix_ws/install/interbotix_xsarm_descriptions/share/interbotix_xsarm_descriptions/local_setup.sh
[2.108s] -- Installing: /home/karan_k/interbotix_ws/install/interbotix_xsarm_descriptions/share/interbotix_xsarm_descriptions/local_setup.zsh
[2.108s] -- Installing: /home/karan_k/interbotix_ws/install/interbotix_xsarm_descriptions/share/interbotix_xsarm_descriptions/local_setup.dsv
[2.108s] -- Installing: /home/karan_k/interbotix_ws/install/interbotix_xsarm_descriptions/share/interbotix_xsarm_descriptions/package.dsv
[2.108s] -- Installing: /home/karan_k/interbotix_ws/install/interbotix_xsarm_descriptions/share/ament_index/resource_index/packages/interbotix_xsarm_descriptions
[2.108s] -- Installing: /home/karan_k/interbotix_ws/install/interbotix_xsarm_descriptions/share/interbotix_xsarm_descriptions/cmake/interbotix_xsarm_descriptionsConfig.cmake
[2.108s] -- Installing: /home/karan_k/interbotix_ws/install/interbotix_xsarm_descriptions/share/interbotix_xsarm_descriptions/cmake/interbotix_xsarm_descriptionsConfig-version.cmake
[2.109s] -- Installing: /home/karan_k/interbotix_ws/install/interbotix_xsarm_descriptions/share/interbotix_xsarm_descriptions/package.xml
[2.111s] Invoked command in '/home/karan_k/interbotix_ws/build/interbotix_xsarm_descriptions' returned '0': AMENT_PREFIX_PATH=/home/karan_k/interbotix_ws/install/interbotix_xs_modules:/home/karan_k/interbotix_ws/install/interbotix_xs_sdk:/home/karan_k/interbotix_ws/install/interbotix_xs_driver:/home/karan_k/interbotix_ws/install/interbotix_xs_msgs:/home/karan_k/interbotix_ws/install/interbotix_common_modules:/home/karan_k/interbotix_ws/install/dynamixel_workbench_toolbox:${AMENT_PREFIX_PATH} CMAKE_PREFIX_PATH=/home/karan_k/interbotix_ws/install/interbotix_xs_sdk:/home/karan_k/interbotix_ws/install/interbotix_xs_driver:/home/karan_k/interbotix_ws/install/interbotix_xs_msgs:/home/karan_k/interbotix_ws/install/dynamixel_workbench_toolbox:/home/karan_k/apriltag_ws/install/apriltag_ros:/home/karan_k/Geomagic_Touch_ROS2/install/omni_common:/home/karan_k/Geomagic_Touch_ROS2/install/omni_broadcaster:/home/karan_k/Geomagic_Touch_ROS2/install/omni_msgs:/home/karan_k/Geomagic_Touch_ROS2/install/omni_description:/home/karan_k/ardu_ws/install/test_ros_gz_bridge:/home/karan_k/ardu_ws/install/ros_ign:/home/karan_k/ardu_ws/install/ros_ign_gazebo_demos:/home/karan_k/ardu_ws/install/ros_gz:/home/karan_k/ardu_ws/install/ros_gz_sim_demos:/home/karan_k/ardu_ws/install/ardupilot_gz_bringup:/home/karan_k/ardu_ws/install/sdformat_urdf:/home/karan_k/ardu_ws/install/sdformat_test_files:/home/karan_k/ardu_ws/install/ros_ign_interfaces:/home/karan_k/ardu_ws/install/ros_ign_image:/home/karan_k/ardu_ws/install/ros_ign_gazebo:/home/karan_k/ardu_ws/install/ros_ign_bridge:/home/karan_k/ardu_ws/install/ros_gz_sim:/home/karan_k/ardu_ws/install/ros_gz_image:/home/karan_k/ardu_ws/install/ros_gz_bridge:/home/karan_k/ardu_ws/install/ros_gz_interfaces:/home/karan_k/ardu_ws/install/ardupilot_sitl:/home/karan_k/ardu_ws/install/micro_ros_agent:/home/karan_k/ardu_ws/install/ardupilot_sitl_models:/home/karan_k/ardu_ws/install/ardupilot_msgs:/home/karan_k/ardu_ws/install/ardupilot_gz_gazebo:/home/karan_k/ardu_ws/install/ardupilot_gz_description:/home/karan_k/ardu_ws/install/ardupilot_gz_application:/home/karan_k/ardu_ws/install/ardupilot_gazebo:/home/karan_k/ardu_ws/install/ardupilot_dds_tests:/opt/ros/humble LD_LIBRARY_PATH=/home/karan_k/interbotix_ws/install/interbotix_xs_driver/lib:/home/karan_k/interbotix_ws/install/interbotix_xs_msgs/lib:/home/karan_k/interbotix_ws/install/dynamixel_workbench_toolbox/lib:/home/karan_k/apriltag_ws/install/apriltag_ros/lib:/home/karan_k/Geomagic_Touch_ROS2/install/omni_msgs/lib:/home/karan_k/ardu_ws/install/sdformat_urdf/lib:/home/karan_k/ardu_ws/install/ros_ign_interfaces/lib:/home/karan_k/ardu_ws/install/ros_gz_sim/lib:/home/karan_k/ardu_ws/install/ros_gz_bridge/lib:/home/karan_k/ardu_ws/install/ros_gz_interfaces/lib:/home/karan_k/ardu_ws/install/micro_ros_agent/lib:/home/karan_k/ardu_ws/install/ardupilot_msgs/lib:/usr/lib/x86_64-linux-gnu/gazebo-11/plugins:/opt/ros/humble/opt/rviz_ogre_vendor/lib:/opt/ros/humble/lib/x86_64-linux-gnu:/opt/ros/humble/lib:/usr/lib/x86_64-linux-gnu/gazebo-11/plugins:/usr/lib/x86_64-linux-gnu/gazebo-11/plugins:/usr/lib/x86_64-linux-gnu/gazebo-11/plugins:/usr/share/gazebo-11/../../lib/x86_64-linux-gnu/gazebo-11/plugins:/usr/lib/x86_64-linux-gnu/gazebo-11/plugins:/usr/lib/x86_64-linux-gnu/gazebo-11/plugins PYTHONPATH=/home/karan_k/interbotix_ws/install/interbotix_xs_modules/lib/python3.10/site-packages:/home/karan_k/interbotix_ws/install/interbotix_xs_msgs/local/lib/python3.10/dist-packages:/home/karan_k/interbotix_ws/install/interbotix_common_modules/lib/python3.10/site-packages:${PYTHONPATH} /usr/bin/cmake --install /home/karan_k/interbotix_ws/build/interbotix_xsarm_descriptions
