[0.011s] Invoking command in '/home/karan_k/Geomagic_Touch_ROS2/build/omni_description': CMAKE_PREFIX_PATH=${CMAKE_PREFIX_PATH}:/home/karan_k/ardu_ws/install/ardupilot_dds_tests:/opt/ros/humble /usr/bin/cmake /home/karan_k/Geomagic_Touch_ROS2/src/omni_description -DCMAKE_INSTALL_PREFIX=/home/karan_k/Geomagic_Touch_ROS2/install/omni_description
[0.067s] -- The C compiler identification is GNU 11.4.0
[0.126s] -- The CXX compiler identification is GNU 11.4.0
[0.136s] -- Detecting C compiler ABI info
[0.198s] -- Detecting C compiler ABI info - done
[0.203s] -- Check for working C compiler: /usr/lib/ccache/cc - skipped
[0.203s] -- Detecting C compile features
[0.204s] -- Detecting C compile features - done
[0.206s] -- Detecting CXX compiler ABI info
[0.276s] -- Detecting CXX compiler ABI info - done
[0.281s] -- Check for working CXX compiler: /usr/lib/ccache/c++ - skipped
[0.282s] -- Detecting CXX compile features
[0.282s] -- Detecting CXX compile features - done
[0.287s] -- Found ament_cmake: 1.3.11 (/opt/ros/humble/share/ament_cmake/cmake)
[0.620s] -- Found Python3: /usr/bin/python3 (found version "3.10.12") found components: Interpreter 
[0.730s] -- Found ament_lint_auto: 0.12.12 (/opt/ros/humble/share/ament_lint_auto/cmake)
[0.816s] -- Added test 'copyright' to check source files copyright and LICENSE
[0.819s] -- Added test 'lint_cmake' to check CMake code style
[0.821s] -- Added test 'xmllint' to check XML markup files
[0.822s] -- Configuring done
[0.826s] -- Generating done
[0.827s] -- Build files have been written to: /home/karan_k/Geomagic_Touch_ROS2/build/omni_description
[0.834s] Invoked command in '/home/karan_k/Geomagic_Touch_ROS2/build/omni_description' returned '0': CMAKE_PREFIX_PATH=${CMAKE_PREFIX_PATH}:/home/karan_k/ardu_ws/install/ardupilot_dds_tests:/opt/ros/humble /usr/bin/cmake /home/karan_k/Geomagic_Touch_ROS2/src/omni_description -DCMAKE_INSTALL_PREFIX=/home/karan_k/Geomagic_Touch_ROS2/install/omni_description
[0.836s] Invoking command in '/home/karan_k/Geomagic_Touch_ROS2/build/omni_description': CMAKE_PREFIX_PATH=${CMAKE_PREFIX_PATH}:/home/karan_k/ardu_ws/install/ardupilot_dds_tests:/opt/ros/humble /usr/bin/cmake --build /home/karan_k/Geomagic_Touch_ROS2/build/omni_description -- -j16 -l16
[0.879s] Invoked command in '/home/karan_k/Geomagic_Touch_ROS2/build/omni_description' returned '0': CMAKE_PREFIX_PATH=${CMAKE_PREFIX_PATH}:/home/karan_k/ardu_ws/install/ardupilot_dds_tests:/opt/ros/humble /usr/bin/cmake --build /home/karan_k/Geomagic_Touch_ROS2/build/omni_description -- -j16 -l16
[0.890s] Invoking command in '/home/karan_k/Geomagic_Touch_ROS2/build/omni_description': CMAKE_PREFIX_PATH=${CMAKE_PREFIX_PATH}:/home/karan_k/ardu_ws/install/ardupilot_dds_tests:/opt/ros/humble /usr/bin/cmake --install /home/karan_k/Geomagic_Touch_ROS2/build/omni_description
[0.899s] -- Install configuration: ""
[0.899s] -- Installing: /home/karan_k/Geomagic_Touch_ROS2/install/omni_description/share/omni_description/meshes
[0.899s] -- Installing: /home/karan_k/Geomagic_Touch_ROS2/install/omni_description/share/omni_description/meshes/base.stl
[0.899s] -- Installing: /home/karan_k/Geomagic_Touch_ROS2/install/omni_description/share/omni_description/meshes/tip.stl
[0.900s] -- Installing: /home/karan_k/Geomagic_Touch_ROS2/install/omni_description/share/omni_description/meshes/wrist.stl
[0.900s] -- Installing: /home/karan_k/Geomagic_Touch_ROS2/install/omni_description/share/omni_description/meshes/upper_arm.stl
[0.901s] -- Installing: /home/karan_k/Geomagic_Touch_ROS2/install/omni_description/share/omni_description/meshes/lower_arm.stl
[0.901s] -- Installing: /home/karan_k/Geomagic_Touch_ROS2/install/omni_description/share/omni_description/meshes/torso.stl
[0.902s] -- Installing: /home/karan_k/Geomagic_Touch_ROS2/install/omni_description/share/omni_description/meshes/pen.stl
[0.902s] -- Installing: /home/karan_k/Geomagic_Touch_ROS2/install/omni_description/share/omni_description/resources
[0.902s] -- Installing: /home/karan_k/Geomagic_Touch_ROS2/install/omni_description/share/omni_description/resources/OmniRviz.png
[0.902s] -- Installing: /home/karan_k/Geomagic_Touch_ROS2/install/omni_description/share/omni_description/resources/omni.rviz
[0.902s] -- Installing: /home/karan_k/Geomagic_Touch_ROS2/install/omni_description/share/omni_description/urdf
[0.902s] -- Installing: /home/karan_k/Geomagic_Touch_ROS2/install/omni_description/share/omni_description/urdf/omni.urdf
[0.902s] -- Installing: /home/karan_k/Geomagic_Touch_ROS2/install/omni_description/share/omni_description/urdf/omni.robot.xml
[0.903s] -- Installing: /home/karan_k/Geomagic_Touch_ROS2/install/omni_description/share/omni_description/urdf/omni.dae
[0.911s] -- Installing: /home/karan_k/Geomagic_Touch_ROS2/install/omni_description/share/ament_index/resource_index/package_run_dependencies/omni_description
[0.912s] -- Installing: /home/karan_k/Geomagic_Touch_ROS2/install/omni_description/share/ament_index/resource_index/parent_prefix_path/omni_description
[0.912s] -- Installing: /home/karan_k/Geomagic_Touch_ROS2/install/omni_description/share/omni_description/environment/ament_prefix_path.sh
[0.912s] -- Installing: /home/karan_k/Geomagic_Touch_ROS2/install/omni_description/share/omni_description/environment/ament_prefix_path.dsv
[0.912s] -- Installing: /home/karan_k/Geomagic_Touch_ROS2/install/omni_description/share/omni_description/environment/path.sh
[0.912s] -- Installing: /home/karan_k/Geomagic_Touch_ROS2/install/omni_description/share/omni_description/environment/path.dsv
[0.912s] -- Installing: /home/karan_k/Geomagic_Touch_ROS2/install/omni_description/share/omni_description/local_setup.bash
[0.913s] -- Installing: /home/karan_k/Geomagic_Touch_ROS2/install/omni_description/share/omni_description/local_setup.sh
[0.913s] -- Installing: /home/karan_k/Geomagic_Touch_ROS2/install/omni_description/share/omni_description/local_setup.zsh
[0.913s] -- Installing: /home/karan_k/Geomagic_Touch_ROS2/install/omni_description/share/omni_description/local_setup.dsv
[0.913s] -- Installing: /home/karan_k/Geomagic_Touch_ROS2/install/omni_description/share/omni_description/package.dsv
[0.914s] -- Installing: /home/karan_k/Geomagic_Touch_ROS2/install/omni_description/share/ament_index/resource_index/packages/omni_description
[0.914s] -- Installing: /home/karan_k/Geomagic_Touch_ROS2/install/omni_description/share/omni_description/cmake/omni_descriptionConfig.cmake
[0.914s] -- Installing: /home/karan_k/Geomagic_Touch_ROS2/install/omni_description/share/omni_description/cmake/omni_descriptionConfig-version.cmake
[0.914s] -- Installing: /home/karan_k/Geomagic_Touch_ROS2/install/omni_description/share/omni_description/package.xml
[0.918s] Invoked command in '/home/karan_k/Geomagic_Touch_ROS2/build/omni_description' returned '0': CMAKE_PREFIX_PATH=${CMAKE_PREFIX_PATH}:/home/karan_k/ardu_ws/install/ardupilot_dds_tests:/opt/ros/humble /usr/bin/cmake --install /home/karan_k/Geomagic_Touch_ROS2/build/omni_description
