[0.016s] Invoking command in '/home/karan_k/interbotix_ws/build/interbotix_perception_pipelines': AMENT_PREFIX_PATH=/home/karan_k/interbotix_ws/install/interbotix_perception_msgs:${AMENT_PREFIX_PATH} CMAKE_PREFIX_PATH=/home/karan_k/interbotix_ws/install/interbotix_perception_msgs:/home/karan_k/apriltag_ws/install/apriltag_ros:/home/karan_k/Geomagic_Touch_ROS2/install/omni_common:/home/karan_k/Geomagic_Touch_ROS2/install/omni_broadcaster:/home/karan_k/Geomagic_Touch_ROS2/install/omni_msgs:/home/karan_k/Geomagic_Touch_ROS2/install/omni_description:/home/karan_k/ardu_ws/install/test_ros_gz_bridge:/home/karan_k/ardu_ws/install/ros_ign:/home/karan_k/ardu_ws/install/ros_ign_gazebo_demos:/home/karan_k/ardu_ws/install/ros_gz:/home/karan_k/ardu_ws/install/ros_gz_sim_demos:/home/karan_k/ardu_ws/install/ardupilot_gz_bringup:/home/karan_k/ardu_ws/install/sdformat_urdf:/home/karan_k/ardu_ws/install/sdformat_test_files:/home/karan_k/ardu_ws/install/ros_ign_interfaces:/home/karan_k/ardu_ws/install/ros_ign_image:/home/karan_k/ardu_ws/install/ros_ign_gazebo:/home/karan_k/ardu_ws/install/ros_ign_bridge:/home/karan_k/ardu_ws/install/ros_gz_sim:/home/karan_k/ardu_ws/install/ros_gz_image:/home/karan_k/ardu_ws/install/ros_gz_bridge:/home/karan_k/ardu_ws/install/ros_gz_interfaces:/home/karan_k/ardu_ws/install/ardupilot_sitl:/home/karan_k/ardu_ws/install/micro_ros_agent:/home/karan_k/ardu_ws/install/ardupilot_sitl_models:/home/karan_k/ardu_ws/install/ardupilot_msgs:/home/karan_k/ardu_ws/install/ardupilot_gz_gazebo:/home/karan_k/ardu_ws/install/ardupilot_gz_description:/home/karan_k/ardu_ws/install/ardupilot_gz_application:/home/karan_k/ardu_ws/install/ardupilot_gazebo:/home/karan_k/ardu_ws/install/ardupilot_dds_tests:/opt/ros/humble LD_LIBRARY_PATH=/home/karan_k/interbotix_ws/install/interbotix_perception_msgs/lib:/home/karan_k/apriltag_ws/install/apriltag_ros/lib:/home/karan_k/Geomagic_Touch_ROS2/install/omni_msgs/lib:/home/karan_k/ardu_ws/install/sdformat_urdf/lib:/home/karan_k/ardu_ws/install/ros_ign_interfaces/lib:/home/karan_k/ardu_ws/install/ros_gz_sim/lib:/home/karan_k/ardu_ws/install/ros_gz_bridge/lib:/home/karan_k/ardu_ws/install/ros_gz_interfaces/lib:/home/karan_k/ardu_ws/install/micro_ros_agent/lib:/home/karan_k/ardu_ws/install/ardupilot_msgs/lib:/usr/lib/x86_64-linux-gnu/gazebo-11/plugins:/opt/ros/humble/opt/rviz_ogre_vendor/lib:/opt/ros/humble/lib/x86_64-linux-gnu:/opt/ros/humble/lib:/usr/lib/x86_64-linux-gnu/gazebo-11/plugins:/usr/lib/x86_64-linux-gnu/gazebo-11/plugins:/usr/lib/x86_64-linux-gnu/gazebo-11/plugins:/usr/share/gazebo-11/../../lib/x86_64-linux-gnu/gazebo-11/plugins:/usr/lib/x86_64-linux-gnu/gazebo-11/plugins:/usr/lib/x86_64-linux-gnu/gazebo-11/plugins PYTHONPATH=/home/karan_k/interbotix_ws/install/interbotix_perception_msgs/local/lib/python3.10/dist-packages:${PYTHONPATH} /usr/bin/cmake /home/karan_k/interbotix_ws/src/interbotix_ros_toolboxes/interbotix_perception_toolbox/interbotix_perception_pipelines -DCMAKE_INSTALL_PREFIX=/home/karan_k/interbotix_ws/install/interbotix_perception_pipelines
[0.086s] -- The C compiler identification is GNU 11.4.0
[0.155s] -- The CXX compiler identification is GNU 11.4.0
[0.165s] -- Detecting C compiler ABI info
[0.237s] -- Detecting C compiler ABI info - done
[0.246s] -- Check for working C compiler: /usr/lib/ccache/cc - skipped
[0.246s] -- Detecting C compile features
[0.246s] -- Detecting C compile features - done
[0.248s] -- Detecting CXX compiler ABI info
[0.333s] -- Detecting CXX compiler ABI info - done
[0.342s] -- Check for working CXX compiler: /usr/lib/ccache/c++ - skipped
[0.342s] -- Detecting CXX compile features
[0.342s] -- Detecting CXX compile features - done
[0.350s] -- Found ament_cmake: 1.3.12 (/opt/ros/humble/share/ament_cmake/cmake)
[0.946s] -- Found Python3: /usr/bin/python3 (found version "3.10.12") found components: Interpreter 
[1.227s] -- Found ament_index_cpp: 1.4.0 (/opt/ros/humble/share/ament_index_cpp/cmake)
[1.228s] -- Found interbotix_perception_msgs: 0.0.0 (/home/karan_k/interbotix_ws/install/interbotix_perception_msgs/share/interbotix_perception_msgs/cmake)
[1.315s] -- Found rosidl_generator_c: 3.1.7 (/opt/ros/humble/share/rosidl_generator_c/cmake)
[1.326s] -- Found rosidl_adapter: 3.1.7 (/opt/ros/humble/share/rosidl_adapter/cmake)
[1.342s] -- Found rosidl_generator_cpp: 3.1.7 (/opt/ros/humble/share/rosidl_generator_cpp/cmake)
[1.359s] -- Using all available rosidl_typesupport_c: rosidl_typesupport_fastrtps_c;rosidl_typesupport_introspection_c
[1.386s] -- Using all available rosidl_typesupport_cpp: rosidl_typesupport_fastrtps_cpp;rosidl_typesupport_introspection_cpp
[1.467s] -- Found pcl_conversions: 2.4.5 (/opt/ros/humble/share/pcl_conversions/cmake)
[1.540s] -- Found rmw_implementation_cmake: 6.1.2 (/opt/ros/humble/share/rmw_implementation_cmake/cmake)
[1.547s] -- Found rmw_fastrtps_cpp: 6.2.9 (/opt/ros/humble/share/rmw_fastrtps_cpp/cmake)
[1.670s] -- Found OpenSSL: /usr/lib/x86_64-linux-gnu/libcrypto.so (found version "3.0.2")  
[1.709s] -- Found FastRTPS: /opt/ros/humble/include  
[1.764s] -- Using RMW implementation 'rmw_fastrtps_cpp' as default
[1.782s] -- Looking for pthread.h
[1.850s] -- Looking for pthread.h - found
[1.850s] -- Performing Test CMAKE_HAVE_LIBC_PTHREAD
[1.914s] -- Performing Test CMAKE_HAVE_LIBC_PTHREAD - Success
[1.915s] -- Found Threads: TRUE  
[1.996s] -- Checking for module 'eigen3'
[2.017s] --   Found eigen3, version 3.4.0
[2.058s] -- Found Eigen: /usr/include/eigen3 (Required is at least version "3.1") 
[2.058s] -- Eigen found (include: /usr/include/eigen3, version: 3.4.0)
[2.122s] -- Checking for module 'flann'
[2.141s] --   Found flann, version 1.9.1
[2.188s] -- Found FLANN: /usr/lib/x86_64-linux-gnu/libflann_cpp.so  
[2.188s] -- FLANN found (include: /usr/include, lib: /usr/lib/x86_64-linux-gnu/libflann_cpp.so)
[3.161s] -- Checking for module 'libusb-1.0'
[3.181s] --   Found libusb-1.0, version 1.0.25
[3.232s] -- Found libusb: /usr/lib/x86_64-linux-gnu/libusb-1.0.so  
[3.232s] -- OpenNI found (version: 1.5.4.0, include: /usr/include/ni, lib: /usr/lib/libOpenNI.so;libusb::libusb)
[3.310s] -- OpenNI2 found (version: 2.2.0.33, include: /usr/include/openni2, lib: /usr/lib/x86_64-linux-gnu/libOpenNI2.so;libusb::libusb)
[3.461s] -- Eigen found (include: /usr/include/eigen3, version: 3.4.0)
[3.470s] -- OpenNI found (version: 1.5.4.0, include: /usr/include/ni, lib: /usr/lib/libOpenNI.so;libusb::libusb)
[3.478s] -- OpenNI2 found (version: 2.2.0.33, include: /usr/include/openni2, lib: /usr/lib/x86_64-linux-gnu/libOpenNI2.so;libusb::libusb)
[3.635s] -- Found Qhull version 8.0.2
[3.780s] -- OpenNI found (version: 1.5.4.0, include: /usr/include/ni, lib: /usr/lib/libOpenNI.so;libusb::libusb)
[3.909s] -- Found PCL_COMMON: /usr/lib/x86_64-linux-gnu/libpcl_common.so  
[3.909s] -- Found PCL_KDTREE: /usr/lib/x86_64-linux-gnu/libpcl_kdtree.so  
[3.910s] -- Found PCL_OCTREE: /usr/lib/x86_64-linux-gnu/libpcl_octree.so  
[3.911s] -- Found PCL_SEARCH: /usr/lib/x86_64-linux-gnu/libpcl_search.so  
[3.911s] -- Found PCL_SAMPLE_CONSENSUS: /usr/lib/x86_64-linux-gnu/libpcl_sample_consensus.so  
[3.912s] -- Found PCL_FILTERS: /usr/lib/x86_64-linux-gnu/libpcl_filters.so  
[3.913s] -- Found PCL_2D: /usr/include/pcl-1.12  
[3.913s] -- Found PCL_GEOMETRY: /usr/include/pcl-1.12  
[3.914s] -- Found PCL_IO: /usr/lib/x86_64-linux-gnu/libpcl_io.so  
[3.914s] -- Found PCL_FEATURES: /usr/lib/x86_64-linux-gnu/libpcl_features.so  
[3.915s] -- Found PCL_ML: /usr/lib/x86_64-linux-gnu/libpcl_ml.so  
[3.916s] -- Found PCL_SEGMENTATION: /usr/lib/x86_64-linux-gnu/libpcl_segmentation.so  
[3.917s] -- Found PCL_VISUALIZATION: /usr/lib/x86_64-linux-gnu/libpcl_visualization.so  
[3.918s] -- Found PCL_SURFACE: /usr/lib/x86_64-linux-gnu/libpcl_surface.so  
[3.919s] -- Found PCL_REGISTRATION: /usr/lib/x86_64-linux-gnu/libpcl_registration.so  
[3.920s] -- Found PCL_KEYPOINTS: /usr/lib/x86_64-linux-gnu/libpcl_keypoints.so  
[3.920s] -- Found PCL_TRACKING: /usr/lib/x86_64-linux-gnu/libpcl_tracking.so  
[3.921s] -- Found PCL_RECOGNITION: /usr/lib/x86_64-linux-gnu/libpcl_recognition.so  
[3.922s] -- Found PCL_STEREO: /usr/lib/x86_64-linux-gnu/libpcl_stereo.so  
[3.923s] -- Found PCL_APPS: /usr/lib/x86_64-linux-gnu/libpcl_apps.so  
[3.924s] -- Found PCL_IN_HAND_SCANNER: /usr/include/pcl-1.12  
[3.924s] -- Found PCL_MODELER: /usr/include/pcl-1.12  
[3.924s] -- Found PCL_POINT_CLOUD_EDITOR: /usr/include/pcl-1.12  
[3.925s] -- Found PCL_OUTOFCORE: /usr/lib/x86_64-linux-gnu/libpcl_outofcore.so  
[3.926s] -- Found PCL_PEOPLE: /usr/lib/x86_64-linux-gnu/libpcl_people.so  
[3.933s] -- Found pcl_ros: 2.4.5 (/opt/ros/humble/share/pcl_ros/cmake)
[3.990s] -- Found eigen3_cmake_module: 0.1.1 (/opt/ros/humble/share/eigen3_cmake_module/cmake)
[3.991s] -- Found Eigen3: TRUE (found version "3.4.0") 
[3.991s] -- Ensuring Eigen3 include directory is part of orocos-kdl CMake target
[4.101s] -- Found std_srvs: 4.9.0 (/opt/ros/humble/share/std_srvs/cmake)
[4.112s] -- Found visualization_msgs: 4.9.0 (/opt/ros/humble/share/visualization_msgs/cmake)
[4.149s] -- Found ament_lint_auto: 0.12.14 (/opt/ros/humble/share/ament_lint_auto/cmake)
[4.274s] -- Added test 'copyright' to check source files copyright and LICENSE
[4.275s] -- Added test 'cppcheck' to perform static code analysis on C / C++ code
[4.275s] -- Configured cppcheck include dirs: 
[4.275s] -- Configured cppcheck exclude dirs and/or files: 
[4.276s] -- Added test 'cpplint' to check C / C++ code against the Google style
[4.276s] -- Configured cpplint exclude dirs and/or files: 
[4.277s] -- Added test 'lint_cmake' to check CMake code style
[4.278s] -- Added test 'uncrustify' to check C / C++ code style
[4.278s] -- Configured uncrustify additional arguments: 
[4.279s] -- Added test 'xmllint' to check XML markup files
[4.280s] -- Configuring done
[4.347s] -- Generating done
[4.357s] -- Build files have been written to: /home/karan_k/interbotix_ws/build/interbotix_perception_pipelines
[4.376s] Invoked command in '/home/karan_k/interbotix_ws/build/interbotix_perception_pipelines' returned '0': AMENT_PREFIX_PATH=/home/karan_k/interbotix_ws/install/interbotix_perception_msgs:${AMENT_PREFIX_PATH} CMAKE_PREFIX_PATH=/home/karan_k/interbotix_ws/install/interbotix_perception_msgs:/home/karan_k/apriltag_ws/install/apriltag_ros:/home/karan_k/Geomagic_Touch_ROS2/install/omni_common:/home/karan_k/Geomagic_Touch_ROS2/install/omni_broadcaster:/home/karan_k/Geomagic_Touch_ROS2/install/omni_msgs:/home/karan_k/Geomagic_Touch_ROS2/install/omni_description:/home/karan_k/ardu_ws/install/test_ros_gz_bridge:/home/karan_k/ardu_ws/install/ros_ign:/home/karan_k/ardu_ws/install/ros_ign_gazebo_demos:/home/karan_k/ardu_ws/install/ros_gz:/home/karan_k/ardu_ws/install/ros_gz_sim_demos:/home/karan_k/ardu_ws/install/ardupilot_gz_bringup:/home/karan_k/ardu_ws/install/sdformat_urdf:/home/karan_k/ardu_ws/install/sdformat_test_files:/home/karan_k/ardu_ws/install/ros_ign_interfaces:/home/karan_k/ardu_ws/install/ros_ign_image:/home/karan_k/ardu_ws/install/ros_ign_gazebo:/home/karan_k/ardu_ws/install/ros_ign_bridge:/home/karan_k/ardu_ws/install/ros_gz_sim:/home/karan_k/ardu_ws/install/ros_gz_image:/home/karan_k/ardu_ws/install/ros_gz_bridge:/home/karan_k/ardu_ws/install/ros_gz_interfaces:/home/karan_k/ardu_ws/install/ardupilot_sitl:/home/karan_k/ardu_ws/install/micro_ros_agent:/home/karan_k/ardu_ws/install/ardupilot_sitl_models:/home/karan_k/ardu_ws/install/ardupilot_msgs:/home/karan_k/ardu_ws/install/ardupilot_gz_gazebo:/home/karan_k/ardu_ws/install/ardupilot_gz_description:/home/karan_k/ardu_ws/install/ardupilot_gz_application:/home/karan_k/ardu_ws/install/ardupilot_gazebo:/home/karan_k/ardu_ws/install/ardupilot_dds_tests:/opt/ros/humble LD_LIBRARY_PATH=/home/karan_k/interbotix_ws/install/interbotix_perception_msgs/lib:/home/karan_k/apriltag_ws/install/apriltag_ros/lib:/home/karan_k/Geomagic_Touch_ROS2/install/omni_msgs/lib:/home/karan_k/ardu_ws/install/sdformat_urdf/lib:/home/karan_k/ardu_ws/install/ros_ign_interfaces/lib:/home/karan_k/ardu_ws/install/ros_gz_sim/lib:/home/karan_k/ardu_ws/install/ros_gz_bridge/lib:/home/karan_k/ardu_ws/install/ros_gz_interfaces/lib:/home/karan_k/ardu_ws/install/micro_ros_agent/lib:/home/karan_k/ardu_ws/install/ardupilot_msgs/lib:/usr/lib/x86_64-linux-gnu/gazebo-11/plugins:/opt/ros/humble/opt/rviz_ogre_vendor/lib:/opt/ros/humble/lib/x86_64-linux-gnu:/opt/ros/humble/lib:/usr/lib/x86_64-linux-gnu/gazebo-11/plugins:/usr/lib/x86_64-linux-gnu/gazebo-11/plugins:/usr/lib/x86_64-linux-gnu/gazebo-11/plugins:/usr/share/gazebo-11/../../lib/x86_64-linux-gnu/gazebo-11/plugins:/usr/lib/x86_64-linux-gnu/gazebo-11/plugins:/usr/lib/x86_64-linux-gnu/gazebo-11/plugins PYTHONPATH=/home/karan_k/interbotix_ws/install/interbotix_perception_msgs/local/lib/python3.10/dist-packages:${PYTHONPATH} /usr/bin/cmake /home/karan_k/interbotix_ws/src/interbotix_ros_toolboxes/interbotix_perception_toolbox/interbotix_perception_pipelines -DCMAKE_INSTALL_PREFIX=/home/karan_k/interbotix_ws/install/interbotix_perception_pipelines
[4.379s] Invoking command in '/home/karan_k/interbotix_ws/build/interbotix_perception_pipelines': AMENT_PREFIX_PATH=/home/karan_k/interbotix_ws/install/interbotix_perception_msgs:${AMENT_PREFIX_PATH} CMAKE_PREFIX_PATH=/home/karan_k/interbotix_ws/install/interbotix_perception_msgs:/home/karan_k/apriltag_ws/install/apriltag_ros:/home/karan_k/Geomagic_Touch_ROS2/install/omni_common:/home/karan_k/Geomagic_Touch_ROS2/install/omni_broadcaster:/home/karan_k/Geomagic_Touch_ROS2/install/omni_msgs:/home/karan_k/Geomagic_Touch_ROS2/install/omni_description:/home/karan_k/ardu_ws/install/test_ros_gz_bridge:/home/karan_k/ardu_ws/install/ros_ign:/home/karan_k/ardu_ws/install/ros_ign_gazebo_demos:/home/karan_k/ardu_ws/install/ros_gz:/home/karan_k/ardu_ws/install/ros_gz_sim_demos:/home/karan_k/ardu_ws/install/ardupilot_gz_bringup:/home/karan_k/ardu_ws/install/sdformat_urdf:/home/karan_k/ardu_ws/install/sdformat_test_files:/home/karan_k/ardu_ws/install/ros_ign_interfaces:/home/karan_k/ardu_ws/install/ros_ign_image:/home/karan_k/ardu_ws/install/ros_ign_gazebo:/home/karan_k/ardu_ws/install/ros_ign_bridge:/home/karan_k/ardu_ws/install/ros_gz_sim:/home/karan_k/ardu_ws/install/ros_gz_image:/home/karan_k/ardu_ws/install/ros_gz_bridge:/home/karan_k/ardu_ws/install/ros_gz_interfaces:/home/karan_k/ardu_ws/install/ardupilot_sitl:/home/karan_k/ardu_ws/install/micro_ros_agent:/home/karan_k/ardu_ws/install/ardupilot_sitl_models:/home/karan_k/ardu_ws/install/ardupilot_msgs:/home/karan_k/ardu_ws/install/ardupilot_gz_gazebo:/home/karan_k/ardu_ws/install/ardupilot_gz_description:/home/karan_k/ardu_ws/install/ardupilot_gz_application:/home/karan_k/ardu_ws/install/ardupilot_gazebo:/home/karan_k/ardu_ws/install/ardupilot_dds_tests:/opt/ros/humble LD_LIBRARY_PATH=/home/karan_k/interbotix_ws/install/interbotix_perception_msgs/lib:/home/karan_k/apriltag_ws/install/apriltag_ros/lib:/home/karan_k/Geomagic_Touch_ROS2/install/omni_msgs/lib:/home/karan_k/ardu_ws/install/sdformat_urdf/lib:/home/karan_k/ardu_ws/install/ros_ign_interfaces/lib:/home/karan_k/ardu_ws/install/ros_gz_sim/lib:/home/karan_k/ardu_ws/install/ros_gz_bridge/lib:/home/karan_k/ardu_ws/install/ros_gz_interfaces/lib:/home/karan_k/ardu_ws/install/micro_ros_agent/lib:/home/karan_k/ardu_ws/install/ardupilot_msgs/lib:/usr/lib/x86_64-linux-gnu/gazebo-11/plugins:/opt/ros/humble/opt/rviz_ogre_vendor/lib:/opt/ros/humble/lib/x86_64-linux-gnu:/opt/ros/humble/lib:/usr/lib/x86_64-linux-gnu/gazebo-11/plugins:/usr/lib/x86_64-linux-gnu/gazebo-11/plugins:/usr/lib/x86_64-linux-gnu/gazebo-11/plugins:/usr/share/gazebo-11/../../lib/x86_64-linux-gnu/gazebo-11/plugins:/usr/lib/x86_64-linux-gnu/gazebo-11/plugins:/usr/lib/x86_64-linux-gnu/gazebo-11/plugins PYTHONPATH=/home/karan_k/interbotix_ws/install/interbotix_perception_msgs/local/lib/python3.10/dist-packages:${PYTHONPATH} /usr/bin/cmake --build /home/karan_k/interbotix_ws/build/interbotix_perception_pipelines -- -j16 -l16
[4.442s] [ 50%] [32mBuilding CXX object CMakeFiles/pointcloud_pipeline.dir/src/pointcloud_pipeline.cpp.o[0m
[4.544s] [100%] [32m[1mLinking CXX executable pointcloud_pipeline[0m
[6.338s] [100%] Built target pointcloud_pipeline
[6.352s] Invoked command in '/home/karan_k/interbotix_ws/build/interbotix_perception_pipelines' returned '0': AMENT_PREFIX_PATH=/home/karan_k/interbotix_ws/install/interbotix_perception_msgs:${AMENT_PREFIX_PATH} CMAKE_PREFIX_PATH=/home/karan_k/interbotix_ws/install/interbotix_perception_msgs:/home/karan_k/apriltag_ws/install/apriltag_ros:/home/karan_k/Geomagic_Touch_ROS2/install/omni_common:/home/karan_k/Geomagic_Touch_ROS2/install/omni_broadcaster:/home/karan_k/Geomagic_Touch_ROS2/install/omni_msgs:/home/karan_k/Geomagic_Touch_ROS2/install/omni_description:/home/karan_k/ardu_ws/install/test_ros_gz_bridge:/home/karan_k/ardu_ws/install/ros_ign:/home/karan_k/ardu_ws/install/ros_ign_gazebo_demos:/home/karan_k/ardu_ws/install/ros_gz:/home/karan_k/ardu_ws/install/ros_gz_sim_demos:/home/karan_k/ardu_ws/install/ardupilot_gz_bringup:/home/karan_k/ardu_ws/install/sdformat_urdf:/home/karan_k/ardu_ws/install/sdformat_test_files:/home/karan_k/ardu_ws/install/ros_ign_interfaces:/home/karan_k/ardu_ws/install/ros_ign_image:/home/karan_k/ardu_ws/install/ros_ign_gazebo:/home/karan_k/ardu_ws/install/ros_ign_bridge:/home/karan_k/ardu_ws/install/ros_gz_sim:/home/karan_k/ardu_ws/install/ros_gz_image:/home/karan_k/ardu_ws/install/ros_gz_bridge:/home/karan_k/ardu_ws/install/ros_gz_interfaces:/home/karan_k/ardu_ws/install/ardupilot_sitl:/home/karan_k/ardu_ws/install/micro_ros_agent:/home/karan_k/ardu_ws/install/ardupilot_sitl_models:/home/karan_k/ardu_ws/install/ardupilot_msgs:/home/karan_k/ardu_ws/install/ardupilot_gz_gazebo:/home/karan_k/ardu_ws/install/ardupilot_gz_description:/home/karan_k/ardu_ws/install/ardupilot_gz_application:/home/karan_k/ardu_ws/install/ardupilot_gazebo:/home/karan_k/ardu_ws/install/ardupilot_dds_tests:/opt/ros/humble LD_LIBRARY_PATH=/home/karan_k/interbotix_ws/install/interbotix_perception_msgs/lib:/home/karan_k/apriltag_ws/install/apriltag_ros/lib:/home/karan_k/Geomagic_Touch_ROS2/install/omni_msgs/lib:/home/karan_k/ardu_ws/install/sdformat_urdf/lib:/home/karan_k/ardu_ws/install/ros_ign_interfaces/lib:/home/karan_k/ardu_ws/install/ros_gz_sim/lib:/home/karan_k/ardu_ws/install/ros_gz_bridge/lib:/home/karan_k/ardu_ws/install/ros_gz_interfaces/lib:/home/karan_k/ardu_ws/install/micro_ros_agent/lib:/home/karan_k/ardu_ws/install/ardupilot_msgs/lib:/usr/lib/x86_64-linux-gnu/gazebo-11/plugins:/opt/ros/humble/opt/rviz_ogre_vendor/lib:/opt/ros/humble/lib/x86_64-linux-gnu:/opt/ros/humble/lib:/usr/lib/x86_64-linux-gnu/gazebo-11/plugins:/usr/lib/x86_64-linux-gnu/gazebo-11/plugins:/usr/lib/x86_64-linux-gnu/gazebo-11/plugins:/usr/share/gazebo-11/../../lib/x86_64-linux-gnu/gazebo-11/plugins:/usr/lib/x86_64-linux-gnu/gazebo-11/plugins:/usr/lib/x86_64-linux-gnu/gazebo-11/plugins PYTHONPATH=/home/karan_k/interbotix_ws/install/interbotix_perception_msgs/local/lib/python3.10/dist-packages:${PYTHONPATH} /usr/bin/cmake --build /home/karan_k/interbotix_ws/build/interbotix_perception_pipelines -- -j16 -l16
[6.353s] Invoking command in '/home/karan_k/interbotix_ws/build/interbotix_perception_pipelines': AMENT_PREFIX_PATH=/home/karan_k/interbotix_ws/install/interbotix_perception_msgs:${AMENT_PREFIX_PATH} CMAKE_PREFIX_PATH=/home/karan_k/interbotix_ws/install/interbotix_perception_msgs:/home/karan_k/apriltag_ws/install/apriltag_ros:/home/karan_k/Geomagic_Touch_ROS2/install/omni_common:/home/karan_k/Geomagic_Touch_ROS2/install/omni_broadcaster:/home/karan_k/Geomagic_Touch_ROS2/install/omni_msgs:/home/karan_k/Geomagic_Touch_ROS2/install/omni_description:/home/karan_k/ardu_ws/install/test_ros_gz_bridge:/home/karan_k/ardu_ws/install/ros_ign:/home/karan_k/ardu_ws/install/ros_ign_gazebo_demos:/home/karan_k/ardu_ws/install/ros_gz:/home/karan_k/ardu_ws/install/ros_gz_sim_demos:/home/karan_k/ardu_ws/install/ardupilot_gz_bringup:/home/karan_k/ardu_ws/install/sdformat_urdf:/home/karan_k/ardu_ws/install/sdformat_test_files:/home/karan_k/ardu_ws/install/ros_ign_interfaces:/home/karan_k/ardu_ws/install/ros_ign_image:/home/karan_k/ardu_ws/install/ros_ign_gazebo:/home/karan_k/ardu_ws/install/ros_ign_bridge:/home/karan_k/ardu_ws/install/ros_gz_sim:/home/karan_k/ardu_ws/install/ros_gz_image:/home/karan_k/ardu_ws/install/ros_gz_bridge:/home/karan_k/ardu_ws/install/ros_gz_interfaces:/home/karan_k/ardu_ws/install/ardupilot_sitl:/home/karan_k/ardu_ws/install/micro_ros_agent:/home/karan_k/ardu_ws/install/ardupilot_sitl_models:/home/karan_k/ardu_ws/install/ardupilot_msgs:/home/karan_k/ardu_ws/install/ardupilot_gz_gazebo:/home/karan_k/ardu_ws/install/ardupilot_gz_description:/home/karan_k/ardu_ws/install/ardupilot_gz_application:/home/karan_k/ardu_ws/install/ardupilot_gazebo:/home/karan_k/ardu_ws/install/ardupilot_dds_tests:/opt/ros/humble LD_LIBRARY_PATH=/home/karan_k/interbotix_ws/install/interbotix_perception_msgs/lib:/home/karan_k/apriltag_ws/install/apriltag_ros/lib:/home/karan_k/Geomagic_Touch_ROS2/install/omni_msgs/lib:/home/karan_k/ardu_ws/install/sdformat_urdf/lib:/home/karan_k/ardu_ws/install/ros_ign_interfaces/lib:/home/karan_k/ardu_ws/install/ros_gz_sim/lib:/home/karan_k/ardu_ws/install/ros_gz_bridge/lib:/home/karan_k/ardu_ws/install/ros_gz_interfaces/lib:/home/karan_k/ardu_ws/install/micro_ros_agent/lib:/home/karan_k/ardu_ws/install/ardupilot_msgs/lib:/usr/lib/x86_64-linux-gnu/gazebo-11/plugins:/opt/ros/humble/opt/rviz_ogre_vendor/lib:/opt/ros/humble/lib/x86_64-linux-gnu:/opt/ros/humble/lib:/usr/lib/x86_64-linux-gnu/gazebo-11/plugins:/usr/lib/x86_64-linux-gnu/gazebo-11/plugins:/usr/lib/x86_64-linux-gnu/gazebo-11/plugins:/usr/share/gazebo-11/../../lib/x86_64-linux-gnu/gazebo-11/plugins:/usr/lib/x86_64-linux-gnu/gazebo-11/plugins:/usr/lib/x86_64-linux-gnu/gazebo-11/plugins PYTHONPATH=/home/karan_k/interbotix_ws/install/interbotix_perception_msgs/local/lib/python3.10/dist-packages:${PYTHONPATH} /usr/bin/cmake --install /home/karan_k/interbotix_ws/build/interbotix_perception_pipelines
[6.363s] -- Install configuration: ""
[6.364s] -- Installing: /home/karan_k/interbotix_ws/install/interbotix_perception_pipelines/lib/interbotix_perception_pipelines/pointcloud_pipeline
[6.369s] -- Set runtime path of "/home/karan_k/interbotix_ws/install/interbotix_perception_pipelines/lib/interbotix_perception_pipelines/pointcloud_pipeline" to ""
[6.369s] -- Installing: /home/karan_k/interbotix_ws/install/interbotix_perception_pipelines/share/ament_index/resource_index/package_run_dependencies/interbotix_perception_pipelines
[6.369s] -- Installing: /home/karan_k/interbotix_ws/install/interbotix_perception_pipelines/share/ament_index/resource_index/parent_prefix_path/interbotix_perception_pipelines
[6.370s] -- Installing: /home/karan_k/interbotix_ws/install/interbotix_perception_pipelines/share/interbotix_perception_pipelines/environment/ament_prefix_path.sh
[6.370s] -- Installing: /home/karan_k/interbotix_ws/install/interbotix_perception_pipelines/share/interbotix_perception_pipelines/environment/ament_prefix_path.dsv
[6.370s] -- Installing: /home/karan_k/interbotix_ws/install/interbotix_perception_pipelines/share/interbotix_perception_pipelines/environment/path.sh
[6.370s] -- Installing: /home/karan_k/interbotix_ws/install/interbotix_perception_pipelines/share/interbotix_perception_pipelines/environment/path.dsv
[6.370s] -- Installing: /home/karan_k/interbotix_ws/install/interbotix_perception_pipelines/share/interbotix_perception_pipelines/local_setup.bash
[6.370s] -- Installing: /home/karan_k/interbotix_ws/install/interbotix_perception_pipelines/share/interbotix_perception_pipelines/local_setup.sh
[6.371s] -- Installing: /home/karan_k/interbotix_ws/install/interbotix_perception_pipelines/share/interbotix_perception_pipelines/local_setup.zsh
[6.371s] -- Installing: /home/karan_k/interbotix_ws/install/interbotix_perception_pipelines/share/interbotix_perception_pipelines/local_setup.dsv
[6.371s] -- Installing: /home/karan_k/interbotix_ws/install/interbotix_perception_pipelines/share/interbotix_perception_pipelines/package.dsv
[6.371s] -- Installing: /home/karan_k/interbotix_ws/install/interbotix_perception_pipelines/share/ament_index/resource_index/packages/interbotix_perception_pipelines
[6.371s] -- Installing: /home/karan_k/interbotix_ws/install/interbotix_perception_pipelines/share/interbotix_perception_pipelines/cmake/interbotix_perception_pipelinesConfig.cmake
[6.372s] -- Installing: /home/karan_k/interbotix_ws/install/interbotix_perception_pipelines/share/interbotix_perception_pipelines/cmake/interbotix_perception_pipelinesConfig-version.cmake
[6.372s] -- Installing: /home/karan_k/interbotix_ws/install/interbotix_perception_pipelines/share/interbotix_perception_pipelines/package.xml
[6.375s] Invoked command in '/home/karan_k/interbotix_ws/build/interbotix_perception_pipelines' returned '0': AMENT_PREFIX_PATH=/home/karan_k/interbotix_ws/install/interbotix_perception_msgs:${AMENT_PREFIX_PATH} CMAKE_PREFIX_PATH=/home/karan_k/interbotix_ws/install/interbotix_perception_msgs:/home/karan_k/apriltag_ws/install/apriltag_ros:/home/karan_k/Geomagic_Touch_ROS2/install/omni_common:/home/karan_k/Geomagic_Touch_ROS2/install/omni_broadcaster:/home/karan_k/Geomagic_Touch_ROS2/install/omni_msgs:/home/karan_k/Geomagic_Touch_ROS2/install/omni_description:/home/karan_k/ardu_ws/install/test_ros_gz_bridge:/home/karan_k/ardu_ws/install/ros_ign:/home/karan_k/ardu_ws/install/ros_ign_gazebo_demos:/home/karan_k/ardu_ws/install/ros_gz:/home/karan_k/ardu_ws/install/ros_gz_sim_demos:/home/karan_k/ardu_ws/install/ardupilot_gz_bringup:/home/karan_k/ardu_ws/install/sdformat_urdf:/home/karan_k/ardu_ws/install/sdformat_test_files:/home/karan_k/ardu_ws/install/ros_ign_interfaces:/home/karan_k/ardu_ws/install/ros_ign_image:/home/karan_k/ardu_ws/install/ros_ign_gazebo:/home/karan_k/ardu_ws/install/ros_ign_bridge:/home/karan_k/ardu_ws/install/ros_gz_sim:/home/karan_k/ardu_ws/install/ros_gz_image:/home/karan_k/ardu_ws/install/ros_gz_bridge:/home/karan_k/ardu_ws/install/ros_gz_interfaces:/home/karan_k/ardu_ws/install/ardupilot_sitl:/home/karan_k/ardu_ws/install/micro_ros_agent:/home/karan_k/ardu_ws/install/ardupilot_sitl_models:/home/karan_k/ardu_ws/install/ardupilot_msgs:/home/karan_k/ardu_ws/install/ardupilot_gz_gazebo:/home/karan_k/ardu_ws/install/ardupilot_gz_description:/home/karan_k/ardu_ws/install/ardupilot_gz_application:/home/karan_k/ardu_ws/install/ardupilot_gazebo:/home/karan_k/ardu_ws/install/ardupilot_dds_tests:/opt/ros/humble LD_LIBRARY_PATH=/home/karan_k/interbotix_ws/install/interbotix_perception_msgs/lib:/home/karan_k/apriltag_ws/install/apriltag_ros/lib:/home/karan_k/Geomagic_Touch_ROS2/install/omni_msgs/lib:/home/karan_k/ardu_ws/install/sdformat_urdf/lib:/home/karan_k/ardu_ws/install/ros_ign_interfaces/lib:/home/karan_k/ardu_ws/install/ros_gz_sim/lib:/home/karan_k/ardu_ws/install/ros_gz_bridge/lib:/home/karan_k/ardu_ws/install/ros_gz_interfaces/lib:/home/karan_k/ardu_ws/install/micro_ros_agent/lib:/home/karan_k/ardu_ws/install/ardupilot_msgs/lib:/usr/lib/x86_64-linux-gnu/gazebo-11/plugins:/opt/ros/humble/opt/rviz_ogre_vendor/lib:/opt/ros/humble/lib/x86_64-linux-gnu:/opt/ros/humble/lib:/usr/lib/x86_64-linux-gnu/gazebo-11/plugins:/usr/lib/x86_64-linux-gnu/gazebo-11/plugins:/usr/lib/x86_64-linux-gnu/gazebo-11/plugins:/usr/share/gazebo-11/../../lib/x86_64-linux-gnu/gazebo-11/plugins:/usr/lib/x86_64-linux-gnu/gazebo-11/plugins:/usr/lib/x86_64-linux-gnu/gazebo-11/plugins PYTHONPATH=/home/karan_k/interbotix_ws/install/interbotix_perception_msgs/local/lib/python3.10/dist-packages:${PYTHONPATH} /usr/bin/cmake --install /home/karan_k/interbotix_ws/build/interbotix_perception_pipelines
