[0.125s] DEBUG:colcon:Command line arguments: ['/usr/bin/colcon', 'build']
[0.125s] DEBUG:colcon:Parsed command line arguments: Namespace(log_base=None, log_level=None, verb_name='build', build_base='build', install_base='install', merge_install=False, symlink_install=False, test_result_base=None, continue_on_error=False, executor='parallel', parallel_workers=16, event_handlers=None, ignore_user_meta=False, metas=['./colcon.meta'], base_paths=['.'], packages_ignore=None, packages_ignore_regex=None, paths=None, packages_up_to=None, packages_up_to_regex=None, packages_above=None, packages_above_and_dependencies=None, packages_above_depth=None, packages_select_by_dep=None, packages_skip_by_dep=None, packages_skip_up_to=None, packages_select_build_failed=False, packages_skip_build_finished=False, packages_select_test_failures=False, packages_skip_test_passed=False, packages_select=None, packages_skip=None, packages_select_regex=None, packages_skip_regex=None, packages_start=None, packages_end=None, allow_overriding=[], cmake_args=None, cmake_target=None, cmake_target_skip_unavailable=False, cmake_clean_cache=False, cmake_clean_first=False, cmake_force_configure=False, ament_cmake_args=None, catkin_cmake_args=None, catkin_skip_building_tests=False, mixin_files=None, mixin=None, verb_parser=<colcon_mixin.mixin.mixin_argument.MixinArgumentDecorator object at 0x7eda2959d900>, verb_extension=<colcon_core.verb.build.BuildVerb object at 0x7eda29692e30>, main=<bound method BuildVerb.main of <colcon_core.verb.build.BuildVerb object at 0x7eda29692e30>>, mixin_verb=('build',))
[0.177s] Level 1:colcon.colcon_core.package_discovery:discover_packages(colcon_meta) check parameters
[0.177s] Level 1:colcon.colcon_core.package_discovery:discover_packages(recursive) check parameters
[0.177s] Level 1:colcon.colcon_core.package_discovery:discover_packages(ignore) check parameters
[0.177s] Level 1:colcon.colcon_core.package_discovery:discover_packages(path) check parameters
[0.177s] Level 1:colcon.colcon_core.package_discovery:discover_packages(colcon_meta) discover
[0.177s] Level 1:colcon.colcon_core.package_discovery:discover_packages(recursive) discover
[0.177s] INFO:colcon.colcon_core.package_discovery:Crawling recursively for packages in '/home/karan_k/Geomagic_Touch_ROS2'
[0.177s] Level 1:colcon.colcon_core.package_identification:_identify(.) by extensions ['ignore', 'ignore_ament_install']
[0.178s] Level 1:colcon.colcon_core.package_identification:_identify(.) by extension 'ignore'
[0.178s] Level 1:colcon.colcon_core.package_identification:_identify(.) by extension 'ignore_ament_install'
[0.178s] Level 1:colcon.colcon_core.package_identification:_identify(.) by extensions ['colcon_pkg']
[0.178s] Level 1:colcon.colcon_core.package_identification:_identify(.) by extension 'colcon_pkg'
[0.178s] Level 1:colcon.colcon_core.package_identification:_identify(.) by extensions ['colcon_meta']
[0.178s] Level 1:colcon.colcon_core.package_identification:_identify(.) by extension 'colcon_meta'
[0.178s] Level 1:colcon.colcon_core.package_identification:_identify(.) by extensions ['ros']
[0.178s] Level 1:colcon.colcon_core.package_identification:_identify(.) by extension 'ros'
[0.199s] Level 1:colcon.colcon_core.package_identification:_identify(.) by extensions ['cmake', 'python']
[0.199s] Level 1:colcon.colcon_core.package_identification:_identify(.) by extension 'cmake'
[0.200s] Level 1:colcon.colcon_core.package_identification:_identify(.) by extension 'python'
[0.200s] Level 1:colcon.colcon_core.package_identification:_identify(.) by extensions ['python_setup_py']
[0.200s] Level 1:colcon.colcon_core.package_identification:_identify(.) by extension 'python_setup_py'
[0.200s] Level 1:colcon.colcon_core.package_identification:_identify(build) by extensions ['ignore', 'ignore_ament_install']
[0.200s] Level 1:colcon.colcon_core.package_identification:_identify(build) by extension 'ignore'
[0.200s] Level 1:colcon.colcon_core.package_identification:_identify(build) ignored
[0.200s] Level 1:colcon.colcon_core.package_identification:_identify(install) by extensions ['ignore', 'ignore_ament_install']
[0.200s] Level 1:colcon.colcon_core.package_identification:_identify(install) by extension 'ignore'
[0.200s] Level 1:colcon.colcon_core.package_identification:_identify(install) ignored
[0.200s] Level 1:colcon.colcon_core.package_identification:_identify(log) by extensions ['ignore', 'ignore_ament_install']
[0.200s] Level 1:colcon.colcon_core.package_identification:_identify(log) by extension 'ignore'
[0.200s] Level 1:colcon.colcon_core.package_identification:_identify(log) ignored
[0.200s] Level 1:colcon.colcon_core.package_identification:_identify(src) by extensions ['ignore', 'ignore_ament_install']
[0.200s] Level 1:colcon.colcon_core.package_identification:_identify(src) by extension 'ignore'
[0.200s] Level 1:colcon.colcon_core.package_identification:_identify(src) by extension 'ignore_ament_install'
[0.200s] Level 1:colcon.colcon_core.package_identification:_identify(src) by extensions ['colcon_pkg']
[0.200s] Level 1:colcon.colcon_core.package_identification:_identify(src) by extension 'colcon_pkg'
[0.200s] Level 1:colcon.colcon_core.package_identification:_identify(src) by extensions ['colcon_meta']
[0.200s] Level 1:colcon.colcon_core.package_identification:_identify(src) by extension 'colcon_meta'
[0.200s] Level 1:colcon.colcon_core.package_identification:_identify(src) by extensions ['ros']
[0.201s] Level 1:colcon.colcon_core.package_identification:_identify(src) by extension 'ros'
[0.201s] Level 1:colcon.colcon_core.package_identification:_identify(src) by extensions ['cmake', 'python']
[0.201s] Level 1:colcon.colcon_core.package_identification:_identify(src) by extension 'cmake'
[0.201s] Level 1:colcon.colcon_core.package_identification:_identify(src) by extension 'python'
[0.201s] Level 1:colcon.colcon_core.package_identification:_identify(src) by extensions ['python_setup_py']
[0.201s] Level 1:colcon.colcon_core.package_identification:_identify(src) by extension 'python_setup_py'
[0.201s] Level 1:colcon.colcon_core.package_identification:_identify(src/omni_broadcaster) by extensions ['ignore', 'ignore_ament_install']
[0.201s] Level 1:colcon.colcon_core.package_identification:_identify(src/omni_broadcaster) by extension 'ignore'
[0.201s] Level 1:colcon.colcon_core.package_identification:_identify(src/omni_broadcaster) by extension 'ignore_ament_install'
[0.201s] Level 1:colcon.colcon_core.package_identification:_identify(src/omni_broadcaster) by extensions ['colcon_pkg']
[0.201s] Level 1:colcon.colcon_core.package_identification:_identify(src/omni_broadcaster) by extension 'colcon_pkg'
[0.201s] Level 1:colcon.colcon_core.package_identification:_identify(src/omni_broadcaster) by extensions ['colcon_meta']
[0.201s] Level 1:colcon.colcon_core.package_identification:_identify(src/omni_broadcaster) by extension 'colcon_meta'
[0.201s] Level 1:colcon.colcon_core.package_identification:_identify(src/omni_broadcaster) by extensions ['ros']
[0.201s] Level 1:colcon.colcon_core.package_identification:_identify(src/omni_broadcaster) by extension 'ros'
[0.203s] DEBUG:colcon.colcon_core.package_identification:Package 'src/omni_broadcaster' with type 'ros.ament_cmake' and name 'omni_broadcaster'
[0.203s] Level 1:colcon.colcon_core.package_identification:_identify(src/omni_common) by extensions ['ignore', 'ignore_ament_install']
[0.203s] Level 1:colcon.colcon_core.package_identification:_identify(src/omni_common) by extension 'ignore'
[0.203s] Level 1:colcon.colcon_core.package_identification:_identify(src/omni_common) by extension 'ignore_ament_install'
[0.204s] Level 1:colcon.colcon_core.package_identification:_identify(src/omni_common) by extensions ['colcon_pkg']
[0.204s] Level 1:colcon.colcon_core.package_identification:_identify(src/omni_common) by extension 'colcon_pkg'
[0.204s] Level 1:colcon.colcon_core.package_identification:_identify(src/omni_common) by extensions ['colcon_meta']
[0.204s] Level 1:colcon.colcon_core.package_identification:_identify(src/omni_common) by extension 'colcon_meta'
[0.204s] Level 1:colcon.colcon_core.package_identification:_identify(src/omni_common) by extensions ['ros']
[0.204s] Level 1:colcon.colcon_core.package_identification:_identify(src/omni_common) by extension 'ros'
[0.204s] DEBUG:colcon.colcon_core.package_identification:Package 'src/omni_common' with type 'ros.ament_cmake' and name 'omni_common'
[0.204s] Level 1:colcon.colcon_core.package_identification:_identify(src/omni_description) by extensions ['ignore', 'ignore_ament_install']
[0.205s] Level 1:colcon.colcon_core.package_identification:_identify(src/omni_description) by extension 'ignore'
[0.205s] Level 1:colcon.colcon_core.package_identification:_identify(src/omni_description) by extension 'ignore_ament_install'
[0.205s] Level 1:colcon.colcon_core.package_identification:_identify(src/omni_description) by extensions ['colcon_pkg']
[0.205s] Level 1:colcon.colcon_core.package_identification:_identify(src/omni_description) by extension 'colcon_pkg'
[0.205s] Level 1:colcon.colcon_core.package_identification:_identify(src/omni_description) by extensions ['colcon_meta']
[0.205s] Level 1:colcon.colcon_core.package_identification:_identify(src/omni_description) by extension 'colcon_meta'
[0.205s] Level 1:colcon.colcon_core.package_identification:_identify(src/omni_description) by extensions ['ros']
[0.205s] Level 1:colcon.colcon_core.package_identification:_identify(src/omni_description) by extension 'ros'
[0.205s] DEBUG:colcon.colcon_core.package_identification:Package 'src/omni_description' with type 'ros.ament_cmake' and name 'omni_description'
[0.205s] Level 1:colcon.colcon_core.package_identification:_identify(src/omni_msgs) by extensions ['ignore', 'ignore_ament_install']
[0.205s] Level 1:colcon.colcon_core.package_identification:_identify(src/omni_msgs) by extension 'ignore'
[0.205s] Level 1:colcon.colcon_core.package_identification:_identify(src/omni_msgs) by extension 'ignore_ament_install'
[0.205s] Level 1:colcon.colcon_core.package_identification:_identify(src/omni_msgs) by extensions ['colcon_pkg']
[0.205s] Level 1:colcon.colcon_core.package_identification:_identify(src/omni_msgs) by extension 'colcon_pkg'
[0.205s] Level 1:colcon.colcon_core.package_identification:_identify(src/omni_msgs) by extensions ['colcon_meta']
[0.205s] Level 1:colcon.colcon_core.package_identification:_identify(src/omni_msgs) by extension 'colcon_meta'
[0.206s] Level 1:colcon.colcon_core.package_identification:_identify(src/omni_msgs) by extensions ['ros']
[0.206s] Level 1:colcon.colcon_core.package_identification:_identify(src/omni_msgs) by extension 'ros'
[0.206s] DEBUG:colcon.colcon_core.package_identification:Package 'src/omni_msgs' with type 'ros.ament_cmake' and name 'omni_msgs'
[0.206s] Level 1:colcon.colcon_core.package_discovery:discover_packages(recursive) using defaults
[0.206s] Level 1:colcon.colcon_core.package_discovery:discover_packages(ignore) discover
[0.206s] Level 1:colcon.colcon_core.package_discovery:discover_packages(ignore) using defaults
[0.206s] Level 1:colcon.colcon_core.package_discovery:discover_packages(path) discover
[0.206s] Level 1:colcon.colcon_core.package_discovery:discover_packages(path) using defaults
[0.227s] Level 1:colcon.colcon_core.package_discovery:discover_packages(prefix_path) check parameters
[0.227s] Level 1:colcon.colcon_core.package_discovery:discover_packages(prefix_path) discover
[0.232s] DEBUG:colcon.colcon_installed_package_information.package_discovery:Found 4 installed packages in /home/karan_k/Geomagic_Touch_ROS2/install
[0.233s] DEBUG:colcon.colcon_installed_package_information.package_discovery:Found 25 installed packages in /home/karan_k/ardu_ws/install
[0.234s] DEBUG:colcon.colcon_installed_package_information.package_discovery:Found 34 installed packages in /home/karan_k/interbotix_ws/install
[0.234s] DEBUG:colcon.colcon_installed_package_information.package_discovery:Found 1 installed packages in /home/karan_k/apriltag_ws/install
[0.236s] DEBUG:colcon.colcon_installed_package_information.package_discovery:Found 408 installed packages in /opt/ros/humble
[0.237s] Level 1:colcon.colcon_core.package_discovery:discover_packages(prefix_path) using defaults
[0.301s] Level 5:colcon.colcon_core.verb:set package 'omni_description' build argument 'cmake_args' from command line to 'None'
[0.301s] Level 5:colcon.colcon_core.verb:set package 'omni_description' build argument 'cmake_target' from command line to 'None'
[0.301s] Level 5:colcon.colcon_core.verb:set package 'omni_description' build argument 'cmake_target_skip_unavailable' from command line to 'False'
[0.301s] Level 5:colcon.colcon_core.verb:set package 'omni_description' build argument 'cmake_clean_cache' from command line to 'False'
[0.301s] Level 5:colcon.colcon_core.verb:set package 'omni_description' build argument 'cmake_clean_first' from command line to 'False'
[0.301s] Level 5:colcon.colcon_core.verb:set package 'omni_description' build argument 'cmake_force_configure' from command line to 'False'
[0.301s] Level 5:colcon.colcon_core.verb:set package 'omni_description' build argument 'ament_cmake_args' from command line to 'None'
[0.301s] Level 5:colcon.colcon_core.verb:set package 'omni_description' build argument 'catkin_cmake_args' from command line to 'None'
[0.301s] Level 5:colcon.colcon_core.verb:set package 'omni_description' build argument 'catkin_skip_building_tests' from command line to 'False'
[0.301s] DEBUG:colcon.colcon_core.verb:Building package 'omni_description' with the following arguments: {'ament_cmake_args': None, 'build_base': '/home/karan_k/Geomagic_Touch_ROS2/build/omni_description', 'catkin_cmake_args': None, 'catkin_skip_building_tests': False, 'cmake_args': None, 'cmake_clean_cache': False, 'cmake_clean_first': False, 'cmake_force_configure': False, 'cmake_target': None, 'cmake_target_skip_unavailable': False, 'install_base': '/home/karan_k/Geomagic_Touch_ROS2/install/omni_description', 'merge_install': False, 'path': '/home/karan_k/Geomagic_Touch_ROS2/src/omni_description', 'symlink_install': False, 'test_result_base': None}
[0.301s] Level 5:colcon.colcon_core.verb:set package 'omni_msgs' build argument 'cmake_args' from command line to 'None'
[0.301s] Level 5:colcon.colcon_core.verb:set package 'omni_msgs' build argument 'cmake_target' from command line to 'None'
[0.302s] Level 5:colcon.colcon_core.verb:set package 'omni_msgs' build argument 'cmake_target_skip_unavailable' from command line to 'False'
[0.302s] Level 5:colcon.colcon_core.verb:set package 'omni_msgs' build argument 'cmake_clean_cache' from command line to 'False'
[0.302s] Level 5:colcon.colcon_core.verb:set package 'omni_msgs' build argument 'cmake_clean_first' from command line to 'False'
[0.302s] Level 5:colcon.colcon_core.verb:set package 'omni_msgs' build argument 'cmake_force_configure' from command line to 'False'
[0.302s] Level 5:colcon.colcon_core.verb:set package 'omni_msgs' build argument 'ament_cmake_args' from command line to 'None'
[0.302s] Level 5:colcon.colcon_core.verb:set package 'omni_msgs' build argument 'catkin_cmake_args' from command line to 'None'
[0.302s] Level 5:colcon.colcon_core.verb:set package 'omni_msgs' build argument 'catkin_skip_building_tests' from command line to 'False'
[0.302s] DEBUG:colcon.colcon_core.verb:Building package 'omni_msgs' with the following arguments: {'ament_cmake_args': None, 'build_base': '/home/karan_k/Geomagic_Touch_ROS2/build/omni_msgs', 'catkin_cmake_args': None, 'catkin_skip_building_tests': False, 'cmake_args': None, 'cmake_clean_cache': False, 'cmake_clean_first': False, 'cmake_force_configure': False, 'cmake_target': None, 'cmake_target_skip_unavailable': False, 'install_base': '/home/karan_k/Geomagic_Touch_ROS2/install/omni_msgs', 'merge_install': False, 'path': '/home/karan_k/Geomagic_Touch_ROS2/src/omni_msgs', 'symlink_install': False, 'test_result_base': None}
[0.302s] Level 5:colcon.colcon_core.verb:set package 'omni_broadcaster' build argument 'cmake_args' from command line to 'None'
[0.302s] Level 5:colcon.colcon_core.verb:set package 'omni_broadcaster' build argument 'cmake_target' from command line to 'None'
[0.302s] Level 5:colcon.colcon_core.verb:set package 'omni_broadcaster' build argument 'cmake_target_skip_unavailable' from command line to 'False'
[0.302s] Level 5:colcon.colcon_core.verb:set package 'omni_broadcaster' build argument 'cmake_clean_cache' from command line to 'False'
[0.302s] Level 5:colcon.colcon_core.verb:set package 'omni_broadcaster' build argument 'cmake_clean_first' from command line to 'False'
[0.302s] Level 5:colcon.colcon_core.verb:set package 'omni_broadcaster' build argument 'cmake_force_configure' from command line to 'False'
[0.302s] Level 5:colcon.colcon_core.verb:set package 'omni_broadcaster' build argument 'ament_cmake_args' from command line to 'None'
[0.302s] Level 5:colcon.colcon_core.verb:set package 'omni_broadcaster' build argument 'catkin_cmake_args' from command line to 'None'
[0.302s] Level 5:colcon.colcon_core.verb:set package 'omni_broadcaster' build argument 'catkin_skip_building_tests' from command line to 'False'
[0.302s] DEBUG:colcon.colcon_core.verb:Building package 'omni_broadcaster' with the following arguments: {'ament_cmake_args': None, 'build_base': '/home/karan_k/Geomagic_Touch_ROS2/build/omni_broadcaster', 'catkin_cmake_args': None, 'catkin_skip_building_tests': False, 'cmake_args': None, 'cmake_clean_cache': False, 'cmake_clean_first': False, 'cmake_force_configure': False, 'cmake_target': None, 'cmake_target_skip_unavailable': False, 'install_base': '/home/karan_k/Geomagic_Touch_ROS2/install/omni_broadcaster', 'merge_install': False, 'path': '/home/karan_k/Geomagic_Touch_ROS2/src/omni_broadcaster', 'symlink_install': False, 'test_result_base': None}
[0.302s] Level 5:colcon.colcon_core.verb:set package 'omni_common' build argument 'cmake_args' from command line to 'None'
[0.302s] Level 5:colcon.colcon_core.verb:set package 'omni_common' build argument 'cmake_target' from command line to 'None'
[0.302s] Level 5:colcon.colcon_core.verb:set package 'omni_common' build argument 'cmake_target_skip_unavailable' from command line to 'False'
[0.302s] Level 5:colcon.colcon_core.verb:set package 'omni_common' build argument 'cmake_clean_cache' from command line to 'False'
[0.302s] Level 5:colcon.colcon_core.verb:set package 'omni_common' build argument 'cmake_clean_first' from command line to 'False'
[0.302s] Level 5:colcon.colcon_core.verb:set package 'omni_common' build argument 'cmake_force_configure' from command line to 'False'
[0.302s] Level 5:colcon.colcon_core.verb:set package 'omni_common' build argument 'ament_cmake_args' from command line to 'None'
[0.302s] Level 5:colcon.colcon_core.verb:set package 'omni_common' build argument 'catkin_cmake_args' from command line to 'None'
[0.302s] Level 5:colcon.colcon_core.verb:set package 'omni_common' build argument 'catkin_skip_building_tests' from command line to 'False'
[0.303s] DEBUG:colcon.colcon_core.verb:Building package 'omni_common' with the following arguments: {'ament_cmake_args': None, 'build_base': '/home/karan_k/Geomagic_Touch_ROS2/build/omni_common', 'catkin_cmake_args': None, 'catkin_skip_building_tests': False, 'cmake_args': None, 'cmake_clean_cache': False, 'cmake_clean_first': False, 'cmake_force_configure': False, 'cmake_target': None, 'cmake_target_skip_unavailable': False, 'install_base': '/home/karan_k/Geomagic_Touch_ROS2/install/omni_common', 'merge_install': False, 'path': '/home/karan_k/Geomagic_Touch_ROS2/src/omni_common', 'symlink_install': False, 'test_result_base': None}
[0.303s] INFO:colcon.colcon_core.executor:Executing jobs using 'parallel' executor
[0.303s] DEBUG:colcon.colcon_parallel_executor.executor.parallel:run_until_complete
[0.304s] INFO:colcon.colcon_ros.task.ament_cmake.build:Building ROS package in '/home/karan_k/Geomagic_Touch_ROS2/src/omni_msgs' with build type 'ament_cmake'
[0.304s] INFO:colcon.colcon_cmake.task.cmake.build:Building CMake package in '/home/karan_k/Geomagic_Touch_ROS2/src/omni_msgs'
[0.307s] INFO:colcon.colcon_core.plugin_system:Skipping extension 'colcon_core.shell.bat': Not used on non-Windows systems
[0.308s] INFO:colcon.colcon_core.shell:Skip shell extension 'powershell' for command environment: Not usable outside of PowerShell
[0.308s] DEBUG:colcon.colcon_core.shell:Skip shell extension 'dsv' for command environment
[0.315s] INFO:colcon.colcon_ros.task.ament_cmake.build:Building ROS package in '/home/karan_k/Geomagic_Touch_ROS2/src/omni_description' with build type 'ament_cmake'
[0.315s] INFO:colcon.colcon_cmake.task.cmake.build:Building CMake package in '/home/karan_k/Geomagic_Touch_ROS2/src/omni_description'
[0.315s] INFO:colcon.colcon_core.shell:Skip shell extension 'powershell' for command environment: Not usable outside of PowerShell
[0.315s] DEBUG:colcon.colcon_core.shell:Skip shell extension 'dsv' for command environment
[0.327s] DEBUG:colcon.colcon_core.event_handler.log_command:Invoking command in '/home/karan_k/Geomagic_Touch_ROS2/build/omni_msgs': CMAKE_PREFIX_PATH=${CMAKE_PREFIX_PATH}:/home/karan_k/ardu_ws/install/ardupilot_dds_tests:/home/karan_k/interbotix_ws/install/interbotix_xs_modules:/home/karan_k/interbotix_ws/install/interbotix_perception_modules:/home/karan_k/interbotix_ws/install/interbotix_common_modules:/opt/ros/humble /usr/bin/cmake --build /home/karan_k/Geomagic_Touch_ROS2/build/omni_msgs -- -j16 -l16
[0.330s] DEBUG:colcon.colcon_core.event_handler.log_command:Invoking command in '/home/karan_k/Geomagic_Touch_ROS2/build/omni_description': CMAKE_PREFIX_PATH=${CMAKE_PREFIX_PATH}:/home/karan_k/ardu_ws/install/ardupilot_dds_tests:/home/karan_k/interbotix_ws/install/interbotix_xs_modules:/home/karan_k/interbotix_ws/install/interbotix_perception_modules:/home/karan_k/interbotix_ws/install/interbotix_common_modules:/opt/ros/humble /usr/bin/cmake --build /home/karan_k/Geomagic_Touch_ROS2/build/omni_description -- -j16 -l16
[0.391s] DEBUG:colcon.colcon_core.event_handler.log_command:Invoked command in '/home/karan_k/Geomagic_Touch_ROS2/build/omni_description' returned '0': CMAKE_PREFIX_PATH=${CMAKE_PREFIX_PATH}:/home/karan_k/ardu_ws/install/ardupilot_dds_tests:/home/karan_k/interbotix_ws/install/interbotix_xs_modules:/home/karan_k/interbotix_ws/install/interbotix_perception_modules:/home/karan_k/interbotix_ws/install/interbotix_common_modules:/opt/ros/humble /usr/bin/cmake --build /home/karan_k/Geomagic_Touch_ROS2/build/omni_description -- -j16 -l16
[0.405s] DEBUG:colcon.colcon_core.event_handler.log_command:Invoking command in '/home/karan_k/Geomagic_Touch_ROS2/build/omni_description': CMAKE_PREFIX_PATH=${CMAKE_PREFIX_PATH}:/home/karan_k/ardu_ws/install/ardupilot_dds_tests:/home/karan_k/interbotix_ws/install/interbotix_xs_modules:/home/karan_k/interbotix_ws/install/interbotix_perception_modules:/home/karan_k/interbotix_ws/install/interbotix_common_modules:/opt/ros/humble /usr/bin/cmake --install /home/karan_k/Geomagic_Touch_ROS2/build/omni_description
[0.420s] Level 1:colcon.colcon_core.environment:create_environment_scripts_only(omni_description)
[0.420s] DEBUG:colcon.colcon_core.event_handler.log_command:Invoked command in '/home/karan_k/Geomagic_Touch_ROS2/build/omni_description' returned '0': CMAKE_PREFIX_PATH=${CMAKE_PREFIX_PATH}:/home/karan_k/ardu_ws/install/ardupilot_dds_tests:/home/karan_k/interbotix_ws/install/interbotix_xs_modules:/home/karan_k/interbotix_ws/install/interbotix_perception_modules:/home/karan_k/interbotix_ws/install/interbotix_common_modules:/opt/ros/humble /usr/bin/cmake --install /home/karan_k/Geomagic_Touch_ROS2/build/omni_description
[0.425s] Level 1:colcon.colcon_core.environment:checking '/home/karan_k/Geomagic_Touch_ROS2/install/omni_description' for CMake module files
[0.425s] Level 1:colcon.colcon_core.environment:checking '/home/karan_k/Geomagic_Touch_ROS2/install/omni_description' for CMake config files
[0.426s] Level 1:colcon.colcon_core.shell:create_environment_hook('omni_description', 'cmake_prefix_path')
[0.426s] INFO:colcon.colcon_core.shell:Creating environment hook '/home/karan_k/Geomagic_Touch_ROS2/install/omni_description/share/omni_description/hook/cmake_prefix_path.ps1'
[0.426s] INFO:colcon.colcon_core.shell:Creating environment descriptor '/home/karan_k/Geomagic_Touch_ROS2/install/omni_description/share/omni_description/hook/cmake_prefix_path.dsv'
[0.427s] INFO:colcon.colcon_core.shell:Creating environment hook '/home/karan_k/Geomagic_Touch_ROS2/install/omni_description/share/omni_description/hook/cmake_prefix_path.sh'
[0.428s] Level 1:colcon.colcon_core.environment:checking '/home/karan_k/Geomagic_Touch_ROS2/install/omni_description/bin'
[0.428s] Level 1:colcon.colcon_core.environment:checking '/home/karan_k/Geomagic_Touch_ROS2/install/omni_description/lib/pkgconfig/omni_description.pc'
[0.428s] Level 1:colcon.colcon_core.environment:checking '/home/karan_k/Geomagic_Touch_ROS2/install/omni_description/lib/python3.10/site-packages'
[0.428s] Level 1:colcon.colcon_core.environment:checking '/home/karan_k/Geomagic_Touch_ROS2/install/omni_description/bin'
[0.428s] INFO:colcon.colcon_core.shell:Creating package script '/home/karan_k/Geomagic_Touch_ROS2/install/omni_description/share/omni_description/package.ps1'
[0.429s] INFO:colcon.colcon_core.shell:Creating package descriptor '/home/karan_k/Geomagic_Touch_ROS2/install/omni_description/share/omni_description/package.dsv'
[0.430s] INFO:colcon.colcon_core.shell:Creating package script '/home/karan_k/Geomagic_Touch_ROS2/install/omni_description/share/omni_description/package.sh'
[0.430s] INFO:colcon.colcon_core.shell:Creating package script '/home/karan_k/Geomagic_Touch_ROS2/install/omni_description/share/omni_description/package.bash'
[0.431s] INFO:colcon.colcon_core.shell:Creating package script '/home/karan_k/Geomagic_Touch_ROS2/install/omni_description/share/omni_description/package.zsh'
[0.432s] Level 1:colcon.colcon_core.environment:create_file_with_runtime_dependencies(/home/karan_k/Geomagic_Touch_ROS2/install/omni_description/share/colcon-core/packages/omni_description)
[0.432s] Level 1:colcon.colcon_core.environment:create_environment_scripts_only(omni_description)
[0.432s] Level 1:colcon.colcon_core.environment:checking '/home/karan_k/Geomagic_Touch_ROS2/install/omni_description' for CMake module files
[0.433s] Level 1:colcon.colcon_core.environment:checking '/home/karan_k/Geomagic_Touch_ROS2/install/omni_description' for CMake config files
[0.433s] Level 1:colcon.colcon_core.shell:create_environment_hook('omni_description', 'cmake_prefix_path')
[0.433s] INFO:colcon.colcon_core.shell:Creating environment hook '/home/karan_k/Geomagic_Touch_ROS2/install/omni_description/share/omni_description/hook/cmake_prefix_path.ps1'
[0.433s] INFO:colcon.colcon_core.shell:Creating environment descriptor '/home/karan_k/Geomagic_Touch_ROS2/install/omni_description/share/omni_description/hook/cmake_prefix_path.dsv'
[0.434s] INFO:colcon.colcon_core.shell:Creating environment hook '/home/karan_k/Geomagic_Touch_ROS2/install/omni_description/share/omni_description/hook/cmake_prefix_path.sh'
[0.434s] Level 1:colcon.colcon_core.environment:checking '/home/karan_k/Geomagic_Touch_ROS2/install/omni_description/bin'
[0.434s] Level 1:colcon.colcon_core.environment:checking '/home/karan_k/Geomagic_Touch_ROS2/install/omni_description/lib/pkgconfig/omni_description.pc'
[0.434s] Level 1:colcon.colcon_core.environment:checking '/home/karan_k/Geomagic_Touch_ROS2/install/omni_description/lib/python3.10/site-packages'
[0.434s] Level 1:colcon.colcon_core.environment:checking '/home/karan_k/Geomagic_Touch_ROS2/install/omni_description/bin'
[0.435s] INFO:colcon.colcon_core.shell:Creating package script '/home/karan_k/Geomagic_Touch_ROS2/install/omni_description/share/omni_description/package.ps1'
[0.435s] INFO:colcon.colcon_core.shell:Creating package descriptor '/home/karan_k/Geomagic_Touch_ROS2/install/omni_description/share/omni_description/package.dsv'
[0.435s] INFO:colcon.colcon_core.shell:Creating package script '/home/karan_k/Geomagic_Touch_ROS2/install/omni_description/share/omni_description/package.sh'
[0.436s] INFO:colcon.colcon_core.shell:Creating package script '/home/karan_k/Geomagic_Touch_ROS2/install/omni_description/share/omni_description/package.bash'
[0.436s] INFO:colcon.colcon_core.shell:Creating package script '/home/karan_k/Geomagic_Touch_ROS2/install/omni_description/share/omni_description/package.zsh'
[0.436s] Level 1:colcon.colcon_core.environment:create_file_with_runtime_dependencies(/home/karan_k/Geomagic_Touch_ROS2/install/omni_description/share/colcon-core/packages/omni_description)
[4.161s] DEBUG:colcon.colcon_core.event_handler.log_command:Invoked command in '/home/karan_k/Geomagic_Touch_ROS2/build/omni_msgs' returned '0': CMAKE_PREFIX_PATH=${CMAKE_PREFIX_PATH}:/home/karan_k/ardu_ws/install/ardupilot_dds_tests:/home/karan_k/interbotix_ws/install/interbotix_xs_modules:/home/karan_k/interbotix_ws/install/interbotix_perception_modules:/home/karan_k/interbotix_ws/install/interbotix_common_modules:/opt/ros/humble /usr/bin/cmake --build /home/karan_k/Geomagic_Touch_ROS2/build/omni_msgs -- -j16 -l16
[4.162s] DEBUG:colcon.colcon_core.event_handler.log_command:Invoking command in '/home/karan_k/Geomagic_Touch_ROS2/build/omni_msgs': CMAKE_PREFIX_PATH=${CMAKE_PREFIX_PATH}:/home/karan_k/ardu_ws/install/ardupilot_dds_tests:/home/karan_k/interbotix_ws/install/interbotix_xs_modules:/home/karan_k/interbotix_ws/install/interbotix_perception_modules:/home/karan_k/interbotix_ws/install/interbotix_common_modules:/opt/ros/humble /usr/bin/cmake --install /home/karan_k/Geomagic_Touch_ROS2/build/omni_msgs
[4.237s] Level 1:colcon.colcon_core.environment:create_environment_scripts_only(omni_msgs)
[4.237s] Level 1:colcon.colcon_core.environment:checking '/home/karan_k/Geomagic_Touch_ROS2/install/omni_msgs' for CMake module files
[4.238s] DEBUG:colcon.colcon_core.event_handler.log_command:Invoked command in '/home/karan_k/Geomagic_Touch_ROS2/build/omni_msgs' returned '0': CMAKE_PREFIX_PATH=${CMAKE_PREFIX_PATH}:/home/karan_k/ardu_ws/install/ardupilot_dds_tests:/home/karan_k/interbotix_ws/install/interbotix_xs_modules:/home/karan_k/interbotix_ws/install/interbotix_perception_modules:/home/karan_k/interbotix_ws/install/interbotix_common_modules:/opt/ros/humble /usr/bin/cmake --install /home/karan_k/Geomagic_Touch_ROS2/build/omni_msgs
[4.238s] Level 1:colcon.colcon_core.environment:checking '/home/karan_k/Geomagic_Touch_ROS2/install/omni_msgs' for CMake config files
[4.238s] Level 1:colcon.colcon_core.shell:create_environment_hook('omni_msgs', 'cmake_prefix_path')
[4.239s] INFO:colcon.colcon_core.shell:Creating environment hook '/home/karan_k/Geomagic_Touch_ROS2/install/omni_msgs/share/omni_msgs/hook/cmake_prefix_path.ps1'
[4.239s] INFO:colcon.colcon_core.shell:Creating environment descriptor '/home/karan_k/Geomagic_Touch_ROS2/install/omni_msgs/share/omni_msgs/hook/cmake_prefix_path.dsv'
[4.239s] INFO:colcon.colcon_core.shell:Creating environment hook '/home/karan_k/Geomagic_Touch_ROS2/install/omni_msgs/share/omni_msgs/hook/cmake_prefix_path.sh'
[4.240s] Level 1:colcon.colcon_core.environment:checking '/home/karan_k/Geomagic_Touch_ROS2/install/omni_msgs/lib'
[4.240s] Level 1:colcon.colcon_core.shell:create_environment_hook('omni_msgs', 'ld_library_path_lib')
[4.240s] INFO:colcon.colcon_core.shell:Creating environment hook '/home/karan_k/Geomagic_Touch_ROS2/install/omni_msgs/share/omni_msgs/hook/ld_library_path_lib.ps1'
[4.240s] INFO:colcon.colcon_core.shell:Creating environment descriptor '/home/karan_k/Geomagic_Touch_ROS2/install/omni_msgs/share/omni_msgs/hook/ld_library_path_lib.dsv'
[4.241s] INFO:colcon.colcon_core.shell:Creating environment hook '/home/karan_k/Geomagic_Touch_ROS2/install/omni_msgs/share/omni_msgs/hook/ld_library_path_lib.sh'
[4.241s] Level 1:colcon.colcon_core.environment:checking '/home/karan_k/Geomagic_Touch_ROS2/install/omni_msgs/bin'
[4.241s] Level 1:colcon.colcon_core.environment:checking '/home/karan_k/Geomagic_Touch_ROS2/install/omni_msgs/lib/pkgconfig/omni_msgs.pc'
[4.241s] Level 1:colcon.colcon_core.environment:checking '/home/karan_k/Geomagic_Touch_ROS2/install/omni_msgs/lib/python3.10/site-packages'
[4.242s] Level 1:colcon.colcon_core.environment:checking '/home/karan_k/Geomagic_Touch_ROS2/install/omni_msgs/bin'
[4.242s] INFO:colcon.colcon_core.shell:Creating package script '/home/karan_k/Geomagic_Touch_ROS2/install/omni_msgs/share/omni_msgs/package.ps1'
[4.242s] INFO:colcon.colcon_core.shell:Creating package descriptor '/home/karan_k/Geomagic_Touch_ROS2/install/omni_msgs/share/omni_msgs/package.dsv'
[4.242s] INFO:colcon.colcon_core.shell:Creating package script '/home/karan_k/Geomagic_Touch_ROS2/install/omni_msgs/share/omni_msgs/package.sh'
[4.243s] INFO:colcon.colcon_core.shell:Creating package script '/home/karan_k/Geomagic_Touch_ROS2/install/omni_msgs/share/omni_msgs/package.bash'
[4.243s] INFO:colcon.colcon_core.shell:Creating package script '/home/karan_k/Geomagic_Touch_ROS2/install/omni_msgs/share/omni_msgs/package.zsh'
[4.243s] Level 1:colcon.colcon_core.environment:create_file_with_runtime_dependencies(/home/karan_k/Geomagic_Touch_ROS2/install/omni_msgs/share/colcon-core/packages/omni_msgs)
[4.244s] Level 1:colcon.colcon_core.environment:create_environment_scripts_only(omni_msgs)
[4.244s] Level 1:colcon.colcon_core.environment:checking '/home/karan_k/Geomagic_Touch_ROS2/install/omni_msgs' for CMake module files
[4.244s] Level 1:colcon.colcon_core.environment:checking '/home/karan_k/Geomagic_Touch_ROS2/install/omni_msgs' for CMake config files
[4.245s] Level 1:colcon.colcon_core.shell:create_environment_hook('omni_msgs', 'cmake_prefix_path')
[4.245s] INFO:colcon.colcon_core.shell:Creating environment hook '/home/karan_k/Geomagic_Touch_ROS2/install/omni_msgs/share/omni_msgs/hook/cmake_prefix_path.ps1'
[4.245s] INFO:colcon.colcon_core.shell:Creating environment descriptor '/home/karan_k/Geomagic_Touch_ROS2/install/omni_msgs/share/omni_msgs/hook/cmake_prefix_path.dsv'
[4.246s] INFO:colcon.colcon_core.shell:Creating environment hook '/home/karan_k/Geomagic_Touch_ROS2/install/omni_msgs/share/omni_msgs/hook/cmake_prefix_path.sh'
[4.246s] Level 1:colcon.colcon_core.environment:checking '/home/karan_k/Geomagic_Touch_ROS2/install/omni_msgs/lib'
[4.246s] Level 1:colcon.colcon_core.shell:create_environment_hook('omni_msgs', 'ld_library_path_lib')
[4.246s] INFO:colcon.colcon_core.shell:Creating environment hook '/home/karan_k/Geomagic_Touch_ROS2/install/omni_msgs/share/omni_msgs/hook/ld_library_path_lib.ps1'
[4.246s] INFO:colcon.colcon_core.shell:Creating environment descriptor '/home/karan_k/Geomagic_Touch_ROS2/install/omni_msgs/share/omni_msgs/hook/ld_library_path_lib.dsv'
[4.247s] INFO:colcon.colcon_core.shell:Creating environment hook '/home/karan_k/Geomagic_Touch_ROS2/install/omni_msgs/share/omni_msgs/hook/ld_library_path_lib.sh'
[4.247s] Level 1:colcon.colcon_core.environment:checking '/home/karan_k/Geomagic_Touch_ROS2/install/omni_msgs/bin'
[4.247s] Level 1:colcon.colcon_core.environment:checking '/home/karan_k/Geomagic_Touch_ROS2/install/omni_msgs/lib/pkgconfig/omni_msgs.pc'
[4.247s] Level 1:colcon.colcon_core.environment:checking '/home/karan_k/Geomagic_Touch_ROS2/install/omni_msgs/lib/python3.10/site-packages'
[4.247s] Level 1:colcon.colcon_core.environment:checking '/home/karan_k/Geomagic_Touch_ROS2/install/omni_msgs/bin'
[4.248s] INFO:colcon.colcon_core.shell:Creating package script '/home/karan_k/Geomagic_Touch_ROS2/install/omni_msgs/share/omni_msgs/package.ps1'
[4.248s] INFO:colcon.colcon_core.shell:Creating package descriptor '/home/karan_k/Geomagic_Touch_ROS2/install/omni_msgs/share/omni_msgs/package.dsv'
[4.248s] INFO:colcon.colcon_core.shell:Creating package script '/home/karan_k/Geomagic_Touch_ROS2/install/omni_msgs/share/omni_msgs/package.sh'
[4.249s] INFO:colcon.colcon_core.shell:Creating package script '/home/karan_k/Geomagic_Touch_ROS2/install/omni_msgs/share/omni_msgs/package.bash'
[4.249s] INFO:colcon.colcon_core.shell:Creating package script '/home/karan_k/Geomagic_Touch_ROS2/install/omni_msgs/share/omni_msgs/package.zsh'
[4.249s] Level 1:colcon.colcon_core.environment:create_file_with_runtime_dependencies(/home/karan_k/Geomagic_Touch_ROS2/install/omni_msgs/share/colcon-core/packages/omni_msgs)
[4.250s] INFO:colcon.colcon_ros.task.ament_cmake.build:Building ROS package in '/home/karan_k/Geomagic_Touch_ROS2/src/omni_broadcaster' with build type 'ament_cmake'
[4.250s] INFO:colcon.colcon_cmake.task.cmake.build:Building CMake package in '/home/karan_k/Geomagic_Touch_ROS2/src/omni_broadcaster'
[4.250s] INFO:colcon.colcon_core.shell:Skip shell extension 'powershell' for command environment: Not usable outside of PowerShell
[4.250s] DEBUG:colcon.colcon_core.shell:Skip shell extension 'dsv' for command environment
[4.257s] INFO:colcon.colcon_ros.task.ament_cmake.build:Building ROS package in '/home/karan_k/Geomagic_Touch_ROS2/src/omni_common' with build type 'ament_cmake'
[4.257s] INFO:colcon.colcon_cmake.task.cmake.build:Building CMake package in '/home/karan_k/Geomagic_Touch_ROS2/src/omni_common'
[4.258s] INFO:colcon.colcon_core.shell:Skip shell extension 'powershell' for command environment: Not usable outside of PowerShell
[4.258s] DEBUG:colcon.colcon_core.shell:Skip shell extension 'dsv' for command environment
[4.268s] DEBUG:colcon.colcon_core.event_handler.log_command:Invoking command in '/home/karan_k/Geomagic_Touch_ROS2/build/omni_broadcaster': CMAKE_PREFIX_PATH=/home/karan_k/Geomagic_Touch_ROS2/install/omni_msgs:/home/karan_k/Geomagic_Touch_ROS2/install/omni_common:/home/karan_k/Geomagic_Touch_ROS2/install/omni_broadcaster:/home/karan_k/Geomagic_Touch_ROS2/install/omni_description:/home/karan_k/ardu_ws/install/test_ros_gz_bridge:/home/karan_k/ardu_ws/install/ros_ign:/home/karan_k/ardu_ws/install/ros_ign_gazebo_demos:/home/karan_k/ardu_ws/install/ros_gz:/home/karan_k/ardu_ws/install/ros_gz_sim_demos:/home/karan_k/ardu_ws/install/ardupilot_gz_bringup:/home/karan_k/ardu_ws/install/sdformat_urdf:/home/karan_k/ardu_ws/install/sdformat_test_files:/home/karan_k/ardu_ws/install/ros_ign_interfaces:/home/karan_k/ardu_ws/install/ros_ign_image:/home/karan_k/ardu_ws/install/ros_ign_gazebo:/home/karan_k/ardu_ws/install/ros_ign_bridge:/home/karan_k/ardu_ws/install/ros_gz_sim:/home/karan_k/ardu_ws/install/ros_gz_image:/home/karan_k/ardu_ws/install/ros_gz_bridge:/home/karan_k/ardu_ws/install/ros_gz_interfaces:/home/karan_k/ardu_ws/install/ardupilot_sitl:/home/karan_k/ardu_ws/install/micro_ros_agent:/home/karan_k/ardu_ws/install/ardupilot_sitl_models:/home/karan_k/ardu_ws/install/ardupilot_msgs:/home/karan_k/ardu_ws/install/ardupilot_gz_gazebo:/home/karan_k/ardu_ws/install/ardupilot_gz_description:/home/karan_k/ardu_ws/install/ardupilot_gz_application:/home/karan_k/ardu_ws/install/ardupilot_gazebo:/home/karan_k/interbotix_ws/install/interbotix_ros_xsarms_examples:/home/karan_k/interbotix_ws/install/interbotix_xsarm_moveit_interface:/home/karan_k/interbotix_ws/install/interbotix_moveit_interface:/home/karan_k/interbotix_ws/install/moveit_visual_tools:/home/karan_k/interbotix_ws/install/interbotix_ros_xsarms:/home/karan_k/interbotix_ws/install/interbotix_xsarm_moveit:/home/karan_k/interbotix_ws/install/interbotix_xsarm_sim:/home/karan_k/interbotix_ws/install/interbotix_xsarm_ros_control:/home/karan_k/interbotix_ws/install/interbotix_xsarm_puppet:/home/karan_k/interbotix_ws/install/interbotix_xsarm_perception:/home/karan_k/interbotix_ws/install/interbotix_xsarm_joy:/home/karan_k/interbotix_ws/install/interbotix_xsarm_gravity_compensation:/home/karan_k/interbotix_ws/install/interbotix_xsarm_dual:/home/karan_k/interbotix_ws/install/interbotix_xsarm_control:/home/karan_k/interbotix_ws/install/interbotix_xsarm_descriptions:/home/karan_k/interbotix_ws/install/interbotix_xs_toolbox:/home/karan_k/interbotix_ws/install/interbotix_xs_rviz:/home/karan_k/interbotix_ws/install/interbotix_ros_xseries:/home/karan_k/interbotix_ws/install/interbotix_xs_sdk:/home/karan_k/interbotix_ws/install/interbotix_xs_ros_control:/home/karan_k/interbotix_ws/install/interbotix_perception_toolbox:/home/karan_k/interbotix_ws/install/interbotix_common_toolbox:/home/karan_k/interbotix_ws/install/interbotix_gravity_compensation:/home/karan_k/interbotix_ws/install/interbotix_xs_msgs:/home/karan_k/interbotix_ws/install/interbotix_xs_driver:/home/karan_k/interbotix_ws/install/interbotix_tf_tools:/home/karan_k/interbotix_ws/install/interbotix_perception_pipelines:/home/karan_k/interbotix_ws/install/interbotix_perception_msgs:/home/karan_k/interbotix_ws/install/interbotix_moveit_interface_msgs:/home/karan_k/interbotix_ws/install/interbotix_common_sim:/home/karan_k/interbotix_ws/install/dynamixel_workbench_toolbox:/home/karan_k/apriltag_ws/install/apriltag_ros:/home/karan_k/ardu_ws/install/ardupilot_dds_tests:/home/karan_k/interbotix_ws/install/interbotix_xs_modules:/home/karan_k/interbotix_ws/install/interbotix_perception_modules:/home/karan_k/interbotix_ws/install/interbotix_common_modules:/opt/ros/humble LD_LIBRARY_PATH=/home/karan_k/Geomagic_Touch_ROS2/install/omni_msgs/lib:/home/karan_k/ardu_ws/install/sdformat_urdf/lib:/home/karan_k/ardu_ws/install/ros_ign_interfaces/lib:/home/karan_k/ardu_ws/install/ros_gz_sim/lib:/home/karan_k/ardu_ws/install/ros_gz_bridge/lib:/home/karan_k/ardu_ws/install/ros_gz_interfaces/lib:/home/karan_k/ardu_ws/install/micro_ros_agent/lib:/home/karan_k/ardu_ws/install/ardupilot_msgs/lib:/home/karan_k/interbotix_ws/install/moveit_visual_tools/lib:/home/karan_k/interbotix_ws/install/interbotix_xs_rviz/lib:/home/karan_k/interbotix_ws/install/interbotix_xs_ros_control/lib:/home/karan_k/interbotix_ws/install/interbotix_xs_msgs/lib:/home/karan_k/interbotix_ws/install/interbotix_xs_driver/lib:/home/karan_k/interbotix_ws/install/interbotix_tf_tools/lib:/home/karan_k/interbotix_ws/install/interbotix_perception_msgs/lib:/home/karan_k/interbotix_ws/install/interbotix_moveit_interface_msgs/lib:/home/karan_k/interbotix_ws/install/dynamixel_workbench_toolbox/lib:/home/karan_k/apriltag_ws/install/apriltag_ros/lib:/usr/lib/x86_64-linux-gnu/gazebo-11/plugins:/opt/ros/humble/opt/rviz_ogre_vendor/lib:/opt/ros/humble/lib/x86_64-linux-gnu:/opt/ros/humble/lib:/usr/lib/x86_64-linux-gnu/gazebo-11/plugins:/usr/lib/x86_64-linux-gnu/gazebo-11/plugins:/usr/lib/x86_64-linux-gnu/gazebo-11/plugins:/usr/share/gazebo-11/../../lib/x86_64-linux-gnu/gazebo-11/plugins:/usr/lib/x86_64-linux-gnu/gazebo-11/plugins:/usr/lib/x86_64-linux-gnu/gazebo-11/plugins /usr/bin/cmake --build /home/karan_k/Geomagic_Touch_ROS2/build/omni_broadcaster -- -j16 -l16
[4.273s] DEBUG:colcon.colcon_core.event_handler.log_command:Invoking command in '/home/karan_k/Geomagic_Touch_ROS2/build/omni_common': CMAKE_PREFIX_PATH=/home/karan_k/Geomagic_Touch_ROS2/install/omni_msgs:/home/karan_k/Geomagic_Touch_ROS2/install/omni_common:/home/karan_k/Geomagic_Touch_ROS2/install/omni_broadcaster:/home/karan_k/Geomagic_Touch_ROS2/install/omni_description:/home/karan_k/ardu_ws/install/test_ros_gz_bridge:/home/karan_k/ardu_ws/install/ros_ign:/home/karan_k/ardu_ws/install/ros_ign_gazebo_demos:/home/karan_k/ardu_ws/install/ros_gz:/home/karan_k/ardu_ws/install/ros_gz_sim_demos:/home/karan_k/ardu_ws/install/ardupilot_gz_bringup:/home/karan_k/ardu_ws/install/sdformat_urdf:/home/karan_k/ardu_ws/install/sdformat_test_files:/home/karan_k/ardu_ws/install/ros_ign_interfaces:/home/karan_k/ardu_ws/install/ros_ign_image:/home/karan_k/ardu_ws/install/ros_ign_gazebo:/home/karan_k/ardu_ws/install/ros_ign_bridge:/home/karan_k/ardu_ws/install/ros_gz_sim:/home/karan_k/ardu_ws/install/ros_gz_image:/home/karan_k/ardu_ws/install/ros_gz_bridge:/home/karan_k/ardu_ws/install/ros_gz_interfaces:/home/karan_k/ardu_ws/install/ardupilot_sitl:/home/karan_k/ardu_ws/install/micro_ros_agent:/home/karan_k/ardu_ws/install/ardupilot_sitl_models:/home/karan_k/ardu_ws/install/ardupilot_msgs:/home/karan_k/ardu_ws/install/ardupilot_gz_gazebo:/home/karan_k/ardu_ws/install/ardupilot_gz_description:/home/karan_k/ardu_ws/install/ardupilot_gz_application:/home/karan_k/ardu_ws/install/ardupilot_gazebo:/home/karan_k/interbotix_ws/install/interbotix_ros_xsarms_examples:/home/karan_k/interbotix_ws/install/interbotix_xsarm_moveit_interface:/home/karan_k/interbotix_ws/install/interbotix_moveit_interface:/home/karan_k/interbotix_ws/install/moveit_visual_tools:/home/karan_k/interbotix_ws/install/interbotix_ros_xsarms:/home/karan_k/interbotix_ws/install/interbotix_xsarm_moveit:/home/karan_k/interbotix_ws/install/interbotix_xsarm_sim:/home/karan_k/interbotix_ws/install/interbotix_xsarm_ros_control:/home/karan_k/interbotix_ws/install/interbotix_xsarm_puppet:/home/karan_k/interbotix_ws/install/interbotix_xsarm_perception:/home/karan_k/interbotix_ws/install/interbotix_xsarm_joy:/home/karan_k/interbotix_ws/install/interbotix_xsarm_gravity_compensation:/home/karan_k/interbotix_ws/install/interbotix_xsarm_dual:/home/karan_k/interbotix_ws/install/interbotix_xsarm_control:/home/karan_k/interbotix_ws/install/interbotix_xsarm_descriptions:/home/karan_k/interbotix_ws/install/interbotix_xs_toolbox:/home/karan_k/interbotix_ws/install/interbotix_xs_rviz:/home/karan_k/interbotix_ws/install/interbotix_ros_xseries:/home/karan_k/interbotix_ws/install/interbotix_xs_sdk:/home/karan_k/interbotix_ws/install/interbotix_xs_ros_control:/home/karan_k/interbotix_ws/install/interbotix_perception_toolbox:/home/karan_k/interbotix_ws/install/interbotix_common_toolbox:/home/karan_k/interbotix_ws/install/interbotix_gravity_compensation:/home/karan_k/interbotix_ws/install/interbotix_xs_msgs:/home/karan_k/interbotix_ws/install/interbotix_xs_driver:/home/karan_k/interbotix_ws/install/interbotix_tf_tools:/home/karan_k/interbotix_ws/install/interbotix_perception_pipelines:/home/karan_k/interbotix_ws/install/interbotix_perception_msgs:/home/karan_k/interbotix_ws/install/interbotix_moveit_interface_msgs:/home/karan_k/interbotix_ws/install/interbotix_common_sim:/home/karan_k/interbotix_ws/install/dynamixel_workbench_toolbox:/home/karan_k/apriltag_ws/install/apriltag_ros:/home/karan_k/ardu_ws/install/ardupilot_dds_tests:/home/karan_k/interbotix_ws/install/interbotix_xs_modules:/home/karan_k/interbotix_ws/install/interbotix_perception_modules:/home/karan_k/interbotix_ws/install/interbotix_common_modules:/opt/ros/humble LD_LIBRARY_PATH=/home/karan_k/Geomagic_Touch_ROS2/install/omni_msgs/lib:/home/karan_k/ardu_ws/install/sdformat_urdf/lib:/home/karan_k/ardu_ws/install/ros_ign_interfaces/lib:/home/karan_k/ardu_ws/install/ros_gz_sim/lib:/home/karan_k/ardu_ws/install/ros_gz_bridge/lib:/home/karan_k/ardu_ws/install/ros_gz_interfaces/lib:/home/karan_k/ardu_ws/install/micro_ros_agent/lib:/home/karan_k/ardu_ws/install/ardupilot_msgs/lib:/home/karan_k/interbotix_ws/install/moveit_visual_tools/lib:/home/karan_k/interbotix_ws/install/interbotix_xs_rviz/lib:/home/karan_k/interbotix_ws/install/interbotix_xs_ros_control/lib:/home/karan_k/interbotix_ws/install/interbotix_xs_msgs/lib:/home/karan_k/interbotix_ws/install/interbotix_xs_driver/lib:/home/karan_k/interbotix_ws/install/interbotix_tf_tools/lib:/home/karan_k/interbotix_ws/install/interbotix_perception_msgs/lib:/home/karan_k/interbotix_ws/install/interbotix_moveit_interface_msgs/lib:/home/karan_k/interbotix_ws/install/dynamixel_workbench_toolbox/lib:/home/karan_k/apriltag_ws/install/apriltag_ros/lib:/usr/lib/x86_64-linux-gnu/gazebo-11/plugins:/opt/ros/humble/opt/rviz_ogre_vendor/lib:/opt/ros/humble/lib/x86_64-linux-gnu:/opt/ros/humble/lib:/usr/lib/x86_64-linux-gnu/gazebo-11/plugins:/usr/lib/x86_64-linux-gnu/gazebo-11/plugins:/usr/lib/x86_64-linux-gnu/gazebo-11/plugins:/usr/share/gazebo-11/../../lib/x86_64-linux-gnu/gazebo-11/plugins:/usr/lib/x86_64-linux-gnu/gazebo-11/plugins:/usr/lib/x86_64-linux-gnu/gazebo-11/plugins /usr/bin/cmake --build /home/karan_k/Geomagic_Touch_ROS2/build/omni_common -- -j16 -l16
[14.839s] DEBUG:colcon.colcon_core.event_handler.log_command:Invoked command in '/home/karan_k/Geomagic_Touch_ROS2/build/omni_common' returned '0': CMAKE_PREFIX_PATH=/home/karan_k/Geomagic_Touch_ROS2/install/omni_msgs:/home/karan_k/Geomagic_Touch_ROS2/install/omni_common:/home/karan_k/Geomagic_Touch_ROS2/install/omni_broadcaster:/home/karan_k/Geomagic_Touch_ROS2/install/omni_description:/home/karan_k/ardu_ws/install/test_ros_gz_bridge:/home/karan_k/ardu_ws/install/ros_ign:/home/karan_k/ardu_ws/install/ros_ign_gazebo_demos:/home/karan_k/ardu_ws/install/ros_gz:/home/karan_k/ardu_ws/install/ros_gz_sim_demos:/home/karan_k/ardu_ws/install/ardupilot_gz_bringup:/home/karan_k/ardu_ws/install/sdformat_urdf:/home/karan_k/ardu_ws/install/sdformat_test_files:/home/karan_k/ardu_ws/install/ros_ign_interfaces:/home/karan_k/ardu_ws/install/ros_ign_image:/home/karan_k/ardu_ws/install/ros_ign_gazebo:/home/karan_k/ardu_ws/install/ros_ign_bridge:/home/karan_k/ardu_ws/install/ros_gz_sim:/home/karan_k/ardu_ws/install/ros_gz_image:/home/karan_k/ardu_ws/install/ros_gz_bridge:/home/karan_k/ardu_ws/install/ros_gz_interfaces:/home/karan_k/ardu_ws/install/ardupilot_sitl:/home/karan_k/ardu_ws/install/micro_ros_agent:/home/karan_k/ardu_ws/install/ardupilot_sitl_models:/home/karan_k/ardu_ws/install/ardupilot_msgs:/home/karan_k/ardu_ws/install/ardupilot_gz_gazebo:/home/karan_k/ardu_ws/install/ardupilot_gz_description:/home/karan_k/ardu_ws/install/ardupilot_gz_application:/home/karan_k/ardu_ws/install/ardupilot_gazebo:/home/karan_k/interbotix_ws/install/interbotix_ros_xsarms_examples:/home/karan_k/interbotix_ws/install/interbotix_xsarm_moveit_interface:/home/karan_k/interbotix_ws/install/interbotix_moveit_interface:/home/karan_k/interbotix_ws/install/moveit_visual_tools:/home/karan_k/interbotix_ws/install/interbotix_ros_xsarms:/home/karan_k/interbotix_ws/install/interbotix_xsarm_moveit:/home/karan_k/interbotix_ws/install/interbotix_xsarm_sim:/home/karan_k/interbotix_ws/install/interbotix_xsarm_ros_control:/home/karan_k/interbotix_ws/install/interbotix_xsarm_puppet:/home/karan_k/interbotix_ws/install/interbotix_xsarm_perception:/home/karan_k/interbotix_ws/install/interbotix_xsarm_joy:/home/karan_k/interbotix_ws/install/interbotix_xsarm_gravity_compensation:/home/karan_k/interbotix_ws/install/interbotix_xsarm_dual:/home/karan_k/interbotix_ws/install/interbotix_xsarm_control:/home/karan_k/interbotix_ws/install/interbotix_xsarm_descriptions:/home/karan_k/interbotix_ws/install/interbotix_xs_toolbox:/home/karan_k/interbotix_ws/install/interbotix_xs_rviz:/home/karan_k/interbotix_ws/install/interbotix_ros_xseries:/home/karan_k/interbotix_ws/install/interbotix_xs_sdk:/home/karan_k/interbotix_ws/install/interbotix_xs_ros_control:/home/karan_k/interbotix_ws/install/interbotix_perception_toolbox:/home/karan_k/interbotix_ws/install/interbotix_common_toolbox:/home/karan_k/interbotix_ws/install/interbotix_gravity_compensation:/home/karan_k/interbotix_ws/install/interbotix_xs_msgs:/home/karan_k/interbotix_ws/install/interbotix_xs_driver:/home/karan_k/interbotix_ws/install/interbotix_tf_tools:/home/karan_k/interbotix_ws/install/interbotix_perception_pipelines:/home/karan_k/interbotix_ws/install/interbotix_perception_msgs:/home/karan_k/interbotix_ws/install/interbotix_moveit_interface_msgs:/home/karan_k/interbotix_ws/install/interbotix_common_sim:/home/karan_k/interbotix_ws/install/dynamixel_workbench_toolbox:/home/karan_k/apriltag_ws/install/apriltag_ros:/home/karan_k/ardu_ws/install/ardupilot_dds_tests:/home/karan_k/interbotix_ws/install/interbotix_xs_modules:/home/karan_k/interbotix_ws/install/interbotix_perception_modules:/home/karan_k/interbotix_ws/install/interbotix_common_modules:/opt/ros/humble LD_LIBRARY_PATH=/home/karan_k/Geomagic_Touch_ROS2/install/omni_msgs/lib:/home/karan_k/ardu_ws/install/sdformat_urdf/lib:/home/karan_k/ardu_ws/install/ros_ign_interfaces/lib:/home/karan_k/ardu_ws/install/ros_gz_sim/lib:/home/karan_k/ardu_ws/install/ros_gz_bridge/lib:/home/karan_k/ardu_ws/install/ros_gz_interfaces/lib:/home/karan_k/ardu_ws/install/micro_ros_agent/lib:/home/karan_k/ardu_ws/install/ardupilot_msgs/lib:/home/karan_k/interbotix_ws/install/moveit_visual_tools/lib:/home/karan_k/interbotix_ws/install/interbotix_xs_rviz/lib:/home/karan_k/interbotix_ws/install/interbotix_xs_ros_control/lib:/home/karan_k/interbotix_ws/install/interbotix_xs_msgs/lib:/home/karan_k/interbotix_ws/install/interbotix_xs_driver/lib:/home/karan_k/interbotix_ws/install/interbotix_tf_tools/lib:/home/karan_k/interbotix_ws/install/interbotix_perception_msgs/lib:/home/karan_k/interbotix_ws/install/interbotix_moveit_interface_msgs/lib:/home/karan_k/interbotix_ws/install/dynamixel_workbench_toolbox/lib:/home/karan_k/apriltag_ws/install/apriltag_ros/lib:/usr/lib/x86_64-linux-gnu/gazebo-11/plugins:/opt/ros/humble/opt/rviz_ogre_vendor/lib:/opt/ros/humble/lib/x86_64-linux-gnu:/opt/ros/humble/lib:/usr/lib/x86_64-linux-gnu/gazebo-11/plugins:/usr/lib/x86_64-linux-gnu/gazebo-11/plugins:/usr/lib/x86_64-linux-gnu/gazebo-11/plugins:/usr/share/gazebo-11/../../lib/x86_64-linux-gnu/gazebo-11/plugins:/usr/lib/x86_64-linux-gnu/gazebo-11/plugins:/usr/lib/x86_64-linux-gnu/gazebo-11/plugins /usr/bin/cmake --build /home/karan_k/Geomagic_Touch_ROS2/build/omni_common -- -j16 -l16
[14.841s] DEBUG:colcon.colcon_core.event_handler.log_command:Invoking command in '/home/karan_k/Geomagic_Touch_ROS2/build/omni_common': CMAKE_PREFIX_PATH=/home/karan_k/Geomagic_Touch_ROS2/install/omni_msgs:/home/karan_k/Geomagic_Touch_ROS2/install/omni_common:/home/karan_k/Geomagic_Touch_ROS2/install/omni_broadcaster:/home/karan_k/Geomagic_Touch_ROS2/install/omni_description:/home/karan_k/ardu_ws/install/test_ros_gz_bridge:/home/karan_k/ardu_ws/install/ros_ign:/home/karan_k/ardu_ws/install/ros_ign_gazebo_demos:/home/karan_k/ardu_ws/install/ros_gz:/home/karan_k/ardu_ws/install/ros_gz_sim_demos:/home/karan_k/ardu_ws/install/ardupilot_gz_bringup:/home/karan_k/ardu_ws/install/sdformat_urdf:/home/karan_k/ardu_ws/install/sdformat_test_files:/home/karan_k/ardu_ws/install/ros_ign_interfaces:/home/karan_k/ardu_ws/install/ros_ign_image:/home/karan_k/ardu_ws/install/ros_ign_gazebo:/home/karan_k/ardu_ws/install/ros_ign_bridge:/home/karan_k/ardu_ws/install/ros_gz_sim:/home/karan_k/ardu_ws/install/ros_gz_image:/home/karan_k/ardu_ws/install/ros_gz_bridge:/home/karan_k/ardu_ws/install/ros_gz_interfaces:/home/karan_k/ardu_ws/install/ardupilot_sitl:/home/karan_k/ardu_ws/install/micro_ros_agent:/home/karan_k/ardu_ws/install/ardupilot_sitl_models:/home/karan_k/ardu_ws/install/ardupilot_msgs:/home/karan_k/ardu_ws/install/ardupilot_gz_gazebo:/home/karan_k/ardu_ws/install/ardupilot_gz_description:/home/karan_k/ardu_ws/install/ardupilot_gz_application:/home/karan_k/ardu_ws/install/ardupilot_gazebo:/home/karan_k/interbotix_ws/install/interbotix_ros_xsarms_examples:/home/karan_k/interbotix_ws/install/interbotix_xsarm_moveit_interface:/home/karan_k/interbotix_ws/install/interbotix_moveit_interface:/home/karan_k/interbotix_ws/install/moveit_visual_tools:/home/karan_k/interbotix_ws/install/interbotix_ros_xsarms:/home/karan_k/interbotix_ws/install/interbotix_xsarm_moveit:/home/karan_k/interbotix_ws/install/interbotix_xsarm_sim:/home/karan_k/interbotix_ws/install/interbotix_xsarm_ros_control:/home/karan_k/interbotix_ws/install/interbotix_xsarm_puppet:/home/karan_k/interbotix_ws/install/interbotix_xsarm_perception:/home/karan_k/interbotix_ws/install/interbotix_xsarm_joy:/home/karan_k/interbotix_ws/install/interbotix_xsarm_gravity_compensation:/home/karan_k/interbotix_ws/install/interbotix_xsarm_dual:/home/karan_k/interbotix_ws/install/interbotix_xsarm_control:/home/karan_k/interbotix_ws/install/interbotix_xsarm_descriptions:/home/karan_k/interbotix_ws/install/interbotix_xs_toolbox:/home/karan_k/interbotix_ws/install/interbotix_xs_rviz:/home/karan_k/interbotix_ws/install/interbotix_ros_xseries:/home/karan_k/interbotix_ws/install/interbotix_xs_sdk:/home/karan_k/interbotix_ws/install/interbotix_xs_ros_control:/home/karan_k/interbotix_ws/install/interbotix_perception_toolbox:/home/karan_k/interbotix_ws/install/interbotix_common_toolbox:/home/karan_k/interbotix_ws/install/interbotix_gravity_compensation:/home/karan_k/interbotix_ws/install/interbotix_xs_msgs:/home/karan_k/interbotix_ws/install/interbotix_xs_driver:/home/karan_k/interbotix_ws/install/interbotix_tf_tools:/home/karan_k/interbotix_ws/install/interbotix_perception_pipelines:/home/karan_k/interbotix_ws/install/interbotix_perception_msgs:/home/karan_k/interbotix_ws/install/interbotix_moveit_interface_msgs:/home/karan_k/interbotix_ws/install/interbotix_common_sim:/home/karan_k/interbotix_ws/install/dynamixel_workbench_toolbox:/home/karan_k/apriltag_ws/install/apriltag_ros:/home/karan_k/ardu_ws/install/ardupilot_dds_tests:/home/karan_k/interbotix_ws/install/interbotix_xs_modules:/home/karan_k/interbotix_ws/install/interbotix_perception_modules:/home/karan_k/interbotix_ws/install/interbotix_common_modules:/opt/ros/humble LD_LIBRARY_PATH=/home/karan_k/Geomagic_Touch_ROS2/install/omni_msgs/lib:/home/karan_k/ardu_ws/install/sdformat_urdf/lib:/home/karan_k/ardu_ws/install/ros_ign_interfaces/lib:/home/karan_k/ardu_ws/install/ros_gz_sim/lib:/home/karan_k/ardu_ws/install/ros_gz_bridge/lib:/home/karan_k/ardu_ws/install/ros_gz_interfaces/lib:/home/karan_k/ardu_ws/install/micro_ros_agent/lib:/home/karan_k/ardu_ws/install/ardupilot_msgs/lib:/home/karan_k/interbotix_ws/install/moveit_visual_tools/lib:/home/karan_k/interbotix_ws/install/interbotix_xs_rviz/lib:/home/karan_k/interbotix_ws/install/interbotix_xs_ros_control/lib:/home/karan_k/interbotix_ws/install/interbotix_xs_msgs/lib:/home/karan_k/interbotix_ws/install/interbotix_xs_driver/lib:/home/karan_k/interbotix_ws/install/interbotix_tf_tools/lib:/home/karan_k/interbotix_ws/install/interbotix_perception_msgs/lib:/home/karan_k/interbotix_ws/install/interbotix_moveit_interface_msgs/lib:/home/karan_k/interbotix_ws/install/dynamixel_workbench_toolbox/lib:/home/karan_k/apriltag_ws/install/apriltag_ros/lib:/usr/lib/x86_64-linux-gnu/gazebo-11/plugins:/opt/ros/humble/opt/rviz_ogre_vendor/lib:/opt/ros/humble/lib/x86_64-linux-gnu:/opt/ros/humble/lib:/usr/lib/x86_64-linux-gnu/gazebo-11/plugins:/usr/lib/x86_64-linux-gnu/gazebo-11/plugins:/usr/lib/x86_64-linux-gnu/gazebo-11/plugins:/usr/share/gazebo-11/../../lib/x86_64-linux-gnu/gazebo-11/plugins:/usr/lib/x86_64-linux-gnu/gazebo-11/plugins:/usr/lib/x86_64-linux-gnu/gazebo-11/plugins /usr/bin/cmake --install /home/karan_k/Geomagic_Touch_ROS2/build/omni_common
[14.864s] Level 1:colcon.colcon_core.environment:create_environment_scripts_only(omni_common)
[14.864s] Level 1:colcon.colcon_core.environment:checking '/home/karan_k/Geomagic_Touch_ROS2/install/omni_common' for CMake module files
[14.865s] DEBUG:colcon.colcon_core.event_handler.log_command:Invoked command in '/home/karan_k/Geomagic_Touch_ROS2/build/omni_common' returned '0': CMAKE_PREFIX_PATH=/home/karan_k/Geomagic_Touch_ROS2/install/omni_msgs:/home/karan_k/Geomagic_Touch_ROS2/install/omni_common:/home/karan_k/Geomagic_Touch_ROS2/install/omni_broadcaster:/home/karan_k/Geomagic_Touch_ROS2/install/omni_description:/home/karan_k/ardu_ws/install/test_ros_gz_bridge:/home/karan_k/ardu_ws/install/ros_ign:/home/karan_k/ardu_ws/install/ros_ign_gazebo_demos:/home/karan_k/ardu_ws/install/ros_gz:/home/karan_k/ardu_ws/install/ros_gz_sim_demos:/home/karan_k/ardu_ws/install/ardupilot_gz_bringup:/home/karan_k/ardu_ws/install/sdformat_urdf:/home/karan_k/ardu_ws/install/sdformat_test_files:/home/karan_k/ardu_ws/install/ros_ign_interfaces:/home/karan_k/ardu_ws/install/ros_ign_image:/home/karan_k/ardu_ws/install/ros_ign_gazebo:/home/karan_k/ardu_ws/install/ros_ign_bridge:/home/karan_k/ardu_ws/install/ros_gz_sim:/home/karan_k/ardu_ws/install/ros_gz_image:/home/karan_k/ardu_ws/install/ros_gz_bridge:/home/karan_k/ardu_ws/install/ros_gz_interfaces:/home/karan_k/ardu_ws/install/ardupilot_sitl:/home/karan_k/ardu_ws/install/micro_ros_agent:/home/karan_k/ardu_ws/install/ardupilot_sitl_models:/home/karan_k/ardu_ws/install/ardupilot_msgs:/home/karan_k/ardu_ws/install/ardupilot_gz_gazebo:/home/karan_k/ardu_ws/install/ardupilot_gz_description:/home/karan_k/ardu_ws/install/ardupilot_gz_application:/home/karan_k/ardu_ws/install/ardupilot_gazebo:/home/karan_k/interbotix_ws/install/interbotix_ros_xsarms_examples:/home/karan_k/interbotix_ws/install/interbotix_xsarm_moveit_interface:/home/karan_k/interbotix_ws/install/interbotix_moveit_interface:/home/karan_k/interbotix_ws/install/moveit_visual_tools:/home/karan_k/interbotix_ws/install/interbotix_ros_xsarms:/home/karan_k/interbotix_ws/install/interbotix_xsarm_moveit:/home/karan_k/interbotix_ws/install/interbotix_xsarm_sim:/home/karan_k/interbotix_ws/install/interbotix_xsarm_ros_control:/home/karan_k/interbotix_ws/install/interbotix_xsarm_puppet:/home/karan_k/interbotix_ws/install/interbotix_xsarm_perception:/home/karan_k/interbotix_ws/install/interbotix_xsarm_joy:/home/karan_k/interbotix_ws/install/interbotix_xsarm_gravity_compensation:/home/karan_k/interbotix_ws/install/interbotix_xsarm_dual:/home/karan_k/interbotix_ws/install/interbotix_xsarm_control:/home/karan_k/interbotix_ws/install/interbotix_xsarm_descriptions:/home/karan_k/interbotix_ws/install/interbotix_xs_toolbox:/home/karan_k/interbotix_ws/install/interbotix_xs_rviz:/home/karan_k/interbotix_ws/install/interbotix_ros_xseries:/home/karan_k/interbotix_ws/install/interbotix_xs_sdk:/home/karan_k/interbotix_ws/install/interbotix_xs_ros_control:/home/karan_k/interbotix_ws/install/interbotix_perception_toolbox:/home/karan_k/interbotix_ws/install/interbotix_common_toolbox:/home/karan_k/interbotix_ws/install/interbotix_gravity_compensation:/home/karan_k/interbotix_ws/install/interbotix_xs_msgs:/home/karan_k/interbotix_ws/install/interbotix_xs_driver:/home/karan_k/interbotix_ws/install/interbotix_tf_tools:/home/karan_k/interbotix_ws/install/interbotix_perception_pipelines:/home/karan_k/interbotix_ws/install/interbotix_perception_msgs:/home/karan_k/interbotix_ws/install/interbotix_moveit_interface_msgs:/home/karan_k/interbotix_ws/install/interbotix_common_sim:/home/karan_k/interbotix_ws/install/dynamixel_workbench_toolbox:/home/karan_k/apriltag_ws/install/apriltag_ros:/home/karan_k/ardu_ws/install/ardupilot_dds_tests:/home/karan_k/interbotix_ws/install/interbotix_xs_modules:/home/karan_k/interbotix_ws/install/interbotix_perception_modules:/home/karan_k/interbotix_ws/install/interbotix_common_modules:/opt/ros/humble LD_LIBRARY_PATH=/home/karan_k/Geomagic_Touch_ROS2/install/omni_msgs/lib:/home/karan_k/ardu_ws/install/sdformat_urdf/lib:/home/karan_k/ardu_ws/install/ros_ign_interfaces/lib:/home/karan_k/ardu_ws/install/ros_gz_sim/lib:/home/karan_k/ardu_ws/install/ros_gz_bridge/lib:/home/karan_k/ardu_ws/install/ros_gz_interfaces/lib:/home/karan_k/ardu_ws/install/micro_ros_agent/lib:/home/karan_k/ardu_ws/install/ardupilot_msgs/lib:/home/karan_k/interbotix_ws/install/moveit_visual_tools/lib:/home/karan_k/interbotix_ws/install/interbotix_xs_rviz/lib:/home/karan_k/interbotix_ws/install/interbotix_xs_ros_control/lib:/home/karan_k/interbotix_ws/install/interbotix_xs_msgs/lib:/home/karan_k/interbotix_ws/install/interbotix_xs_driver/lib:/home/karan_k/interbotix_ws/install/interbotix_tf_tools/lib:/home/karan_k/interbotix_ws/install/interbotix_perception_msgs/lib:/home/karan_k/interbotix_ws/install/interbotix_moveit_interface_msgs/lib:/home/karan_k/interbotix_ws/install/dynamixel_workbench_toolbox/lib:/home/karan_k/apriltag_ws/install/apriltag_ros/lib:/usr/lib/x86_64-linux-gnu/gazebo-11/plugins:/opt/ros/humble/opt/rviz_ogre_vendor/lib:/opt/ros/humble/lib/x86_64-linux-gnu:/opt/ros/humble/lib:/usr/lib/x86_64-linux-gnu/gazebo-11/plugins:/usr/lib/x86_64-linux-gnu/gazebo-11/plugins:/usr/lib/x86_64-linux-gnu/gazebo-11/plugins:/usr/share/gazebo-11/../../lib/x86_64-linux-gnu/gazebo-11/plugins:/usr/lib/x86_64-linux-gnu/gazebo-11/plugins:/usr/lib/x86_64-linux-gnu/gazebo-11/plugins /usr/bin/cmake --install /home/karan_k/Geomagic_Touch_ROS2/build/omni_common
[14.865s] Level 1:colcon.colcon_core.environment:checking '/home/karan_k/Geomagic_Touch_ROS2/install/omni_common' for CMake config files
[14.865s] Level 1:colcon.colcon_core.shell:create_environment_hook('omni_common', 'cmake_prefix_path')
[14.866s] INFO:colcon.colcon_core.shell:Creating environment hook '/home/karan_k/Geomagic_Touch_ROS2/install/omni_common/share/omni_common/hook/cmake_prefix_path.ps1'
[14.866s] INFO:colcon.colcon_core.shell:Creating environment descriptor '/home/karan_k/Geomagic_Touch_ROS2/install/omni_common/share/omni_common/hook/cmake_prefix_path.dsv'
[14.866s] INFO:colcon.colcon_core.shell:Creating environment hook '/home/karan_k/Geomagic_Touch_ROS2/install/omni_common/share/omni_common/hook/cmake_prefix_path.sh'
[14.867s] Level 1:colcon.colcon_core.environment:checking '/home/karan_k/Geomagic_Touch_ROS2/install/omni_common/lib'
[14.867s] Level 1:colcon.colcon_core.environment:checking '/home/karan_k/Geomagic_Touch_ROS2/install/omni_common/bin'
[14.867s] Level 1:colcon.colcon_core.environment:checking '/home/karan_k/Geomagic_Touch_ROS2/install/omni_common/lib/pkgconfig/omni_common.pc'
[14.867s] Level 1:colcon.colcon_core.environment:checking '/home/karan_k/Geomagic_Touch_ROS2/install/omni_common/lib/python3.10/site-packages'
[14.867s] Level 1:colcon.colcon_core.environment:checking '/home/karan_k/Geomagic_Touch_ROS2/install/omni_common/bin'
[14.868s] INFO:colcon.colcon_core.shell:Creating package script '/home/karan_k/Geomagic_Touch_ROS2/install/omni_common/share/omni_common/package.ps1'
[14.868s] INFO:colcon.colcon_core.shell:Creating package descriptor '/home/karan_k/Geomagic_Touch_ROS2/install/omni_common/share/omni_common/package.dsv'
[14.868s] INFO:colcon.colcon_core.shell:Creating package script '/home/karan_k/Geomagic_Touch_ROS2/install/omni_common/share/omni_common/package.sh'
[14.869s] INFO:colcon.colcon_core.shell:Creating package script '/home/karan_k/Geomagic_Touch_ROS2/install/omni_common/share/omni_common/package.bash'
[14.869s] INFO:colcon.colcon_core.shell:Creating package script '/home/karan_k/Geomagic_Touch_ROS2/install/omni_common/share/omni_common/package.zsh'
[14.869s] Level 1:colcon.colcon_core.environment:create_file_with_runtime_dependencies(/home/karan_k/Geomagic_Touch_ROS2/install/omni_common/share/colcon-core/packages/omni_common)
[14.870s] Level 1:colcon.colcon_core.environment:create_environment_scripts_only(omni_common)
[14.870s] Level 1:colcon.colcon_core.environment:checking '/home/karan_k/Geomagic_Touch_ROS2/install/omni_common' for CMake module files
[14.870s] Level 1:colcon.colcon_core.environment:checking '/home/karan_k/Geomagic_Touch_ROS2/install/omni_common' for CMake config files
[14.871s] Level 1:colcon.colcon_core.shell:create_environment_hook('omni_common', 'cmake_prefix_path')
[14.871s] INFO:colcon.colcon_core.shell:Creating environment hook '/home/karan_k/Geomagic_Touch_ROS2/install/omni_common/share/omni_common/hook/cmake_prefix_path.ps1'
[14.871s] INFO:colcon.colcon_core.shell:Creating environment descriptor '/home/karan_k/Geomagic_Touch_ROS2/install/omni_common/share/omni_common/hook/cmake_prefix_path.dsv'
[14.871s] INFO:colcon.colcon_core.shell:Creating environment hook '/home/karan_k/Geomagic_Touch_ROS2/install/omni_common/share/omni_common/hook/cmake_prefix_path.sh'
[14.872s] Level 1:colcon.colcon_core.environment:checking '/home/karan_k/Geomagic_Touch_ROS2/install/omni_common/lib'
[14.872s] Level 1:colcon.colcon_core.environment:checking '/home/karan_k/Geomagic_Touch_ROS2/install/omni_common/bin'
[14.872s] Level 1:colcon.colcon_core.environment:checking '/home/karan_k/Geomagic_Touch_ROS2/install/omni_common/lib/pkgconfig/omni_common.pc'
[14.872s] Level 1:colcon.colcon_core.environment:checking '/home/karan_k/Geomagic_Touch_ROS2/install/omni_common/lib/python3.10/site-packages'
[14.872s] Level 1:colcon.colcon_core.environment:checking '/home/karan_k/Geomagic_Touch_ROS2/install/omni_common/bin'
[14.873s] INFO:colcon.colcon_core.shell:Creating package script '/home/karan_k/Geomagic_Touch_ROS2/install/omni_common/share/omni_common/package.ps1'
[14.873s] INFO:colcon.colcon_core.shell:Creating package descriptor '/home/karan_k/Geomagic_Touch_ROS2/install/omni_common/share/omni_common/package.dsv'
[14.873s] INFO:colcon.colcon_core.shell:Creating package script '/home/karan_k/Geomagic_Touch_ROS2/install/omni_common/share/omni_common/package.sh'
[14.874s] INFO:colcon.colcon_core.shell:Creating package script '/home/karan_k/Geomagic_Touch_ROS2/install/omni_common/share/omni_common/package.bash'
[14.874s] INFO:colcon.colcon_core.shell:Creating package script '/home/karan_k/Geomagic_Touch_ROS2/install/omni_common/share/omni_common/package.zsh'
[14.874s] Level 1:colcon.colcon_core.environment:create_file_with_runtime_dependencies(/home/karan_k/Geomagic_Touch_ROS2/install/omni_common/share/colcon-core/packages/omni_common)
[15.111s] DEBUG:colcon.colcon_core.event_handler.log_command:Invoked command in '/home/karan_k/Geomagic_Touch_ROS2/build/omni_broadcaster' returned '0': CMAKE_PREFIX_PATH=/home/karan_k/Geomagic_Touch_ROS2/install/omni_msgs:/home/karan_k/Geomagic_Touch_ROS2/install/omni_common:/home/karan_k/Geomagic_Touch_ROS2/install/omni_broadcaster:/home/karan_k/Geomagic_Touch_ROS2/install/omni_description:/home/karan_k/ardu_ws/install/test_ros_gz_bridge:/home/karan_k/ardu_ws/install/ros_ign:/home/karan_k/ardu_ws/install/ros_ign_gazebo_demos:/home/karan_k/ardu_ws/install/ros_gz:/home/karan_k/ardu_ws/install/ros_gz_sim_demos:/home/karan_k/ardu_ws/install/ardupilot_gz_bringup:/home/karan_k/ardu_ws/install/sdformat_urdf:/home/karan_k/ardu_ws/install/sdformat_test_files:/home/karan_k/ardu_ws/install/ros_ign_interfaces:/home/karan_k/ardu_ws/install/ros_ign_image:/home/karan_k/ardu_ws/install/ros_ign_gazebo:/home/karan_k/ardu_ws/install/ros_ign_bridge:/home/karan_k/ardu_ws/install/ros_gz_sim:/home/karan_k/ardu_ws/install/ros_gz_image:/home/karan_k/ardu_ws/install/ros_gz_bridge:/home/karan_k/ardu_ws/install/ros_gz_interfaces:/home/karan_k/ardu_ws/install/ardupilot_sitl:/home/karan_k/ardu_ws/install/micro_ros_agent:/home/karan_k/ardu_ws/install/ardupilot_sitl_models:/home/karan_k/ardu_ws/install/ardupilot_msgs:/home/karan_k/ardu_ws/install/ardupilot_gz_gazebo:/home/karan_k/ardu_ws/install/ardupilot_gz_description:/home/karan_k/ardu_ws/install/ardupilot_gz_application:/home/karan_k/ardu_ws/install/ardupilot_gazebo:/home/karan_k/interbotix_ws/install/interbotix_ros_xsarms_examples:/home/karan_k/interbotix_ws/install/interbotix_xsarm_moveit_interface:/home/karan_k/interbotix_ws/install/interbotix_moveit_interface:/home/karan_k/interbotix_ws/install/moveit_visual_tools:/home/karan_k/interbotix_ws/install/interbotix_ros_xsarms:/home/karan_k/interbotix_ws/install/interbotix_xsarm_moveit:/home/karan_k/interbotix_ws/install/interbotix_xsarm_sim:/home/karan_k/interbotix_ws/install/interbotix_xsarm_ros_control:/home/karan_k/interbotix_ws/install/interbotix_xsarm_puppet:/home/karan_k/interbotix_ws/install/interbotix_xsarm_perception:/home/karan_k/interbotix_ws/install/interbotix_xsarm_joy:/home/karan_k/interbotix_ws/install/interbotix_xsarm_gravity_compensation:/home/karan_k/interbotix_ws/install/interbotix_xsarm_dual:/home/karan_k/interbotix_ws/install/interbotix_xsarm_control:/home/karan_k/interbotix_ws/install/interbotix_xsarm_descriptions:/home/karan_k/interbotix_ws/install/interbotix_xs_toolbox:/home/karan_k/interbotix_ws/install/interbotix_xs_rviz:/home/karan_k/interbotix_ws/install/interbotix_ros_xseries:/home/karan_k/interbotix_ws/install/interbotix_xs_sdk:/home/karan_k/interbotix_ws/install/interbotix_xs_ros_control:/home/karan_k/interbotix_ws/install/interbotix_perception_toolbox:/home/karan_k/interbotix_ws/install/interbotix_common_toolbox:/home/karan_k/interbotix_ws/install/interbotix_gravity_compensation:/home/karan_k/interbotix_ws/install/interbotix_xs_msgs:/home/karan_k/interbotix_ws/install/interbotix_xs_driver:/home/karan_k/interbotix_ws/install/interbotix_tf_tools:/home/karan_k/interbotix_ws/install/interbotix_perception_pipelines:/home/karan_k/interbotix_ws/install/interbotix_perception_msgs:/home/karan_k/interbotix_ws/install/interbotix_moveit_interface_msgs:/home/karan_k/interbotix_ws/install/interbotix_common_sim:/home/karan_k/interbotix_ws/install/dynamixel_workbench_toolbox:/home/karan_k/apriltag_ws/install/apriltag_ros:/home/karan_k/ardu_ws/install/ardupilot_dds_tests:/home/karan_k/interbotix_ws/install/interbotix_xs_modules:/home/karan_k/interbotix_ws/install/interbotix_perception_modules:/home/karan_k/interbotix_ws/install/interbotix_common_modules:/opt/ros/humble LD_LIBRARY_PATH=/home/karan_k/Geomagic_Touch_ROS2/install/omni_msgs/lib:/home/karan_k/ardu_ws/install/sdformat_urdf/lib:/home/karan_k/ardu_ws/install/ros_ign_interfaces/lib:/home/karan_k/ardu_ws/install/ros_gz_sim/lib:/home/karan_k/ardu_ws/install/ros_gz_bridge/lib:/home/karan_k/ardu_ws/install/ros_gz_interfaces/lib:/home/karan_k/ardu_ws/install/micro_ros_agent/lib:/home/karan_k/ardu_ws/install/ardupilot_msgs/lib:/home/karan_k/interbotix_ws/install/moveit_visual_tools/lib:/home/karan_k/interbotix_ws/install/interbotix_xs_rviz/lib:/home/karan_k/interbotix_ws/install/interbotix_xs_ros_control/lib:/home/karan_k/interbotix_ws/install/interbotix_xs_msgs/lib:/home/karan_k/interbotix_ws/install/interbotix_xs_driver/lib:/home/karan_k/interbotix_ws/install/interbotix_tf_tools/lib:/home/karan_k/interbotix_ws/install/interbotix_perception_msgs/lib:/home/karan_k/interbotix_ws/install/interbotix_moveit_interface_msgs/lib:/home/karan_k/interbotix_ws/install/dynamixel_workbench_toolbox/lib:/home/karan_k/apriltag_ws/install/apriltag_ros/lib:/usr/lib/x86_64-linux-gnu/gazebo-11/plugins:/opt/ros/humble/opt/rviz_ogre_vendor/lib:/opt/ros/humble/lib/x86_64-linux-gnu:/opt/ros/humble/lib:/usr/lib/x86_64-linux-gnu/gazebo-11/plugins:/usr/lib/x86_64-linux-gnu/gazebo-11/plugins:/usr/lib/x86_64-linux-gnu/gazebo-11/plugins:/usr/share/gazebo-11/../../lib/x86_64-linux-gnu/gazebo-11/plugins:/usr/lib/x86_64-linux-gnu/gazebo-11/plugins:/usr/lib/x86_64-linux-gnu/gazebo-11/plugins /usr/bin/cmake --build /home/karan_k/Geomagic_Touch_ROS2/build/omni_broadcaster -- -j16 -l16
[15.112s] DEBUG:colcon.colcon_core.event_handler.log_command:Invoking command in '/home/karan_k/Geomagic_Touch_ROS2/build/omni_broadcaster': CMAKE_PREFIX_PATH=/home/karan_k/Geomagic_Touch_ROS2/install/omni_msgs:/home/karan_k/Geomagic_Touch_ROS2/install/omni_common:/home/karan_k/Geomagic_Touch_ROS2/install/omni_broadcaster:/home/karan_k/Geomagic_Touch_ROS2/install/omni_description:/home/karan_k/ardu_ws/install/test_ros_gz_bridge:/home/karan_k/ardu_ws/install/ros_ign:/home/karan_k/ardu_ws/install/ros_ign_gazebo_demos:/home/karan_k/ardu_ws/install/ros_gz:/home/karan_k/ardu_ws/install/ros_gz_sim_demos:/home/karan_k/ardu_ws/install/ardupilot_gz_bringup:/home/karan_k/ardu_ws/install/sdformat_urdf:/home/karan_k/ardu_ws/install/sdformat_test_files:/home/karan_k/ardu_ws/install/ros_ign_interfaces:/home/karan_k/ardu_ws/install/ros_ign_image:/home/karan_k/ardu_ws/install/ros_ign_gazebo:/home/karan_k/ardu_ws/install/ros_ign_bridge:/home/karan_k/ardu_ws/install/ros_gz_sim:/home/karan_k/ardu_ws/install/ros_gz_image:/home/karan_k/ardu_ws/install/ros_gz_bridge:/home/karan_k/ardu_ws/install/ros_gz_interfaces:/home/karan_k/ardu_ws/install/ardupilot_sitl:/home/karan_k/ardu_ws/install/micro_ros_agent:/home/karan_k/ardu_ws/install/ardupilot_sitl_models:/home/karan_k/ardu_ws/install/ardupilot_msgs:/home/karan_k/ardu_ws/install/ardupilot_gz_gazebo:/home/karan_k/ardu_ws/install/ardupilot_gz_description:/home/karan_k/ardu_ws/install/ardupilot_gz_application:/home/karan_k/ardu_ws/install/ardupilot_gazebo:/home/karan_k/interbotix_ws/install/interbotix_ros_xsarms_examples:/home/karan_k/interbotix_ws/install/interbotix_xsarm_moveit_interface:/home/karan_k/interbotix_ws/install/interbotix_moveit_interface:/home/karan_k/interbotix_ws/install/moveit_visual_tools:/home/karan_k/interbotix_ws/install/interbotix_ros_xsarms:/home/karan_k/interbotix_ws/install/interbotix_xsarm_moveit:/home/karan_k/interbotix_ws/install/interbotix_xsarm_sim:/home/karan_k/interbotix_ws/install/interbotix_xsarm_ros_control:/home/karan_k/interbotix_ws/install/interbotix_xsarm_puppet:/home/karan_k/interbotix_ws/install/interbotix_xsarm_perception:/home/karan_k/interbotix_ws/install/interbotix_xsarm_joy:/home/karan_k/interbotix_ws/install/interbotix_xsarm_gravity_compensation:/home/karan_k/interbotix_ws/install/interbotix_xsarm_dual:/home/karan_k/interbotix_ws/install/interbotix_xsarm_control:/home/karan_k/interbotix_ws/install/interbotix_xsarm_descriptions:/home/karan_k/interbotix_ws/install/interbotix_xs_toolbox:/home/karan_k/interbotix_ws/install/interbotix_xs_rviz:/home/karan_k/interbotix_ws/install/interbotix_ros_xseries:/home/karan_k/interbotix_ws/install/interbotix_xs_sdk:/home/karan_k/interbotix_ws/install/interbotix_xs_ros_control:/home/karan_k/interbotix_ws/install/interbotix_perception_toolbox:/home/karan_k/interbotix_ws/install/interbotix_common_toolbox:/home/karan_k/interbotix_ws/install/interbotix_gravity_compensation:/home/karan_k/interbotix_ws/install/interbotix_xs_msgs:/home/karan_k/interbotix_ws/install/interbotix_xs_driver:/home/karan_k/interbotix_ws/install/interbotix_tf_tools:/home/karan_k/interbotix_ws/install/interbotix_perception_pipelines:/home/karan_k/interbotix_ws/install/interbotix_perception_msgs:/home/karan_k/interbotix_ws/install/interbotix_moveit_interface_msgs:/home/karan_k/interbotix_ws/install/interbotix_common_sim:/home/karan_k/interbotix_ws/install/dynamixel_workbench_toolbox:/home/karan_k/apriltag_ws/install/apriltag_ros:/home/karan_k/ardu_ws/install/ardupilot_dds_tests:/home/karan_k/interbotix_ws/install/interbotix_xs_modules:/home/karan_k/interbotix_ws/install/interbotix_perception_modules:/home/karan_k/interbotix_ws/install/interbotix_common_modules:/opt/ros/humble LD_LIBRARY_PATH=/home/karan_k/Geomagic_Touch_ROS2/install/omni_msgs/lib:/home/karan_k/ardu_ws/install/sdformat_urdf/lib:/home/karan_k/ardu_ws/install/ros_ign_interfaces/lib:/home/karan_k/ardu_ws/install/ros_gz_sim/lib:/home/karan_k/ardu_ws/install/ros_gz_bridge/lib:/home/karan_k/ardu_ws/install/ros_gz_interfaces/lib:/home/karan_k/ardu_ws/install/micro_ros_agent/lib:/home/karan_k/ardu_ws/install/ardupilot_msgs/lib:/home/karan_k/interbotix_ws/install/moveit_visual_tools/lib:/home/karan_k/interbotix_ws/install/interbotix_xs_rviz/lib:/home/karan_k/interbotix_ws/install/interbotix_xs_ros_control/lib:/home/karan_k/interbotix_ws/install/interbotix_xs_msgs/lib:/home/karan_k/interbotix_ws/install/interbotix_xs_driver/lib:/home/karan_k/interbotix_ws/install/interbotix_tf_tools/lib:/home/karan_k/interbotix_ws/install/interbotix_perception_msgs/lib:/home/karan_k/interbotix_ws/install/interbotix_moveit_interface_msgs/lib:/home/karan_k/interbotix_ws/install/dynamixel_workbench_toolbox/lib:/home/karan_k/apriltag_ws/install/apriltag_ros/lib:/usr/lib/x86_64-linux-gnu/gazebo-11/plugins:/opt/ros/humble/opt/rviz_ogre_vendor/lib:/opt/ros/humble/lib/x86_64-linux-gnu:/opt/ros/humble/lib:/usr/lib/x86_64-linux-gnu/gazebo-11/plugins:/usr/lib/x86_64-linux-gnu/gazebo-11/plugins:/usr/lib/x86_64-linux-gnu/gazebo-11/plugins:/usr/share/gazebo-11/../../lib/x86_64-linux-gnu/gazebo-11/plugins:/usr/lib/x86_64-linux-gnu/gazebo-11/plugins:/usr/lib/x86_64-linux-gnu/gazebo-11/plugins /usr/bin/cmake --install /home/karan_k/Geomagic_Touch_ROS2/build/omni_broadcaster
[15.129s] Level 1:colcon.colcon_core.environment:create_environment_scripts_only(omni_broadcaster)
[15.130s] Level 1:colcon.colcon_core.environment:checking '/home/karan_k/Geomagic_Touch_ROS2/install/omni_broadcaster' for CMake module files
[15.130s] DEBUG:colcon.colcon_core.event_handler.log_command:Invoked command in '/home/karan_k/Geomagic_Touch_ROS2/build/omni_broadcaster' returned '0': CMAKE_PREFIX_PATH=/home/karan_k/Geomagic_Touch_ROS2/install/omni_msgs:/home/karan_k/Geomagic_Touch_ROS2/install/omni_common:/home/karan_k/Geomagic_Touch_ROS2/install/omni_broadcaster:/home/karan_k/Geomagic_Touch_ROS2/install/omni_description:/home/karan_k/ardu_ws/install/test_ros_gz_bridge:/home/karan_k/ardu_ws/install/ros_ign:/home/karan_k/ardu_ws/install/ros_ign_gazebo_demos:/home/karan_k/ardu_ws/install/ros_gz:/home/karan_k/ardu_ws/install/ros_gz_sim_demos:/home/karan_k/ardu_ws/install/ardupilot_gz_bringup:/home/karan_k/ardu_ws/install/sdformat_urdf:/home/karan_k/ardu_ws/install/sdformat_test_files:/home/karan_k/ardu_ws/install/ros_ign_interfaces:/home/karan_k/ardu_ws/install/ros_ign_image:/home/karan_k/ardu_ws/install/ros_ign_gazebo:/home/karan_k/ardu_ws/install/ros_ign_bridge:/home/karan_k/ardu_ws/install/ros_gz_sim:/home/karan_k/ardu_ws/install/ros_gz_image:/home/karan_k/ardu_ws/install/ros_gz_bridge:/home/karan_k/ardu_ws/install/ros_gz_interfaces:/home/karan_k/ardu_ws/install/ardupilot_sitl:/home/karan_k/ardu_ws/install/micro_ros_agent:/home/karan_k/ardu_ws/install/ardupilot_sitl_models:/home/karan_k/ardu_ws/install/ardupilot_msgs:/home/karan_k/ardu_ws/install/ardupilot_gz_gazebo:/home/karan_k/ardu_ws/install/ardupilot_gz_description:/home/karan_k/ardu_ws/install/ardupilot_gz_application:/home/karan_k/ardu_ws/install/ardupilot_gazebo:/home/karan_k/interbotix_ws/install/interbotix_ros_xsarms_examples:/home/karan_k/interbotix_ws/install/interbotix_xsarm_moveit_interface:/home/karan_k/interbotix_ws/install/interbotix_moveit_interface:/home/karan_k/interbotix_ws/install/moveit_visual_tools:/home/karan_k/interbotix_ws/install/interbotix_ros_xsarms:/home/karan_k/interbotix_ws/install/interbotix_xsarm_moveit:/home/karan_k/interbotix_ws/install/interbotix_xsarm_sim:/home/karan_k/interbotix_ws/install/interbotix_xsarm_ros_control:/home/karan_k/interbotix_ws/install/interbotix_xsarm_puppet:/home/karan_k/interbotix_ws/install/interbotix_xsarm_perception:/home/karan_k/interbotix_ws/install/interbotix_xsarm_joy:/home/karan_k/interbotix_ws/install/interbotix_xsarm_gravity_compensation:/home/karan_k/interbotix_ws/install/interbotix_xsarm_dual:/home/karan_k/interbotix_ws/install/interbotix_xsarm_control:/home/karan_k/interbotix_ws/install/interbotix_xsarm_descriptions:/home/karan_k/interbotix_ws/install/interbotix_xs_toolbox:/home/karan_k/interbotix_ws/install/interbotix_xs_rviz:/home/karan_k/interbotix_ws/install/interbotix_ros_xseries:/home/karan_k/interbotix_ws/install/interbotix_xs_sdk:/home/karan_k/interbotix_ws/install/interbotix_xs_ros_control:/home/karan_k/interbotix_ws/install/interbotix_perception_toolbox:/home/karan_k/interbotix_ws/install/interbotix_common_toolbox:/home/karan_k/interbotix_ws/install/interbotix_gravity_compensation:/home/karan_k/interbotix_ws/install/interbotix_xs_msgs:/home/karan_k/interbotix_ws/install/interbotix_xs_driver:/home/karan_k/interbotix_ws/install/interbotix_tf_tools:/home/karan_k/interbotix_ws/install/interbotix_perception_pipelines:/home/karan_k/interbotix_ws/install/interbotix_perception_msgs:/home/karan_k/interbotix_ws/install/interbotix_moveit_interface_msgs:/home/karan_k/interbotix_ws/install/interbotix_common_sim:/home/karan_k/interbotix_ws/install/dynamixel_workbench_toolbox:/home/karan_k/apriltag_ws/install/apriltag_ros:/home/karan_k/ardu_ws/install/ardupilot_dds_tests:/home/karan_k/interbotix_ws/install/interbotix_xs_modules:/home/karan_k/interbotix_ws/install/interbotix_perception_modules:/home/karan_k/interbotix_ws/install/interbotix_common_modules:/opt/ros/humble LD_LIBRARY_PATH=/home/karan_k/Geomagic_Touch_ROS2/install/omni_msgs/lib:/home/karan_k/ardu_ws/install/sdformat_urdf/lib:/home/karan_k/ardu_ws/install/ros_ign_interfaces/lib:/home/karan_k/ardu_ws/install/ros_gz_sim/lib:/home/karan_k/ardu_ws/install/ros_gz_bridge/lib:/home/karan_k/ardu_ws/install/ros_gz_interfaces/lib:/home/karan_k/ardu_ws/install/micro_ros_agent/lib:/home/karan_k/ardu_ws/install/ardupilot_msgs/lib:/home/karan_k/interbotix_ws/install/moveit_visual_tools/lib:/home/karan_k/interbotix_ws/install/interbotix_xs_rviz/lib:/home/karan_k/interbotix_ws/install/interbotix_xs_ros_control/lib:/home/karan_k/interbotix_ws/install/interbotix_xs_msgs/lib:/home/karan_k/interbotix_ws/install/interbotix_xs_driver/lib:/home/karan_k/interbotix_ws/install/interbotix_tf_tools/lib:/home/karan_k/interbotix_ws/install/interbotix_perception_msgs/lib:/home/karan_k/interbotix_ws/install/interbotix_moveit_interface_msgs/lib:/home/karan_k/interbotix_ws/install/dynamixel_workbench_toolbox/lib:/home/karan_k/apriltag_ws/install/apriltag_ros/lib:/usr/lib/x86_64-linux-gnu/gazebo-11/plugins:/opt/ros/humble/opt/rviz_ogre_vendor/lib:/opt/ros/humble/lib/x86_64-linux-gnu:/opt/ros/humble/lib:/usr/lib/x86_64-linux-gnu/gazebo-11/plugins:/usr/lib/x86_64-linux-gnu/gazebo-11/plugins:/usr/lib/x86_64-linux-gnu/gazebo-11/plugins:/usr/share/gazebo-11/../../lib/x86_64-linux-gnu/gazebo-11/plugins:/usr/lib/x86_64-linux-gnu/gazebo-11/plugins:/usr/lib/x86_64-linux-gnu/gazebo-11/plugins /usr/bin/cmake --install /home/karan_k/Geomagic_Touch_ROS2/build/omni_broadcaster
[15.130s] Level 1:colcon.colcon_core.environment:checking '/home/karan_k/Geomagic_Touch_ROS2/install/omni_broadcaster' for CMake config files
[15.131s] Level 1:colcon.colcon_core.shell:create_environment_hook('omni_broadcaster', 'cmake_prefix_path')
[15.131s] INFO:colcon.colcon_core.shell:Creating environment hook '/home/karan_k/Geomagic_Touch_ROS2/install/omni_broadcaster/share/omni_broadcaster/hook/cmake_prefix_path.ps1'
[15.131s] INFO:colcon.colcon_core.shell:Creating environment descriptor '/home/karan_k/Geomagic_Touch_ROS2/install/omni_broadcaster/share/omni_broadcaster/hook/cmake_prefix_path.dsv'
[15.132s] INFO:colcon.colcon_core.shell:Creating environment hook '/home/karan_k/Geomagic_Touch_ROS2/install/omni_broadcaster/share/omni_broadcaster/hook/cmake_prefix_path.sh'
[15.132s] Level 1:colcon.colcon_core.environment:checking '/home/karan_k/Geomagic_Touch_ROS2/install/omni_broadcaster/lib'
[15.132s] Level 1:colcon.colcon_core.environment:checking '/home/karan_k/Geomagic_Touch_ROS2/install/omni_broadcaster/bin'
[15.132s] Level 1:colcon.colcon_core.environment:checking '/home/karan_k/Geomagic_Touch_ROS2/install/omni_broadcaster/lib/pkgconfig/omni_broadcaster.pc'
[15.132s] Level 1:colcon.colcon_core.environment:checking '/home/karan_k/Geomagic_Touch_ROS2/install/omni_broadcaster/lib/python3.10/site-packages'
[15.133s] Level 1:colcon.colcon_core.environment:checking '/home/karan_k/Geomagic_Touch_ROS2/install/omni_broadcaster/bin'
[15.133s] INFO:colcon.colcon_core.shell:Creating package script '/home/karan_k/Geomagic_Touch_ROS2/install/omni_broadcaster/share/omni_broadcaster/package.ps1'
[15.133s] INFO:colcon.colcon_core.shell:Creating package descriptor '/home/karan_k/Geomagic_Touch_ROS2/install/omni_broadcaster/share/omni_broadcaster/package.dsv'
[15.133s] INFO:colcon.colcon_core.shell:Creating package script '/home/karan_k/Geomagic_Touch_ROS2/install/omni_broadcaster/share/omni_broadcaster/package.sh'
[15.134s] INFO:colcon.colcon_core.shell:Creating package script '/home/karan_k/Geomagic_Touch_ROS2/install/omni_broadcaster/share/omni_broadcaster/package.bash'
[15.134s] INFO:colcon.colcon_core.shell:Creating package script '/home/karan_k/Geomagic_Touch_ROS2/install/omni_broadcaster/share/omni_broadcaster/package.zsh'
[15.134s] Level 1:colcon.colcon_core.environment:create_file_with_runtime_dependencies(/home/karan_k/Geomagic_Touch_ROS2/install/omni_broadcaster/share/colcon-core/packages/omni_broadcaster)
[15.135s] Level 1:colcon.colcon_core.environment:create_environment_scripts_only(omni_broadcaster)
[15.135s] Level 1:colcon.colcon_core.environment:checking '/home/karan_k/Geomagic_Touch_ROS2/install/omni_broadcaster' for CMake module files
[15.135s] Level 1:colcon.colcon_core.environment:checking '/home/karan_k/Geomagic_Touch_ROS2/install/omni_broadcaster' for CMake config files
[15.135s] Level 1:colcon.colcon_core.shell:create_environment_hook('omni_broadcaster', 'cmake_prefix_path')
[15.135s] INFO:colcon.colcon_core.shell:Creating environment hook '/home/karan_k/Geomagic_Touch_ROS2/install/omni_broadcaster/share/omni_broadcaster/hook/cmake_prefix_path.ps1'
[15.136s] INFO:colcon.colcon_core.shell:Creating environment descriptor '/home/karan_k/Geomagic_Touch_ROS2/install/omni_broadcaster/share/omni_broadcaster/hook/cmake_prefix_path.dsv'
[15.136s] INFO:colcon.colcon_core.shell:Creating environment hook '/home/karan_k/Geomagic_Touch_ROS2/install/omni_broadcaster/share/omni_broadcaster/hook/cmake_prefix_path.sh'
[15.136s] Level 1:colcon.colcon_core.environment:checking '/home/karan_k/Geomagic_Touch_ROS2/install/omni_broadcaster/lib'
[15.136s] Level 1:colcon.colcon_core.environment:checking '/home/karan_k/Geomagic_Touch_ROS2/install/omni_broadcaster/bin'
[15.136s] Level 1:colcon.colcon_core.environment:checking '/home/karan_k/Geomagic_Touch_ROS2/install/omni_broadcaster/lib/pkgconfig/omni_broadcaster.pc'
[15.136s] Level 1:colcon.colcon_core.environment:checking '/home/karan_k/Geomagic_Touch_ROS2/install/omni_broadcaster/lib/python3.10/site-packages'
[15.137s] Level 1:colcon.colcon_core.environment:checking '/home/karan_k/Geomagic_Touch_ROS2/install/omni_broadcaster/bin'
[15.137s] INFO:colcon.colcon_core.shell:Creating package script '/home/karan_k/Geomagic_Touch_ROS2/install/omni_broadcaster/share/omni_broadcaster/package.ps1'
[15.137s] INFO:colcon.colcon_core.shell:Creating package descriptor '/home/karan_k/Geomagic_Touch_ROS2/install/omni_broadcaster/share/omni_broadcaster/package.dsv'
[15.138s] INFO:colcon.colcon_core.shell:Creating package script '/home/karan_k/Geomagic_Touch_ROS2/install/omni_broadcaster/share/omni_broadcaster/package.sh'
[15.138s] INFO:colcon.colcon_core.shell:Creating package script '/home/karan_k/Geomagic_Touch_ROS2/install/omni_broadcaster/share/omni_broadcaster/package.bash'
[15.138s] INFO:colcon.colcon_core.shell:Creating package script '/home/karan_k/Geomagic_Touch_ROS2/install/omni_broadcaster/share/omni_broadcaster/package.zsh'
[15.139s] Level 1:colcon.colcon_core.environment:create_file_with_runtime_dependencies(/home/karan_k/Geomagic_Touch_ROS2/install/omni_broadcaster/share/colcon-core/packages/omni_broadcaster)
[15.139s] DEBUG:colcon.colcon_parallel_executor.executor.parallel:closing loop
[15.139s] DEBUG:colcon.colcon_parallel_executor.executor.parallel:loop closed
[15.139s] DEBUG:colcon.colcon_parallel_executor.executor.parallel:run_until_complete finished with '0'
[15.139s] DEBUG:colcon.colcon_core.event_reactor:joining thread
[15.144s] INFO:colcon.colcon_core.plugin_system:Skipping extension 'colcon_notification.desktop_notification.terminal_notifier': Not used on non-Darwin systems
[15.144s] INFO:colcon.colcon_core.plugin_system:Skipping extension 'colcon_notification.desktop_notification.win32': Not used on non-Windows systems
[15.144s] INFO:colcon.colcon_notification.desktop_notification:Sending desktop notification using 'notify2'
[15.167s] DEBUG:colcon.colcon_core.event_reactor:joined thread
[15.167s] INFO:colcon.colcon_core.shell:Creating prefix script '/home/karan_k/Geomagic_Touch_ROS2/install/local_setup.ps1'
[15.169s] INFO:colcon.colcon_core.shell:Creating prefix util module '/home/karan_k/Geomagic_Touch_ROS2/install/_local_setup_util_ps1.py'
[15.170s] INFO:colcon.colcon_core.shell:Creating prefix chain script '/home/karan_k/Geomagic_Touch_ROS2/install/setup.ps1'
[15.173s] INFO:colcon.colcon_core.shell:Creating prefix script '/home/karan_k/Geomagic_Touch_ROS2/install/local_setup.sh'
[15.174s] INFO:colcon.colcon_core.shell:Creating prefix util module '/home/karan_k/Geomagic_Touch_ROS2/install/_local_setup_util_sh.py'
[15.174s] INFO:colcon.colcon_core.shell:Creating prefix chain script '/home/karan_k/Geomagic_Touch_ROS2/install/setup.sh'
[15.178s] INFO:colcon.colcon_core.shell:Creating prefix script '/home/karan_k/Geomagic_Touch_ROS2/install/local_setup.bash'
[15.179s] INFO:colcon.colcon_core.shell:Creating prefix chain script '/home/karan_k/Geomagic_Touch_ROS2/install/setup.bash'
[15.181s] INFO:colcon.colcon_core.shell:Creating prefix script '/home/karan_k/Geomagic_Touch_ROS2/install/local_setup.zsh'
[15.182s] INFO:colcon.colcon_core.shell:Creating prefix chain script '/home/karan_k/Geomagic_Touch_ROS2/install/setup.zsh'
