[0.699s] Invoking command in '/home/karan_k/interbotix_ws/src/interbotix_ros_toolboxes/interbotix_xs_toolbox/interbotix_xs_modules': AMENT_PREFIX_PATH=/home/karan_k/interbotix_ws/install/interbotix_xs_sdk:/home/karan_k/interbotix_ws/install/interbotix_xs_driver:/home/karan_k/interbotix_ws/install/interbotix_xs_msgs:/home/karan_k/interbotix_ws/install/interbotix_common_modules:/home/karan_k/interbotix_ws/install/dynamixel_workbench_toolbox:${AMENT_PREFIX_PATH} CMAKE_PREFIX_PATH=/home/karan_k/interbotix_ws/install/interbotix_xs_sdk:/home/karan_k/interbotix_ws/install/interbotix_xs_driver:/home/karan_k/interbotix_ws/install/interbotix_xs_msgs:/home/karan_k/interbotix_ws/install/dynamixel_workbench_toolbox:${CMAKE_PREFIX_PATH} LD_LIBRARY_PATH=/home/karan_k/interbotix_ws/install/interbotix_xs_driver/lib:/home/karan_k/interbotix_ws/install/interbotix_xs_msgs/lib:/home/karan_k/interbotix_ws/install/dynamixel_workbench_toolbox/lib:/home/karan_k/apriltag_ws/install/apriltag_ros/lib:/home/karan_k/Geomagic_Touch_ROS2/install/omni_msgs/lib:/home/karan_k/ardu_ws/install/sdformat_urdf/lib:/home/karan_k/ardu_ws/install/ros_ign_interfaces/lib:/home/karan_k/ardu_ws/install/ros_gz_sim/lib:/home/karan_k/ardu_ws/install/ros_gz_bridge/lib:/home/karan_k/ardu_ws/install/ros_gz_interfaces/lib:/home/karan_k/ardu_ws/install/micro_ros_agent/lib:/home/karan_k/ardu_ws/install/ardupilot_msgs/lib:/usr/lib/x86_64-linux-gnu/gazebo-11/plugins:/opt/ros/humble/opt/rviz_ogre_vendor/lib:/opt/ros/humble/lib/x86_64-linux-gnu:/opt/ros/humble/lib:/usr/lib/x86_64-linux-gnu/gazebo-11/plugins:/usr/lib/x86_64-linux-gnu/gazebo-11/plugins:/usr/lib/x86_64-linux-gnu/gazebo-11/plugins:/usr/share/gazebo-11/../../lib/x86_64-linux-gnu/gazebo-11/plugins:/usr/lib/x86_64-linux-gnu/gazebo-11/plugins:/usr/lib/x86_64-linux-gnu/gazebo-11/plugins PYTHONPATH=/home/karan_k/interbotix_ws/build/interbotix_xs_modules/prefix_override:/usr/lib/python3/dist-packages/colcon_core/task/python/colcon_distutils_commands:/home/karan_k/interbotix_ws/install/interbotix_xs_modules/lib/python3.10/site-packages:/home/karan_k/interbotix_ws/install/interbotix_xs_msgs/local/lib/python3.10/dist-packages:/home/karan_k/interbotix_ws/install/interbotix_common_modules/lib/python3.10/site-packages:${PYTHONPATH} /usr/bin/python3 -W ignore:setup.py install is deprecated -W ignore:easy_install command is deprecated setup.py egg_info --egg-base ../../../../build/interbotix_xs_modules build --build-base /home/karan_k/interbotix_ws/build/interbotix_xs_modules/build install --record /home/karan_k/interbotix_ws/build/interbotix_xs_modules/install.log --single-version-externally-managed install_data
[0.850s] /home/karan_k/.local/lib/python3.10/site-packages/setuptools/_distutils/dist.py:289: UserWarning: Unknown distribution option: 'tests_require'
[0.850s]   warnings.warn(msg)
[0.954s] running egg_info
[0.971s] creating ../../../../build/interbotix_xs_modules/interbotix_xs_modules.egg-info
[0.971s] writing ../../../../build/interbotix_xs_modules/interbotix_xs_modules.egg-info/PKG-INFO
[0.972s] writing dependency_links to ../../../../build/interbotix_xs_modules/interbotix_xs_modules.egg-info/dependency_links.txt
[0.972s] writing requirements to ../../../../build/interbotix_xs_modules/interbotix_xs_modules.egg-info/requires.txt
[0.973s] writing top-level names to ../../../../build/interbotix_xs_modules/interbotix_xs_modules.egg-info/top_level.txt
[0.973s] writing manifest file '../../../../build/interbotix_xs_modules/interbotix_xs_modules.egg-info/SOURCES.txt'
[1.010s] reading manifest file '../../../../build/interbotix_xs_modules/interbotix_xs_modules.egg-info/SOURCES.txt'
[1.011s] writing manifest file '../../../../build/interbotix_xs_modules/interbotix_xs_modules.egg-info/SOURCES.txt'
[1.011s] running build
[1.012s] running build_py
[1.012s] creating /home/karan_k/interbotix_ws/build/interbotix_xs_modules/build/lib/interbotix_xs_modules
[1.012s] copying interbotix_xs_modules/__init__.py -> /home/karan_k/interbotix_ws/build/interbotix_xs_modules/build/lib/interbotix_xs_modules
[1.012s] creating /home/karan_k/interbotix_ws/build/interbotix_xs_modules/build/lib/interbotix_xs_modules/xs_robot
[1.012s] copying interbotix_xs_modules/xs_robot/turret.py -> /home/karan_k/interbotix_ws/build/interbotix_xs_modules/build/lib/interbotix_xs_modules/xs_robot
[1.012s] copying interbotix_xs_modules/xs_robot/kobuki.py -> /home/karan_k/interbotix_ws/build/interbotix_xs_modules/build/lib/interbotix_xs_modules/xs_robot
[1.013s] copying interbotix_xs_modules/xs_robot/slate.py -> /home/karan_k/interbotix_ws/build/interbotix_xs_modules/build/lib/interbotix_xs_modules/xs_robot
[1.013s] copying interbotix_xs_modules/xs_robot/gravity_compensation.py -> /home/karan_k/interbotix_ws/build/interbotix_xs_modules/build/lib/interbotix_xs_modules/xs_robot
[1.013s] copying interbotix_xs_modules/xs_robot/arm.py -> /home/karan_k/interbotix_ws/build/interbotix_xs_modules/build/lib/interbotix_xs_modules/xs_robot
[1.013s] copying interbotix_xs_modules/xs_robot/mobile_base.py -> /home/karan_k/interbotix_ws/build/interbotix_xs_modules/build/lib/interbotix_xs_modules/xs_robot
[1.013s] copying interbotix_xs_modules/xs_robot/gripper.py -> /home/karan_k/interbotix_ws/build/interbotix_xs_modules/build/lib/interbotix_xs_modules/xs_robot
[1.013s] copying interbotix_xs_modules/xs_robot/__init__.py -> /home/karan_k/interbotix_ws/build/interbotix_xs_modules/build/lib/interbotix_xs_modules/xs_robot
[1.013s] copying interbotix_xs_modules/xs_robot/create3.py -> /home/karan_k/interbotix_ws/build/interbotix_xs_modules/build/lib/interbotix_xs_modules/xs_robot
[1.014s] copying interbotix_xs_modules/xs_robot/core.py -> /home/karan_k/interbotix_ws/build/interbotix_xs_modules/build/lib/interbotix_xs_modules/xs_robot
[1.014s] copying interbotix_xs_modules/xs_robot/hexapod.py -> /home/karan_k/interbotix_ws/build/interbotix_xs_modules/build/lib/interbotix_xs_modules/xs_robot
[1.014s] copying interbotix_xs_modules/xs_robot/locobot.py -> /home/karan_k/interbotix_ws/build/interbotix_xs_modules/build/lib/interbotix_xs_modules/xs_robot
[1.014s] copying interbotix_xs_modules/xs_robot/mr_descriptions.py -> /home/karan_k/interbotix_ws/build/interbotix_xs_modules/build/lib/interbotix_xs_modules/xs_robot
[1.014s] creating /home/karan_k/interbotix_ws/build/interbotix_xs_modules/build/lib/interbotix_xs_modules/xs_launch
[1.015s] copying interbotix_xs_modules/xs_launch/xs_launch.py -> /home/karan_k/interbotix_ws/build/interbotix_xs_modules/build/lib/interbotix_xs_modules/xs_launch
[1.015s] copying interbotix_xs_modules/xs_launch/__init__.py -> /home/karan_k/interbotix_ws/build/interbotix_xs_modules/build/lib/interbotix_xs_modules/xs_launch
[1.015s] creating /home/karan_k/interbotix_ws/build/interbotix_xs_modules/build/lib/interbotix_xs_modules/xs_common
[1.015s] copying interbotix_xs_modules/xs_common/xs_common.py -> /home/karan_k/interbotix_ws/build/interbotix_xs_modules/build/lib/interbotix_xs_modules/xs_common
[1.016s] copying interbotix_xs_modules/xs_common/__init__.py -> /home/karan_k/interbotix_ws/build/interbotix_xs_modules/build/lib/interbotix_xs_modules/xs_common
[1.016s] running install
[1.020s] running install_lib
[1.037s] creating /home/karan_k/interbotix_ws/install/interbotix_xs_modules/lib/python3.10/site-packages/interbotix_xs_modules
[1.037s] creating /home/karan_k/interbotix_ws/install/interbotix_xs_modules/lib/python3.10/site-packages/interbotix_xs_modules/xs_robot
[1.037s] copying /home/karan_k/interbotix_ws/build/interbotix_xs_modules/build/lib/interbotix_xs_modules/xs_robot/turret.py -> /home/karan_k/interbotix_ws/install/interbotix_xs_modules/lib/python3.10/site-packages/interbotix_xs_modules/xs_robot
[1.037s] copying /home/karan_k/interbotix_ws/build/interbotix_xs_modules/build/lib/interbotix_xs_modules/xs_robot/kobuki.py -> /home/karan_k/interbotix_ws/install/interbotix_xs_modules/lib/python3.10/site-packages/interbotix_xs_modules/xs_robot
[1.037s] copying /home/karan_k/interbotix_ws/build/interbotix_xs_modules/build/lib/interbotix_xs_modules/xs_robot/slate.py -> /home/karan_k/interbotix_ws/install/interbotix_xs_modules/lib/python3.10/site-packages/interbotix_xs_modules/xs_robot
[1.037s] copying /home/karan_k/interbotix_ws/build/interbotix_xs_modules/build/lib/interbotix_xs_modules/xs_robot/gravity_compensation.py -> /home/karan_k/interbotix_ws/install/interbotix_xs_modules/lib/python3.10/site-packages/interbotix_xs_modules/xs_robot
[1.037s] copying /home/karan_k/interbotix_ws/build/interbotix_xs_modules/build/lib/interbotix_xs_modules/xs_robot/arm.py -> /home/karan_k/interbotix_ws/install/interbotix_xs_modules/lib/python3.10/site-packages/interbotix_xs_modules/xs_robot
[1.038s] copying /home/karan_k/interbotix_ws/build/interbotix_xs_modules/build/lib/interbotix_xs_modules/xs_robot/mobile_base.py -> /home/karan_k/interbotix_ws/install/interbotix_xs_modules/lib/python3.10/site-packages/interbotix_xs_modules/xs_robot
[1.038s] copying /home/karan_k/interbotix_ws/build/interbotix_xs_modules/build/lib/interbotix_xs_modules/xs_robot/gripper.py -> /home/karan_k/interbotix_ws/install/interbotix_xs_modules/lib/python3.10/site-packages/interbotix_xs_modules/xs_robot
[1.038s] copying /home/karan_k/interbotix_ws/build/interbotix_xs_modules/build/lib/interbotix_xs_modules/xs_robot/__init__.py -> /home/karan_k/interbotix_ws/install/interbotix_xs_modules/lib/python3.10/site-packages/interbotix_xs_modules/xs_robot
[1.038s] copying /home/karan_k/interbotix_ws/build/interbotix_xs_modules/build/lib/interbotix_xs_modules/xs_robot/create3.py -> /home/karan_k/interbotix_ws/install/interbotix_xs_modules/lib/python3.10/site-packages/interbotix_xs_modules/xs_robot
[1.038s] copying /home/karan_k/interbotix_ws/build/interbotix_xs_modules/build/lib/interbotix_xs_modules/xs_robot/core.py -> /home/karan_k/interbotix_ws/install/interbotix_xs_modules/lib/python3.10/site-packages/interbotix_xs_modules/xs_robot
[1.038s] copying /home/karan_k/interbotix_ws/build/interbotix_xs_modules/build/lib/interbotix_xs_modules/xs_robot/hexapod.py -> /home/karan_k/interbotix_ws/install/interbotix_xs_modules/lib/python3.10/site-packages/interbotix_xs_modules/xs_robot
[1.038s] copying /home/karan_k/interbotix_ws/build/interbotix_xs_modules/build/lib/interbotix_xs_modules/xs_robot/locobot.py -> /home/karan_k/interbotix_ws/install/interbotix_xs_modules/lib/python3.10/site-packages/interbotix_xs_modules/xs_robot
[1.038s] copying /home/karan_k/interbotix_ws/build/interbotix_xs_modules/build/lib/interbotix_xs_modules/xs_robot/mr_descriptions.py -> /home/karan_k/interbotix_ws/install/interbotix_xs_modules/lib/python3.10/site-packages/interbotix_xs_modules/xs_robot
[1.039s] copying /home/karan_k/interbotix_ws/build/interbotix_xs_modules/build/lib/interbotix_xs_modules/__init__.py -> /home/karan_k/interbotix_ws/install/interbotix_xs_modules/lib/python3.10/site-packages/interbotix_xs_modules
[1.039s] creating /home/karan_k/interbotix_ws/install/interbotix_xs_modules/lib/python3.10/site-packages/interbotix_xs_modules/xs_launch
[1.039s] copying /home/karan_k/interbotix_ws/build/interbotix_xs_modules/build/lib/interbotix_xs_modules/xs_launch/xs_launch.py -> /home/karan_k/interbotix_ws/install/interbotix_xs_modules/lib/python3.10/site-packages/interbotix_xs_modules/xs_launch
[1.039s] copying /home/karan_k/interbotix_ws/build/interbotix_xs_modules/build/lib/interbotix_xs_modules/xs_launch/__init__.py -> /home/karan_k/interbotix_ws/install/interbotix_xs_modules/lib/python3.10/site-packages/interbotix_xs_modules/xs_launch
[1.039s] creating /home/karan_k/interbotix_ws/install/interbotix_xs_modules/lib/python3.10/site-packages/interbotix_xs_modules/xs_common
[1.039s] copying /home/karan_k/interbotix_ws/build/interbotix_xs_modules/build/lib/interbotix_xs_modules/xs_common/xs_common.py -> /home/karan_k/interbotix_ws/install/interbotix_xs_modules/lib/python3.10/site-packages/interbotix_xs_modules/xs_common
[1.039s] copying /home/karan_k/interbotix_ws/build/interbotix_xs_modules/build/lib/interbotix_xs_modules/xs_common/__init__.py -> /home/karan_k/interbotix_ws/install/interbotix_xs_modules/lib/python3.10/site-packages/interbotix_xs_modules/xs_common
[1.040s] byte-compiling /home/karan_k/interbotix_ws/install/interbotix_xs_modules/lib/python3.10/site-packages/interbotix_xs_modules/xs_robot/turret.py to turret.cpython-310.pyc
[1.042s] byte-compiling /home/karan_k/interbotix_ws/install/interbotix_xs_modules/lib/python3.10/site-packages/interbotix_xs_modules/xs_robot/kobuki.py to kobuki.cpython-310.pyc
[1.042s] byte-compiling /home/karan_k/interbotix_ws/install/interbotix_xs_modules/lib/python3.10/site-packages/interbotix_xs_modules/xs_robot/slate.py to slate.cpython-310.pyc
[1.043s] byte-compiling /home/karan_k/interbotix_ws/install/interbotix_xs_modules/lib/python3.10/site-packages/interbotix_xs_modules/xs_robot/gravity_compensation.py to gravity_compensation.cpython-310.pyc
[1.043s] byte-compiling /home/karan_k/interbotix_ws/install/interbotix_xs_modules/lib/python3.10/site-packages/interbotix_xs_modules/xs_robot/arm.py to arm.cpython-310.pyc
[1.046s] byte-compiling /home/karan_k/interbotix_ws/install/interbotix_xs_modules/lib/python3.10/site-packages/interbotix_xs_modules/xs_robot/mobile_base.py to mobile_base.cpython-310.pyc
[1.047s] byte-compiling /home/karan_k/interbotix_ws/install/interbotix_xs_modules/lib/python3.10/site-packages/interbotix_xs_modules/xs_robot/gripper.py to gripper.cpython-310.pyc
[1.048s] byte-compiling /home/karan_k/interbotix_ws/install/interbotix_xs_modules/lib/python3.10/site-packages/interbotix_xs_modules/xs_robot/__init__.py to __init__.cpython-310.pyc
[1.048s] byte-compiling /home/karan_k/interbotix_ws/install/interbotix_xs_modules/lib/python3.10/site-packages/interbotix_xs_modules/xs_robot/create3.py to create3.cpython-310.pyc
[1.049s] byte-compiling /home/karan_k/interbotix_ws/install/interbotix_xs_modules/lib/python3.10/site-packages/interbotix_xs_modules/xs_robot/core.py to core.cpython-310.pyc
[1.050s] byte-compiling /home/karan_k/interbotix_ws/install/interbotix_xs_modules/lib/python3.10/site-packages/interbotix_xs_modules/xs_robot/hexapod.py to hexapod.cpython-310.pyc
[1.054s] byte-compiling /home/karan_k/interbotix_ws/install/interbotix_xs_modules/lib/python3.10/site-packages/interbotix_xs_modules/xs_robot/locobot.py to locobot.cpython-310.pyc
[1.054s] byte-compiling /home/karan_k/interbotix_ws/install/interbotix_xs_modules/lib/python3.10/site-packages/interbotix_xs_modules/xs_robot/mr_descriptions.py to mr_descriptions.cpython-310.pyc
[1.056s] byte-compiling /home/karan_k/interbotix_ws/install/interbotix_xs_modules/lib/python3.10/site-packages/interbotix_xs_modules/__init__.py to __init__.cpython-310.pyc
[1.056s] byte-compiling /home/karan_k/interbotix_ws/install/interbotix_xs_modules/lib/python3.10/site-packages/interbotix_xs_modules/xs_launch/xs_launch.py to xs_launch.cpython-310.pyc
[1.060s] byte-compiling /home/karan_k/interbotix_ws/install/interbotix_xs_modules/lib/python3.10/site-packages/interbotix_xs_modules/xs_launch/__init__.py to __init__.cpython-310.pyc
[1.060s] byte-compiling /home/karan_k/interbotix_ws/install/interbotix_xs_modules/lib/python3.10/site-packages/interbotix_xs_modules/xs_common/xs_common.py to xs_common.cpython-310.pyc
[1.060s] byte-compiling /home/karan_k/interbotix_ws/install/interbotix_xs_modules/lib/python3.10/site-packages/interbotix_xs_modules/xs_common/__init__.py to __init__.cpython-310.pyc
[1.060s] running install_data
[1.061s] creating /home/karan_k/interbotix_ws/install/interbotix_xs_modules/share/ament_index/resource_index/packages
[1.061s] copying resource/interbotix_xs_modules -> /home/karan_k/interbotix_ws/install/interbotix_xs_modules/share/ament_index/resource_index/packages
[1.061s] copying package.xml -> /home/karan_k/interbotix_ws/install/interbotix_xs_modules/share/interbotix_xs_modules
[1.062s] running install_egg_info
[1.080s] Copying ../../../../build/interbotix_xs_modules/interbotix_xs_modules.egg-info to /home/karan_k/interbotix_ws/install/interbotix_xs_modules/lib/python3.10/site-packages/interbotix_xs_modules-0.0.0-py3.10.egg-info
[1.081s] running install_scripts
[1.119s] writing list of installed files to '/home/karan_k/interbotix_ws/build/interbotix_xs_modules/install.log'
[1.143s] Invoked command in '/home/karan_k/interbotix_ws/src/interbotix_ros_toolboxes/interbotix_xs_toolbox/interbotix_xs_modules' returned '0': AMENT_PREFIX_PATH=/home/karan_k/interbotix_ws/install/interbotix_xs_sdk:/home/karan_k/interbotix_ws/install/interbotix_xs_driver:/home/karan_k/interbotix_ws/install/interbotix_xs_msgs:/home/karan_k/interbotix_ws/install/interbotix_common_modules:/home/karan_k/interbotix_ws/install/dynamixel_workbench_toolbox:${AMENT_PREFIX_PATH} CMAKE_PREFIX_PATH=/home/karan_k/interbotix_ws/install/interbotix_xs_sdk:/home/karan_k/interbotix_ws/install/interbotix_xs_driver:/home/karan_k/interbotix_ws/install/interbotix_xs_msgs:/home/karan_k/interbotix_ws/install/dynamixel_workbench_toolbox:${CMAKE_PREFIX_PATH} LD_LIBRARY_PATH=/home/karan_k/interbotix_ws/install/interbotix_xs_driver/lib:/home/karan_k/interbotix_ws/install/interbotix_xs_msgs/lib:/home/karan_k/interbotix_ws/install/dynamixel_workbench_toolbox/lib:/home/karan_k/apriltag_ws/install/apriltag_ros/lib:/home/karan_k/Geomagic_Touch_ROS2/install/omni_msgs/lib:/home/karan_k/ardu_ws/install/sdformat_urdf/lib:/home/karan_k/ardu_ws/install/ros_ign_interfaces/lib:/home/karan_k/ardu_ws/install/ros_gz_sim/lib:/home/karan_k/ardu_ws/install/ros_gz_bridge/lib:/home/karan_k/ardu_ws/install/ros_gz_interfaces/lib:/home/karan_k/ardu_ws/install/micro_ros_agent/lib:/home/karan_k/ardu_ws/install/ardupilot_msgs/lib:/usr/lib/x86_64-linux-gnu/gazebo-11/plugins:/opt/ros/humble/opt/rviz_ogre_vendor/lib:/opt/ros/humble/lib/x86_64-linux-gnu:/opt/ros/humble/lib:/usr/lib/x86_64-linux-gnu/gazebo-11/plugins:/usr/lib/x86_64-linux-gnu/gazebo-11/plugins:/usr/lib/x86_64-linux-gnu/gazebo-11/plugins:/usr/share/gazebo-11/../../lib/x86_64-linux-gnu/gazebo-11/plugins:/usr/lib/x86_64-linux-gnu/gazebo-11/plugins:/usr/lib/x86_64-linux-gnu/gazebo-11/plugins PYTHONPATH=/home/karan_k/interbotix_ws/build/interbotix_xs_modules/prefix_override:/usr/lib/python3/dist-packages/colcon_core/task/python/colcon_distutils_commands:/home/karan_k/interbotix_ws/install/interbotix_xs_modules/lib/python3.10/site-packages:/home/karan_k/interbotix_ws/install/interbotix_xs_msgs/local/lib/python3.10/dist-packages:/home/karan_k/interbotix_ws/install/interbotix_common_modules/lib/python3.10/site-packages:${PYTHONPATH} /usr/bin/python3 -W ignore:setup.py install is deprecated -W ignore:easy_install command is deprecated setup.py egg_info --egg-base ../../../../build/interbotix_xs_modules build --build-base /home/karan_k/interbotix_ws/build/interbotix_xs_modules/build install --record /home/karan_k/interbotix_ws/build/interbotix_xs_modules/install.log --single-version-externally-managed install_data
