[0.851s] Invoking command in '/home/karan_k/interbotix_ws/src/interbotix_ros_toolboxes/interbotix_common_toolbox/interbotix_common_modules': PYTHONPATH=/home/karan_k/interbotix_ws/build/interbotix_common_modules/prefix_override:/usr/lib/python3/dist-packages/colcon_core/task/python/colcon_distutils_commands:/home/karan_k/interbotix_ws/install/interbotix_common_modules/lib/python3.10/site-packages:${PYTHONPATH} /usr/bin/python3 -W ignore:setup.py install is deprecated -W ignore:easy_install command is deprecated setup.py egg_info --egg-base ../../../../build/interbotix_common_modules build --build-base /home/karan_k/interbotix_ws/build/interbotix_common_modules/build install --record /home/karan_k/interbotix_ws/build/interbotix_common_modules/install.log --single-version-externally-managed install_data
[1.101s] /home/karan_k/.local/lib/python3.10/site-packages/setuptools/_distutils/dist.py:289: UserWarning: Unknown distribution option: 'tests_require'
[1.101s]   warnings.warn(msg)
[1.267s] running egg_info
[1.289s] creating ../../../../build/interbotix_common_modules/interbotix_common_modules.egg-info
[1.289s] writing ../../../../build/interbotix_common_modules/interbotix_common_modules.egg-info/PKG-INFO
[1.290s] writing dependency_links to ../../../../build/interbotix_common_modules/interbotix_common_modules.egg-info/dependency_links.txt
[1.290s] writing requirements to ../../../../build/interbotix_common_modules/interbotix_common_modules.egg-info/requires.txt
[1.291s] writing top-level names to ../../../../build/interbotix_common_modules/interbotix_common_modules.egg-info/top_level.txt
[1.291s] writing manifest file '../../../../build/interbotix_common_modules/interbotix_common_modules.egg-info/SOURCES.txt'
[1.329s] reading manifest file '../../../../build/interbotix_common_modules/interbotix_common_modules.egg-info/SOURCES.txt'
[1.330s] writing manifest file '../../../../build/interbotix_common_modules/interbotix_common_modules.egg-info/SOURCES.txt'
[1.330s] running build
[1.331s] running build_py
[1.331s] creating /home/karan_k/interbotix_ws/build/interbotix_common_modules/build/lib/interbotix_common_modules
[1.331s] copying interbotix_common_modules/__init__.py -> /home/karan_k/interbotix_ws/build/interbotix_common_modules/build/lib/interbotix_common_modules
[1.331s] creating /home/karan_k/interbotix_ws/build/interbotix_common_modules/build/lib/interbotix_common_modules/common_robot
[1.331s] copying interbotix_common_modules/common_robot/exceptions.py -> /home/karan_k/interbotix_ws/build/interbotix_common_modules/build/lib/interbotix_common_modules/common_robot
[1.331s] copying interbotix_common_modules/common_robot/__init__.py -> /home/karan_k/interbotix_ws/build/interbotix_common_modules/build/lib/interbotix_common_modules/common_robot
[1.331s] copying interbotix_common_modules/common_robot/robot.py -> /home/karan_k/interbotix_ws/build/interbotix_common_modules/build/lib/interbotix_common_modules/common_robot
[1.332s] creating /home/karan_k/interbotix_ws/build/interbotix_common_modules/build/lib/interbotix_common_modules/angle_manipulation
[1.332s] copying interbotix_common_modules/angle_manipulation/angle_manipulation.py -> /home/karan_k/interbotix_ws/build/interbotix_common_modules/build/lib/interbotix_common_modules/angle_manipulation
[1.332s] copying interbotix_common_modules/angle_manipulation/__init__.py -> /home/karan_k/interbotix_ws/build/interbotix_common_modules/build/lib/interbotix_common_modules/angle_manipulation
[1.332s] creating /home/karan_k/interbotix_ws/build/interbotix_common_modules/build/lib/interbotix_common_modules/launch
[1.332s] copying interbotix_common_modules/launch/or_condition.py -> /home/karan_k/interbotix_ws/build/interbotix_common_modules/build/lib/interbotix_common_modules/launch
[1.332s] copying interbotix_common_modules/launch/and_condition.py -> /home/karan_k/interbotix_ws/build/interbotix_common_modules/build/lib/interbotix_common_modules/launch
[1.333s] copying interbotix_common_modules/launch/__init__.py -> /home/karan_k/interbotix_ws/build/interbotix_common_modules/build/lib/interbotix_common_modules/launch
[1.333s] creating /home/karan_k/interbotix_ws/build/interbotix_common_modules/build/lib/interbotix_common_modules/py_common
[1.333s] copying interbotix_common_modules/py_common/__init__.py -> /home/karan_k/interbotix_ws/build/interbotix_common_modules/build/lib/interbotix_common_modules/py_common
[1.333s] copying interbotix_common_modules/py_common/params.py -> /home/karan_k/interbotix_ws/build/interbotix_common_modules/build/lib/interbotix_common_modules/py_common
[1.334s] running install
[1.338s] running install_lib
[1.356s] creating /home/karan_k/interbotix_ws/install/interbotix_common_modules/lib/python3.10/site-packages/interbotix_common_modules
[1.356s] creating /home/karan_k/interbotix_ws/install/interbotix_common_modules/lib/python3.10/site-packages/interbotix_common_modules/common_robot
[1.356s] copying /home/karan_k/interbotix_ws/build/interbotix_common_modules/build/lib/interbotix_common_modules/common_robot/exceptions.py -> /home/karan_k/interbotix_ws/install/interbotix_common_modules/lib/python3.10/site-packages/interbotix_common_modules/common_robot
[1.357s] copying /home/karan_k/interbotix_ws/build/interbotix_common_modules/build/lib/interbotix_common_modules/common_robot/__init__.py -> /home/karan_k/interbotix_ws/install/interbotix_common_modules/lib/python3.10/site-packages/interbotix_common_modules/common_robot
[1.357s] copying /home/karan_k/interbotix_ws/build/interbotix_common_modules/build/lib/interbotix_common_modules/common_robot/robot.py -> /home/karan_k/interbotix_ws/install/interbotix_common_modules/lib/python3.10/site-packages/interbotix_common_modules/common_robot
[1.357s] creating /home/karan_k/interbotix_ws/install/interbotix_common_modules/lib/python3.10/site-packages/interbotix_common_modules/angle_manipulation
[1.357s] copying /home/karan_k/interbotix_ws/build/interbotix_common_modules/build/lib/interbotix_common_modules/angle_manipulation/angle_manipulation.py -> /home/karan_k/interbotix_ws/install/interbotix_common_modules/lib/python3.10/site-packages/interbotix_common_modules/angle_manipulation
[1.357s] copying /home/karan_k/interbotix_ws/build/interbotix_common_modules/build/lib/interbotix_common_modules/angle_manipulation/__init__.py -> /home/karan_k/interbotix_ws/install/interbotix_common_modules/lib/python3.10/site-packages/interbotix_common_modules/angle_manipulation
[1.357s] copying /home/karan_k/interbotix_ws/build/interbotix_common_modules/build/lib/interbotix_common_modules/__init__.py -> /home/karan_k/interbotix_ws/install/interbotix_common_modules/lib/python3.10/site-packages/interbotix_common_modules
[1.357s] creating /home/karan_k/interbotix_ws/install/interbotix_common_modules/lib/python3.10/site-packages/interbotix_common_modules/launch
[1.358s] copying /home/karan_k/interbotix_ws/build/interbotix_common_modules/build/lib/interbotix_common_modules/launch/or_condition.py -> /home/karan_k/interbotix_ws/install/interbotix_common_modules/lib/python3.10/site-packages/interbotix_common_modules/launch
[1.358s] copying /home/karan_k/interbotix_ws/build/interbotix_common_modules/build/lib/interbotix_common_modules/launch/and_condition.py -> /home/karan_k/interbotix_ws/install/interbotix_common_modules/lib/python3.10/site-packages/interbotix_common_modules/launch
[1.358s] copying /home/karan_k/interbotix_ws/build/interbotix_common_modules/build/lib/interbotix_common_modules/launch/__init__.py -> /home/karan_k/interbotix_ws/install/interbotix_common_modules/lib/python3.10/site-packages/interbotix_common_modules/launch
[1.358s] creating /home/karan_k/interbotix_ws/install/interbotix_common_modules/lib/python3.10/site-packages/interbotix_common_modules/py_common
[1.358s] copying /home/karan_k/interbotix_ws/build/interbotix_common_modules/build/lib/interbotix_common_modules/py_common/__init__.py -> /home/karan_k/interbotix_ws/install/interbotix_common_modules/lib/python3.10/site-packages/interbotix_common_modules/py_common
[1.358s] copying /home/karan_k/interbotix_ws/build/interbotix_common_modules/build/lib/interbotix_common_modules/py_common/params.py -> /home/karan_k/interbotix_ws/install/interbotix_common_modules/lib/python3.10/site-packages/interbotix_common_modules/py_common
[1.359s] byte-compiling /home/karan_k/interbotix_ws/install/interbotix_common_modules/lib/python3.10/site-packages/interbotix_common_modules/common_robot/exceptions.py to exceptions.cpython-310.pyc
[1.359s] byte-compiling /home/karan_k/interbotix_ws/install/interbotix_common_modules/lib/python3.10/site-packages/interbotix_common_modules/common_robot/__init__.py to __init__.cpython-310.pyc
[1.359s] byte-compiling /home/karan_k/interbotix_ws/install/interbotix_common_modules/lib/python3.10/site-packages/interbotix_common_modules/common_robot/robot.py to robot.cpython-310.pyc
[1.360s] byte-compiling /home/karan_k/interbotix_ws/install/interbotix_common_modules/lib/python3.10/site-packages/interbotix_common_modules/angle_manipulation/angle_manipulation.py to angle_manipulation.cpython-310.pyc
[1.361s] byte-compiling /home/karan_k/interbotix_ws/install/interbotix_common_modules/lib/python3.10/site-packages/interbotix_common_modules/angle_manipulation/__init__.py to __init__.cpython-310.pyc
[1.361s] byte-compiling /home/karan_k/interbotix_ws/install/interbotix_common_modules/lib/python3.10/site-packages/interbotix_common_modules/__init__.py to __init__.cpython-310.pyc
[1.361s] byte-compiling /home/karan_k/interbotix_ws/install/interbotix_common_modules/lib/python3.10/site-packages/interbotix_common_modules/launch/or_condition.py to or_condition.cpython-310.pyc
[1.362s] byte-compiling /home/karan_k/interbotix_ws/install/interbotix_common_modules/lib/python3.10/site-packages/interbotix_common_modules/launch/and_condition.py to and_condition.cpython-310.pyc
[1.362s] byte-compiling /home/karan_k/interbotix_ws/install/interbotix_common_modules/lib/python3.10/site-packages/interbotix_common_modules/launch/__init__.py to __init__.cpython-310.pyc
[1.362s] byte-compiling /home/karan_k/interbotix_ws/install/interbotix_common_modules/lib/python3.10/site-packages/interbotix_common_modules/py_common/__init__.py to __init__.cpython-310.pyc
[1.363s] byte-compiling /home/karan_k/interbotix_ws/install/interbotix_common_modules/lib/python3.10/site-packages/interbotix_common_modules/py_common/params.py to params.cpython-310.pyc
[1.363s] running install_data
[1.363s] creating /home/karan_k/interbotix_ws/install/interbotix_common_modules/share/ament_index/resource_index/packages
[1.364s] copying resource/interbotix_common_modules -> /home/karan_k/interbotix_ws/install/interbotix_common_modules/share/ament_index/resource_index/packages
[1.364s] copying package.xml -> /home/karan_k/interbotix_ws/install/interbotix_common_modules/share/interbotix_common_modules
[1.364s] running install_egg_info
[1.385s] Copying ../../../../build/interbotix_common_modules/interbotix_common_modules.egg-info to /home/karan_k/interbotix_ws/install/interbotix_common_modules/lib/python3.10/site-packages/interbotix_common_modules-0.0.0-py3.10.egg-info
[1.386s] running install_scripts
[1.427s] writing list of installed files to '/home/karan_k/interbotix_ws/build/interbotix_common_modules/install.log'
[1.474s] Invoked command in '/home/karan_k/interbotix_ws/src/interbotix_ros_toolboxes/interbotix_common_toolbox/interbotix_common_modules' returned '0': PYTHONPATH=/home/karan_k/interbotix_ws/build/interbotix_common_modules/prefix_override:/usr/lib/python3/dist-packages/colcon_core/task/python/colcon_distutils_commands:/home/karan_k/interbotix_ws/install/interbotix_common_modules/lib/python3.10/site-packages:${PYTHONPATH} /usr/bin/python3 -W ignore:setup.py install is deprecated -W ignore:easy_install command is deprecated setup.py egg_info --egg-base ../../../../build/interbotix_common_modules build --build-base /home/karan_k/interbotix_ws/build/interbotix_common_modules/build install --record /home/karan_k/interbotix_ws/build/interbotix_common_modules/install.log --single-version-externally-managed install_data
