[0.237s] Invoking command in '/home/karan_k/interbotix_ws/build/interbotix_tf_tools': CMAKE_PREFIX_PATH=${CMAKE_PREFIX_PATH}:/home/karan_k/ardu_ws/install/ardupilot_dds_tests:/opt/ros/humble /usr/bin/cmake /home/karan_k/interbotix_ws/src/interbotix_ros_toolboxes/interbotix_common_toolbox/interbotix_tf_tools -DCMAKE_INSTALL_PREFIX=/home/karan_k/interbotix_ws/install/interbotix_tf_tools
[0.310s] -- The C compiler identification is GNU 11.4.0
[0.385s] -- The CXX compiler identification is GNU 11.4.0
[0.399s] -- Detecting C compiler ABI info
[0.475s] -- Detecting C compiler ABI info - done
[0.482s] -- Check for working C compiler: /usr/lib/ccache/cc - skipped
[0.482s] -- Detecting C compile features
[0.482s] -- Detecting C compile features - done
[0.486s] -- Detecting CXX compiler ABI info
[0.578s] -- Detecting CXX compiler ABI info - done
[0.585s] -- Check for working CXX compiler: /usr/lib/ccache/c++ - skipped
[0.585s] -- Detecting CXX compile features
[0.585s] -- Detecting CXX compile features - done
[0.592s] -- Found ament_cmake: 1.3.12 (/opt/ros/humble/share/ament_cmake/cmake)
[1.186s] -- Found Python3: /usr/bin/python3 (found version "3.10.12") found components: Interpreter 
[1.367s] -- Found geometry_msgs: 4.9.0 (/opt/ros/humble/share/geometry_msgs/cmake)
[1.457s] -- Found rosidl_generator_c: 3.1.7 (/opt/ros/humble/share/rosidl_generator_c/cmake)
[1.470s] -- Found rosidl_adapter: 3.1.7 (/opt/ros/humble/share/rosidl_adapter/cmake)
[1.484s] -- Found rosidl_generator_cpp: 3.1.7 (/opt/ros/humble/share/rosidl_generator_cpp/cmake)
[1.504s] -- Using all available rosidl_typesupport_c: rosidl_typesupport_fastrtps_c;rosidl_typesupport_introspection_c
[1.531s] -- Using all available rosidl_typesupport_cpp: rosidl_typesupport_fastrtps_cpp;rosidl_typesupport_introspection_cpp
[1.589s] -- Found rclcpp: 16.0.16 (/opt/ros/humble/share/rclcpp/cmake)
[1.662s] -- Found rmw_implementation_cmake: 6.1.2 (/opt/ros/humble/share/rmw_implementation_cmake/cmake)
[1.669s] -- Found rmw_fastrtps_cpp: 6.2.9 (/opt/ros/humble/share/rmw_fastrtps_cpp/cmake)
[1.818s] -- Found OpenSSL: /usr/lib/x86_64-linux-gnu/libcrypto.so (found version "3.0.2")  
[1.864s] -- Found FastRTPS: /opt/ros/humble/include  
[1.934s] -- Using RMW implementation 'rmw_fastrtps_cpp' as default
[1.956s] -- Looking for pthread.h
[2.046s] -- Looking for pthread.h - found
[2.046s] -- Performing Test CMAKE_HAVE_LIBC_PTHREAD
[2.133s] -- Performing Test CMAKE_HAVE_LIBC_PTHREAD - Success
[2.134s] -- Found Threads: TRUE  
[2.189s] -- Found rclcpp_components: 16.0.16 (/opt/ros/humble/share/rclcpp_components/cmake)
[2.237s] -- Found tf2_msgs: 0.25.17 (/opt/ros/humble/share/tf2_msgs/cmake)
[2.286s] -- Found tf2_ros: 0.25.17 (/opt/ros/humble/share/tf2_ros/cmake)
[2.336s] -- Found ament_lint_auto: 0.12.14 (/opt/ros/humble/share/ament_lint_auto/cmake)
[2.481s] -- Added test 'copyright' to check source files copyright and LICENSE
[2.483s] -- Added test 'cppcheck' to perform static code analysis on C / C++ code
[2.484s] -- Configured cppcheck include dirs: /home/karan_k/interbotix_ws/src/interbotix_ros_toolboxes/interbotix_common_toolbox/interbotix_tf_tools/include
[2.484s] -- Configured cppcheck exclude dirs and/or files: 
[2.486s] -- Added test 'cpplint' to check C / C++ code against the Google style
[2.486s] -- Configured cpplint exclude dirs and/or files: 
[2.486s] -- Added test 'flake8' to check Python code syntax and style conventions
[2.488s] -- Added test 'lint_cmake' to check CMake code style
[2.488s] -- Added test 'pep257' to check Python code against some of the docstring style conventions in PEP 257
[2.490s] -- Added test 'uncrustify' to check C / C++ code style
[2.490s] -- Configured uncrustify additional arguments: 
[2.491s] -- Added test 'xmllint' to check XML markup files
[2.494s] -- Configuring done
[2.506s] -- Generating done
[2.510s] -- Build files have been written to: /home/karan_k/interbotix_ws/build/interbotix_tf_tools
[2.535s] Invoked command in '/home/karan_k/interbotix_ws/build/interbotix_tf_tools' returned '0': CMAKE_PREFIX_PATH=${CMAKE_PREFIX_PATH}:/home/karan_k/ardu_ws/install/ardupilot_dds_tests:/opt/ros/humble /usr/bin/cmake /home/karan_k/interbotix_ws/src/interbotix_ros_toolboxes/interbotix_common_toolbox/interbotix_tf_tools -DCMAKE_INSTALL_PREFIX=/home/karan_k/interbotix_ws/install/interbotix_tf_tools
[2.536s] Invoking command in '/home/karan_k/interbotix_ws/build/interbotix_tf_tools': CMAKE_PREFIX_PATH=${CMAKE_PREFIX_PATH}:/home/karan_k/ardu_ws/install/ardupilot_dds_tests:/opt/ros/humble /usr/bin/cmake --build /home/karan_k/interbotix_ws/build/interbotix_tf_tools -- -j16 -l16
[2.615s] [ 50%] [32mBuilding CXX object CMakeFiles/tf_rebroadcaster.dir/src/tf_rebroadcaster.cpp.o[0m
[2.656s] [100%] [32m[1mLinking CXX shared library libtf_rebroadcaster.so[0m
[3.237s] [100%] Built target tf_rebroadcaster
[3.267s] Invoked command in '/home/karan_k/interbotix_ws/build/interbotix_tf_tools' returned '0': CMAKE_PREFIX_PATH=${CMAKE_PREFIX_PATH}:/home/karan_k/ardu_ws/install/ardupilot_dds_tests:/opt/ros/humble /usr/bin/cmake --build /home/karan_k/interbotix_ws/build/interbotix_tf_tools -- -j16 -l16
[3.273s] Invoking command in '/home/karan_k/interbotix_ws/build/interbotix_tf_tools': CMAKE_PREFIX_PATH=${CMAKE_PREFIX_PATH}:/home/karan_k/ardu_ws/install/ardupilot_dds_tests:/opt/ros/humble /usr/bin/cmake --install /home/karan_k/interbotix_ws/build/interbotix_tf_tools
[3.284s] -- Install configuration: ""
[3.285s] -- Installing: /home/karan_k/interbotix_ws/install/interbotix_tf_tools/lib/libtf_rebroadcaster.so
[3.295s] -- Set runtime path of "/home/karan_k/interbotix_ws/install/interbotix_tf_tools/lib/libtf_rebroadcaster.so" to ""
[3.296s] -- Installing: /home/karan_k/interbotix_ws/install/interbotix_tf_tools/lib/interbotix_tf_tools/static_trans_pub.py
[3.296s] -- Installing: /home/karan_k/interbotix_ws/install/interbotix_tf_tools/share/interbotix_tf_tools//config
[3.296s] -- Installing: /home/karan_k/interbotix_ws/install/interbotix_tf_tools/share/interbotix_tf_tools//config/tf_rebroadcaster.yaml
[3.296s] -- Installing: /home/karan_k/interbotix_ws/install/interbotix_tf_tools/share/interbotix_tf_tools//launch
[3.296s] -- Installing: /home/karan_k/interbotix_ws/install/interbotix_tf_tools/share/interbotix_tf_tools//launch/static_transform_pub.launch.py
[3.297s] -- Installing: /home/karan_k/interbotix_ws/install/interbotix_tf_tools/share/interbotix_tf_tools//launch/tf_rebroadcaster.launch.py
[3.297s] -- Installing: /home/karan_k/interbotix_ws/install/interbotix_tf_tools/share/ament_index/resource_index/package_run_dependencies/interbotix_tf_tools
[3.297s] -- Installing: /home/karan_k/interbotix_ws/install/interbotix_tf_tools/share/ament_index/resource_index/parent_prefix_path/interbotix_tf_tools
[3.297s] -- Installing: /home/karan_k/interbotix_ws/install/interbotix_tf_tools/share/interbotix_tf_tools/environment/ament_prefix_path.sh
[3.298s] -- Installing: /home/karan_k/interbotix_ws/install/interbotix_tf_tools/share/interbotix_tf_tools/environment/ament_prefix_path.dsv
[3.299s] -- Installing: /home/karan_k/interbotix_ws/install/interbotix_tf_tools/share/interbotix_tf_tools/environment/path.sh
[3.299s] -- Installing: /home/karan_k/interbotix_ws/install/interbotix_tf_tools/share/interbotix_tf_tools/environment/path.dsv
[3.299s] -- Installing: /home/karan_k/interbotix_ws/install/interbotix_tf_tools/share/interbotix_tf_tools/local_setup.bash
[3.299s] -- Installing: /home/karan_k/interbotix_ws/install/interbotix_tf_tools/share/interbotix_tf_tools/local_setup.sh
[3.299s] -- Installing: /home/karan_k/interbotix_ws/install/interbotix_tf_tools/share/interbotix_tf_tools/local_setup.zsh
[3.299s] -- Installing: /home/karan_k/interbotix_ws/install/interbotix_tf_tools/share/interbotix_tf_tools/local_setup.dsv
[3.299s] -- Installing: /home/karan_k/interbotix_ws/install/interbotix_tf_tools/share/interbotix_tf_tools/package.dsv
[3.300s] -- Installing: /home/karan_k/interbotix_ws/install/interbotix_tf_tools/share/ament_index/resource_index/packages/interbotix_tf_tools
[3.301s] -- Installing: /home/karan_k/interbotix_ws/install/interbotix_tf_tools/share/ament_index/resource_index/rclcpp_components/interbotix_tf_tools
[3.303s] -- Installing: /home/karan_k/interbotix_ws/install/interbotix_tf_tools/share/interbotix_tf_tools/cmake/interbotix_tf_toolsConfig.cmake
[3.304s] -- Installing: /home/karan_k/interbotix_ws/install/interbotix_tf_tools/share/interbotix_tf_tools/cmake/interbotix_tf_toolsConfig-version.cmake
[3.304s] -- Installing: /home/karan_k/interbotix_ws/install/interbotix_tf_tools/share/interbotix_tf_tools/package.xml
[3.311s] Invoked command in '/home/karan_k/interbotix_ws/build/interbotix_tf_tools' returned '0': CMAKE_PREFIX_PATH=${CMAKE_PREFIX_PATH}:/home/karan_k/ardu_ws/install/ardupilot_dds_tests:/opt/ros/humble /usr/bin/cmake --install /home/karan_k/interbotix_ws/build/interbotix_tf_tools
