[ 50%] Built target omni
[100%] Built target omni_state
-- Install configuration: ""
-- Up-to-date: /home/karan_k/Geomagic_Touch_ROS2/install/omni_common/lib/omni_common/omni
-- Up-to-date: /home/karan_k/Geomagic_Touch_ROS2/install/omni_common/lib/omni_common/omni_state
-- Up-to-date: /home/karan_k/Geomagic_Touch_ROS2/install/omni_common/share/omni_common/launch
-- Installing: /home/karan_k/Geomagic_Touch_ROS2/install/omni_common/share/omni_common/launch/omni.launch.py
-- Up-to-date: /home/karan_k/Geomagic_Touch_ROS2/install/omni_common/share/omni_common/launch/omni_state.launch.py
-- Up-to-date: /home/karan_k/Geomagic_Touch_ROS2/install/omni_common/share/ament_index/resource_index/package_run_dependencies/omni_common
-- Up-to-date: /home/karan_k/Geomagic_Touch_ROS2/install/omni_common/share/ament_index/resource_index/parent_prefix_path/omni_common
-- Up-to-date: /home/karan_k/Geomagic_Touch_ROS2/install/omni_common/share/omni_common/environment/ament_prefix_path.sh
-- Up-to-date: /home/karan_k/Geomagic_Touch_ROS2/install/omni_common/share/omni_common/environment/ament_prefix_path.dsv
-- Up-to-date: /home/karan_k/Geomagic_Touch_ROS2/install/omni_common/share/omni_common/environment/path.sh
-- Up-to-date: /home/karan_k/Geomagic_Touch_ROS2/install/omni_common/share/omni_common/environment/path.dsv
-- Up-to-date: /home/karan_k/Geomagic_Touch_ROS2/install/omni_common/share/omni_common/local_setup.bash
-- Up-to-date: /home/karan_k/Geomagic_Touch_ROS2/install/omni_common/share/omni_common/local_setup.sh
-- Up-to-date: /home/karan_k/Geomagic_Touch_ROS2/install/omni_common/share/omni_common/local_setup.zsh
-- Up-to-date: /home/karan_k/Geomagic_Touch_ROS2/install/omni_common/share/omni_common/local_setup.dsv
-- Installing: /home/karan_k/Geomagic_Touch_ROS2/install/omni_common/share/omni_common/package.dsv
-- Up-to-date: /home/karan_k/Geomagic_Touch_ROS2/install/omni_common/share/ament_index/resource_index/packages/omni_common
-- Up-to-date: /home/karan_k/Geomagic_Touch_ROS2/install/omni_common/share/omni_common/cmake/omni_commonConfig.cmake
-- Up-to-date: /home/karan_k/Geomagic_Touch_ROS2/install/omni_common/share/omni_common/cmake/omni_commonConfig-version.cmake
-- Up-to-date: /home/karan_k/Geomagic_Touch_ROS2/install/omni_common/share/omni_common/package.xml
