[0.014s] Invoking command in '/home/karan_k/Geomagic_Touch_ROS2/build/omni_broadcaster': AMENT_PREFIX_PATH=/home/karan_k/Geomagic_Touch_ROS2/install/omni_msgs:${AMENT_PREFIX_PATH} CMAKE_PREFIX_PATH=/home/karan_k/Geomagic_Touch_ROS2/install/omni_msgs:/home/karan_k/ardu_ws/install/test_ros_gz_bridge:/home/karan_k/ardu_ws/install/ros_ign:/home/karan_k/ardu_ws/install/ros_ign_gazebo_demos:/home/karan_k/ardu_ws/install/ros_gz:/home/karan_k/ardu_ws/install/ros_gz_sim_demos:/home/karan_k/ardu_ws/install/ardupilot_gz_bringup:/home/karan_k/ardu_ws/install/sdformat_urdf:/home/karan_k/ardu_ws/install/sdformat_test_files:/home/karan_k/ardu_ws/install/ros_ign_interfaces:/home/karan_k/ardu_ws/install/ros_ign_image:/home/karan_k/ardu_ws/install/ros_ign_gazebo:/home/karan_k/ardu_ws/install/ros_ign_bridge:/home/karan_k/ardu_ws/install/ros_gz_sim:/home/karan_k/ardu_ws/install/ros_gz_image:/home/karan_k/ardu_ws/install/ros_gz_bridge:/home/karan_k/ardu_ws/install/ros_gz_interfaces:/home/karan_k/ardu_ws/install/ardupilot_sitl:/home/karan_k/ardu_ws/install/micro_ros_agent:/home/karan_k/ardu_ws/install/ardupilot_sitl_models:/home/karan_k/ardu_ws/install/ardupilot_msgs:/home/karan_k/ardu_ws/install/ardupilot_gz_gazebo:/home/karan_k/ardu_ws/install/ardupilot_gz_description:/home/karan_k/ardu_ws/install/ardupilot_gz_application:/home/karan_k/ardu_ws/install/ardupilot_gazebo:/home/karan_k/ardu_ws/install/ardupilot_dds_tests:/opt/ros/humble LD_LIBRARY_PATH=/home/karan_k/Geomagic_Touch_ROS2/install/omni_msgs/lib:${LD_LIBRARY_PATH} PYTHONPATH=/home/karan_k/Geomagic_Touch_ROS2/install/omni_msgs/local/lib/python3.10/dist-packages:${PYTHONPATH} /usr/bin/cmake --build /home/karan_k/Geomagic_Touch_ROS2/build/omni_broadcaster -- -j16 -l16
[0.044s] -- Found ament_cmake: 1.3.11 (/opt/ros/humble/share/ament_cmake/cmake)
[0.177s] -- Found rclcpp: 16.0.12 (/opt/ros/humble/share/rclcpp/cmake)
[0.210s] -- Found rosidl_generator_c: 3.1.6 (/opt/ros/humble/share/rosidl_generator_c/cmake)
[0.213s] -- Found rosidl_adapter: 3.1.6 (/opt/ros/humble/share/rosidl_adapter/cmake)
[0.219s] -- Found rosidl_generator_cpp: 3.1.6 (/opt/ros/humble/share/rosidl_generator_cpp/cmake)
[0.228s] -- Using all available rosidl_typesupport_c: rosidl_typesupport_fastrtps_c;rosidl_typesupport_introspection_c
[0.239s] -- Using all available rosidl_typesupport_cpp: rosidl_typesupport_fastrtps_cpp;rosidl_typesupport_introspection_cpp
[0.274s] -- Found rmw_implementation_cmake: 6.1.2 (/opt/ros/humble/share/rmw_implementation_cmake/cmake)
[0.277s] -- Found rmw_fastrtps_cpp: 6.2.7 (/opt/ros/humble/share/rmw_fastrtps_cpp/cmake)
[0.416s] -- Using RMW implementation 'rmw_fastrtps_cpp' as default
[0.468s] -- Found geometry_msgs: 4.9.0 (/opt/ros/humble/share/geometry_msgs/cmake)
[0.481s] -- Found omni_msgs: 0.0.0 (/home/karan_k/Geomagic_Touch_ROS2/install/omni_msgs/share/omni_msgs/cmake)
[0.500s] -- Found tf2_ros: 0.25.13 (/opt/ros/humble/share/tf2_ros/cmake)
[0.591s] -- Found ament_lint_auto: 0.12.12 (/opt/ros/humble/share/ament_lint_auto/cmake)
[0.656s] -- Added test 'copyright' to check source files copyright and LICENSE
[0.657s] -- Added test 'cppcheck' to perform static code analysis on C / C++ code
[0.657s] -- Configured cppcheck include dirs: 
[0.657s] -- Configured cppcheck exclude dirs and/or files: 
[0.658s] -- Added test 'cpplint' to check C / C++ code against the Google style
[0.658s] -- Configured cpplint exclude dirs and/or files: 
[0.658s] -- Added test 'flake8' to check Python code syntax and style conventions
[0.658s] -- Added test 'lint_cmake' to check CMake code style
[0.659s] -- Added test 'pep257' to check Python code against some of the docstring style conventions in PEP 257
[0.659s] -- Added test 'uncrustify' to check C / C++ code style
[0.659s] -- Configured uncrustify additional arguments: 
[0.660s] -- Added test 'xmllint' to check XML markup files
[0.661s] -- Configuring done
[0.675s] -- Generating done
[0.680s] -- Build files have been written to: /home/karan_k/Geomagic_Touch_ROS2/build/omni_broadcaster
[0.714s] [35m[1mConsolidate compiler generated dependencies of target omni_broadcaster[0m
[0.735s] [ 50%] [32mBuilding CXX object CMakeFiles/omni_broadcaster.dir/src/omni_broadcaster.cpp.o[0m
[0.834s] [100%] [32m[1mLinking CXX executable omni_broadcaster[0m
[1.897s] [100%] Built target omni_broadcaster
[1.913s] Invoked command in '/home/karan_k/Geomagic_Touch_ROS2/build/omni_broadcaster' returned '0': AMENT_PREFIX_PATH=/home/karan_k/Geomagic_Touch_ROS2/install/omni_msgs:${AMENT_PREFIX_PATH} CMAKE_PREFIX_PATH=/home/karan_k/Geomagic_Touch_ROS2/install/omni_msgs:/home/karan_k/ardu_ws/install/test_ros_gz_bridge:/home/karan_k/ardu_ws/install/ros_ign:/home/karan_k/ardu_ws/install/ros_ign_gazebo_demos:/home/karan_k/ardu_ws/install/ros_gz:/home/karan_k/ardu_ws/install/ros_gz_sim_demos:/home/karan_k/ardu_ws/install/ardupilot_gz_bringup:/home/karan_k/ardu_ws/install/sdformat_urdf:/home/karan_k/ardu_ws/install/sdformat_test_files:/home/karan_k/ardu_ws/install/ros_ign_interfaces:/home/karan_k/ardu_ws/install/ros_ign_image:/home/karan_k/ardu_ws/install/ros_ign_gazebo:/home/karan_k/ardu_ws/install/ros_ign_bridge:/home/karan_k/ardu_ws/install/ros_gz_sim:/home/karan_k/ardu_ws/install/ros_gz_image:/home/karan_k/ardu_ws/install/ros_gz_bridge:/home/karan_k/ardu_ws/install/ros_gz_interfaces:/home/karan_k/ardu_ws/install/ardupilot_sitl:/home/karan_k/ardu_ws/install/micro_ros_agent:/home/karan_k/ardu_ws/install/ardupilot_sitl_models:/home/karan_k/ardu_ws/install/ardupilot_msgs:/home/karan_k/ardu_ws/install/ardupilot_gz_gazebo:/home/karan_k/ardu_ws/install/ardupilot_gz_description:/home/karan_k/ardu_ws/install/ardupilot_gz_application:/home/karan_k/ardu_ws/install/ardupilot_gazebo:/home/karan_k/ardu_ws/install/ardupilot_dds_tests:/opt/ros/humble LD_LIBRARY_PATH=/home/karan_k/Geomagic_Touch_ROS2/install/omni_msgs/lib:${LD_LIBRARY_PATH} PYTHONPATH=/home/karan_k/Geomagic_Touch_ROS2/install/omni_msgs/local/lib/python3.10/dist-packages:${PYTHONPATH} /usr/bin/cmake --build /home/karan_k/Geomagic_Touch_ROS2/build/omni_broadcaster -- -j16 -l16
[1.916s] Invoking command in '/home/karan_k/Geomagic_Touch_ROS2/build/omni_broadcaster': AMENT_PREFIX_PATH=/home/karan_k/Geomagic_Touch_ROS2/install/omni_msgs:${AMENT_PREFIX_PATH} CMAKE_PREFIX_PATH=/home/karan_k/Geomagic_Touch_ROS2/install/omni_msgs:/home/karan_k/ardu_ws/install/test_ros_gz_bridge:/home/karan_k/ardu_ws/install/ros_ign:/home/karan_k/ardu_ws/install/ros_ign_gazebo_demos:/home/karan_k/ardu_ws/install/ros_gz:/home/karan_k/ardu_ws/install/ros_gz_sim_demos:/home/karan_k/ardu_ws/install/ardupilot_gz_bringup:/home/karan_k/ardu_ws/install/sdformat_urdf:/home/karan_k/ardu_ws/install/sdformat_test_files:/home/karan_k/ardu_ws/install/ros_ign_interfaces:/home/karan_k/ardu_ws/install/ros_ign_image:/home/karan_k/ardu_ws/install/ros_ign_gazebo:/home/karan_k/ardu_ws/install/ros_ign_bridge:/home/karan_k/ardu_ws/install/ros_gz_sim:/home/karan_k/ardu_ws/install/ros_gz_image:/home/karan_k/ardu_ws/install/ros_gz_bridge:/home/karan_k/ardu_ws/install/ros_gz_interfaces:/home/karan_k/ardu_ws/install/ardupilot_sitl:/home/karan_k/ardu_ws/install/micro_ros_agent:/home/karan_k/ardu_ws/install/ardupilot_sitl_models:/home/karan_k/ardu_ws/install/ardupilot_msgs:/home/karan_k/ardu_ws/install/ardupilot_gz_gazebo:/home/karan_k/ardu_ws/install/ardupilot_gz_description:/home/karan_k/ardu_ws/install/ardupilot_gz_application:/home/karan_k/ardu_ws/install/ardupilot_gazebo:/home/karan_k/ardu_ws/install/ardupilot_dds_tests:/opt/ros/humble LD_LIBRARY_PATH=/home/karan_k/Geomagic_Touch_ROS2/install/omni_msgs/lib:${LD_LIBRARY_PATH} PYTHONPATH=/home/karan_k/Geomagic_Touch_ROS2/install/omni_msgs/local/lib/python3.10/dist-packages:${PYTHONPATH} /usr/bin/cmake --install /home/karan_k/Geomagic_Touch_ROS2/build/omni_broadcaster
[1.927s] -- Install configuration: ""
[1.927s] -- Installing: /home/karan_k/Geomagic_Touch_ROS2/install/omni_broadcaster/lib/omni_broadcaster/omni_broadcaster
[1.937s] -- Set runtime path of "/home/karan_k/Geomagic_Touch_ROS2/install/omni_broadcaster/lib/omni_broadcaster/omni_broadcaster" to ""
[1.937s] -- Up-to-date: /home/karan_k/Geomagic_Touch_ROS2/install/omni_broadcaster/share/omni_broadcaster/launch
[1.937s] -- Up-to-date: /home/karan_k/Geomagic_Touch_ROS2/install/omni_broadcaster/share/omni_broadcaster/launch/omni_frame.launch.py
[1.937s] -- Up-to-date: /home/karan_k/Geomagic_Touch_ROS2/install/omni_broadcaster/share/ament_index/resource_index/package_run_dependencies/omni_broadcaster
[1.937s] -- Installing: /home/karan_k/Geomagic_Touch_ROS2/install/omni_broadcaster/share/ament_index/resource_index/parent_prefix_path/omni_broadcaster
[1.937s] -- Up-to-date: /home/karan_k/Geomagic_Touch_ROS2/install/omni_broadcaster/share/omni_broadcaster/environment/ament_prefix_path.sh
[1.937s] -- Installing: /home/karan_k/Geomagic_Touch_ROS2/install/omni_broadcaster/share/omni_broadcaster/environment/ament_prefix_path.dsv
[1.937s] -- Up-to-date: /home/karan_k/Geomagic_Touch_ROS2/install/omni_broadcaster/share/omni_broadcaster/environment/path.sh
[1.938s] -- Installing: /home/karan_k/Geomagic_Touch_ROS2/install/omni_broadcaster/share/omni_broadcaster/environment/path.dsv
[1.938s] -- Up-to-date: /home/karan_k/Geomagic_Touch_ROS2/install/omni_broadcaster/share/omni_broadcaster/local_setup.bash
[1.938s] -- Up-to-date: /home/karan_k/Geomagic_Touch_ROS2/install/omni_broadcaster/share/omni_broadcaster/local_setup.sh
[1.938s] -- Up-to-date: /home/karan_k/Geomagic_Touch_ROS2/install/omni_broadcaster/share/omni_broadcaster/local_setup.zsh
[1.938s] -- Installing: /home/karan_k/Geomagic_Touch_ROS2/install/omni_broadcaster/share/omni_broadcaster/local_setup.dsv
[1.938s] -- Installing: /home/karan_k/Geomagic_Touch_ROS2/install/omni_broadcaster/share/omni_broadcaster/package.dsv
[1.938s] -- Up-to-date: /home/karan_k/Geomagic_Touch_ROS2/install/omni_broadcaster/share/ament_index/resource_index/packages/omni_broadcaster
[1.938s] -- Up-to-date: /home/karan_k/Geomagic_Touch_ROS2/install/omni_broadcaster/share/omni_broadcaster/cmake/omni_broadcasterConfig.cmake
[1.938s] -- Up-to-date: /home/karan_k/Geomagic_Touch_ROS2/install/omni_broadcaster/share/omni_broadcaster/cmake/omni_broadcasterConfig-version.cmake
[1.939s] -- Up-to-date: /home/karan_k/Geomagic_Touch_ROS2/install/omni_broadcaster/share/omni_broadcaster/package.xml
[1.943s] Invoked command in '/home/karan_k/Geomagic_Touch_ROS2/build/omni_broadcaster' returned '0': AMENT_PREFIX_PATH=/home/karan_k/Geomagic_Touch_ROS2/install/omni_msgs:${AMENT_PREFIX_PATH} CMAKE_PREFIX_PATH=/home/karan_k/Geomagic_Touch_ROS2/install/omni_msgs:/home/karan_k/ardu_ws/install/test_ros_gz_bridge:/home/karan_k/ardu_ws/install/ros_ign:/home/karan_k/ardu_ws/install/ros_ign_gazebo_demos:/home/karan_k/ardu_ws/install/ros_gz:/home/karan_k/ardu_ws/install/ros_gz_sim_demos:/home/karan_k/ardu_ws/install/ardupilot_gz_bringup:/home/karan_k/ardu_ws/install/sdformat_urdf:/home/karan_k/ardu_ws/install/sdformat_test_files:/home/karan_k/ardu_ws/install/ros_ign_interfaces:/home/karan_k/ardu_ws/install/ros_ign_image:/home/karan_k/ardu_ws/install/ros_ign_gazebo:/home/karan_k/ardu_ws/install/ros_ign_bridge:/home/karan_k/ardu_ws/install/ros_gz_sim:/home/karan_k/ardu_ws/install/ros_gz_image:/home/karan_k/ardu_ws/install/ros_gz_bridge:/home/karan_k/ardu_ws/install/ros_gz_interfaces:/home/karan_k/ardu_ws/install/ardupilot_sitl:/home/karan_k/ardu_ws/install/micro_ros_agent:/home/karan_k/ardu_ws/install/ardupilot_sitl_models:/home/karan_k/ardu_ws/install/ardupilot_msgs:/home/karan_k/ardu_ws/install/ardupilot_gz_gazebo:/home/karan_k/ardu_ws/install/ardupilot_gz_description:/home/karan_k/ardu_ws/install/ardupilot_gz_application:/home/karan_k/ardu_ws/install/ardupilot_gazebo:/home/karan_k/ardu_ws/install/ardupilot_dds_tests:/opt/ros/humble LD_LIBRARY_PATH=/home/karan_k/Geomagic_Touch_ROS2/install/omni_msgs/lib:${LD_LIBRARY_PATH} PYTHONPATH=/home/karan_k/Geomagic_Touch_ROS2/install/omni_msgs/local/lib/python3.10/dist-packages:${PYTHONPATH} /usr/bin/cmake --install /home/karan_k/Geomagic_Touch_ROS2/build/omni_broadcaster
