-- Found ament_cmake: 1.3.12 (/opt/ros/humble/share/ament_cmake/cmake)
-- Found rclcpp: 16.0.15 (/opt/ros/humble/share/rclcpp/cmake)
-- Found rosidl_generator_c: 3.1.7 (/opt/ros/humble/share/rosidl_generator_c/cmake)
-- Found rosidl_adapter: 3.1.7 (/opt/ros/humble/share/rosidl_adapter/cmake)
-- Found rosidl_generator_cpp: 3.1.7 (/opt/ros/humble/share/rosidl_generator_cpp/cmake)
-- Using all available rosidl_typesupport_c: rosidl_typesupport_fastrtps_c;rosidl_typesupport_introspection_c
-- Using all available rosidl_typesupport_cpp: rosidl_typesupport_fastrtps_cpp;rosidl_typesupport_introspection_cpp
-- Found rmw_implementation_cmake: 6.1.2 (/opt/ros/humble/share/rmw_implementation_cmake/cmake)
-- Found rmw_fastrtps_cpp: 6.2.9 (/opt/ros/humble/share/rmw_fastrtps_cpp/cmake)
-- Using RMW implementation 'rmw_fastrtps_cpp' as default
-- Found geometry_msgs: 4.9.0 (/opt/ros/humble/share/geometry_msgs/cmake)
-- Found omni_msgs: 0.0.0 (/home/karan_k/Geomagic_Touch_ROS2/install/omni_msgs/share/omni_msgs/cmake)
-- Found sensor_msgs: 4.9.0 (/opt/ros/humble/share/sensor_msgs/cmake)
-- Found tf2_ros: 0.25.16 (/opt/ros/humble/share/tf2_ros/cmake)
-- Found urdf: 2.6.1 (/opt/ros/humble/share/urdf/cmake)
-- Found ament_lint_auto: 0.12.14 (/opt/ros/humble/share/ament_lint_auto/cmake)
-- Added test 'copyright' to check source files copyright and LICENSE
-- Added test 'cppcheck' to perform static code analysis on C / C++ code
-- Configured cppcheck include dirs: $<BUILD_INTERFACE:/home/karan_k/Geomagic_Touch_ROS2/src/omni_common/include>
-- Configured cppcheck exclude dirs and/or files: 
-- Added test 'cpplint' to check C / C++ code against the Google style
-- Configured cpplint exclude dirs and/or files: 
-- Added test 'flake8' to check Python code syntax and style conventions
-- Added test 'lint_cmake' to check CMake code style
-- Added test 'pep257' to check Python code against some of the docstring style conventions in PEP 257
-- Added test 'uncrustify' to check C / C++ code style
-- Configured uncrustify additional arguments: 
-- Added test 'xmllint' to check XML markup files
-- Configuring done
-- Generating done
-- Build files have been written to: /home/karan_k/Geomagic_Touch_ROS2/build/omni_common
[35m[1mConsolidate compiler generated dependencies of target omni[0m
[35m[1mConsolidate compiler generated dependencies of target omni_state[0m
[100%] Built target omni_state
[100%] Built target omni
-- Install configuration: ""
-- Up-to-date: /home/karan_k/Geomagic_Touch_ROS2/install/omni_common/lib/omni_common/omni
-- Up-to-date: /home/karan_k/Geomagic_Touch_ROS2/install/omni_common/lib/omni_common/omni_state
-- Up-to-date: /home/karan_k/Geomagic_Touch_ROS2/install/omni_common/share/omni_common/launch
-- Up-to-date: /home/karan_k/Geomagic_Touch_ROS2/install/omni_common/share/omni_common/launch/force.py
-- Up-to-date: /home/karan_k/Geomagic_Touch_ROS2/install/omni_common/share/omni_common/launch/f.py
-- Up-to-date: /home/karan_k/Geomagic_Touch_ROS2/install/omni_common/share/omni_common/launch/omni.launch.py
-- Up-to-date: /home/karan_k/Geomagic_Touch_ROS2/install/omni_common/share/omni_common/launch/omni_state.launch.py
-- Up-to-date: /home/karan_k/Geomagic_Touch_ROS2/install/omni_common/share/omni_common/launch/pub.py
-- Installing: /home/karan_k/Geomagic_Touch_ROS2/install/omni_common/lib/omni_common/ff.py
-- Up-to-date: /home/karan_k/Geomagic_Touch_ROS2/install/omni_common/share/ament_index/resource_index/package_run_dependencies/omni_common
-- Up-to-date: /home/karan_k/Geomagic_Touch_ROS2/install/omni_common/share/ament_index/resource_index/parent_prefix_path/omni_common
-- Up-to-date: /home/karan_k/Geomagic_Touch_ROS2/install/omni_common/share/omni_common/environment/ament_prefix_path.sh
-- Installing: /home/karan_k/Geomagic_Touch_ROS2/install/omni_common/share/omni_common/environment/ament_prefix_path.dsv
-- Up-to-date: /home/karan_k/Geomagic_Touch_ROS2/install/omni_common/share/omni_common/environment/path.sh
-- Installing: /home/karan_k/Geomagic_Touch_ROS2/install/omni_common/share/omni_common/environment/path.dsv
-- Up-to-date: /home/karan_k/Geomagic_Touch_ROS2/install/omni_common/share/omni_common/local_setup.bash
-- Up-to-date: /home/karan_k/Geomagic_Touch_ROS2/install/omni_common/share/omni_common/local_setup.sh
-- Up-to-date: /home/karan_k/Geomagic_Touch_ROS2/install/omni_common/share/omni_common/local_setup.zsh
-- Installing: /home/karan_k/Geomagic_Touch_ROS2/install/omni_common/share/omni_common/local_setup.dsv
-- Installing: /home/karan_k/Geomagic_Touch_ROS2/install/omni_common/share/omni_common/package.dsv
-- Up-to-date: /home/karan_k/Geomagic_Touch_ROS2/install/omni_common/share/ament_index/resource_index/packages/omni_common
-- Up-to-date: /home/karan_k/Geomagic_Touch_ROS2/install/omni_common/share/omni_common/cmake/omni_commonConfig.cmake
-- Up-to-date: /home/karan_k/Geomagic_Touch_ROS2/install/omni_common/share/omni_common/cmake/omni_commonConfig-version.cmake
-- Up-to-date: /home/karan_k/Geomagic_Touch_ROS2/install/omni_common/share/omni_common/package.xml
