[0.114s] DEBUG:colcon:Command line arguments: ['/usr/bin/colcon', 'build']
[0.114s] DEBUG:colcon:Parsed command line arguments: Namespace(log_base=None, log_level=None, verb_name='build', build_base='build', install_base='install', merge_install=False, symlink_install=False, test_result_base=None, continue_on_error=False, executor='parallel', parallel_workers=16, event_handlers=None, ignore_user_meta=False, metas=['./colcon.meta'], base_paths=['.'], packages_ignore=None, packages_ignore_regex=None, paths=None, packages_up_to=None, packages_up_to_regex=None, packages_above=None, packages_above_and_dependencies=None, packages_above_depth=None, packages_select_by_dep=None, packages_skip_by_dep=None, packages_skip_up_to=None, packages_select_build_failed=False, packages_skip_build_finished=False, packages_select_test_failures=False, packages_skip_test_passed=False, packages_select=None, packages_skip=None, packages_select_regex=None, packages_skip_regex=None, packages_start=None, packages_end=None, allow_overriding=[], cmake_args=None, cmake_target=None, cmake_target_skip_unavailable=False, cmake_clean_cache=False, cmake_clean_first=False, cmake_force_configure=False, ament_cmake_args=None, catkin_cmake_args=None, catkin_skip_building_tests=False, mixin_files=None, mixin=None, verb_parser=<colcon_mixin.mixin.mixin_argument.MixinArgumentDecorator object at 0x765d4309c0a0>, verb_extension=<colcon_core.verb.build.BuildVerb object at 0x765d4301da80>, main=<bound method BuildVerb.main of <colcon_core.verb.build.BuildVerb object at 0x765d4301da80>>, mixin_verb=('build',))
[0.154s] Level 1:colcon.colcon_core.package_discovery:discover_packages(colcon_meta) check parameters
[0.154s] Level 1:colcon.colcon_core.package_discovery:discover_packages(recursive) check parameters
[0.154s] Level 1:colcon.colcon_core.package_discovery:discover_packages(ignore) check parameters
[0.154s] Level 1:colcon.colcon_core.package_discovery:discover_packages(path) check parameters
[0.154s] Level 1:colcon.colcon_core.package_discovery:discover_packages(colcon_meta) discover
[0.154s] Level 1:colcon.colcon_core.package_discovery:discover_packages(recursive) discover
[0.154s] INFO:colcon.colcon_core.package_discovery:Crawling recursively for packages in '/home/karan_k/Geomagic_Touch_ROS2'
[0.154s] Level 1:colcon.colcon_core.package_identification:_identify(.) by extensions ['ignore', 'ignore_ament_install']
[0.154s] Level 1:colcon.colcon_core.package_identification:_identify(.) by extension 'ignore'
[0.154s] Level 1:colcon.colcon_core.package_identification:_identify(.) by extension 'ignore_ament_install'
[0.154s] Level 1:colcon.colcon_core.package_identification:_identify(.) by extensions ['colcon_pkg']
[0.154s] Level 1:colcon.colcon_core.package_identification:_identify(.) by extension 'colcon_pkg'
[0.154s] Level 1:colcon.colcon_core.package_identification:_identify(.) by extensions ['colcon_meta']
[0.154s] Level 1:colcon.colcon_core.package_identification:_identify(.) by extension 'colcon_meta'
[0.154s] Level 1:colcon.colcon_core.package_identification:_identify(.) by extensions ['ros']
[0.154s] Level 1:colcon.colcon_core.package_identification:_identify(.) by extension 'ros'
[0.167s] Level 1:colcon.colcon_core.package_identification:_identify(.) by extensions ['cmake', 'python']
[0.167s] Level 1:colcon.colcon_core.package_identification:_identify(.) by extension 'cmake'
[0.167s] Level 1:colcon.colcon_core.package_identification:_identify(.) by extension 'python'
[0.168s] Level 1:colcon.colcon_core.package_identification:_identify(.) by extensions ['python_setup_py']
[0.168s] Level 1:colcon.colcon_core.package_identification:_identify(.) by extension 'python_setup_py'
[0.168s] Level 1:colcon.colcon_core.package_identification:_identify(build) by extensions ['ignore', 'ignore_ament_install']
[0.168s] Level 1:colcon.colcon_core.package_identification:_identify(build) by extension 'ignore'
[0.168s] Level 1:colcon.colcon_core.package_identification:_identify(build) ignored
[0.168s] Level 1:colcon.colcon_core.package_identification:_identify(install) by extensions ['ignore', 'ignore_ament_install']
[0.168s] Level 1:colcon.colcon_core.package_identification:_identify(install) by extension 'ignore'
[0.168s] Level 1:colcon.colcon_core.package_identification:_identify(install) ignored
[0.168s] Level 1:colcon.colcon_core.package_identification:_identify(log) by extensions ['ignore', 'ignore_ament_install']
[0.168s] Level 1:colcon.colcon_core.package_identification:_identify(log) by extension 'ignore'
[0.168s] Level 1:colcon.colcon_core.package_identification:_identify(log) ignored
[0.168s] Level 1:colcon.colcon_core.package_identification:_identify(src) by extensions ['ignore', 'ignore_ament_install']
[0.169s] Level 1:colcon.colcon_core.package_identification:_identify(src) by extension 'ignore'
[0.169s] Level 1:colcon.colcon_core.package_identification:_identify(src) by extension 'ignore_ament_install'
[0.169s] Level 1:colcon.colcon_core.package_identification:_identify(src) by extensions ['colcon_pkg']
[0.169s] Level 1:colcon.colcon_core.package_identification:_identify(src) by extension 'colcon_pkg'
[0.169s] Level 1:colcon.colcon_core.package_identification:_identify(src) by extensions ['colcon_meta']
[0.169s] Level 1:colcon.colcon_core.package_identification:_identify(src) by extension 'colcon_meta'
[0.169s] Level 1:colcon.colcon_core.package_identification:_identify(src) by extensions ['ros']
[0.169s] Level 1:colcon.colcon_core.package_identification:_identify(src) by extension 'ros'
[0.169s] Level 1:colcon.colcon_core.package_identification:_identify(src) by extensions ['cmake', 'python']
[0.169s] Level 1:colcon.colcon_core.package_identification:_identify(src) by extension 'cmake'
[0.169s] Level 1:colcon.colcon_core.package_identification:_identify(src) by extension 'python'
[0.169s] Level 1:colcon.colcon_core.package_identification:_identify(src) by extensions ['python_setup_py']
[0.169s] Level 1:colcon.colcon_core.package_identification:_identify(src) by extension 'python_setup_py'
[0.169s] Level 1:colcon.colcon_core.package_identification:_identify(src/omni_broadcaster) by extensions ['ignore', 'ignore_ament_install']
[0.169s] Level 1:colcon.colcon_core.package_identification:_identify(src/omni_broadcaster) by extension 'ignore'
[0.169s] Level 1:colcon.colcon_core.package_identification:_identify(src/omni_broadcaster) by extension 'ignore_ament_install'
[0.169s] Level 1:colcon.colcon_core.package_identification:_identify(src/omni_broadcaster) by extensions ['colcon_pkg']
[0.169s] Level 1:colcon.colcon_core.package_identification:_identify(src/omni_broadcaster) by extension 'colcon_pkg'
[0.169s] Level 1:colcon.colcon_core.package_identification:_identify(src/omni_broadcaster) by extensions ['colcon_meta']
[0.169s] Level 1:colcon.colcon_core.package_identification:_identify(src/omni_broadcaster) by extension 'colcon_meta'
[0.169s] Level 1:colcon.colcon_core.package_identification:_identify(src/omni_broadcaster) by extensions ['ros']
[0.169s] Level 1:colcon.colcon_core.package_identification:_identify(src/omni_broadcaster) by extension 'ros'
[0.172s] DEBUG:colcon.colcon_core.package_identification:Package 'src/omni_broadcaster' with type 'ros.ament_cmake' and name 'omni_broadcaster'
[0.172s] Level 1:colcon.colcon_core.package_identification:_identify(src/omni_common) by extensions ['ignore', 'ignore_ament_install']
[0.172s] Level 1:colcon.colcon_core.package_identification:_identify(src/omni_common) by extension 'ignore'
[0.172s] Level 1:colcon.colcon_core.package_identification:_identify(src/omni_common) by extension 'ignore_ament_install'
[0.172s] Level 1:colcon.colcon_core.package_identification:_identify(src/omni_common) by extensions ['colcon_pkg']
[0.172s] Level 1:colcon.colcon_core.package_identification:_identify(src/omni_common) by extension 'colcon_pkg'
[0.172s] Level 1:colcon.colcon_core.package_identification:_identify(src/omni_common) by extensions ['colcon_meta']
[0.172s] Level 1:colcon.colcon_core.package_identification:_identify(src/omni_common) by extension 'colcon_meta'
[0.172s] Level 1:colcon.colcon_core.package_identification:_identify(src/omni_common) by extensions ['ros']
[0.172s] Level 1:colcon.colcon_core.package_identification:_identify(src/omni_common) by extension 'ros'
[0.173s] DEBUG:colcon.colcon_core.package_identification:Package 'src/omni_common' with type 'ros.ament_cmake' and name 'omni_common'
[0.173s] Level 1:colcon.colcon_core.package_identification:_identify(src/omni_description) by extensions ['ignore', 'ignore_ament_install']
[0.174s] Level 1:colcon.colcon_core.package_identification:_identify(src/omni_description) by extension 'ignore'
[0.174s] Level 1:colcon.colcon_core.package_identification:_identify(src/omni_description) by extension 'ignore_ament_install'
[0.174s] Level 1:colcon.colcon_core.package_identification:_identify(src/omni_description) by extensions ['colcon_pkg']
[0.174s] Level 1:colcon.colcon_core.package_identification:_identify(src/omni_description) by extension 'colcon_pkg'
[0.174s] Level 1:colcon.colcon_core.package_identification:_identify(src/omni_description) by extensions ['colcon_meta']
[0.174s] Level 1:colcon.colcon_core.package_identification:_identify(src/omni_description) by extension 'colcon_meta'
[0.174s] Level 1:colcon.colcon_core.package_identification:_identify(src/omni_description) by extensions ['ros']
[0.174s] Level 1:colcon.colcon_core.package_identification:_identify(src/omni_description) by extension 'ros'
[0.174s] DEBUG:colcon.colcon_core.package_identification:Package 'src/omni_description' with type 'ros.ament_cmake' and name 'omni_description'
[0.174s] Level 1:colcon.colcon_core.package_identification:_identify(src/omni_msgs) by extensions ['ignore', 'ignore_ament_install']
[0.174s] Level 1:colcon.colcon_core.package_identification:_identify(src/omni_msgs) by extension 'ignore'
[0.174s] Level 1:colcon.colcon_core.package_identification:_identify(src/omni_msgs) by extension 'ignore_ament_install'
[0.175s] Level 1:colcon.colcon_core.package_identification:_identify(src/omni_msgs) by extensions ['colcon_pkg']
[0.175s] Level 1:colcon.colcon_core.package_identification:_identify(src/omni_msgs) by extension 'colcon_pkg'
[0.175s] Level 1:colcon.colcon_core.package_identification:_identify(src/omni_msgs) by extensions ['colcon_meta']
[0.175s] Level 1:colcon.colcon_core.package_identification:_identify(src/omni_msgs) by extension 'colcon_meta'
[0.175s] Level 1:colcon.colcon_core.package_identification:_identify(src/omni_msgs) by extensions ['ros']
[0.175s] Level 1:colcon.colcon_core.package_identification:_identify(src/omni_msgs) by extension 'ros'
[0.175s] DEBUG:colcon.colcon_core.package_identification:Package 'src/omni_msgs' with type 'ros.ament_cmake' and name 'omni_msgs'
[0.175s] Level 1:colcon.colcon_core.package_discovery:discover_packages(recursive) using defaults
[0.175s] Level 1:colcon.colcon_core.package_discovery:discover_packages(ignore) discover
[0.175s] Level 1:colcon.colcon_core.package_discovery:discover_packages(ignore) using defaults
[0.175s] Level 1:colcon.colcon_core.package_discovery:discover_packages(path) discover
[0.175s] Level 1:colcon.colcon_core.package_discovery:discover_packages(path) using defaults
[0.196s] Level 1:colcon.colcon_core.package_discovery:discover_packages(prefix_path) check parameters
[0.196s] Level 1:colcon.colcon_core.package_discovery:discover_packages(prefix_path) discover
[0.200s] DEBUG:colcon.colcon_installed_package_information.package_discovery:Found 4 installed packages in /home/karan_k/Geomagic_Touch_ROS2/install
[0.201s] DEBUG:colcon.colcon_installed_package_information.package_discovery:Found 25 installed packages in /home/karan_k/ardu_ws/install
[0.202s] DEBUG:colcon.colcon_installed_package_information.package_discovery:Found 379 installed packages in /opt/ros/humble
[0.205s] Level 1:colcon.colcon_core.package_discovery:discover_packages(prefix_path) using defaults
[0.249s] Level 5:colcon.colcon_core.verb:set package 'omni_description' build argument 'cmake_args' from command line to 'None'
[0.249s] Level 5:colcon.colcon_core.verb:set package 'omni_description' build argument 'cmake_target' from command line to 'None'
[0.249s] Level 5:colcon.colcon_core.verb:set package 'omni_description' build argument 'cmake_target_skip_unavailable' from command line to 'False'
[0.249s] Level 5:colcon.colcon_core.verb:set package 'omni_description' build argument 'cmake_clean_cache' from command line to 'False'
[0.249s] Level 5:colcon.colcon_core.verb:set package 'omni_description' build argument 'cmake_clean_first' from command line to 'False'
[0.249s] Level 5:colcon.colcon_core.verb:set package 'omni_description' build argument 'cmake_force_configure' from command line to 'False'
[0.249s] Level 5:colcon.colcon_core.verb:set package 'omni_description' build argument 'ament_cmake_args' from command line to 'None'
[0.249s] Level 5:colcon.colcon_core.verb:set package 'omni_description' build argument 'catkin_cmake_args' from command line to 'None'
[0.249s] Level 5:colcon.colcon_core.verb:set package 'omni_description' build argument 'catkin_skip_building_tests' from command line to 'False'
[0.249s] DEBUG:colcon.colcon_core.verb:Building package 'omni_description' with the following arguments: {'ament_cmake_args': None, 'build_base': '/home/karan_k/Geomagic_Touch_ROS2/build/omni_description', 'catkin_cmake_args': None, 'catkin_skip_building_tests': False, 'cmake_args': None, 'cmake_clean_cache': False, 'cmake_clean_first': False, 'cmake_force_configure': False, 'cmake_target': None, 'cmake_target_skip_unavailable': False, 'install_base': '/home/karan_k/Geomagic_Touch_ROS2/install/omni_description', 'merge_install': False, 'path': '/home/karan_k/Geomagic_Touch_ROS2/src/omni_description', 'symlink_install': False, 'test_result_base': None}
[0.250s] Level 5:colcon.colcon_core.verb:set package 'omni_msgs' build argument 'cmake_args' from command line to 'None'
[0.250s] Level 5:colcon.colcon_core.verb:set package 'omni_msgs' build argument 'cmake_target' from command line to 'None'
[0.250s] Level 5:colcon.colcon_core.verb:set package 'omni_msgs' build argument 'cmake_target_skip_unavailable' from command line to 'False'
[0.250s] Level 5:colcon.colcon_core.verb:set package 'omni_msgs' build argument 'cmake_clean_cache' from command line to 'False'
[0.250s] Level 5:colcon.colcon_core.verb:set package 'omni_msgs' build argument 'cmake_clean_first' from command line to 'False'
[0.250s] Level 5:colcon.colcon_core.verb:set package 'omni_msgs' build argument 'cmake_force_configure' from command line to 'False'
[0.250s] Level 5:colcon.colcon_core.verb:set package 'omni_msgs' build argument 'ament_cmake_args' from command line to 'None'
[0.250s] Level 5:colcon.colcon_core.verb:set package 'omni_msgs' build argument 'catkin_cmake_args' from command line to 'None'
[0.250s] Level 5:colcon.colcon_core.verb:set package 'omni_msgs' build argument 'catkin_skip_building_tests' from command line to 'False'
[0.250s] DEBUG:colcon.colcon_core.verb:Building package 'omni_msgs' with the following arguments: {'ament_cmake_args': None, 'build_base': '/home/karan_k/Geomagic_Touch_ROS2/build/omni_msgs', 'catkin_cmake_args': None, 'catkin_skip_building_tests': False, 'cmake_args': None, 'cmake_clean_cache': False, 'cmake_clean_first': False, 'cmake_force_configure': False, 'cmake_target': None, 'cmake_target_skip_unavailable': False, 'install_base': '/home/karan_k/Geomagic_Touch_ROS2/install/omni_msgs', 'merge_install': False, 'path': '/home/karan_k/Geomagic_Touch_ROS2/src/omni_msgs', 'symlink_install': False, 'test_result_base': None}
[0.250s] Level 5:colcon.colcon_core.verb:set package 'omni_broadcaster' build argument 'cmake_args' from command line to 'None'
[0.250s] Level 5:colcon.colcon_core.verb:set package 'omni_broadcaster' build argument 'cmake_target' from command line to 'None'
[0.250s] Level 5:colcon.colcon_core.verb:set package 'omni_broadcaster' build argument 'cmake_target_skip_unavailable' from command line to 'False'
[0.250s] Level 5:colcon.colcon_core.verb:set package 'omni_broadcaster' build argument 'cmake_clean_cache' from command line to 'False'
[0.250s] Level 5:colcon.colcon_core.verb:set package 'omni_broadcaster' build argument 'cmake_clean_first' from command line to 'False'
[0.250s] Level 5:colcon.colcon_core.verb:set package 'omni_broadcaster' build argument 'cmake_force_configure' from command line to 'False'
[0.250s] Level 5:colcon.colcon_core.verb:set package 'omni_broadcaster' build argument 'ament_cmake_args' from command line to 'None'
[0.250s] Level 5:colcon.colcon_core.verb:set package 'omni_broadcaster' build argument 'catkin_cmake_args' from command line to 'None'
[0.251s] Level 5:colcon.colcon_core.verb:set package 'omni_broadcaster' build argument 'catkin_skip_building_tests' from command line to 'False'
[0.251s] DEBUG:colcon.colcon_core.verb:Building package 'omni_broadcaster' with the following arguments: {'ament_cmake_args': None, 'build_base': '/home/karan_k/Geomagic_Touch_ROS2/build/omni_broadcaster', 'catkin_cmake_args': None, 'catkin_skip_building_tests': False, 'cmake_args': None, 'cmake_clean_cache': False, 'cmake_clean_first': False, 'cmake_force_configure': False, 'cmake_target': None, 'cmake_target_skip_unavailable': False, 'install_base': '/home/karan_k/Geomagic_Touch_ROS2/install/omni_broadcaster', 'merge_install': False, 'path': '/home/karan_k/Geomagic_Touch_ROS2/src/omni_broadcaster', 'symlink_install': False, 'test_result_base': None}
[0.251s] Level 5:colcon.colcon_core.verb:set package 'omni_common' build argument 'cmake_args' from command line to 'None'
[0.251s] Level 5:colcon.colcon_core.verb:set package 'omni_common' build argument 'cmake_target' from command line to 'None'
[0.251s] Level 5:colcon.colcon_core.verb:set package 'omni_common' build argument 'cmake_target_skip_unavailable' from command line to 'False'
[0.251s] Level 5:colcon.colcon_core.verb:set package 'omni_common' build argument 'cmake_clean_cache' from command line to 'False'
[0.251s] Level 5:colcon.colcon_core.verb:set package 'omni_common' build argument 'cmake_clean_first' from command line to 'False'
[0.251s] Level 5:colcon.colcon_core.verb:set package 'omni_common' build argument 'cmake_force_configure' from command line to 'False'
[0.251s] Level 5:colcon.colcon_core.verb:set package 'omni_common' build argument 'ament_cmake_args' from command line to 'None'
[0.251s] Level 5:colcon.colcon_core.verb:set package 'omni_common' build argument 'catkin_cmake_args' from command line to 'None'
[0.251s] Level 5:colcon.colcon_core.verb:set package 'omni_common' build argument 'catkin_skip_building_tests' from command line to 'False'
[0.251s] DEBUG:colcon.colcon_core.verb:Building package 'omni_common' with the following arguments: {'ament_cmake_args': None, 'build_base': '/home/karan_k/Geomagic_Touch_ROS2/build/omni_common', 'catkin_cmake_args': None, 'catkin_skip_building_tests': False, 'cmake_args': None, 'cmake_clean_cache': False, 'cmake_clean_first': False, 'cmake_force_configure': False, 'cmake_target': None, 'cmake_target_skip_unavailable': False, 'install_base': '/home/karan_k/Geomagic_Touch_ROS2/install/omni_common', 'merge_install': False, 'path': '/home/karan_k/Geomagic_Touch_ROS2/src/omni_common', 'symlink_install': False, 'test_result_base': None}
[0.251s] INFO:colcon.colcon_core.executor:Executing jobs using 'parallel' executor
[0.252s] DEBUG:colcon.colcon_parallel_executor.executor.parallel:run_until_complete
[0.253s] INFO:colcon.colcon_ros.task.ament_cmake.build:Building ROS package in '/home/karan_k/Geomagic_Touch_ROS2/src/omni_msgs' with build type 'ament_cmake'
[0.253s] INFO:colcon.colcon_cmake.task.cmake.build:Building CMake package in '/home/karan_k/Geomagic_Touch_ROS2/src/omni_msgs'
[0.255s] INFO:colcon.colcon_core.plugin_system:Skipping extension 'colcon_core.shell.bat': Not used on non-Windows systems
[0.255s] INFO:colcon.colcon_core.shell:Skip shell extension 'powershell' for command environment: Not usable outside of PowerShell
[0.255s] DEBUG:colcon.colcon_core.shell:Skip shell extension 'dsv' for command environment
[0.261s] INFO:colcon.colcon_ros.task.ament_cmake.build:Building ROS package in '/home/karan_k/Geomagic_Touch_ROS2/src/omni_description' with build type 'ament_cmake'
[0.261s] INFO:colcon.colcon_cmake.task.cmake.build:Building CMake package in '/home/karan_k/Geomagic_Touch_ROS2/src/omni_description'
[0.261s] INFO:colcon.colcon_core.shell:Skip shell extension 'powershell' for command environment: Not usable outside of PowerShell
[0.261s] DEBUG:colcon.colcon_core.shell:Skip shell extension 'dsv' for command environment
[0.272s] DEBUG:colcon.colcon_core.event_handler.log_command:Invoking command in '/home/karan_k/Geomagic_Touch_ROS2/build/omni_msgs': CMAKE_PREFIX_PATH=${CMAKE_PREFIX_PATH}:/home/karan_k/ardu_ws/install/ardupilot_dds_tests:/opt/ros/humble /usr/bin/cmake --build /home/karan_k/Geomagic_Touch_ROS2/build/omni_msgs -- -j16 -l16
[0.276s] DEBUG:colcon.colcon_core.event_handler.log_command:Invoking command in '/home/karan_k/Geomagic_Touch_ROS2/build/omni_description': CMAKE_PREFIX_PATH=${CMAKE_PREFIX_PATH}:/home/karan_k/ardu_ws/install/ardupilot_dds_tests:/opt/ros/humble /usr/bin/cmake --build /home/karan_k/Geomagic_Touch_ROS2/build/omni_description -- -j16 -l16
[0.320s] DEBUG:colcon.colcon_core.event_handler.log_command:Invoked command in '/home/karan_k/Geomagic_Touch_ROS2/build/omni_description' returned '0': CMAKE_PREFIX_PATH=${CMAKE_PREFIX_PATH}:/home/karan_k/ardu_ws/install/ardupilot_dds_tests:/opt/ros/humble /usr/bin/cmake --build /home/karan_k/Geomagic_Touch_ROS2/build/omni_description -- -j16 -l16
[0.333s] DEBUG:colcon.colcon_core.event_handler.log_command:Invoking command in '/home/karan_k/Geomagic_Touch_ROS2/build/omni_description': CMAKE_PREFIX_PATH=${CMAKE_PREFIX_PATH}:/home/karan_k/ardu_ws/install/ardupilot_dds_tests:/opt/ros/humble /usr/bin/cmake --install /home/karan_k/Geomagic_Touch_ROS2/build/omni_description
[0.347s] Level 1:colcon.colcon_core.environment:create_environment_scripts_only(omni_description)
[0.348s] DEBUG:colcon.colcon_core.event_handler.log_command:Invoked command in '/home/karan_k/Geomagic_Touch_ROS2/build/omni_description' returned '0': CMAKE_PREFIX_PATH=${CMAKE_PREFIX_PATH}:/home/karan_k/ardu_ws/install/ardupilot_dds_tests:/opt/ros/humble /usr/bin/cmake --install /home/karan_k/Geomagic_Touch_ROS2/build/omni_description
[0.351s] Level 1:colcon.colcon_core.environment:checking '/home/karan_k/Geomagic_Touch_ROS2/install/omni_description' for CMake module files
[0.351s] Level 1:colcon.colcon_core.environment:checking '/home/karan_k/Geomagic_Touch_ROS2/install/omni_description' for CMake config files
[0.352s] Level 1:colcon.colcon_core.shell:create_environment_hook('omni_description', 'cmake_prefix_path')
[0.353s] INFO:colcon.colcon_core.shell:Creating environment hook '/home/karan_k/Geomagic_Touch_ROS2/install/omni_description/share/omni_description/hook/cmake_prefix_path.ps1'
[0.353s] INFO:colcon.colcon_core.shell:Creating environment descriptor '/home/karan_k/Geomagic_Touch_ROS2/install/omni_description/share/omni_description/hook/cmake_prefix_path.dsv'
[0.354s] INFO:colcon.colcon_core.shell:Creating environment hook '/home/karan_k/Geomagic_Touch_ROS2/install/omni_description/share/omni_description/hook/cmake_prefix_path.sh'
[0.356s] Level 1:colcon.colcon_core.environment:checking '/home/karan_k/Geomagic_Touch_ROS2/install/omni_description/bin'
[0.356s] Level 1:colcon.colcon_core.environment:checking '/home/karan_k/Geomagic_Touch_ROS2/install/omni_description/lib/pkgconfig/omni_description.pc'
[0.356s] Level 1:colcon.colcon_core.environment:checking '/home/karan_k/Geomagic_Touch_ROS2/install/omni_description/lib/python3.10/site-packages'
[0.356s] Level 1:colcon.colcon_core.environment:checking '/home/karan_k/Geomagic_Touch_ROS2/install/omni_description/bin'
[0.357s] INFO:colcon.colcon_core.shell:Creating package script '/home/karan_k/Geomagic_Touch_ROS2/install/omni_description/share/omni_description/package.ps1'
[0.358s] INFO:colcon.colcon_core.shell:Creating package descriptor '/home/karan_k/Geomagic_Touch_ROS2/install/omni_description/share/omni_description/package.dsv'
[0.359s] INFO:colcon.colcon_core.shell:Creating package script '/home/karan_k/Geomagic_Touch_ROS2/install/omni_description/share/omni_description/package.sh'
[0.378s] INFO:colcon.colcon_core.shell:Creating package script '/home/karan_k/Geomagic_Touch_ROS2/install/omni_description/share/omni_description/package.bash'
[0.379s] INFO:colcon.colcon_core.shell:Creating package script '/home/karan_k/Geomagic_Touch_ROS2/install/omni_description/share/omni_description/package.zsh'
[0.380s] Level 1:colcon.colcon_core.environment:create_file_with_runtime_dependencies(/home/karan_k/Geomagic_Touch_ROS2/install/omni_description/share/colcon-core/packages/omni_description)
[0.381s] Level 1:colcon.colcon_core.environment:create_environment_scripts_only(omni_description)
[0.381s] Level 1:colcon.colcon_core.environment:checking '/home/karan_k/Geomagic_Touch_ROS2/install/omni_description' for CMake module files
[0.381s] Level 1:colcon.colcon_core.environment:checking '/home/karan_k/Geomagic_Touch_ROS2/install/omni_description' for CMake config files
[0.382s] Level 1:colcon.colcon_core.shell:create_environment_hook('omni_description', 'cmake_prefix_path')
[0.382s] INFO:colcon.colcon_core.shell:Creating environment hook '/home/karan_k/Geomagic_Touch_ROS2/install/omni_description/share/omni_description/hook/cmake_prefix_path.ps1'
[0.382s] INFO:colcon.colcon_core.shell:Creating environment descriptor '/home/karan_k/Geomagic_Touch_ROS2/install/omni_description/share/omni_description/hook/cmake_prefix_path.dsv'
[0.382s] INFO:colcon.colcon_core.shell:Creating environment hook '/home/karan_k/Geomagic_Touch_ROS2/install/omni_description/share/omni_description/hook/cmake_prefix_path.sh'
[0.383s] Level 1:colcon.colcon_core.environment:checking '/home/karan_k/Geomagic_Touch_ROS2/install/omni_description/bin'
[0.383s] Level 1:colcon.colcon_core.environment:checking '/home/karan_k/Geomagic_Touch_ROS2/install/omni_description/lib/pkgconfig/omni_description.pc'
[0.383s] Level 1:colcon.colcon_core.environment:checking '/home/karan_k/Geomagic_Touch_ROS2/install/omni_description/lib/python3.10/site-packages'
[0.384s] Level 1:colcon.colcon_core.environment:checking '/home/karan_k/Geomagic_Touch_ROS2/install/omni_description/bin'
[0.384s] INFO:colcon.colcon_core.shell:Creating package script '/home/karan_k/Geomagic_Touch_ROS2/install/omni_description/share/omni_description/package.ps1'
[0.384s] INFO:colcon.colcon_core.shell:Creating package descriptor '/home/karan_k/Geomagic_Touch_ROS2/install/omni_description/share/omni_description/package.dsv'
[0.385s] INFO:colcon.colcon_core.shell:Creating package script '/home/karan_k/Geomagic_Touch_ROS2/install/omni_description/share/omni_description/package.sh'
[0.385s] INFO:colcon.colcon_core.shell:Creating package script '/home/karan_k/Geomagic_Touch_ROS2/install/omni_description/share/omni_description/package.bash'
[0.386s] INFO:colcon.colcon_core.shell:Creating package script '/home/karan_k/Geomagic_Touch_ROS2/install/omni_description/share/omni_description/package.zsh'
[0.386s] Level 1:colcon.colcon_core.environment:create_file_with_runtime_dependencies(/home/karan_k/Geomagic_Touch_ROS2/install/omni_description/share/colcon-core/packages/omni_description)
[0.722s] DEBUG:colcon.colcon_core.event_handler.log_command:Invoked command in '/home/karan_k/Geomagic_Touch_ROS2/build/omni_msgs' returned '0': CMAKE_PREFIX_PATH=${CMAKE_PREFIX_PATH}:/home/karan_k/ardu_ws/install/ardupilot_dds_tests:/opt/ros/humble /usr/bin/cmake --build /home/karan_k/Geomagic_Touch_ROS2/build/omni_msgs -- -j16 -l16
[0.724s] DEBUG:colcon.colcon_core.event_handler.log_command:Invoking command in '/home/karan_k/Geomagic_Touch_ROS2/build/omni_msgs': CMAKE_PREFIX_PATH=${CMAKE_PREFIX_PATH}:/home/karan_k/ardu_ws/install/ardupilot_dds_tests:/opt/ros/humble /usr/bin/cmake --install /home/karan_k/Geomagic_Touch_ROS2/build/omni_msgs
[0.795s] Level 1:colcon.colcon_core.environment:create_environment_scripts_only(omni_msgs)
[0.796s] Level 1:colcon.colcon_core.environment:checking '/home/karan_k/Geomagic_Touch_ROS2/install/omni_msgs' for CMake module files
[0.796s] DEBUG:colcon.colcon_core.event_handler.log_command:Invoked command in '/home/karan_k/Geomagic_Touch_ROS2/build/omni_msgs' returned '0': CMAKE_PREFIX_PATH=${CMAKE_PREFIX_PATH}:/home/karan_k/ardu_ws/install/ardupilot_dds_tests:/opt/ros/humble /usr/bin/cmake --install /home/karan_k/Geomagic_Touch_ROS2/build/omni_msgs
[0.797s] Level 1:colcon.colcon_core.environment:checking '/home/karan_k/Geomagic_Touch_ROS2/install/omni_msgs' for CMake config files
[0.797s] Level 1:colcon.colcon_core.shell:create_environment_hook('omni_msgs', 'cmake_prefix_path')
[0.797s] INFO:colcon.colcon_core.shell:Creating environment hook '/home/karan_k/Geomagic_Touch_ROS2/install/omni_msgs/share/omni_msgs/hook/cmake_prefix_path.ps1'
[0.798s] INFO:colcon.colcon_core.shell:Creating environment descriptor '/home/karan_k/Geomagic_Touch_ROS2/install/omni_msgs/share/omni_msgs/hook/cmake_prefix_path.dsv'
[0.798s] INFO:colcon.colcon_core.shell:Creating environment hook '/home/karan_k/Geomagic_Touch_ROS2/install/omni_msgs/share/omni_msgs/hook/cmake_prefix_path.sh'
[0.799s] Level 1:colcon.colcon_core.environment:checking '/home/karan_k/Geomagic_Touch_ROS2/install/omni_msgs/lib'
[0.799s] Level 1:colcon.colcon_core.shell:create_environment_hook('omni_msgs', 'ld_library_path_lib')
[0.799s] INFO:colcon.colcon_core.shell:Creating environment hook '/home/karan_k/Geomagic_Touch_ROS2/install/omni_msgs/share/omni_msgs/hook/ld_library_path_lib.ps1'
[0.800s] INFO:colcon.colcon_core.shell:Creating environment descriptor '/home/karan_k/Geomagic_Touch_ROS2/install/omni_msgs/share/omni_msgs/hook/ld_library_path_lib.dsv'
[0.800s] INFO:colcon.colcon_core.shell:Creating environment hook '/home/karan_k/Geomagic_Touch_ROS2/install/omni_msgs/share/omni_msgs/hook/ld_library_path_lib.sh'
[0.801s] Level 1:colcon.colcon_core.environment:checking '/home/karan_k/Geomagic_Touch_ROS2/install/omni_msgs/bin'
[0.801s] Level 1:colcon.colcon_core.environment:checking '/home/karan_k/Geomagic_Touch_ROS2/install/omni_msgs/lib/pkgconfig/omni_msgs.pc'
[0.801s] Level 1:colcon.colcon_core.environment:checking '/home/karan_k/Geomagic_Touch_ROS2/install/omni_msgs/lib/python3.10/site-packages'
[0.801s] Level 1:colcon.colcon_core.environment:checking '/home/karan_k/Geomagic_Touch_ROS2/install/omni_msgs/bin'
[0.801s] INFO:colcon.colcon_core.shell:Creating package script '/home/karan_k/Geomagic_Touch_ROS2/install/omni_msgs/share/omni_msgs/package.ps1'
[0.802s] INFO:colcon.colcon_core.shell:Creating package descriptor '/home/karan_k/Geomagic_Touch_ROS2/install/omni_msgs/share/omni_msgs/package.dsv'
[0.802s] INFO:colcon.colcon_core.shell:Creating package script '/home/karan_k/Geomagic_Touch_ROS2/install/omni_msgs/share/omni_msgs/package.sh'
[0.803s] INFO:colcon.colcon_core.shell:Creating package script '/home/karan_k/Geomagic_Touch_ROS2/install/omni_msgs/share/omni_msgs/package.bash'
[0.803s] INFO:colcon.colcon_core.shell:Creating package script '/home/karan_k/Geomagic_Touch_ROS2/install/omni_msgs/share/omni_msgs/package.zsh'
[0.804s] Level 1:colcon.colcon_core.environment:create_file_with_runtime_dependencies(/home/karan_k/Geomagic_Touch_ROS2/install/omni_msgs/share/colcon-core/packages/omni_msgs)
[0.804s] Level 1:colcon.colcon_core.environment:create_environment_scripts_only(omni_msgs)
[0.804s] Level 1:colcon.colcon_core.environment:checking '/home/karan_k/Geomagic_Touch_ROS2/install/omni_msgs' for CMake module files
[0.805s] Level 1:colcon.colcon_core.environment:checking '/home/karan_k/Geomagic_Touch_ROS2/install/omni_msgs' for CMake config files
[0.806s] Level 1:colcon.colcon_core.shell:create_environment_hook('omni_msgs', 'cmake_prefix_path')
[0.806s] INFO:colcon.colcon_core.shell:Creating environment hook '/home/karan_k/Geomagic_Touch_ROS2/install/omni_msgs/share/omni_msgs/hook/cmake_prefix_path.ps1'
[0.806s] INFO:colcon.colcon_core.shell:Creating environment descriptor '/home/karan_k/Geomagic_Touch_ROS2/install/omni_msgs/share/omni_msgs/hook/cmake_prefix_path.dsv'
[0.807s] INFO:colcon.colcon_core.shell:Creating environment hook '/home/karan_k/Geomagic_Touch_ROS2/install/omni_msgs/share/omni_msgs/hook/cmake_prefix_path.sh'
[0.807s] Level 1:colcon.colcon_core.environment:checking '/home/karan_k/Geomagic_Touch_ROS2/install/omni_msgs/lib'
[0.807s] Level 1:colcon.colcon_core.shell:create_environment_hook('omni_msgs', 'ld_library_path_lib')
[0.808s] INFO:colcon.colcon_core.shell:Creating environment hook '/home/karan_k/Geomagic_Touch_ROS2/install/omni_msgs/share/omni_msgs/hook/ld_library_path_lib.ps1'
[0.808s] INFO:colcon.colcon_core.shell:Creating environment descriptor '/home/karan_k/Geomagic_Touch_ROS2/install/omni_msgs/share/omni_msgs/hook/ld_library_path_lib.dsv'
[0.808s] INFO:colcon.colcon_core.shell:Creating environment hook '/home/karan_k/Geomagic_Touch_ROS2/install/omni_msgs/share/omni_msgs/hook/ld_library_path_lib.sh'
[0.809s] Level 1:colcon.colcon_core.environment:checking '/home/karan_k/Geomagic_Touch_ROS2/install/omni_msgs/bin'
[0.809s] Level 1:colcon.colcon_core.environment:checking '/home/karan_k/Geomagic_Touch_ROS2/install/omni_msgs/lib/pkgconfig/omni_msgs.pc'
[0.809s] Level 1:colcon.colcon_core.environment:checking '/home/karan_k/Geomagic_Touch_ROS2/install/omni_msgs/lib/python3.10/site-packages'
[0.809s] Level 1:colcon.colcon_core.environment:checking '/home/karan_k/Geomagic_Touch_ROS2/install/omni_msgs/bin'
[0.810s] INFO:colcon.colcon_core.shell:Creating package script '/home/karan_k/Geomagic_Touch_ROS2/install/omni_msgs/share/omni_msgs/package.ps1'
[0.811s] INFO:colcon.colcon_core.shell:Creating package descriptor '/home/karan_k/Geomagic_Touch_ROS2/install/omni_msgs/share/omni_msgs/package.dsv'
[0.811s] INFO:colcon.colcon_core.shell:Creating package script '/home/karan_k/Geomagic_Touch_ROS2/install/omni_msgs/share/omni_msgs/package.sh'
[0.812s] INFO:colcon.colcon_core.shell:Creating package script '/home/karan_k/Geomagic_Touch_ROS2/install/omni_msgs/share/omni_msgs/package.bash'
[0.813s] INFO:colcon.colcon_core.shell:Creating package script '/home/karan_k/Geomagic_Touch_ROS2/install/omni_msgs/share/omni_msgs/package.zsh'
[0.813s] Level 1:colcon.colcon_core.environment:create_file_with_runtime_dependencies(/home/karan_k/Geomagic_Touch_ROS2/install/omni_msgs/share/colcon-core/packages/omni_msgs)
[0.813s] INFO:colcon.colcon_ros.task.ament_cmake.build:Building ROS package in '/home/karan_k/Geomagic_Touch_ROS2/src/omni_broadcaster' with build type 'ament_cmake'
[0.814s] INFO:colcon.colcon_cmake.task.cmake.build:Building CMake package in '/home/karan_k/Geomagic_Touch_ROS2/src/omni_broadcaster'
[0.814s] INFO:colcon.colcon_core.shell:Skip shell extension 'powershell' for command environment: Not usable outside of PowerShell
[0.814s] DEBUG:colcon.colcon_core.shell:Skip shell extension 'dsv' for command environment
[0.820s] INFO:colcon.colcon_ros.task.ament_cmake.build:Building ROS package in '/home/karan_k/Geomagic_Touch_ROS2/src/omni_common' with build type 'ament_cmake'
[0.820s] INFO:colcon.colcon_cmake.task.cmake.build:Building CMake package in '/home/karan_k/Geomagic_Touch_ROS2/src/omni_common'
[0.821s] INFO:colcon.colcon_core.shell:Skip shell extension 'powershell' for command environment: Not usable outside of PowerShell
[0.821s] DEBUG:colcon.colcon_core.shell:Skip shell extension 'dsv' for command environment
[0.830s] DEBUG:colcon.colcon_core.event_handler.log_command:Invoking command in '/home/karan_k/Geomagic_Touch_ROS2/build/omni_broadcaster': CMAKE_PREFIX_PATH=/home/karan_k/Geomagic_Touch_ROS2/install/omni_msgs:/home/karan_k/Geomagic_Touch_ROS2/install/omni_common:/home/karan_k/Geomagic_Touch_ROS2/install/omni_broadcaster:/home/karan_k/Geomagic_Touch_ROS2/install/omni_description:/home/karan_k/ardu_ws/install/test_ros_gz_bridge:/home/karan_k/ardu_ws/install/ros_ign:/home/karan_k/ardu_ws/install/ros_ign_gazebo_demos:/home/karan_k/ardu_ws/install/ros_gz:/home/karan_k/ardu_ws/install/ros_gz_sim_demos:/home/karan_k/ardu_ws/install/ardupilot_gz_bringup:/home/karan_k/ardu_ws/install/sdformat_urdf:/home/karan_k/ardu_ws/install/sdformat_test_files:/home/karan_k/ardu_ws/install/ros_ign_interfaces:/home/karan_k/ardu_ws/install/ros_ign_image:/home/karan_k/ardu_ws/install/ros_ign_gazebo:/home/karan_k/ardu_ws/install/ros_ign_bridge:/home/karan_k/ardu_ws/install/ros_gz_sim:/home/karan_k/ardu_ws/install/ros_gz_image:/home/karan_k/ardu_ws/install/ros_gz_bridge:/home/karan_k/ardu_ws/install/ros_gz_interfaces:/home/karan_k/ardu_ws/install/ardupilot_sitl:/home/karan_k/ardu_ws/install/micro_ros_agent:/home/karan_k/ardu_ws/install/ardupilot_sitl_models:/home/karan_k/ardu_ws/install/ardupilot_msgs:/home/karan_k/ardu_ws/install/ardupilot_gz_gazebo:/home/karan_k/ardu_ws/install/ardupilot_gz_description:/home/karan_k/ardu_ws/install/ardupilot_gz_application:/home/karan_k/ardu_ws/install/ardupilot_gazebo:/home/karan_k/ardu_ws/install/ardupilot_dds_tests:/opt/ros/humble /usr/bin/cmake --build /home/karan_k/Geomagic_Touch_ROS2/build/omni_broadcaster -- -j16 -l16
[0.834s] DEBUG:colcon.colcon_core.event_handler.log_command:Invoking command in '/home/karan_k/Geomagic_Touch_ROS2/build/omni_common': CMAKE_PREFIX_PATH=/home/karan_k/Geomagic_Touch_ROS2/install/omni_msgs:/home/karan_k/Geomagic_Touch_ROS2/install/omni_common:/home/karan_k/Geomagic_Touch_ROS2/install/omni_broadcaster:/home/karan_k/Geomagic_Touch_ROS2/install/omni_description:/home/karan_k/ardu_ws/install/test_ros_gz_bridge:/home/karan_k/ardu_ws/install/ros_ign:/home/karan_k/ardu_ws/install/ros_ign_gazebo_demos:/home/karan_k/ardu_ws/install/ros_gz:/home/karan_k/ardu_ws/install/ros_gz_sim_demos:/home/karan_k/ardu_ws/install/ardupilot_gz_bringup:/home/karan_k/ardu_ws/install/sdformat_urdf:/home/karan_k/ardu_ws/install/sdformat_test_files:/home/karan_k/ardu_ws/install/ros_ign_interfaces:/home/karan_k/ardu_ws/install/ros_ign_image:/home/karan_k/ardu_ws/install/ros_ign_gazebo:/home/karan_k/ardu_ws/install/ros_ign_bridge:/home/karan_k/ardu_ws/install/ros_gz_sim:/home/karan_k/ardu_ws/install/ros_gz_image:/home/karan_k/ardu_ws/install/ros_gz_bridge:/home/karan_k/ardu_ws/install/ros_gz_interfaces:/home/karan_k/ardu_ws/install/ardupilot_sitl:/home/karan_k/ardu_ws/install/micro_ros_agent:/home/karan_k/ardu_ws/install/ardupilot_sitl_models:/home/karan_k/ardu_ws/install/ardupilot_msgs:/home/karan_k/ardu_ws/install/ardupilot_gz_gazebo:/home/karan_k/ardu_ws/install/ardupilot_gz_description:/home/karan_k/ardu_ws/install/ardupilot_gz_application:/home/karan_k/ardu_ws/install/ardupilot_gazebo:/home/karan_k/ardu_ws/install/ardupilot_dds_tests:/opt/ros/humble /usr/bin/cmake --build /home/karan_k/Geomagic_Touch_ROS2/build/omni_common -- -j16 -l16
[0.925s] DEBUG:colcon.colcon_core.event_handler.log_command:Invoked command in '/home/karan_k/Geomagic_Touch_ROS2/build/omni_common' returned '0': CMAKE_PREFIX_PATH=/home/karan_k/Geomagic_Touch_ROS2/install/omni_msgs:/home/karan_k/Geomagic_Touch_ROS2/install/omni_common:/home/karan_k/Geomagic_Touch_ROS2/install/omni_broadcaster:/home/karan_k/Geomagic_Touch_ROS2/install/omni_description:/home/karan_k/ardu_ws/install/test_ros_gz_bridge:/home/karan_k/ardu_ws/install/ros_ign:/home/karan_k/ardu_ws/install/ros_ign_gazebo_demos:/home/karan_k/ardu_ws/install/ros_gz:/home/karan_k/ardu_ws/install/ros_gz_sim_demos:/home/karan_k/ardu_ws/install/ardupilot_gz_bringup:/home/karan_k/ardu_ws/install/sdformat_urdf:/home/karan_k/ardu_ws/install/sdformat_test_files:/home/karan_k/ardu_ws/install/ros_ign_interfaces:/home/karan_k/ardu_ws/install/ros_ign_image:/home/karan_k/ardu_ws/install/ros_ign_gazebo:/home/karan_k/ardu_ws/install/ros_ign_bridge:/home/karan_k/ardu_ws/install/ros_gz_sim:/home/karan_k/ardu_ws/install/ros_gz_image:/home/karan_k/ardu_ws/install/ros_gz_bridge:/home/karan_k/ardu_ws/install/ros_gz_interfaces:/home/karan_k/ardu_ws/install/ardupilot_sitl:/home/karan_k/ardu_ws/install/micro_ros_agent:/home/karan_k/ardu_ws/install/ardupilot_sitl_models:/home/karan_k/ardu_ws/install/ardupilot_msgs:/home/karan_k/ardu_ws/install/ardupilot_gz_gazebo:/home/karan_k/ardu_ws/install/ardupilot_gz_description:/home/karan_k/ardu_ws/install/ardupilot_gz_application:/home/karan_k/ardu_ws/install/ardupilot_gazebo:/home/karan_k/ardu_ws/install/ardupilot_dds_tests:/opt/ros/humble /usr/bin/cmake --build /home/karan_k/Geomagic_Touch_ROS2/build/omni_common -- -j16 -l16
[0.927s] DEBUG:colcon.colcon_core.event_handler.log_command:Invoking command in '/home/karan_k/Geomagic_Touch_ROS2/build/omni_common': CMAKE_PREFIX_PATH=/home/karan_k/Geomagic_Touch_ROS2/install/omni_msgs:/home/karan_k/Geomagic_Touch_ROS2/install/omni_common:/home/karan_k/Geomagic_Touch_ROS2/install/omni_broadcaster:/home/karan_k/Geomagic_Touch_ROS2/install/omni_description:/home/karan_k/ardu_ws/install/test_ros_gz_bridge:/home/karan_k/ardu_ws/install/ros_ign:/home/karan_k/ardu_ws/install/ros_ign_gazebo_demos:/home/karan_k/ardu_ws/install/ros_gz:/home/karan_k/ardu_ws/install/ros_gz_sim_demos:/home/karan_k/ardu_ws/install/ardupilot_gz_bringup:/home/karan_k/ardu_ws/install/sdformat_urdf:/home/karan_k/ardu_ws/install/sdformat_test_files:/home/karan_k/ardu_ws/install/ros_ign_interfaces:/home/karan_k/ardu_ws/install/ros_ign_image:/home/karan_k/ardu_ws/install/ros_ign_gazebo:/home/karan_k/ardu_ws/install/ros_ign_bridge:/home/karan_k/ardu_ws/install/ros_gz_sim:/home/karan_k/ardu_ws/install/ros_gz_image:/home/karan_k/ardu_ws/install/ros_gz_bridge:/home/karan_k/ardu_ws/install/ros_gz_interfaces:/home/karan_k/ardu_ws/install/ardupilot_sitl:/home/karan_k/ardu_ws/install/micro_ros_agent:/home/karan_k/ardu_ws/install/ardupilot_sitl_models:/home/karan_k/ardu_ws/install/ardupilot_msgs:/home/karan_k/ardu_ws/install/ardupilot_gz_gazebo:/home/karan_k/ardu_ws/install/ardupilot_gz_description:/home/karan_k/ardu_ws/install/ardupilot_gz_application:/home/karan_k/ardu_ws/install/ardupilot_gazebo:/home/karan_k/ardu_ws/install/ardupilot_dds_tests:/opt/ros/humble /usr/bin/cmake --install /home/karan_k/Geomagic_Touch_ROS2/build/omni_common
[0.928s] DEBUG:colcon.colcon_core.event_handler.log_command:Invoked command in '/home/karan_k/Geomagic_Touch_ROS2/build/omni_broadcaster' returned '0': CMAKE_PREFIX_PATH=/home/karan_k/Geomagic_Touch_ROS2/install/omni_msgs:/home/karan_k/Geomagic_Touch_ROS2/install/omni_common:/home/karan_k/Geomagic_Touch_ROS2/install/omni_broadcaster:/home/karan_k/Geomagic_Touch_ROS2/install/omni_description:/home/karan_k/ardu_ws/install/test_ros_gz_bridge:/home/karan_k/ardu_ws/install/ros_ign:/home/karan_k/ardu_ws/install/ros_ign_gazebo_demos:/home/karan_k/ardu_ws/install/ros_gz:/home/karan_k/ardu_ws/install/ros_gz_sim_demos:/home/karan_k/ardu_ws/install/ardupilot_gz_bringup:/home/karan_k/ardu_ws/install/sdformat_urdf:/home/karan_k/ardu_ws/install/sdformat_test_files:/home/karan_k/ardu_ws/install/ros_ign_interfaces:/home/karan_k/ardu_ws/install/ros_ign_image:/home/karan_k/ardu_ws/install/ros_ign_gazebo:/home/karan_k/ardu_ws/install/ros_ign_bridge:/home/karan_k/ardu_ws/install/ros_gz_sim:/home/karan_k/ardu_ws/install/ros_gz_image:/home/karan_k/ardu_ws/install/ros_gz_bridge:/home/karan_k/ardu_ws/install/ros_gz_interfaces:/home/karan_k/ardu_ws/install/ardupilot_sitl:/home/karan_k/ardu_ws/install/micro_ros_agent:/home/karan_k/ardu_ws/install/ardupilot_sitl_models:/home/karan_k/ardu_ws/install/ardupilot_msgs:/home/karan_k/ardu_ws/install/ardupilot_gz_gazebo:/home/karan_k/ardu_ws/install/ardupilot_gz_description:/home/karan_k/ardu_ws/install/ardupilot_gz_application:/home/karan_k/ardu_ws/install/ardupilot_gazebo:/home/karan_k/ardu_ws/install/ardupilot_dds_tests:/opt/ros/humble /usr/bin/cmake --build /home/karan_k/Geomagic_Touch_ROS2/build/omni_broadcaster -- -j16 -l16
[0.930s] DEBUG:colcon.colcon_core.event_handler.log_command:Invoking command in '/home/karan_k/Geomagic_Touch_ROS2/build/omni_broadcaster': CMAKE_PREFIX_PATH=/home/karan_k/Geomagic_Touch_ROS2/install/omni_msgs:/home/karan_k/Geomagic_Touch_ROS2/install/omni_common:/home/karan_k/Geomagic_Touch_ROS2/install/omni_broadcaster:/home/karan_k/Geomagic_Touch_ROS2/install/omni_description:/home/karan_k/ardu_ws/install/test_ros_gz_bridge:/home/karan_k/ardu_ws/install/ros_ign:/home/karan_k/ardu_ws/install/ros_ign_gazebo_demos:/home/karan_k/ardu_ws/install/ros_gz:/home/karan_k/ardu_ws/install/ros_gz_sim_demos:/home/karan_k/ardu_ws/install/ardupilot_gz_bringup:/home/karan_k/ardu_ws/install/sdformat_urdf:/home/karan_k/ardu_ws/install/sdformat_test_files:/home/karan_k/ardu_ws/install/ros_ign_interfaces:/home/karan_k/ardu_ws/install/ros_ign_image:/home/karan_k/ardu_ws/install/ros_ign_gazebo:/home/karan_k/ardu_ws/install/ros_ign_bridge:/home/karan_k/ardu_ws/install/ros_gz_sim:/home/karan_k/ardu_ws/install/ros_gz_image:/home/karan_k/ardu_ws/install/ros_gz_bridge:/home/karan_k/ardu_ws/install/ros_gz_interfaces:/home/karan_k/ardu_ws/install/ardupilot_sitl:/home/karan_k/ardu_ws/install/micro_ros_agent:/home/karan_k/ardu_ws/install/ardupilot_sitl_models:/home/karan_k/ardu_ws/install/ardupilot_msgs:/home/karan_k/ardu_ws/install/ardupilot_gz_gazebo:/home/karan_k/ardu_ws/install/ardupilot_gz_description:/home/karan_k/ardu_ws/install/ardupilot_gz_application:/home/karan_k/ardu_ws/install/ardupilot_gazebo:/home/karan_k/ardu_ws/install/ardupilot_dds_tests:/opt/ros/humble /usr/bin/cmake --install /home/karan_k/Geomagic_Touch_ROS2/build/omni_broadcaster
[0.940s] Level 1:colcon.colcon_core.environment:create_environment_scripts_only(omni_common)
[0.940s] Level 1:colcon.colcon_core.environment:checking '/home/karan_k/Geomagic_Touch_ROS2/install/omni_common' for CMake module files
[0.941s] Level 1:colcon.colcon_core.environment:checking '/home/karan_k/Geomagic_Touch_ROS2/install/omni_common' for CMake config files
[0.942s] DEBUG:colcon.colcon_core.event_handler.log_command:Invoked command in '/home/karan_k/Geomagic_Touch_ROS2/build/omni_common' returned '0': CMAKE_PREFIX_PATH=/home/karan_k/Geomagic_Touch_ROS2/install/omni_msgs:/home/karan_k/Geomagic_Touch_ROS2/install/omni_common:/home/karan_k/Geomagic_Touch_ROS2/install/omni_broadcaster:/home/karan_k/Geomagic_Touch_ROS2/install/omni_description:/home/karan_k/ardu_ws/install/test_ros_gz_bridge:/home/karan_k/ardu_ws/install/ros_ign:/home/karan_k/ardu_ws/install/ros_ign_gazebo_demos:/home/karan_k/ardu_ws/install/ros_gz:/home/karan_k/ardu_ws/install/ros_gz_sim_demos:/home/karan_k/ardu_ws/install/ardupilot_gz_bringup:/home/karan_k/ardu_ws/install/sdformat_urdf:/home/karan_k/ardu_ws/install/sdformat_test_files:/home/karan_k/ardu_ws/install/ros_ign_interfaces:/home/karan_k/ardu_ws/install/ros_ign_image:/home/karan_k/ardu_ws/install/ros_ign_gazebo:/home/karan_k/ardu_ws/install/ros_ign_bridge:/home/karan_k/ardu_ws/install/ros_gz_sim:/home/karan_k/ardu_ws/install/ros_gz_image:/home/karan_k/ardu_ws/install/ros_gz_bridge:/home/karan_k/ardu_ws/install/ros_gz_interfaces:/home/karan_k/ardu_ws/install/ardupilot_sitl:/home/karan_k/ardu_ws/install/micro_ros_agent:/home/karan_k/ardu_ws/install/ardupilot_sitl_models:/home/karan_k/ardu_ws/install/ardupilot_msgs:/home/karan_k/ardu_ws/install/ardupilot_gz_gazebo:/home/karan_k/ardu_ws/install/ardupilot_gz_description:/home/karan_k/ardu_ws/install/ardupilot_gz_application:/home/karan_k/ardu_ws/install/ardupilot_gazebo:/home/karan_k/ardu_ws/install/ardupilot_dds_tests:/opt/ros/humble /usr/bin/cmake --install /home/karan_k/Geomagic_Touch_ROS2/build/omni_common
[0.942s] Level 1:colcon.colcon_core.shell:create_environment_hook('omni_common', 'cmake_prefix_path')
[0.942s] INFO:colcon.colcon_core.shell:Creating environment hook '/home/karan_k/Geomagic_Touch_ROS2/install/omni_common/share/omni_common/hook/cmake_prefix_path.ps1'
[0.943s] INFO:colcon.colcon_core.shell:Creating environment descriptor '/home/karan_k/Geomagic_Touch_ROS2/install/omni_common/share/omni_common/hook/cmake_prefix_path.dsv'
[0.943s] INFO:colcon.colcon_core.shell:Creating environment hook '/home/karan_k/Geomagic_Touch_ROS2/install/omni_common/share/omni_common/hook/cmake_prefix_path.sh'
[0.944s] Level 1:colcon.colcon_core.environment:checking '/home/karan_k/Geomagic_Touch_ROS2/install/omni_common/lib'
[0.944s] Level 1:colcon.colcon_core.environment:checking '/home/karan_k/Geomagic_Touch_ROS2/install/omni_common/bin'
[0.944s] Level 1:colcon.colcon_core.environment:checking '/home/karan_k/Geomagic_Touch_ROS2/install/omni_common/lib/pkgconfig/omni_common.pc'
[0.944s] Level 1:colcon.colcon_core.environment:checking '/home/karan_k/Geomagic_Touch_ROS2/install/omni_common/lib/python3.10/site-packages'
[0.944s] Level 1:colcon.colcon_core.environment:checking '/home/karan_k/Geomagic_Touch_ROS2/install/omni_common/bin'
[0.945s] INFO:colcon.colcon_core.shell:Creating package script '/home/karan_k/Geomagic_Touch_ROS2/install/omni_common/share/omni_common/package.ps1'
[0.945s] INFO:colcon.colcon_core.shell:Creating package descriptor '/home/karan_k/Geomagic_Touch_ROS2/install/omni_common/share/omni_common/package.dsv'
[0.946s] INFO:colcon.colcon_core.shell:Creating package script '/home/karan_k/Geomagic_Touch_ROS2/install/omni_common/share/omni_common/package.sh'
[0.946s] INFO:colcon.colcon_core.shell:Creating package script '/home/karan_k/Geomagic_Touch_ROS2/install/omni_common/share/omni_common/package.bash'
[0.946s] INFO:colcon.colcon_core.shell:Creating package script '/home/karan_k/Geomagic_Touch_ROS2/install/omni_common/share/omni_common/package.zsh'
[0.947s] Level 1:colcon.colcon_core.environment:create_file_with_runtime_dependencies(/home/karan_k/Geomagic_Touch_ROS2/install/omni_common/share/colcon-core/packages/omni_common)
[0.948s] Level 1:colcon.colcon_core.environment:create_environment_scripts_only(omni_common)
[0.948s] Level 1:colcon.colcon_core.environment:checking '/home/karan_k/Geomagic_Touch_ROS2/install/omni_common' for CMake module files
[0.948s] Level 1:colcon.colcon_core.environment:checking '/home/karan_k/Geomagic_Touch_ROS2/install/omni_common' for CMake config files
[0.949s] Level 1:colcon.colcon_core.shell:create_environment_hook('omni_common', 'cmake_prefix_path')
[0.949s] INFO:colcon.colcon_core.shell:Creating environment hook '/home/karan_k/Geomagic_Touch_ROS2/install/omni_common/share/omni_common/hook/cmake_prefix_path.ps1'
[0.950s] INFO:colcon.colcon_core.shell:Creating environment descriptor '/home/karan_k/Geomagic_Touch_ROS2/install/omni_common/share/omni_common/hook/cmake_prefix_path.dsv'
[0.950s] INFO:colcon.colcon_core.shell:Creating environment hook '/home/karan_k/Geomagic_Touch_ROS2/install/omni_common/share/omni_common/hook/cmake_prefix_path.sh'
[0.951s] Level 1:colcon.colcon_core.environment:checking '/home/karan_k/Geomagic_Touch_ROS2/install/omni_common/lib'
[0.951s] Level 1:colcon.colcon_core.environment:checking '/home/karan_k/Geomagic_Touch_ROS2/install/omni_common/bin'
[0.951s] Level 1:colcon.colcon_core.environment:checking '/home/karan_k/Geomagic_Touch_ROS2/install/omni_common/lib/pkgconfig/omni_common.pc'
[0.951s] Level 1:colcon.colcon_core.environment:checking '/home/karan_k/Geomagic_Touch_ROS2/install/omni_common/lib/python3.10/site-packages'
[0.951s] Level 1:colcon.colcon_core.environment:checking '/home/karan_k/Geomagic_Touch_ROS2/install/omni_common/bin'
[0.952s] INFO:colcon.colcon_core.shell:Creating package script '/home/karan_k/Geomagic_Touch_ROS2/install/omni_common/share/omni_common/package.ps1'
[0.952s] INFO:colcon.colcon_core.shell:Creating package descriptor '/home/karan_k/Geomagic_Touch_ROS2/install/omni_common/share/omni_common/package.dsv'
[0.953s] INFO:colcon.colcon_core.shell:Creating package script '/home/karan_k/Geomagic_Touch_ROS2/install/omni_common/share/omni_common/package.sh'
[0.954s] INFO:colcon.colcon_core.shell:Creating package script '/home/karan_k/Geomagic_Touch_ROS2/install/omni_common/share/omni_common/package.bash'
[0.954s] INFO:colcon.colcon_core.shell:Creating package script '/home/karan_k/Geomagic_Touch_ROS2/install/omni_common/share/omni_common/package.zsh'
[0.955s] Level 1:colcon.colcon_core.environment:create_file_with_runtime_dependencies(/home/karan_k/Geomagic_Touch_ROS2/install/omni_common/share/colcon-core/packages/omni_common)
[0.956s] Level 1:colcon.colcon_core.environment:create_environment_scripts_only(omni_broadcaster)
[0.956s] Level 1:colcon.colcon_core.environment:checking '/home/karan_k/Geomagic_Touch_ROS2/install/omni_broadcaster' for CMake module files
[0.957s] DEBUG:colcon.colcon_core.event_handler.log_command:Invoked command in '/home/karan_k/Geomagic_Touch_ROS2/build/omni_broadcaster' returned '0': CMAKE_PREFIX_PATH=/home/karan_k/Geomagic_Touch_ROS2/install/omni_msgs:/home/karan_k/Geomagic_Touch_ROS2/install/omni_common:/home/karan_k/Geomagic_Touch_ROS2/install/omni_broadcaster:/home/karan_k/Geomagic_Touch_ROS2/install/omni_description:/home/karan_k/ardu_ws/install/test_ros_gz_bridge:/home/karan_k/ardu_ws/install/ros_ign:/home/karan_k/ardu_ws/install/ros_ign_gazebo_demos:/home/karan_k/ardu_ws/install/ros_gz:/home/karan_k/ardu_ws/install/ros_gz_sim_demos:/home/karan_k/ardu_ws/install/ardupilot_gz_bringup:/home/karan_k/ardu_ws/install/sdformat_urdf:/home/karan_k/ardu_ws/install/sdformat_test_files:/home/karan_k/ardu_ws/install/ros_ign_interfaces:/home/karan_k/ardu_ws/install/ros_ign_image:/home/karan_k/ardu_ws/install/ros_ign_gazebo:/home/karan_k/ardu_ws/install/ros_ign_bridge:/home/karan_k/ardu_ws/install/ros_gz_sim:/home/karan_k/ardu_ws/install/ros_gz_image:/home/karan_k/ardu_ws/install/ros_gz_bridge:/home/karan_k/ardu_ws/install/ros_gz_interfaces:/home/karan_k/ardu_ws/install/ardupilot_sitl:/home/karan_k/ardu_ws/install/micro_ros_agent:/home/karan_k/ardu_ws/install/ardupilot_sitl_models:/home/karan_k/ardu_ws/install/ardupilot_msgs:/home/karan_k/ardu_ws/install/ardupilot_gz_gazebo:/home/karan_k/ardu_ws/install/ardupilot_gz_description:/home/karan_k/ardu_ws/install/ardupilot_gz_application:/home/karan_k/ardu_ws/install/ardupilot_gazebo:/home/karan_k/ardu_ws/install/ardupilot_dds_tests:/opt/ros/humble /usr/bin/cmake --install /home/karan_k/Geomagic_Touch_ROS2/build/omni_broadcaster
[0.957s] Level 1:colcon.colcon_core.environment:checking '/home/karan_k/Geomagic_Touch_ROS2/install/omni_broadcaster' for CMake config files
[0.958s] Level 1:colcon.colcon_core.shell:create_environment_hook('omni_broadcaster', 'cmake_prefix_path')
[0.958s] INFO:colcon.colcon_core.shell:Creating environment hook '/home/karan_k/Geomagic_Touch_ROS2/install/omni_broadcaster/share/omni_broadcaster/hook/cmake_prefix_path.ps1'
[0.958s] INFO:colcon.colcon_core.shell:Creating environment descriptor '/home/karan_k/Geomagic_Touch_ROS2/install/omni_broadcaster/share/omni_broadcaster/hook/cmake_prefix_path.dsv'
[0.959s] INFO:colcon.colcon_core.shell:Creating environment hook '/home/karan_k/Geomagic_Touch_ROS2/install/omni_broadcaster/share/omni_broadcaster/hook/cmake_prefix_path.sh'
[0.959s] Level 1:colcon.colcon_core.environment:checking '/home/karan_k/Geomagic_Touch_ROS2/install/omni_broadcaster/lib'
[0.959s] Level 1:colcon.colcon_core.environment:checking '/home/karan_k/Geomagic_Touch_ROS2/install/omni_broadcaster/bin'
[0.960s] Level 1:colcon.colcon_core.environment:checking '/home/karan_k/Geomagic_Touch_ROS2/install/omni_broadcaster/lib/pkgconfig/omni_broadcaster.pc'
[0.960s] Level 1:colcon.colcon_core.environment:checking '/home/karan_k/Geomagic_Touch_ROS2/install/omni_broadcaster/lib/python3.10/site-packages'
[0.960s] Level 1:colcon.colcon_core.environment:checking '/home/karan_k/Geomagic_Touch_ROS2/install/omni_broadcaster/bin'
[0.960s] INFO:colcon.colcon_core.shell:Creating package script '/home/karan_k/Geomagic_Touch_ROS2/install/omni_broadcaster/share/omni_broadcaster/package.ps1'
[0.961s] INFO:colcon.colcon_core.shell:Creating package descriptor '/home/karan_k/Geomagic_Touch_ROS2/install/omni_broadcaster/share/omni_broadcaster/package.dsv'
[0.961s] INFO:colcon.colcon_core.shell:Creating package script '/home/karan_k/Geomagic_Touch_ROS2/install/omni_broadcaster/share/omni_broadcaster/package.sh'
[0.962s] INFO:colcon.colcon_core.shell:Creating package script '/home/karan_k/Geomagic_Touch_ROS2/install/omni_broadcaster/share/omni_broadcaster/package.bash'
[0.962s] INFO:colcon.colcon_core.shell:Creating package script '/home/karan_k/Geomagic_Touch_ROS2/install/omni_broadcaster/share/omni_broadcaster/package.zsh'
[0.963s] Level 1:colcon.colcon_core.environment:create_file_with_runtime_dependencies(/home/karan_k/Geomagic_Touch_ROS2/install/omni_broadcaster/share/colcon-core/packages/omni_broadcaster)
[0.963s] Level 1:colcon.colcon_core.environment:create_environment_scripts_only(omni_broadcaster)
[0.964s] Level 1:colcon.colcon_core.environment:checking '/home/karan_k/Geomagic_Touch_ROS2/install/omni_broadcaster' for CMake module files
[0.964s] Level 1:colcon.colcon_core.environment:checking '/home/karan_k/Geomagic_Touch_ROS2/install/omni_broadcaster' for CMake config files
[0.964s] Level 1:colcon.colcon_core.shell:create_environment_hook('omni_broadcaster', 'cmake_prefix_path')
[0.965s] INFO:colcon.colcon_core.shell:Creating environment hook '/home/karan_k/Geomagic_Touch_ROS2/install/omni_broadcaster/share/omni_broadcaster/hook/cmake_prefix_path.ps1'
[0.965s] INFO:colcon.colcon_core.shell:Creating environment descriptor '/home/karan_k/Geomagic_Touch_ROS2/install/omni_broadcaster/share/omni_broadcaster/hook/cmake_prefix_path.dsv'
[0.965s] INFO:colcon.colcon_core.shell:Creating environment hook '/home/karan_k/Geomagic_Touch_ROS2/install/omni_broadcaster/share/omni_broadcaster/hook/cmake_prefix_path.sh'
[0.966s] Level 1:colcon.colcon_core.environment:checking '/home/karan_k/Geomagic_Touch_ROS2/install/omni_broadcaster/lib'
[0.966s] Level 1:colcon.colcon_core.environment:checking '/home/karan_k/Geomagic_Touch_ROS2/install/omni_broadcaster/bin'
[0.966s] Level 1:colcon.colcon_core.environment:checking '/home/karan_k/Geomagic_Touch_ROS2/install/omni_broadcaster/lib/pkgconfig/omni_broadcaster.pc'
[0.967s] Level 1:colcon.colcon_core.environment:checking '/home/karan_k/Geomagic_Touch_ROS2/install/omni_broadcaster/lib/python3.10/site-packages'
[0.967s] Level 1:colcon.colcon_core.environment:checking '/home/karan_k/Geomagic_Touch_ROS2/install/omni_broadcaster/bin'
[0.967s] INFO:colcon.colcon_core.shell:Creating package script '/home/karan_k/Geomagic_Touch_ROS2/install/omni_broadcaster/share/omni_broadcaster/package.ps1'
[0.967s] INFO:colcon.colcon_core.shell:Creating package descriptor '/home/karan_k/Geomagic_Touch_ROS2/install/omni_broadcaster/share/omni_broadcaster/package.dsv'
[0.968s] INFO:colcon.colcon_core.shell:Creating package script '/home/karan_k/Geomagic_Touch_ROS2/install/omni_broadcaster/share/omni_broadcaster/package.sh'
[0.968s] INFO:colcon.colcon_core.shell:Creating package script '/home/karan_k/Geomagic_Touch_ROS2/install/omni_broadcaster/share/omni_broadcaster/package.bash'
[0.969s] INFO:colcon.colcon_core.shell:Creating package script '/home/karan_k/Geomagic_Touch_ROS2/install/omni_broadcaster/share/omni_broadcaster/package.zsh'
[0.969s] Level 1:colcon.colcon_core.environment:create_file_with_runtime_dependencies(/home/karan_k/Geomagic_Touch_ROS2/install/omni_broadcaster/share/colcon-core/packages/omni_broadcaster)
[0.970s] DEBUG:colcon.colcon_parallel_executor.executor.parallel:closing loop
[0.970s] DEBUG:colcon.colcon_parallel_executor.executor.parallel:loop closed
[0.970s] DEBUG:colcon.colcon_parallel_executor.executor.parallel:run_until_complete finished with '0'
[0.970s] DEBUG:colcon.colcon_core.event_reactor:joining thread
[0.975s] INFO:colcon.colcon_core.plugin_system:Skipping extension 'colcon_notification.desktop_notification.terminal_notifier': Not used on non-Darwin systems
[0.975s] INFO:colcon.colcon_core.plugin_system:Skipping extension 'colcon_notification.desktop_notification.win32': Not used on non-Windows systems
[0.975s] INFO:colcon.colcon_notification.desktop_notification:Sending desktop notification using 'notify2'
[0.986s] DEBUG:colcon.colcon_core.event_reactor:joined thread
[0.987s] INFO:colcon.colcon_core.shell:Creating prefix script '/home/karan_k/Geomagic_Touch_ROS2/install/local_setup.ps1'
[0.988s] INFO:colcon.colcon_core.shell:Creating prefix util module '/home/karan_k/Geomagic_Touch_ROS2/install/_local_setup_util_ps1.py'
[0.989s] INFO:colcon.colcon_core.shell:Creating prefix chain script '/home/karan_k/Geomagic_Touch_ROS2/install/setup.ps1'
[0.991s] INFO:colcon.colcon_core.shell:Creating prefix script '/home/karan_k/Geomagic_Touch_ROS2/install/local_setup.sh'
[0.992s] INFO:colcon.colcon_core.shell:Creating prefix util module '/home/karan_k/Geomagic_Touch_ROS2/install/_local_setup_util_sh.py'
[0.992s] INFO:colcon.colcon_core.shell:Creating prefix chain script '/home/karan_k/Geomagic_Touch_ROS2/install/setup.sh'
[0.995s] INFO:colcon.colcon_core.shell:Creating prefix script '/home/karan_k/Geomagic_Touch_ROS2/install/local_setup.bash'
[0.995s] INFO:colcon.colcon_core.shell:Creating prefix chain script '/home/karan_k/Geomagic_Touch_ROS2/install/setup.bash'
[0.997s] INFO:colcon.colcon_core.shell:Creating prefix script '/home/karan_k/Geomagic_Touch_ROS2/install/local_setup.zsh'
[0.998s] INFO:colcon.colcon_core.shell:Creating prefix chain script '/home/karan_k/Geomagic_Touch_ROS2/install/setup.zsh'
