[0.011s] Invoking command in '/home/karan_k/Geomagic_Touch_ROS2/build/omni_common': CMAKE_PREFIX_PATH=/home/karan_k/Geomagic_Touch_ROS2/install/omni_msgs:/home/karan_k/Geomagic_Touch_ROS2/install/omni_common:/home/karan_k/Geomagic_Touch_ROS2/install/omni_broadcaster:/home/karan_k/Geomagic_Touch_ROS2/install/omni_description:/home/karan_k/ardu_ws/install/test_ros_gz_bridge:/home/karan_k/ardu_ws/install/ros_ign:/home/karan_k/ardu_ws/install/ros_ign_gazebo_demos:/home/karan_k/ardu_ws/install/ros_gz:/home/karan_k/ardu_ws/install/ros_gz_sim_demos:/home/karan_k/ardu_ws/install/ardupilot_gz_bringup:/home/karan_k/ardu_ws/install/sdformat_urdf:/home/karan_k/ardu_ws/install/sdformat_test_files:/home/karan_k/ardu_ws/install/ros_ign_interfaces:/home/karan_k/ardu_ws/install/ros_ign_image:/home/karan_k/ardu_ws/install/ros_ign_gazebo:/home/karan_k/ardu_ws/install/ros_ign_bridge:/home/karan_k/ardu_ws/install/ros_gz_sim:/home/karan_k/ardu_ws/install/ros_gz_image:/home/karan_k/ardu_ws/install/ros_gz_bridge:/home/karan_k/ardu_ws/install/ros_gz_interfaces:/home/karan_k/ardu_ws/install/ardupilot_sitl:/home/karan_k/ardu_ws/install/micro_ros_agent:/home/karan_k/ardu_ws/install/ardupilot_sitl_models:/home/karan_k/ardu_ws/install/ardupilot_msgs:/home/karan_k/ardu_ws/install/ardupilot_gz_gazebo:/home/karan_k/ardu_ws/install/ardupilot_gz_description:/home/karan_k/ardu_ws/install/ardupilot_gz_application:/home/karan_k/ardu_ws/install/ardupilot_gazebo:/home/karan_k/ardu_ws/install/ardupilot_dds_tests:/opt/ros/humble /usr/bin/cmake /home/karan_k/Geomagic_Touch_ROS2/src/omni_common -DCMAKE_INSTALL_PREFIX=/home/karan_k/Geomagic_Touch_ROS2/install/omni_common
[0.061s] -- The C compiler identification is GNU 11.4.0
[0.114s] -- The CXX compiler identification is GNU 11.4.0
[0.124s] -- Detecting C compiler ABI info
[0.180s] -- Detecting C compiler ABI info - done
[0.185s] -- Check for working C compiler: /usr/lib/ccache/cc - skipped
[0.185s] -- Detecting C compile features
[0.185s] -- Detecting C compile features - done
[0.188s] -- Detecting CXX compiler ABI info
[0.251s] -- Detecting CXX compiler ABI info - done
[0.258s] -- Check for working CXX compiler: /usr/lib/ccache/c++ - skipped
[0.258s] -- Detecting CXX compile features
[0.258s] -- Detecting CXX compile features - done
[0.263s] -- Found ament_cmake: 1.3.11 (/opt/ros/humble/share/ament_cmake/cmake)
[0.569s] -- Found Python3: /usr/bin/python3 (found version "3.10.12") found components: Interpreter 
[0.677s] -- Found rclcpp: 16.0.12 (/opt/ros/humble/share/rclcpp/cmake)
[0.737s] -- Found rosidl_generator_c: 3.1.6 (/opt/ros/humble/share/rosidl_generator_c/cmake)
[0.746s] -- Found rosidl_adapter: 3.1.6 (/opt/ros/humble/share/rosidl_adapter/cmake)
[0.757s] -- Found rosidl_generator_cpp: 3.1.6 (/opt/ros/humble/share/rosidl_generator_cpp/cmake)
[0.771s] -- Using all available rosidl_typesupport_c: rosidl_typesupport_fastrtps_c;rosidl_typesupport_introspection_c
[0.791s] -- Using all available rosidl_typesupport_cpp: rosidl_typesupport_fastrtps_cpp;rosidl_typesupport_introspection_cpp
[0.849s] -- Found rmw_implementation_cmake: 6.1.2 (/opt/ros/humble/share/rmw_implementation_cmake/cmake)
[0.854s] -- Found rmw_fastrtps_cpp: 6.2.7 (/opt/ros/humble/share/rmw_fastrtps_cpp/cmake)
[0.955s] -- Found OpenSSL: /usr/lib/x86_64-linux-gnu/libcrypto.so (found version "3.0.2")  
[0.986s] -- Found FastRTPS: /opt/ros/humble/include  
[1.032s] -- Using RMW implementation 'rmw_fastrtps_cpp' as default
[1.047s] -- Looking for pthread.h
[1.104s] -- Looking for pthread.h - found
[1.104s] -- Performing Test CMAKE_HAVE_LIBC_PTHREAD
[1.161s] -- Performing Test CMAKE_HAVE_LIBC_PTHREAD - Success
[1.162s] -- Found Threads: TRUE  
[1.213s] -- Found geometry_msgs: 4.9.0 (/opt/ros/humble/share/geometry_msgs/cmake)
[1.222s] -- Found omni_msgs: 0.0.0 (/home/karan_k/Geomagic_Touch_ROS2/install/omni_msgs/share/omni_msgs/cmake)
[1.249s] -- Found sensor_msgs: 4.9.0 (/opt/ros/humble/share/sensor_msgs/cmake)
[1.265s] -- Found tf2_ros: 0.25.13 (/opt/ros/humble/share/tf2_ros/cmake)
[1.372s] -- Found urdf: 2.6.1 (/opt/ros/humble/share/urdf/cmake)
[1.422s] -- Found ament_lint_auto: 0.12.12 (/opt/ros/humble/share/ament_lint_auto/cmake)
[1.511s] -- Added test 'copyright' to check source files copyright and LICENSE
[1.512s] -- Added test 'cppcheck' to perform static code analysis on C / C++ code
[1.513s] -- Configured cppcheck include dirs: $<BUILD_INTERFACE:/home/karan_k/Geomagic_Touch_ROS2/src/omni_common/include>
[1.513s] -- Configured cppcheck exclude dirs and/or files: 
[1.514s] -- Added test 'cpplint' to check C / C++ code against the Google style
[1.514s] -- Configured cpplint exclude dirs and/or files: 
[1.514s] -- Added test 'flake8' to check Python code syntax and style conventions
[1.515s] -- Added test 'lint_cmake' to check CMake code style
[1.516s] -- Added test 'pep257' to check Python code against some of the docstring style conventions in PEP 257
[1.517s] -- Added test 'uncrustify' to check C / C++ code style
[1.517s] -- Configured uncrustify additional arguments: 
[1.518s] -- Added test 'xmllint' to check XML markup files
[1.519s] -- Configuring done
[1.592s] -- Generating done
[1.600s] -- Build files have been written to: /home/karan_k/Geomagic_Touch_ROS2/build/omni_common
[1.610s] Invoked command in '/home/karan_k/Geomagic_Touch_ROS2/build/omni_common' returned '0': CMAKE_PREFIX_PATH=/home/karan_k/Geomagic_Touch_ROS2/install/omni_msgs:/home/karan_k/Geomagic_Touch_ROS2/install/omni_common:/home/karan_k/Geomagic_Touch_ROS2/install/omni_broadcaster:/home/karan_k/Geomagic_Touch_ROS2/install/omni_description:/home/karan_k/ardu_ws/install/test_ros_gz_bridge:/home/karan_k/ardu_ws/install/ros_ign:/home/karan_k/ardu_ws/install/ros_ign_gazebo_demos:/home/karan_k/ardu_ws/install/ros_gz:/home/karan_k/ardu_ws/install/ros_gz_sim_demos:/home/karan_k/ardu_ws/install/ardupilot_gz_bringup:/home/karan_k/ardu_ws/install/sdformat_urdf:/home/karan_k/ardu_ws/install/sdformat_test_files:/home/karan_k/ardu_ws/install/ros_ign_interfaces:/home/karan_k/ardu_ws/install/ros_ign_image:/home/karan_k/ardu_ws/install/ros_ign_gazebo:/home/karan_k/ardu_ws/install/ros_ign_bridge:/home/karan_k/ardu_ws/install/ros_gz_sim:/home/karan_k/ardu_ws/install/ros_gz_image:/home/karan_k/ardu_ws/install/ros_gz_bridge:/home/karan_k/ardu_ws/install/ros_gz_interfaces:/home/karan_k/ardu_ws/install/ardupilot_sitl:/home/karan_k/ardu_ws/install/micro_ros_agent:/home/karan_k/ardu_ws/install/ardupilot_sitl_models:/home/karan_k/ardu_ws/install/ardupilot_msgs:/home/karan_k/ardu_ws/install/ardupilot_gz_gazebo:/home/karan_k/ardu_ws/install/ardupilot_gz_description:/home/karan_k/ardu_ws/install/ardupilot_gz_application:/home/karan_k/ardu_ws/install/ardupilot_gazebo:/home/karan_k/ardu_ws/install/ardupilot_dds_tests:/opt/ros/humble /usr/bin/cmake /home/karan_k/Geomagic_Touch_ROS2/src/omni_common -DCMAKE_INSTALL_PREFIX=/home/karan_k/Geomagic_Touch_ROS2/install/omni_common
[1.612s] Invoking command in '/home/karan_k/Geomagic_Touch_ROS2/build/omni_common': CMAKE_PREFIX_PATH=/home/karan_k/Geomagic_Touch_ROS2/install/omni_msgs:/home/karan_k/Geomagic_Touch_ROS2/install/omni_common:/home/karan_k/Geomagic_Touch_ROS2/install/omni_broadcaster:/home/karan_k/Geomagic_Touch_ROS2/install/omni_description:/home/karan_k/ardu_ws/install/test_ros_gz_bridge:/home/karan_k/ardu_ws/install/ros_ign:/home/karan_k/ardu_ws/install/ros_ign_gazebo_demos:/home/karan_k/ardu_ws/install/ros_gz:/home/karan_k/ardu_ws/install/ros_gz_sim_demos:/home/karan_k/ardu_ws/install/ardupilot_gz_bringup:/home/karan_k/ardu_ws/install/sdformat_urdf:/home/karan_k/ardu_ws/install/sdformat_test_files:/home/karan_k/ardu_ws/install/ros_ign_interfaces:/home/karan_k/ardu_ws/install/ros_ign_image:/home/karan_k/ardu_ws/install/ros_ign_gazebo:/home/karan_k/ardu_ws/install/ros_ign_bridge:/home/karan_k/ardu_ws/install/ros_gz_sim:/home/karan_k/ardu_ws/install/ros_gz_image:/home/karan_k/ardu_ws/install/ros_gz_bridge:/home/karan_k/ardu_ws/install/ros_gz_interfaces:/home/karan_k/ardu_ws/install/ardupilot_sitl:/home/karan_k/ardu_ws/install/micro_ros_agent:/home/karan_k/ardu_ws/install/ardupilot_sitl_models:/home/karan_k/ardu_ws/install/ardupilot_msgs:/home/karan_k/ardu_ws/install/ardupilot_gz_gazebo:/home/karan_k/ardu_ws/install/ardupilot_gz_description:/home/karan_k/ardu_ws/install/ardupilot_gz_application:/home/karan_k/ardu_ws/install/ardupilot_gazebo:/home/karan_k/ardu_ws/install/ardupilot_dds_tests:/opt/ros/humble /usr/bin/cmake --build /home/karan_k/Geomagic_Touch_ROS2/build/omni_common -- -j16 -l16
[1.668s] [ 50%] [32mBuilding CXX object CMakeFiles/omni.dir/src/omni.cpp.o[0m
[1.668s] [ 50%] [32mBuilding CXX object CMakeFiles/omni_state.dir/src/omni_state.cpp.o[0m
[1.681s] [01m[K/home/karan_k/Geomagic_Touch_ROS2/src/omni_common/src/omni_state.cpp:274:62:[m[K [01;35m[Kwarning: [m[K‘[01m[Kstdcall[m[K’ attribute ignored [[01;35m[K-Wattributes[m[K]
[1.681s]   274 | HDCallbackCode HDCALLBACK omni_state_callback(void *pUserData[01;35m[K)[m[K
[1.681s]       |                                                              [01;35m[K^[m[K
[1.681s] [01m[K/home/karan_k/Geomagic_Touch_ROS2/src/omni_common/src/omni_state.cpp:[m[K In function ‘[01m[KHDCallbackCode omni_state_callback(void*)[m[K’:
[1.681s] [01m[K/home/karan_k/Geomagic_Touch_ROS2/src/omni_common/src/omni_state.cpp:345:53:[m[K [01;35m[Kwarning: [m[Knarrowing conversion of ‘[01m[Komni_state->OmniState::joints.hduVector3D<double>::operator[](0)[m[K’ from ‘[01m[Kdouble[m[K’ to ‘[01m[Kfloat[m[K’ [[01;35m[K-Wnarrowing[m[K]
[1.681s]   345 |                   gimbal_angles[1], gimbal_angles[2][01;35m[K}[m[K;
[1.681s]       |                                                     [01;35m[K^[m[K
[1.681s] [01m[K/home/karan_k/Geomagic_Touch_ROS2/src/omni_common/src/omni_state.cpp:345:53:[m[K [01;35m[Kwarning: [m[Knarrowing conversion of ‘[01m[Komni_state->OmniState::joints.hduVector3D<double>::operator[](1)[m[K’ from ‘[01m[Kdouble[m[K’ to ‘[01m[Kfloat[m[K’ [[01;35m[K-Wnarrowing[m[K]
[1.681s] [01m[K/home/karan_k/Geomagic_Touch_ROS2/src/omni_common/src/omni_state.cpp:344:41:[m[K [01;35m[Kwarning: [m[Knarrowing conversion of ‘[01m[K(omni_state->OmniState::joints.hduVector3D<double>::operator[](2) - omni_state->OmniState::joints.hduVector3D<double>::operator[](1))[m[K’ from ‘[01m[Kdouble[m[K’ to ‘[01m[Kfloat[m[K’ [[01;35m[K-Wnarrowing[m[K]
[1.681s]   344 |                   omni_state->joints[2] - omni_state->joints[1], gimbal_angles[0],
[1.682s] [01m[K/home/karan_k/Geomagic_Touch_ROS2/src/omni_common/src/omni_state.cpp:345:53:[m[K [01;35m[Kwarning: [m[Knarrowing conversion of ‘[01m[Kgimbal_angles.hduVector3D<double>::operator[](0)[m[K’ from ‘[01m[Kdouble[m[K’ to ‘[01m[Kfloat[m[K’ [[01;35m[K-Wnarrowing[m[K]
[1.682s]   345 |                   gimbal_angles[1], gimbal_angles[2][01;35m[K}[m[K;
[1.682s]       |                                                     [01;35m[K^[m[K
[1.682s] [01m[K/home/karan_k/Geomagic_Touch_ROS2/src/omni_common/src/omni_state.cpp:345:53:[m[K [01;35m[Kwarning: [m[Knarrowing conversion of ‘[01m[Kgimbal_angles.hduVector3D<double>::operator[](1)[m[K’ from ‘[01m[Kdouble[m[K’ to ‘[01m[Kfloat[m[K’ [[01;35m[K-Wnarrowing[m[K]
[1.682s] [01m[K/home/karan_k/Geomagic_Touch_ROS2/src/omni_common/src/omni_state.cpp:345:53:[m[K [01;35m[Kwarning: [m[Knarrowing conversion of ‘[01m[Kgimbal_angles.hduVector3D<double>::operator[](2)[m[K’ from ‘[01m[Kdouble[m[K’ to ‘[01m[Kfloat[m[K’ [[01;35m[K-Wnarrowing[m[K]
[1.682s] [01m[K/home/karan_k/Geomagic_Touch_ROS2/src/omni_common/src/omni.cpp:247:62:[m[K [01;35m[Kwarning: [m[K‘[01m[Kstdcall[m[K’ attribute ignored [[01;35m[K-Wattributes[m[K]
[1.682s]   247 | HDCallbackCode HDCALLBACK omni_state_callback(void *pUserData[01;35m[K)[m[K
[1.682s]       |                                                              [01;35m[K^[m[K
[1.682s] [01m[K/home/karan_k/Geomagic_Touch_ROS2/src/omni_common/src/omni.cpp:[m[K In function ‘[01m[KHDCallbackCode omni_state_callback(void*)[m[K’:
[1.682s] [01m[K/home/karan_k/Geomagic_Touch_ROS2/src/omni_common/src/omni.cpp:297:57:[m[K [01;35m[Kwarning: [m[Knarrowing conversion of ‘[01m[Komni_state->OmniState::joints.hduVector3D<double>::operator[](0)[m[K’ from ‘[01m[Kdouble[m[K’ to ‘[01m[Kfloat[m[K’ [[01;35m[K-Wnarrowing[m[K]
[1.682s]   297 |                   omni_state->rot[1], omni_state->rot[2][01;35m[K}[m[K;
[1.682s]       |                                                         [01;35m[K^[m[K
[1.682s] [01m[K/home/karan_k/Geomagic_Touch_ROS2/src/omni_common/src/omni.cpp:297:57:[m[K [01;35m[Kwarning: [m[Knarrowing conversion of ‘[01m[Komni_state->OmniState::joints.hduVector3D<double>::operator[](1)[m[K’ from ‘[01m[Kdouble[m[K’ to ‘[01m[Kfloat[m[K’ [[01;35m[K-Wnarrowing[m[K]
[1.682s] [01m[K/home/karan_k/Geomagic_Touch_ROS2/src/omni_common/src/omni.cpp:296:41:[m[K [01;35m[Kwarning: [m[Knarrowing conversion of ‘[01m[K(omni_state->OmniState::joints.hduVector3D<double>::operator[](2) - omni_state->OmniState::joints.hduVector3D<double>::operator[](1))[m[K’ from ‘[01m[Kdouble[m[K’ to ‘[01m[Kfloat[m[K’ [[01;35m[K-Wnarrowing[m[K]
[1.682s]   296 |                   omni_state->joints[2] - omni_state->joints[1], omni_state->rot[0],
[1.682s] [01m[K/home/karan_k/Geomagic_Touch_ROS2/src/omni_common/src/omni.cpp:297:57:[m[K [01;35m[Kwarning: [m[Knarrowing conversion of ‘[01m[Komni_state->OmniState::rot.hduVector3D<double>::operator[](0)[m[K’ from ‘[01m[Kdouble[m[K’ to ‘[01m[Kfloat[m[K’ [[01;35m[K-Wnarrowing[m[K]
[1.682s]   297 |                   omni_state->rot[1], omni_state->rot[2][01;35m[K}[m[K;
[1.682s]       |                                                         [01;35m[K^[m[K
[1.682s] [01m[K/home/karan_k/Geomagic_Touch_ROS2/src/omni_common/src/omni.cpp:297:57:[m[K [01;35m[Kwarning: [m[Knarrowing conversion of ‘[01m[Komni_state->OmniState::rot.hduVector3D<double>::operator[](1)[m[K’ from ‘[01m[Kdouble[m[K’ to ‘[01m[Kfloat[m[K’ [[01;35m[K-Wnarrowing[m[K]
[1.683s] [01m[K/home/karan_k/Geomagic_Touch_ROS2/src/omni_common/src/omni.cpp:297:57:[m[K [01;35m[Kwarning: [m[Knarrowing conversion of ‘[01m[Komni_state->OmniState::rot.hduVector3D<double>::operator[](2)[m[K’ from ‘[01m[Kdouble[m[K’ to ‘[01m[Kfloat[m[K’ [[01;35m[K-Wnarrowing[m[K]
[1.701s] [ 75%] [32m[1mLinking CXX executable omni_state[0m
[1.701s] [100%] [32m[1mLinking CXX executable omni[0m
[2.245s] /usr/bin/ld: warning: libncurses.so.5, needed by /usr/lib/gcc/x86_64-linux-gnu/11/../../../../lib/libHD.so, may conflict with libncurses.so.6
[2.273s] /usr/bin/ld: warning: libncurses.so.5, needed by /usr/lib/gcc/x86_64-linux-gnu/11/../../../../lib/libHD.so, may conflict with libncurses.so.6
[2.454s] [100%] Built target omni
[2.479s] [100%] Built target omni_state
[2.490s] Invoked command in '/home/karan_k/Geomagic_Touch_ROS2/build/omni_common' returned '0': CMAKE_PREFIX_PATH=/home/karan_k/Geomagic_Touch_ROS2/install/omni_msgs:/home/karan_k/Geomagic_Touch_ROS2/install/omni_common:/home/karan_k/Geomagic_Touch_ROS2/install/omni_broadcaster:/home/karan_k/Geomagic_Touch_ROS2/install/omni_description:/home/karan_k/ardu_ws/install/test_ros_gz_bridge:/home/karan_k/ardu_ws/install/ros_ign:/home/karan_k/ardu_ws/install/ros_ign_gazebo_demos:/home/karan_k/ardu_ws/install/ros_gz:/home/karan_k/ardu_ws/install/ros_gz_sim_demos:/home/karan_k/ardu_ws/install/ardupilot_gz_bringup:/home/karan_k/ardu_ws/install/sdformat_urdf:/home/karan_k/ardu_ws/install/sdformat_test_files:/home/karan_k/ardu_ws/install/ros_ign_interfaces:/home/karan_k/ardu_ws/install/ros_ign_image:/home/karan_k/ardu_ws/install/ros_ign_gazebo:/home/karan_k/ardu_ws/install/ros_ign_bridge:/home/karan_k/ardu_ws/install/ros_gz_sim:/home/karan_k/ardu_ws/install/ros_gz_image:/home/karan_k/ardu_ws/install/ros_gz_bridge:/home/karan_k/ardu_ws/install/ros_gz_interfaces:/home/karan_k/ardu_ws/install/ardupilot_sitl:/home/karan_k/ardu_ws/install/micro_ros_agent:/home/karan_k/ardu_ws/install/ardupilot_sitl_models:/home/karan_k/ardu_ws/install/ardupilot_msgs:/home/karan_k/ardu_ws/install/ardupilot_gz_gazebo:/home/karan_k/ardu_ws/install/ardupilot_gz_description:/home/karan_k/ardu_ws/install/ardupilot_gz_application:/home/karan_k/ardu_ws/install/ardupilot_gazebo:/home/karan_k/ardu_ws/install/ardupilot_dds_tests:/opt/ros/humble /usr/bin/cmake --build /home/karan_k/Geomagic_Touch_ROS2/build/omni_common -- -j16 -l16
[2.491s] Invoking command in '/home/karan_k/Geomagic_Touch_ROS2/build/omni_common': CMAKE_PREFIX_PATH=/home/karan_k/Geomagic_Touch_ROS2/install/omni_msgs:/home/karan_k/Geomagic_Touch_ROS2/install/omni_common:/home/karan_k/Geomagic_Touch_ROS2/install/omni_broadcaster:/home/karan_k/Geomagic_Touch_ROS2/install/omni_description:/home/karan_k/ardu_ws/install/test_ros_gz_bridge:/home/karan_k/ardu_ws/install/ros_ign:/home/karan_k/ardu_ws/install/ros_ign_gazebo_demos:/home/karan_k/ardu_ws/install/ros_gz:/home/karan_k/ardu_ws/install/ros_gz_sim_demos:/home/karan_k/ardu_ws/install/ardupilot_gz_bringup:/home/karan_k/ardu_ws/install/sdformat_urdf:/home/karan_k/ardu_ws/install/sdformat_test_files:/home/karan_k/ardu_ws/install/ros_ign_interfaces:/home/karan_k/ardu_ws/install/ros_ign_image:/home/karan_k/ardu_ws/install/ros_ign_gazebo:/home/karan_k/ardu_ws/install/ros_ign_bridge:/home/karan_k/ardu_ws/install/ros_gz_sim:/home/karan_k/ardu_ws/install/ros_gz_image:/home/karan_k/ardu_ws/install/ros_gz_bridge:/home/karan_k/ardu_ws/install/ros_gz_interfaces:/home/karan_k/ardu_ws/install/ardupilot_sitl:/home/karan_k/ardu_ws/install/micro_ros_agent:/home/karan_k/ardu_ws/install/ardupilot_sitl_models:/home/karan_k/ardu_ws/install/ardupilot_msgs:/home/karan_k/ardu_ws/install/ardupilot_gz_gazebo:/home/karan_k/ardu_ws/install/ardupilot_gz_description:/home/karan_k/ardu_ws/install/ardupilot_gz_application:/home/karan_k/ardu_ws/install/ardupilot_gazebo:/home/karan_k/ardu_ws/install/ardupilot_dds_tests:/opt/ros/humble /usr/bin/cmake --install /home/karan_k/Geomagic_Touch_ROS2/build/omni_common
[2.498s] -- Install configuration: ""
[2.498s] -- Installing: /home/karan_k/Geomagic_Touch_ROS2/install/omni_common/lib/omni_common/omni
[2.503s] -- Set runtime path of "/home/karan_k/Geomagic_Touch_ROS2/install/omni_common/lib/omni_common/omni" to ""
[2.503s] -- Installing: /home/karan_k/Geomagic_Touch_ROS2/install/omni_common/lib/omni_common/omni_state
[2.507s] -- Set runtime path of "/home/karan_k/Geomagic_Touch_ROS2/install/omni_common/lib/omni_common/omni_state" to ""
[2.507s] -- Installing: /home/karan_k/Geomagic_Touch_ROS2/install/omni_common/share/omni_common/launch
[2.507s] -- Installing: /home/karan_k/Geomagic_Touch_ROS2/install/omni_common/share/omni_common/launch/omni.launch.py
[2.507s] -- Installing: /home/karan_k/Geomagic_Touch_ROS2/install/omni_common/share/omni_common/launch/omni_state.launch.py
[2.507s] -- Installing: /home/karan_k/Geomagic_Touch_ROS2/install/omni_common/share/ament_index/resource_index/package_run_dependencies/omni_common
[2.507s] -- Installing: /home/karan_k/Geomagic_Touch_ROS2/install/omni_common/share/ament_index/resource_index/parent_prefix_path/omni_common
[2.507s] -- Installing: /home/karan_k/Geomagic_Touch_ROS2/install/omni_common/share/omni_common/environment/ament_prefix_path.sh
[2.508s] -- Installing: /home/karan_k/Geomagic_Touch_ROS2/install/omni_common/share/omni_common/environment/ament_prefix_path.dsv
[2.508s] -- Installing: /home/karan_k/Geomagic_Touch_ROS2/install/omni_common/share/omni_common/environment/path.sh
[2.508s] -- Installing: /home/karan_k/Geomagic_Touch_ROS2/install/omni_common/share/omni_common/environment/path.dsv
[2.508s] -- Installing: /home/karan_k/Geomagic_Touch_ROS2/install/omni_common/share/omni_common/local_setup.bash
[2.508s] -- Installing: /home/karan_k/Geomagic_Touch_ROS2/install/omni_common/share/omni_common/local_setup.sh
[2.508s] -- Installing: /home/karan_k/Geomagic_Touch_ROS2/install/omni_common/share/omni_common/local_setup.zsh
[2.508s] -- Installing: /home/karan_k/Geomagic_Touch_ROS2/install/omni_common/share/omni_common/local_setup.dsv
[2.509s] -- Installing: /home/karan_k/Geomagic_Touch_ROS2/install/omni_common/share/omni_common/package.dsv
[2.509s] -- Installing: /home/karan_k/Geomagic_Touch_ROS2/install/omni_common/share/ament_index/resource_index/packages/omni_common
[2.509s] -- Installing: /home/karan_k/Geomagic_Touch_ROS2/install/omni_common/share/omni_common/cmake/omni_commonConfig.cmake
[2.509s] -- Installing: /home/karan_k/Geomagic_Touch_ROS2/install/omni_common/share/omni_common/cmake/omni_commonConfig-version.cmake
[2.509s] -- Installing: /home/karan_k/Geomagic_Touch_ROS2/install/omni_common/share/omni_common/package.xml
[2.511s] Invoked command in '/home/karan_k/Geomagic_Touch_ROS2/build/omni_common' returned '0': CMAKE_PREFIX_PATH=/home/karan_k/Geomagic_Touch_ROS2/install/omni_msgs:/home/karan_k/Geomagic_Touch_ROS2/install/omni_common:/home/karan_k/Geomagic_Touch_ROS2/install/omni_broadcaster:/home/karan_k/Geomagic_Touch_ROS2/install/omni_description:/home/karan_k/ardu_ws/install/test_ros_gz_bridge:/home/karan_k/ardu_ws/install/ros_ign:/home/karan_k/ardu_ws/install/ros_ign_gazebo_demos:/home/karan_k/ardu_ws/install/ros_gz:/home/karan_k/ardu_ws/install/ros_gz_sim_demos:/home/karan_k/ardu_ws/install/ardupilot_gz_bringup:/home/karan_k/ardu_ws/install/sdformat_urdf:/home/karan_k/ardu_ws/install/sdformat_test_files:/home/karan_k/ardu_ws/install/ros_ign_interfaces:/home/karan_k/ardu_ws/install/ros_ign_image:/home/karan_k/ardu_ws/install/ros_ign_gazebo:/home/karan_k/ardu_ws/install/ros_ign_bridge:/home/karan_k/ardu_ws/install/ros_gz_sim:/home/karan_k/ardu_ws/install/ros_gz_image:/home/karan_k/ardu_ws/install/ros_gz_bridge:/home/karan_k/ardu_ws/install/ros_gz_interfaces:/home/karan_k/ardu_ws/install/ardupilot_sitl:/home/karan_k/ardu_ws/install/micro_ros_agent:/home/karan_k/ardu_ws/install/ardupilot_sitl_models:/home/karan_k/ardu_ws/install/ardupilot_msgs:/home/karan_k/ardu_ws/install/ardupilot_gz_gazebo:/home/karan_k/ardu_ws/install/ardupilot_gz_description:/home/karan_k/ardu_ws/install/ardupilot_gz_application:/home/karan_k/ardu_ws/install/ardupilot_gazebo:/home/karan_k/ardu_ws/install/ardupilot_dds_tests:/opt/ros/humble /usr/bin/cmake --install /home/karan_k/Geomagic_Touch_ROS2/build/omni_common
