running egg_info
writing ../../../../build/interbotix_xs_modules/interbotix_xs_modules.egg-info/PKG-INFO
writing dependency_links to ../../../../build/interbotix_xs_modules/interbotix_xs_modules.egg-info/dependency_links.txt
writing requirements to ../../../../build/interbotix_xs_modules/interbotix_xs_modules.egg-info/requires.txt
writing top-level names to ../../../../build/interbotix_xs_modules/interbotix_xs_modules.egg-info/top_level.txt
reading manifest file '../../../../build/interbotix_xs_modules/interbotix_xs_modules.egg-info/SOURCES.txt'
writing manifest file '../../../../build/interbotix_xs_modules/interbotix_xs_modules.egg-info/SOURCES.txt'
running build
running build_py
copying interbotix_xs_modules/__init__.py -> /home/karan_k/interbotix_ws/build/interbotix_xs_modules/build/lib/interbotix_xs_modules
copying interbotix_xs_modules/xs_robot/turret.py -> /home/karan_k/interbotix_ws/build/interbotix_xs_modules/build/lib/interbotix_xs_modules/xs_robot
copying interbotix_xs_modules/xs_robot/kobuki.py -> /home/karan_k/interbotix_ws/build/interbotix_xs_modules/build/lib/interbotix_xs_modules/xs_robot
copying interbotix_xs_modules/xs_robot/slate.py -> /home/karan_k/interbotix_ws/build/interbotix_xs_modules/build/lib/interbotix_xs_modules/xs_robot
copying interbotix_xs_modules/xs_robot/gravity_compensation.py -> /home/karan_k/interbotix_ws/build/interbotix_xs_modules/build/lib/interbotix_xs_modules/xs_robot
copying interbotix_xs_modules/xs_robot/arm.py -> /home/karan_k/interbotix_ws/build/interbotix_xs_modules/build/lib/interbotix_xs_modules/xs_robot
copying interbotix_xs_modules/xs_robot/mobile_base.py -> /home/karan_k/interbotix_ws/build/interbotix_xs_modules/build/lib/interbotix_xs_modules/xs_robot
copying interbotix_xs_modules/xs_robot/gripper.py -> /home/karan_k/interbotix_ws/build/interbotix_xs_modules/build/lib/interbotix_xs_modules/xs_robot
copying interbotix_xs_modules/xs_robot/__init__.py -> /home/karan_k/interbotix_ws/build/interbotix_xs_modules/build/lib/interbotix_xs_modules/xs_robot
copying interbotix_xs_modules/xs_robot/create3.py -> /home/karan_k/interbotix_ws/build/interbotix_xs_modules/build/lib/interbotix_xs_modules/xs_robot
copying interbotix_xs_modules/xs_robot/core.py -> /home/karan_k/interbotix_ws/build/interbotix_xs_modules/build/lib/interbotix_xs_modules/xs_robot
copying interbotix_xs_modules/xs_robot/hexapod.py -> /home/karan_k/interbotix_ws/build/interbotix_xs_modules/build/lib/interbotix_xs_modules/xs_robot
copying interbotix_xs_modules/xs_robot/locobot.py -> /home/karan_k/interbotix_ws/build/interbotix_xs_modules/build/lib/interbotix_xs_modules/xs_robot
copying interbotix_xs_modules/xs_robot/mr_descriptions.py -> /home/karan_k/interbotix_ws/build/interbotix_xs_modules/build/lib/interbotix_xs_modules/xs_robot
copying interbotix_xs_modules/xs_launch/xs_launch.py -> /home/karan_k/interbotix_ws/build/interbotix_xs_modules/build/lib/interbotix_xs_modules/xs_launch
copying interbotix_xs_modules/xs_launch/__init__.py -> /home/karan_k/interbotix_ws/build/interbotix_xs_modules/build/lib/interbotix_xs_modules/xs_launch
copying interbotix_xs_modules/xs_common/xs_common.py -> /home/karan_k/interbotix_ws/build/interbotix_xs_modules/build/lib/interbotix_xs_modules/xs_common
copying interbotix_xs_modules/xs_common/__init__.py -> /home/karan_k/interbotix_ws/build/interbotix_xs_modules/build/lib/interbotix_xs_modules/xs_common
running install
running install_lib
running install_data
copying resource/interbotix_xs_modules -> /home/karan_k/interbotix_ws/install/interbotix_xs_modules/share/ament_index/resource_index/packages
copying package.xml -> /home/karan_k/interbotix_ws/install/interbotix_xs_modules/share/interbotix_xs_modules
running install_egg_info
removing '/home/karan_k/interbotix_ws/install/interbotix_xs_modules/lib/python3.10/site-packages/interbotix_xs_modules-0.0.0-py3.10.egg-info' (and everything under it)
Copying ../../../../build/interbotix_xs_modules/interbotix_xs_modules.egg-info to /home/karan_k/interbotix_ws/install/interbotix_xs_modules/lib/python3.10/site-packages/interbotix_xs_modules-0.0.0-py3.10.egg-info
running install_scripts
writing list of installed files to '/home/karan_k/interbotix_ws/build/interbotix_xs_modules/install.log'
